[2025-02-01T07:34:27.210+0000] {processor.py:186} INFO - Started process (PID=96) to work on /home/airflow/.local/lib/python3.12/site-packages/airflow/example_dags/example_complex.py
[2025-02-01T07:34:27.212+0000] {processor.py:914} INFO - Processing file /home/airflow/.local/lib/python3.12/site-packages/airflow/example_dags/example_complex.py for tasks to queue
[2025-02-01T07:34:27.220+0000] {logging_mixin.py:190} INFO - [2025-02-01T07:34:27.219+0000] {dagbag.py:588} INFO - Filling up the DagBag from /home/airflow/.local/lib/python3.12/site-packages/airflow/example_dags/example_complex.py
[2025-02-01T07:34:27.292+0000] {processor.py:925} INFO - DAG(s) 'example_complex' retrieved from /home/airflow/.local/lib/python3.12/site-packages/airflow/example_dags/example_complex.py
[2025-02-01T07:34:27.786+0000] {logging_mixin.py:190} INFO - [2025-02-01T07:34:27.784+0000] {override.py:1911} INFO - Created Permission View: can edit on DAG:example_complex
[2025-02-01T07:34:27.814+0000] {logging_mixin.py:190} INFO - [2025-02-01T07:34:27.812+0000] {override.py:1911} INFO - Created Permission View: can delete on DAG:example_complex
[2025-02-01T07:34:27.832+0000] {logging_mixin.py:190} INFO - [2025-02-01T07:34:27.830+0000] {override.py:1911} INFO - Created Permission View: can read on DAG:example_complex
[2025-02-01T07:34:27.863+0000] {logging_mixin.py:190} INFO - [2025-02-01T07:34:27.861+0000] {override.py:1911} INFO - Created Permission View: can create on DAG Run:example_complex
[2025-02-01T07:34:27.881+0000] {logging_mixin.py:190} INFO - [2025-02-01T07:34:27.880+0000] {override.py:1911} INFO - Created Permission View: can delete on DAG Run:example_complex
[2025-02-01T07:34:27.898+0000] {logging_mixin.py:190} INFO - [2025-02-01T07:34:27.898+0000] {override.py:1911} INFO - Created Permission View: menu access on DAG Run:example_complex
[2025-02-01T07:34:27.914+0000] {logging_mixin.py:190} INFO - [2025-02-01T07:34:27.914+0000] {override.py:1911} INFO - Created Permission View: can read on DAG Run:example_complex
[2025-02-01T07:34:27.916+0000] {logging_mixin.py:190} INFO - [2025-02-01T07:34:27.916+0000] {dag.py:3239} INFO - Sync 1 DAGs
[2025-02-01T07:34:27.961+0000] {logging_mixin.py:190} INFO - [2025-02-01T07:34:27.960+0000] {dag.py:3262} INFO - Creating ORM DAG for example_complex
[2025-02-01T07:34:27.964+0000] {logging_mixin.py:190} INFO - [2025-02-01T07:34:27.963+0000] {dag.py:4180} INFO - Setting next_dagrun for example_complex to None, run_after=None
[2025-02-01T07:34:28.018+0000] {processor.py:208} INFO - Processing /home/airflow/.local/lib/python3.12/site-packages/airflow/example_dags/example_complex.py took 0.827 seconds
[2025-02-01T07:34:59.026+0000] {processor.py:186} INFO - Started process (PID=159) to work on /home/airflow/.local/lib/python3.12/site-packages/airflow/example_dags/example_complex.py
[2025-02-01T07:34:59.057+0000] {processor.py:914} INFO - Processing file /home/airflow/.local/lib/python3.12/site-packages/airflow/example_dags/example_complex.py for tasks to queue
[2025-02-01T07:34:59.096+0000] {logging_mixin.py:190} INFO - [2025-02-01T07:34:59.094+0000] {dagbag.py:588} INFO - Filling up the DagBag from /home/airflow/.local/lib/python3.12/site-packages/airflow/example_dags/example_complex.py
[2025-02-01T07:34:59.267+0000] {processor.py:925} INFO - DAG(s) 'example_complex' retrieved from /home/airflow/.local/lib/python3.12/site-packages/airflow/example_dags/example_complex.py
[2025-02-01T07:34:59.817+0000] {logging_mixin.py:190} INFO - [2025-02-01T07:34:59.816+0000] {dag.py:3239} INFO - Sync 1 DAGs
[2025-02-01T07:34:59.974+0000] {logging_mixin.py:190} INFO - [2025-02-01T07:34:59.973+0000] {dag.py:4180} INFO - Setting next_dagrun for example_complex to None, run_after=None
[2025-02-01T07:35:00.140+0000] {processor.py:208} INFO - Processing /home/airflow/.local/lib/python3.12/site-packages/airflow/example_dags/example_complex.py took 1.176 seconds
[2025-02-01T07:35:30.424+0000] {processor.py:186} INFO - Started process (PID=222) to work on /home/airflow/.local/lib/python3.12/site-packages/airflow/example_dags/example_complex.py
[2025-02-01T07:35:30.427+0000] {processor.py:914} INFO - Processing file /home/airflow/.local/lib/python3.12/site-packages/airflow/example_dags/example_complex.py for tasks to queue
[2025-02-01T07:35:30.480+0000] {logging_mixin.py:190} INFO - [2025-02-01T07:35:30.466+0000] {dagbag.py:588} INFO - Filling up the DagBag from /home/airflow/.local/lib/python3.12/site-packages/airflow/example_dags/example_complex.py
[2025-02-01T07:35:30.611+0000] {processor.py:925} INFO - DAG(s) 'example_complex' retrieved from /home/airflow/.local/lib/python3.12/site-packages/airflow/example_dags/example_complex.py
[2025-02-01T07:35:30.916+0000] {logging_mixin.py:190} INFO - [2025-02-01T07:35:30.915+0000] {dag.py:3239} INFO - Sync 1 DAGs
[2025-02-01T07:35:30.999+0000] {logging_mixin.py:190} INFO - [2025-02-01T07:35:30.998+0000] {dag.py:4180} INFO - Setting next_dagrun for example_complex to None, run_after=None
[2025-02-01T07:35:31.080+0000] {processor.py:208} INFO - Processing /home/airflow/.local/lib/python3.12/site-packages/airflow/example_dags/example_complex.py took 0.672 seconds
[2025-02-01T07:36:02.235+0000] {processor.py:186} INFO - Started process (PID=286) to work on /home/airflow/.local/lib/python3.12/site-packages/airflow/example_dags/example_complex.py
[2025-02-01T07:36:02.239+0000] {processor.py:914} INFO - Processing file /home/airflow/.local/lib/python3.12/site-packages/airflow/example_dags/example_complex.py for tasks to queue
[2025-02-01T07:36:02.252+0000] {logging_mixin.py:190} INFO - [2025-02-01T07:36:02.251+0000] {dagbag.py:588} INFO - Filling up the DagBag from /home/airflow/.local/lib/python3.12/site-packages/airflow/example_dags/example_complex.py
[2025-02-01T07:36:02.327+0000] {processor.py:925} INFO - DAG(s) 'example_complex' retrieved from /home/airflow/.local/lib/python3.12/site-packages/airflow/example_dags/example_complex.py
[2025-02-01T07:36:02.472+0000] {logging_mixin.py:190} INFO - [2025-02-01T07:36:02.471+0000] {dag.py:3239} INFO - Sync 1 DAGs
[2025-02-01T07:36:02.513+0000] {logging_mixin.py:190} INFO - [2025-02-01T07:36:02.512+0000] {dag.py:4180} INFO - Setting next_dagrun for example_complex to None, run_after=None
[2025-02-01T07:36:02.575+0000] {processor.py:208} INFO - Processing /home/airflow/.local/lib/python3.12/site-packages/airflow/example_dags/example_complex.py took 0.363 seconds
[2025-02-01T07:36:33.556+0000] {processor.py:186} INFO - Started process (PID=348) to work on /home/airflow/.local/lib/python3.12/site-packages/airflow/example_dags/example_complex.py
[2025-02-01T07:36:33.557+0000] {processor.py:914} INFO - Processing file /home/airflow/.local/lib/python3.12/site-packages/airflow/example_dags/example_complex.py for tasks to queue
[2025-02-01T07:36:33.560+0000] {logging_mixin.py:190} INFO - [2025-02-01T07:36:33.560+0000] {dagbag.py:588} INFO - Filling up the DagBag from /home/airflow/.local/lib/python3.12/site-packages/airflow/example_dags/example_complex.py
[2025-02-01T07:36:33.572+0000] {processor.py:925} INFO - DAG(s) 'example_complex' retrieved from /home/airflow/.local/lib/python3.12/site-packages/airflow/example_dags/example_complex.py
[2025-02-01T07:36:33.604+0000] {logging_mixin.py:190} INFO - [2025-02-01T07:36:33.604+0000] {dag.py:3239} INFO - Sync 1 DAGs
[2025-02-01T07:36:33.620+0000] {logging_mixin.py:190} INFO - [2025-02-01T07:36:33.620+0000] {dag.py:4180} INFO - Setting next_dagrun for example_complex to None, run_after=None
[2025-02-01T07:36:33.647+0000] {processor.py:208} INFO - Processing /home/airflow/.local/lib/python3.12/site-packages/airflow/example_dags/example_complex.py took 0.096 seconds
[2025-02-01T07:37:03.935+0000] {processor.py:186} INFO - Started process (PID=411) to work on /home/airflow/.local/lib/python3.12/site-packages/airflow/example_dags/example_complex.py
[2025-02-01T07:37:03.938+0000] {processor.py:914} INFO - Processing file /home/airflow/.local/lib/python3.12/site-packages/airflow/example_dags/example_complex.py for tasks to queue
[2025-02-01T07:37:03.943+0000] {logging_mixin.py:190} INFO - [2025-02-01T07:37:03.942+0000] {dagbag.py:588} INFO - Filling up the DagBag from /home/airflow/.local/lib/python3.12/site-packages/airflow/example_dags/example_complex.py
[2025-02-01T07:37:03.973+0000] {processor.py:925} INFO - DAG(s) 'example_complex' retrieved from /home/airflow/.local/lib/python3.12/site-packages/airflow/example_dags/example_complex.py
[2025-02-01T07:37:04.055+0000] {logging_mixin.py:190} INFO - [2025-02-01T07:37:04.055+0000] {dag.py:3239} INFO - Sync 1 DAGs
[2025-02-01T07:37:04.095+0000] {logging_mixin.py:190} INFO - [2025-02-01T07:37:04.094+0000] {dag.py:4180} INFO - Setting next_dagrun for example_complex to None, run_after=None
[2025-02-01T07:37:04.141+0000] {processor.py:208} INFO - Processing /home/airflow/.local/lib/python3.12/site-packages/airflow/example_dags/example_complex.py took 0.221 seconds
[2025-02-01T07:37:34.575+0000] {processor.py:186} INFO - Started process (PID=474) to work on /home/airflow/.local/lib/python3.12/site-packages/airflow/example_dags/example_complex.py
[2025-02-01T07:37:34.577+0000] {processor.py:914} INFO - Processing file /home/airflow/.local/lib/python3.12/site-packages/airflow/example_dags/example_complex.py for tasks to queue
[2025-02-01T07:37:34.580+0000] {logging_mixin.py:190} INFO - [2025-02-01T07:37:34.579+0000] {dagbag.py:588} INFO - Filling up the DagBag from /home/airflow/.local/lib/python3.12/site-packages/airflow/example_dags/example_complex.py
[2025-02-01T07:37:34.593+0000] {processor.py:925} INFO - DAG(s) 'example_complex' retrieved from /home/airflow/.local/lib/python3.12/site-packages/airflow/example_dags/example_complex.py
[2025-02-01T07:37:34.639+0000] {logging_mixin.py:190} INFO - [2025-02-01T07:37:34.638+0000] {dag.py:3239} INFO - Sync 1 DAGs
[2025-02-01T07:37:34.662+0000] {logging_mixin.py:190} INFO - [2025-02-01T07:37:34.661+0000] {dag.py:4180} INFO - Setting next_dagrun for example_complex to None, run_after=None
[2025-02-01T07:37:34.699+0000] {processor.py:208} INFO - Processing /home/airflow/.local/lib/python3.12/site-packages/airflow/example_dags/example_complex.py took 0.131 seconds
[2025-02-01T07:38:05.034+0000] {processor.py:186} INFO - Started process (PID=537) to work on /home/airflow/.local/lib/python3.12/site-packages/airflow/example_dags/example_complex.py
[2025-02-01T07:38:05.035+0000] {processor.py:914} INFO - Processing file /home/airflow/.local/lib/python3.12/site-packages/airflow/example_dags/example_complex.py for tasks to queue
[2025-02-01T07:38:05.038+0000] {logging_mixin.py:190} INFO - [2025-02-01T07:38:05.038+0000] {dagbag.py:588} INFO - Filling up the DagBag from /home/airflow/.local/lib/python3.12/site-packages/airflow/example_dags/example_complex.py
[2025-02-01T07:38:05.051+0000] {processor.py:925} INFO - DAG(s) 'example_complex' retrieved from /home/airflow/.local/lib/python3.12/site-packages/airflow/example_dags/example_complex.py
[2025-02-01T07:38:05.092+0000] {logging_mixin.py:190} INFO - [2025-02-01T07:38:05.092+0000] {dag.py:3239} INFO - Sync 1 DAGs
[2025-02-01T07:38:05.111+0000] {logging_mixin.py:190} INFO - [2025-02-01T07:38:05.111+0000] {dag.py:4180} INFO - Setting next_dagrun for example_complex to None, run_after=None
[2025-02-01T07:38:05.139+0000] {processor.py:208} INFO - Processing /home/airflow/.local/lib/python3.12/site-packages/airflow/example_dags/example_complex.py took 0.112 seconds
[2025-02-01T07:38:36.002+0000] {processor.py:186} INFO - Started process (PID=600) to work on /home/airflow/.local/lib/python3.12/site-packages/airflow/example_dags/example_complex.py
[2025-02-01T07:38:36.005+0000] {processor.py:914} INFO - Processing file /home/airflow/.local/lib/python3.12/site-packages/airflow/example_dags/example_complex.py for tasks to queue
[2025-02-01T07:38:36.013+0000] {logging_mixin.py:190} INFO - [2025-02-01T07:38:36.012+0000] {dagbag.py:588} INFO - Filling up the DagBag from /home/airflow/.local/lib/python3.12/site-packages/airflow/example_dags/example_complex.py
[2025-02-01T07:38:36.048+0000] {processor.py:925} INFO - DAG(s) 'example_complex' retrieved from /home/airflow/.local/lib/python3.12/site-packages/airflow/example_dags/example_complex.py
[2025-02-01T07:38:36.145+0000] {logging_mixin.py:190} INFO - [2025-02-01T07:38:36.144+0000] {dag.py:3239} INFO - Sync 1 DAGs
[2025-02-01T07:38:36.192+0000] {logging_mixin.py:190} INFO - [2025-02-01T07:38:36.192+0000] {dag.py:4180} INFO - Setting next_dagrun for example_complex to None, run_after=None
[2025-02-01T07:38:36.240+0000] {processor.py:208} INFO - Processing /home/airflow/.local/lib/python3.12/site-packages/airflow/example_dags/example_complex.py took 0.252 seconds
[2025-02-01T07:39:06.670+0000] {processor.py:186} INFO - Started process (PID=662) to work on /home/airflow/.local/lib/python3.12/site-packages/airflow/example_dags/example_complex.py
[2025-02-01T07:39:06.673+0000] {processor.py:914} INFO - Processing file /home/airflow/.local/lib/python3.12/site-packages/airflow/example_dags/example_complex.py for tasks to queue
[2025-02-01T07:39:06.677+0000] {logging_mixin.py:190} INFO - [2025-02-01T07:39:06.677+0000] {dagbag.py:588} INFO - Filling up the DagBag from /home/airflow/.local/lib/python3.12/site-packages/airflow/example_dags/example_complex.py
[2025-02-01T07:39:06.704+0000] {processor.py:925} INFO - DAG(s) 'example_complex' retrieved from /home/airflow/.local/lib/python3.12/site-packages/airflow/example_dags/example_complex.py
[2025-02-01T07:39:06.764+0000] {logging_mixin.py:190} INFO - [2025-02-01T07:39:06.764+0000] {dag.py:3239} INFO - Sync 1 DAGs
[2025-02-01T07:39:06.795+0000] {logging_mixin.py:190} INFO - [2025-02-01T07:39:06.794+0000] {dag.py:4180} INFO - Setting next_dagrun for example_complex to None, run_after=None
[2025-02-01T07:39:06.848+0000] {processor.py:208} INFO - Processing /home/airflow/.local/lib/python3.12/site-packages/airflow/example_dags/example_complex.py took 0.190 seconds
[2025-02-01T07:39:37.236+0000] {processor.py:186} INFO - Started process (PID=725) to work on /home/airflow/.local/lib/python3.12/site-packages/airflow/example_dags/example_complex.py
[2025-02-01T07:39:37.238+0000] {processor.py:914} INFO - Processing file /home/airflow/.local/lib/python3.12/site-packages/airflow/example_dags/example_complex.py for tasks to queue
[2025-02-01T07:39:37.243+0000] {logging_mixin.py:190} INFO - [2025-02-01T07:39:37.242+0000] {dagbag.py:588} INFO - Filling up the DagBag from /home/airflow/.local/lib/python3.12/site-packages/airflow/example_dags/example_complex.py
[2025-02-01T07:39:37.268+0000] {processor.py:925} INFO - DAG(s) 'example_complex' retrieved from /home/airflow/.local/lib/python3.12/site-packages/airflow/example_dags/example_complex.py
[2025-02-01T07:39:37.328+0000] {logging_mixin.py:190} INFO - [2025-02-01T07:39:37.328+0000] {dag.py:3239} INFO - Sync 1 DAGs
[2025-02-01T07:39:37.357+0000] {logging_mixin.py:190} INFO - [2025-02-01T07:39:37.356+0000] {dag.py:4180} INFO - Setting next_dagrun for example_complex to None, run_after=None
[2025-02-01T07:39:37.399+0000] {processor.py:208} INFO - Processing /home/airflow/.local/lib/python3.12/site-packages/airflow/example_dags/example_complex.py took 0.176 seconds
[2025-02-01T07:40:07.632+0000] {processor.py:186} INFO - Started process (PID=789) to work on /home/airflow/.local/lib/python3.12/site-packages/airflow/example_dags/example_complex.py
[2025-02-01T07:40:07.634+0000] {processor.py:914} INFO - Processing file /home/airflow/.local/lib/python3.12/site-packages/airflow/example_dags/example_complex.py for tasks to queue
[2025-02-01T07:40:07.638+0000] {logging_mixin.py:190} INFO - [2025-02-01T07:40:07.638+0000] {dagbag.py:588} INFO - Filling up the DagBag from /home/airflow/.local/lib/python3.12/site-packages/airflow/example_dags/example_complex.py
[2025-02-01T07:40:07.660+0000] {processor.py:925} INFO - DAG(s) 'example_complex' retrieved from /home/airflow/.local/lib/python3.12/site-packages/airflow/example_dags/example_complex.py
[2025-02-01T07:40:07.713+0000] {logging_mixin.py:190} INFO - [2025-02-01T07:40:07.713+0000] {dag.py:3239} INFO - Sync 1 DAGs
[2025-02-01T07:40:07.740+0000] {logging_mixin.py:190} INFO - [2025-02-01T07:40:07.739+0000] {dag.py:4180} INFO - Setting next_dagrun for example_complex to None, run_after=None
[2025-02-01T07:40:07.773+0000] {processor.py:208} INFO - Processing /home/airflow/.local/lib/python3.12/site-packages/airflow/example_dags/example_complex.py took 0.150 seconds
[2025-02-01T07:40:37.880+0000] {processor.py:186} INFO - Started process (PID=851) to work on /home/airflow/.local/lib/python3.12/site-packages/airflow/example_dags/example_complex.py
[2025-02-01T07:40:37.882+0000] {processor.py:914} INFO - Processing file /home/airflow/.local/lib/python3.12/site-packages/airflow/example_dags/example_complex.py for tasks to queue
[2025-02-01T07:40:37.885+0000] {logging_mixin.py:190} INFO - [2025-02-01T07:40:37.885+0000] {dagbag.py:588} INFO - Filling up the DagBag from /home/airflow/.local/lib/python3.12/site-packages/airflow/example_dags/example_complex.py
[2025-02-01T07:40:37.902+0000] {processor.py:925} INFO - DAG(s) 'example_complex' retrieved from /home/airflow/.local/lib/python3.12/site-packages/airflow/example_dags/example_complex.py
[2025-02-01T07:40:37.949+0000] {logging_mixin.py:190} INFO - [2025-02-01T07:40:37.949+0000] {dag.py:3239} INFO - Sync 1 DAGs
[2025-02-01T07:40:37.970+0000] {logging_mixin.py:190} INFO - [2025-02-01T07:40:37.969+0000] {dag.py:4180} INFO - Setting next_dagrun for example_complex to None, run_after=None
[2025-02-01T07:40:37.998+0000] {processor.py:208} INFO - Processing /home/airflow/.local/lib/python3.12/site-packages/airflow/example_dags/example_complex.py took 0.125 seconds
[2025-02-01T07:41:08.986+0000] {processor.py:186} INFO - Started process (PID=914) to work on /home/airflow/.local/lib/python3.12/site-packages/airflow/example_dags/example_complex.py
[2025-02-01T07:41:08.988+0000] {processor.py:914} INFO - Processing file /home/airflow/.local/lib/python3.12/site-packages/airflow/example_dags/example_complex.py for tasks to queue
[2025-02-01T07:41:08.994+0000] {logging_mixin.py:190} INFO - [2025-02-01T07:41:08.993+0000] {dagbag.py:588} INFO - Filling up the DagBag from /home/airflow/.local/lib/python3.12/site-packages/airflow/example_dags/example_complex.py
[2025-02-01T07:41:09.024+0000] {processor.py:925} INFO - DAG(s) 'example_complex' retrieved from /home/airflow/.local/lib/python3.12/site-packages/airflow/example_dags/example_complex.py
[2025-02-01T07:41:09.097+0000] {logging_mixin.py:190} INFO - [2025-02-01T07:41:09.096+0000] {dag.py:3239} INFO - Sync 1 DAGs
[2025-02-01T07:41:09.132+0000] {logging_mixin.py:190} INFO - [2025-02-01T07:41:09.132+0000] {dag.py:4180} INFO - Setting next_dagrun for example_complex to None, run_after=None
[2025-02-01T07:41:09.176+0000] {processor.py:208} INFO - Processing /home/airflow/.local/lib/python3.12/site-packages/airflow/example_dags/example_complex.py took 0.209 seconds
[2025-02-01T07:41:39.554+0000] {processor.py:186} INFO - Started process (PID=976) to work on /home/airflow/.local/lib/python3.12/site-packages/airflow/example_dags/example_complex.py
[2025-02-01T07:41:39.555+0000] {processor.py:914} INFO - Processing file /home/airflow/.local/lib/python3.12/site-packages/airflow/example_dags/example_complex.py for tasks to queue
[2025-02-01T07:41:39.558+0000] {logging_mixin.py:190} INFO - [2025-02-01T07:41:39.558+0000] {dagbag.py:588} INFO - Filling up the DagBag from /home/airflow/.local/lib/python3.12/site-packages/airflow/example_dags/example_complex.py
[2025-02-01T07:41:39.572+0000] {processor.py:925} INFO - DAG(s) 'example_complex' retrieved from /home/airflow/.local/lib/python3.12/site-packages/airflow/example_dags/example_complex.py
[2025-02-01T07:41:39.609+0000] {logging_mixin.py:190} INFO - [2025-02-01T07:41:39.609+0000] {dag.py:3239} INFO - Sync 1 DAGs
[2025-02-01T07:41:39.628+0000] {logging_mixin.py:190} INFO - [2025-02-01T07:41:39.628+0000] {dag.py:4180} INFO - Setting next_dagrun for example_complex to None, run_after=None
[2025-02-01T07:41:39.659+0000] {processor.py:208} INFO - Processing /home/airflow/.local/lib/python3.12/site-packages/airflow/example_dags/example_complex.py took 0.111 seconds
[2025-02-01T07:42:10.524+0000] {processor.py:186} INFO - Started process (PID=1039) to work on /home/airflow/.local/lib/python3.12/site-packages/airflow/example_dags/example_complex.py
[2025-02-01T07:42:10.525+0000] {processor.py:914} INFO - Processing file /home/airflow/.local/lib/python3.12/site-packages/airflow/example_dags/example_complex.py for tasks to queue
[2025-02-01T07:42:10.529+0000] {logging_mixin.py:190} INFO - [2025-02-01T07:42:10.528+0000] {dagbag.py:588} INFO - Filling up the DagBag from /home/airflow/.local/lib/python3.12/site-packages/airflow/example_dags/example_complex.py
[2025-02-01T07:42:10.546+0000] {processor.py:925} INFO - DAG(s) 'example_complex' retrieved from /home/airflow/.local/lib/python3.12/site-packages/airflow/example_dags/example_complex.py
[2025-02-01T07:42:10.585+0000] {logging_mixin.py:190} INFO - [2025-02-01T07:42:10.585+0000] {dag.py:3239} INFO - Sync 1 DAGs
[2025-02-01T07:42:10.605+0000] {logging_mixin.py:190} INFO - [2025-02-01T07:42:10.604+0000] {dag.py:4180} INFO - Setting next_dagrun for example_complex to None, run_after=None
[2025-02-01T07:42:10.637+0000] {processor.py:208} INFO - Processing /home/airflow/.local/lib/python3.12/site-packages/airflow/example_dags/example_complex.py took 0.122 seconds
[2025-02-01T07:42:41.090+0000] {processor.py:186} INFO - Started process (PID=1102) to work on /home/airflow/.local/lib/python3.12/site-packages/airflow/example_dags/example_complex.py
[2025-02-01T07:42:41.092+0000] {processor.py:914} INFO - Processing file /home/airflow/.local/lib/python3.12/site-packages/airflow/example_dags/example_complex.py for tasks to queue
[2025-02-01T07:42:41.095+0000] {logging_mixin.py:190} INFO - [2025-02-01T07:42:41.094+0000] {dagbag.py:588} INFO - Filling up the DagBag from /home/airflow/.local/lib/python3.12/site-packages/airflow/example_dags/example_complex.py
[2025-02-01T07:42:41.110+0000] {processor.py:925} INFO - DAG(s) 'example_complex' retrieved from /home/airflow/.local/lib/python3.12/site-packages/airflow/example_dags/example_complex.py
[2025-02-01T07:42:41.150+0000] {logging_mixin.py:190} INFO - [2025-02-01T07:42:41.149+0000] {dag.py:3239} INFO - Sync 1 DAGs
[2025-02-01T07:42:41.167+0000] {logging_mixin.py:190} INFO - [2025-02-01T07:42:41.167+0000] {dag.py:4180} INFO - Setting next_dagrun for example_complex to None, run_after=None
[2025-02-01T07:42:41.195+0000] {processor.py:208} INFO - Processing /home/airflow/.local/lib/python3.12/site-packages/airflow/example_dags/example_complex.py took 0.112 seconds
[2025-02-01T07:43:11.385+0000] {processor.py:186} INFO - Started process (PID=1165) to work on /home/airflow/.local/lib/python3.12/site-packages/airflow/example_dags/example_complex.py
[2025-02-01T07:43:11.386+0000] {processor.py:914} INFO - Processing file /home/airflow/.local/lib/python3.12/site-packages/airflow/example_dags/example_complex.py for tasks to queue
[2025-02-01T07:43:11.390+0000] {logging_mixin.py:190} INFO - [2025-02-01T07:43:11.389+0000] {dagbag.py:588} INFO - Filling up the DagBag from /home/airflow/.local/lib/python3.12/site-packages/airflow/example_dags/example_complex.py
[2025-02-01T07:43:11.409+0000] {processor.py:925} INFO - DAG(s) 'example_complex' retrieved from /home/airflow/.local/lib/python3.12/site-packages/airflow/example_dags/example_complex.py
[2025-02-01T07:43:11.461+0000] {logging_mixin.py:190} INFO - [2025-02-01T07:43:11.461+0000] {dag.py:3239} INFO - Sync 1 DAGs
[2025-02-01T07:43:11.484+0000] {logging_mixin.py:190} INFO - [2025-02-01T07:43:11.483+0000] {dag.py:4180} INFO - Setting next_dagrun for example_complex to None, run_after=None
[2025-02-01T07:43:11.518+0000] {processor.py:208} INFO - Processing /home/airflow/.local/lib/python3.12/site-packages/airflow/example_dags/example_complex.py took 0.146 seconds
[2025-02-01T07:43:41.968+0000] {processor.py:186} INFO - Started process (PID=1228) to work on /home/airflow/.local/lib/python3.12/site-packages/airflow/example_dags/example_complex.py
[2025-02-01T07:43:41.970+0000] {processor.py:914} INFO - Processing file /home/airflow/.local/lib/python3.12/site-packages/airflow/example_dags/example_complex.py for tasks to queue
[2025-02-01T07:43:41.974+0000] {logging_mixin.py:190} INFO - [2025-02-01T07:43:41.973+0000] {dagbag.py:588} INFO - Filling up the DagBag from /home/airflow/.local/lib/python3.12/site-packages/airflow/example_dags/example_complex.py
[2025-02-01T07:43:41.997+0000] {processor.py:925} INFO - DAG(s) 'example_complex' retrieved from /home/airflow/.local/lib/python3.12/site-packages/airflow/example_dags/example_complex.py
[2025-02-01T07:43:42.045+0000] {logging_mixin.py:190} INFO - [2025-02-01T07:43:42.044+0000] {dag.py:3239} INFO - Sync 1 DAGs
[2025-02-01T07:43:42.070+0000] {logging_mixin.py:190} INFO - [2025-02-01T07:43:42.070+0000] {dag.py:4180} INFO - Setting next_dagrun for example_complex to None, run_after=None
[2025-02-01T07:43:42.116+0000] {processor.py:208} INFO - Processing /home/airflow/.local/lib/python3.12/site-packages/airflow/example_dags/example_complex.py took 0.160 seconds
[2025-02-01T07:44:12.873+0000] {processor.py:186} INFO - Started process (PID=1292) to work on /home/airflow/.local/lib/python3.12/site-packages/airflow/example_dags/example_complex.py
[2025-02-01T07:44:12.876+0000] {processor.py:914} INFO - Processing file /home/airflow/.local/lib/python3.12/site-packages/airflow/example_dags/example_complex.py for tasks to queue
[2025-02-01T07:44:12.881+0000] {logging_mixin.py:190} INFO - [2025-02-01T07:44:12.880+0000] {dagbag.py:588} INFO - Filling up the DagBag from /home/airflow/.local/lib/python3.12/site-packages/airflow/example_dags/example_complex.py
[2025-02-01T07:44:12.913+0000] {processor.py:925} INFO - DAG(s) 'example_complex' retrieved from /home/airflow/.local/lib/python3.12/site-packages/airflow/example_dags/example_complex.py
[2025-02-01T07:44:13.003+0000] {logging_mixin.py:190} INFO - [2025-02-01T07:44:13.003+0000] {dag.py:3239} INFO - Sync 1 DAGs
[2025-02-01T07:44:13.038+0000] {logging_mixin.py:190} INFO - [2025-02-01T07:44:13.038+0000] {dag.py:4180} INFO - Setting next_dagrun for example_complex to None, run_after=None
[2025-02-01T07:44:13.091+0000] {processor.py:208} INFO - Processing /home/airflow/.local/lib/python3.12/site-packages/airflow/example_dags/example_complex.py took 0.232 seconds
[2025-02-01T07:44:43.615+0000] {processor.py:186} INFO - Started process (PID=1354) to work on /home/airflow/.local/lib/python3.12/site-packages/airflow/example_dags/example_complex.py
[2025-02-01T07:44:43.616+0000] {processor.py:914} INFO - Processing file /home/airflow/.local/lib/python3.12/site-packages/airflow/example_dags/example_complex.py for tasks to queue
[2025-02-01T07:44:43.618+0000] {logging_mixin.py:190} INFO - [2025-02-01T07:44:43.618+0000] {dagbag.py:588} INFO - Filling up the DagBag from /home/airflow/.local/lib/python3.12/site-packages/airflow/example_dags/example_complex.py
[2025-02-01T07:44:43.630+0000] {processor.py:925} INFO - DAG(s) 'example_complex' retrieved from /home/airflow/.local/lib/python3.12/site-packages/airflow/example_dags/example_complex.py
[2025-02-01T07:44:43.661+0000] {logging_mixin.py:190} INFO - [2025-02-01T07:44:43.660+0000] {dag.py:3239} INFO - Sync 1 DAGs
[2025-02-01T07:44:43.675+0000] {logging_mixin.py:190} INFO - [2025-02-01T07:44:43.675+0000] {dag.py:4180} INFO - Setting next_dagrun for example_complex to None, run_after=None
[2025-02-01T07:44:43.698+0000] {processor.py:208} INFO - Processing /home/airflow/.local/lib/python3.12/site-packages/airflow/example_dags/example_complex.py took 0.089 seconds
[2025-02-01T07:45:14.261+0000] {processor.py:186} INFO - Started process (PID=1418) to work on /home/airflow/.local/lib/python3.12/site-packages/airflow/example_dags/example_complex.py
[2025-02-01T07:45:14.262+0000] {processor.py:914} INFO - Processing file /home/airflow/.local/lib/python3.12/site-packages/airflow/example_dags/example_complex.py for tasks to queue
[2025-02-01T07:45:14.265+0000] {logging_mixin.py:190} INFO - [2025-02-01T07:45:14.265+0000] {dagbag.py:588} INFO - Filling up the DagBag from /home/airflow/.local/lib/python3.12/site-packages/airflow/example_dags/example_complex.py
[2025-02-01T07:45:14.284+0000] {processor.py:925} INFO - DAG(s) 'example_complex' retrieved from /home/airflow/.local/lib/python3.12/site-packages/airflow/example_dags/example_complex.py
[2025-02-01T07:45:14.327+0000] {logging_mixin.py:190} INFO - [2025-02-01T07:45:14.327+0000] {dag.py:3239} INFO - Sync 1 DAGs
[2025-02-01T07:45:14.348+0000] {logging_mixin.py:190} INFO - [2025-02-01T07:45:14.348+0000] {dag.py:4180} INFO - Setting next_dagrun for example_complex to None, run_after=None
[2025-02-01T07:45:14.375+0000] {processor.py:208} INFO - Processing /home/airflow/.local/lib/python3.12/site-packages/airflow/example_dags/example_complex.py took 0.121 seconds
[2025-02-01T07:45:44.867+0000] {processor.py:186} INFO - Started process (PID=1482) to work on /home/airflow/.local/lib/python3.12/site-packages/airflow/example_dags/example_complex.py
[2025-02-01T07:45:44.868+0000] {processor.py:914} INFO - Processing file /home/airflow/.local/lib/python3.12/site-packages/airflow/example_dags/example_complex.py for tasks to queue
[2025-02-01T07:45:44.872+0000] {logging_mixin.py:190} INFO - [2025-02-01T07:45:44.871+0000] {dagbag.py:588} INFO - Filling up the DagBag from /home/airflow/.local/lib/python3.12/site-packages/airflow/example_dags/example_complex.py
[2025-02-01T07:45:44.886+0000] {processor.py:925} INFO - DAG(s) 'example_complex' retrieved from /home/airflow/.local/lib/python3.12/site-packages/airflow/example_dags/example_complex.py
[2025-02-01T07:45:44.929+0000] {logging_mixin.py:190} INFO - [2025-02-01T07:45:44.929+0000] {dag.py:3239} INFO - Sync 1 DAGs
[2025-02-01T07:45:44.948+0000] {logging_mixin.py:190} INFO - [2025-02-01T07:45:44.948+0000] {dag.py:4180} INFO - Setting next_dagrun for example_complex to None, run_after=None
[2025-02-01T07:45:44.974+0000] {processor.py:208} INFO - Processing /home/airflow/.local/lib/python3.12/site-packages/airflow/example_dags/example_complex.py took 0.114 seconds
[2025-02-01T07:46:15.250+0000] {processor.py:186} INFO - Started process (PID=1547) to work on /home/airflow/.local/lib/python3.12/site-packages/airflow/example_dags/example_complex.py
[2025-02-01T07:46:15.253+0000] {processor.py:914} INFO - Processing file /home/airflow/.local/lib/python3.12/site-packages/airflow/example_dags/example_complex.py for tasks to queue
[2025-02-01T07:46:15.258+0000] {logging_mixin.py:190} INFO - [2025-02-01T07:46:15.257+0000] {dagbag.py:588} INFO - Filling up the DagBag from /home/airflow/.local/lib/python3.12/site-packages/airflow/example_dags/example_complex.py
[2025-02-01T07:46:15.291+0000] {processor.py:925} INFO - DAG(s) 'example_complex' retrieved from /home/airflow/.local/lib/python3.12/site-packages/airflow/example_dags/example_complex.py
[2025-02-01T07:46:15.365+0000] {logging_mixin.py:190} INFO - [2025-02-01T07:46:15.364+0000] {dag.py:3239} INFO - Sync 1 DAGs
[2025-02-01T07:46:15.406+0000] {logging_mixin.py:190} INFO - [2025-02-01T07:46:15.404+0000] {dag.py:4180} INFO - Setting next_dagrun for example_complex to None, run_after=None
[2025-02-01T07:46:15.462+0000] {processor.py:208} INFO - Processing /home/airflow/.local/lib/python3.12/site-packages/airflow/example_dags/example_complex.py took 0.225 seconds
[2025-02-01T07:46:45.544+0000] {processor.py:186} INFO - Started process (PID=1610) to work on /home/airflow/.local/lib/python3.12/site-packages/airflow/example_dags/example_complex.py
[2025-02-01T07:46:45.547+0000] {processor.py:914} INFO - Processing file /home/airflow/.local/lib/python3.12/site-packages/airflow/example_dags/example_complex.py for tasks to queue
[2025-02-01T07:46:45.551+0000] {logging_mixin.py:190} INFO - [2025-02-01T07:46:45.550+0000] {dagbag.py:588} INFO - Filling up the DagBag from /home/airflow/.local/lib/python3.12/site-packages/airflow/example_dags/example_complex.py
[2025-02-01T07:46:45.609+0000] {processor.py:925} INFO - DAG(s) 'example_complex' retrieved from /home/airflow/.local/lib/python3.12/site-packages/airflow/example_dags/example_complex.py
[2025-02-01T07:46:45.695+0000] {logging_mixin.py:190} INFO - [2025-02-01T07:46:45.695+0000] {dag.py:3239} INFO - Sync 1 DAGs
[2025-02-01T07:46:45.723+0000] {logging_mixin.py:190} INFO - [2025-02-01T07:46:45.722+0000] {dag.py:4180} INFO - Setting next_dagrun for example_complex to None, run_after=None
[2025-02-01T07:46:45.769+0000] {processor.py:208} INFO - Processing /home/airflow/.local/lib/python3.12/site-packages/airflow/example_dags/example_complex.py took 0.238 seconds
[2025-02-01T07:47:16.414+0000] {processor.py:186} INFO - Started process (PID=1680) to work on /home/airflow/.local/lib/python3.12/site-packages/airflow/example_dags/example_complex.py
[2025-02-01T07:47:16.416+0000] {processor.py:914} INFO - Processing file /home/airflow/.local/lib/python3.12/site-packages/airflow/example_dags/example_complex.py for tasks to queue
[2025-02-01T07:47:16.426+0000] {logging_mixin.py:190} INFO - [2025-02-01T07:47:16.425+0000] {dagbag.py:588} INFO - Filling up the DagBag from /home/airflow/.local/lib/python3.12/site-packages/airflow/example_dags/example_complex.py
[2025-02-01T07:47:16.460+0000] {processor.py:925} INFO - DAG(s) 'example_complex' retrieved from /home/airflow/.local/lib/python3.12/site-packages/airflow/example_dags/example_complex.py
[2025-02-01T07:47:16.516+0000] {logging_mixin.py:190} INFO - [2025-02-01T07:47:16.515+0000] {dag.py:3239} INFO - Sync 1 DAGs
[2025-02-01T07:47:16.542+0000] {logging_mixin.py:190} INFO - [2025-02-01T07:47:16.541+0000] {dag.py:4180} INFO - Setting next_dagrun for example_complex to None, run_after=None
[2025-02-01T07:47:16.581+0000] {processor.py:208} INFO - Processing /home/airflow/.local/lib/python3.12/site-packages/airflow/example_dags/example_complex.py took 0.178 seconds
[2025-02-01T07:47:46.651+0000] {processor.py:186} INFO - Started process (PID=1744) to work on /home/airflow/.local/lib/python3.12/site-packages/airflow/example_dags/example_complex.py
[2025-02-01T07:47:46.653+0000] {processor.py:914} INFO - Processing file /home/airflow/.local/lib/python3.12/site-packages/airflow/example_dags/example_complex.py for tasks to queue
[2025-02-01T07:47:46.658+0000] {logging_mixin.py:190} INFO - [2025-02-01T07:47:46.657+0000] {dagbag.py:588} INFO - Filling up the DagBag from /home/airflow/.local/lib/python3.12/site-packages/airflow/example_dags/example_complex.py
[2025-02-01T07:47:46.681+0000] {processor.py:925} INFO - DAG(s) 'example_complex' retrieved from /home/airflow/.local/lib/python3.12/site-packages/airflow/example_dags/example_complex.py
[2025-02-01T07:47:46.741+0000] {logging_mixin.py:190} INFO - [2025-02-01T07:47:46.740+0000] {dag.py:3239} INFO - Sync 1 DAGs
[2025-02-01T07:47:46.774+0000] {logging_mixin.py:190} INFO - [2025-02-01T07:47:46.774+0000] {dag.py:4180} INFO - Setting next_dagrun for example_complex to None, run_after=None
[2025-02-01T07:47:46.867+0000] {processor.py:208} INFO - Processing /home/airflow/.local/lib/python3.12/site-packages/airflow/example_dags/example_complex.py took 0.229 seconds
[2025-02-01T07:48:17.199+0000] {processor.py:186} INFO - Started process (PID=1808) to work on /home/airflow/.local/lib/python3.12/site-packages/airflow/example_dags/example_complex.py
[2025-02-01T07:48:17.206+0000] {processor.py:914} INFO - Processing file /home/airflow/.local/lib/python3.12/site-packages/airflow/example_dags/example_complex.py for tasks to queue
[2025-02-01T07:48:17.210+0000] {logging_mixin.py:190} INFO - [2025-02-01T07:48:17.209+0000] {dagbag.py:588} INFO - Filling up the DagBag from /home/airflow/.local/lib/python3.12/site-packages/airflow/example_dags/example_complex.py
[2025-02-01T07:48:17.228+0000] {processor.py:925} INFO - DAG(s) 'example_complex' retrieved from /home/airflow/.local/lib/python3.12/site-packages/airflow/example_dags/example_complex.py
[2025-02-01T07:48:17.303+0000] {logging_mixin.py:190} INFO - [2025-02-01T07:48:17.303+0000] {dag.py:3239} INFO - Sync 1 DAGs
[2025-02-01T07:48:17.333+0000] {logging_mixin.py:190} INFO - [2025-02-01T07:48:17.332+0000] {dag.py:4180} INFO - Setting next_dagrun for example_complex to None, run_after=None
[2025-02-01T07:48:17.363+0000] {processor.py:208} INFO - Processing /home/airflow/.local/lib/python3.12/site-packages/airflow/example_dags/example_complex.py took 0.175 seconds
[2025-02-01T07:48:47.898+0000] {processor.py:186} INFO - Started process (PID=1872) to work on /home/airflow/.local/lib/python3.12/site-packages/airflow/example_dags/example_complex.py
[2025-02-01T07:48:47.899+0000] {processor.py:914} INFO - Processing file /home/airflow/.local/lib/python3.12/site-packages/airflow/example_dags/example_complex.py for tasks to queue
[2025-02-01T07:48:47.902+0000] {logging_mixin.py:190} INFO - [2025-02-01T07:48:47.901+0000] {dagbag.py:588} INFO - Filling up the DagBag from /home/airflow/.local/lib/python3.12/site-packages/airflow/example_dags/example_complex.py
[2025-02-01T07:48:47.913+0000] {processor.py:925} INFO - DAG(s) 'example_complex' retrieved from /home/airflow/.local/lib/python3.12/site-packages/airflow/example_dags/example_complex.py
[2025-02-01T07:48:47.939+0000] {logging_mixin.py:190} INFO - [2025-02-01T07:48:47.939+0000] {dag.py:3239} INFO - Sync 1 DAGs
[2025-02-01T07:48:47.951+0000] {logging_mixin.py:190} INFO - [2025-02-01T07:48:47.951+0000] {dag.py:4180} INFO - Setting next_dagrun for example_complex to None, run_after=None
[2025-02-01T07:48:47.973+0000] {processor.py:208} INFO - Processing /home/airflow/.local/lib/python3.12/site-packages/airflow/example_dags/example_complex.py took 0.080 seconds
[2025-02-01T07:49:18.033+0000] {processor.py:186} INFO - Started process (PID=1936) to work on /home/airflow/.local/lib/python3.12/site-packages/airflow/example_dags/example_complex.py
[2025-02-01T07:49:18.034+0000] {processor.py:914} INFO - Processing file /home/airflow/.local/lib/python3.12/site-packages/airflow/example_dags/example_complex.py for tasks to queue
[2025-02-01T07:49:18.038+0000] {logging_mixin.py:190} INFO - [2025-02-01T07:49:18.038+0000] {dagbag.py:588} INFO - Filling up the DagBag from /home/airflow/.local/lib/python3.12/site-packages/airflow/example_dags/example_complex.py
[2025-02-01T07:49:18.060+0000] {processor.py:925} INFO - DAG(s) 'example_complex' retrieved from /home/airflow/.local/lib/python3.12/site-packages/airflow/example_dags/example_complex.py
[2025-02-01T07:49:18.119+0000] {logging_mixin.py:190} INFO - [2025-02-01T07:49:18.118+0000] {dag.py:3239} INFO - Sync 1 DAGs
[2025-02-01T07:49:18.147+0000] {logging_mixin.py:190} INFO - [2025-02-01T07:49:18.146+0000] {dag.py:4180} INFO - Setting next_dagrun for example_complex to None, run_after=None
[2025-02-01T07:49:18.182+0000] {processor.py:208} INFO - Processing /home/airflow/.local/lib/python3.12/site-packages/airflow/example_dags/example_complex.py took 0.161 seconds
[2025-02-01T07:49:48.848+0000] {processor.py:186} INFO - Started process (PID=2000) to work on /home/airflow/.local/lib/python3.12/site-packages/airflow/example_dags/example_complex.py
[2025-02-01T07:49:48.850+0000] {processor.py:914} INFO - Processing file /home/airflow/.local/lib/python3.12/site-packages/airflow/example_dags/example_complex.py for tasks to queue
[2025-02-01T07:49:48.854+0000] {logging_mixin.py:190} INFO - [2025-02-01T07:49:48.853+0000] {dagbag.py:588} INFO - Filling up the DagBag from /home/airflow/.local/lib/python3.12/site-packages/airflow/example_dags/example_complex.py
[2025-02-01T07:49:48.872+0000] {processor.py:925} INFO - DAG(s) 'example_complex' retrieved from /home/airflow/.local/lib/python3.12/site-packages/airflow/example_dags/example_complex.py
[2025-02-01T07:49:48.916+0000] {logging_mixin.py:190} INFO - [2025-02-01T07:49:48.916+0000] {dag.py:3239} INFO - Sync 1 DAGs
[2025-02-01T07:49:48.941+0000] {logging_mixin.py:190} INFO - [2025-02-01T07:49:48.940+0000] {dag.py:4180} INFO - Setting next_dagrun for example_complex to None, run_after=None
[2025-02-01T07:49:48.971+0000] {processor.py:208} INFO - Processing /home/airflow/.local/lib/python3.12/site-packages/airflow/example_dags/example_complex.py took 0.133 seconds
[2025-02-01T07:50:19.023+0000] {processor.py:186} INFO - Started process (PID=2064) to work on /home/airflow/.local/lib/python3.12/site-packages/airflow/example_dags/example_complex.py
[2025-02-01T07:50:19.024+0000] {processor.py:914} INFO - Processing file /home/airflow/.local/lib/python3.12/site-packages/airflow/example_dags/example_complex.py for tasks to queue
[2025-02-01T07:50:19.027+0000] {logging_mixin.py:190} INFO - [2025-02-01T07:50:19.026+0000] {dagbag.py:588} INFO - Filling up the DagBag from /home/airflow/.local/lib/python3.12/site-packages/airflow/example_dags/example_complex.py
[2025-02-01T07:50:19.038+0000] {processor.py:925} INFO - DAG(s) 'example_complex' retrieved from /home/airflow/.local/lib/python3.12/site-packages/airflow/example_dags/example_complex.py
[2025-02-01T07:50:19.071+0000] {logging_mixin.py:190} INFO - [2025-02-01T07:50:19.070+0000] {dag.py:3239} INFO - Sync 1 DAGs
[2025-02-01T07:50:19.087+0000] {logging_mixin.py:190} INFO - [2025-02-01T07:50:19.087+0000] {dag.py:4180} INFO - Setting next_dagrun for example_complex to None, run_after=None
[2025-02-01T07:50:19.113+0000] {processor.py:208} INFO - Processing /home/airflow/.local/lib/python3.12/site-packages/airflow/example_dags/example_complex.py took 0.095 seconds
[2025-02-01T07:50:49.953+0000] {processor.py:186} INFO - Started process (PID=2128) to work on /home/airflow/.local/lib/python3.12/site-packages/airflow/example_dags/example_complex.py
[2025-02-01T07:50:49.954+0000] {processor.py:914} INFO - Processing file /home/airflow/.local/lib/python3.12/site-packages/airflow/example_dags/example_complex.py for tasks to queue
[2025-02-01T07:50:49.956+0000] {logging_mixin.py:190} INFO - [2025-02-01T07:50:49.956+0000] {dagbag.py:588} INFO - Filling up the DagBag from /home/airflow/.local/lib/python3.12/site-packages/airflow/example_dags/example_complex.py
[2025-02-01T07:50:49.968+0000] {processor.py:925} INFO - DAG(s) 'example_complex' retrieved from /home/airflow/.local/lib/python3.12/site-packages/airflow/example_dags/example_complex.py
[2025-02-01T07:50:50.000+0000] {logging_mixin.py:190} INFO - [2025-02-01T07:50:49.999+0000] {dag.py:3239} INFO - Sync 1 DAGs
[2025-02-01T07:50:50.014+0000] {logging_mixin.py:190} INFO - [2025-02-01T07:50:50.014+0000] {dag.py:4180} INFO - Setting next_dagrun for example_complex to None, run_after=None
[2025-02-01T07:50:50.037+0000] {processor.py:208} INFO - Processing /home/airflow/.local/lib/python3.12/site-packages/airflow/example_dags/example_complex.py took 0.090 seconds
[2025-02-01T07:51:20.225+0000] {processor.py:186} INFO - Started process (PID=2192) to work on /home/airflow/.local/lib/python3.12/site-packages/airflow/example_dags/example_complex.py
[2025-02-01T07:51:20.228+0000] {processor.py:914} INFO - Processing file /home/airflow/.local/lib/python3.12/site-packages/airflow/example_dags/example_complex.py for tasks to queue
[2025-02-01T07:51:20.236+0000] {logging_mixin.py:190} INFO - [2025-02-01T07:51:20.235+0000] {dagbag.py:588} INFO - Filling up the DagBag from /home/airflow/.local/lib/python3.12/site-packages/airflow/example_dags/example_complex.py
[2025-02-01T07:51:20.285+0000] {processor.py:925} INFO - DAG(s) 'example_complex' retrieved from /home/airflow/.local/lib/python3.12/site-packages/airflow/example_dags/example_complex.py
[2025-02-01T07:51:20.431+0000] {logging_mixin.py:190} INFO - [2025-02-01T07:51:20.430+0000] {dag.py:3239} INFO - Sync 1 DAGs
[2025-02-01T07:51:20.509+0000] {logging_mixin.py:190} INFO - [2025-02-01T07:51:20.508+0000] {dag.py:4180} INFO - Setting next_dagrun for example_complex to None, run_after=None
[2025-02-01T07:51:20.578+0000] {processor.py:208} INFO - Processing /home/airflow/.local/lib/python3.12/site-packages/airflow/example_dags/example_complex.py took 0.372 seconds
[2025-02-01T07:51:52.095+0000] {processor.py:186} INFO - Started process (PID=2255) to work on /home/airflow/.local/lib/python3.12/site-packages/airflow/example_dags/example_complex.py
[2025-02-01T07:51:52.097+0000] {processor.py:914} INFO - Processing file /home/airflow/.local/lib/python3.12/site-packages/airflow/example_dags/example_complex.py for tasks to queue
[2025-02-01T07:51:52.102+0000] {logging_mixin.py:190} INFO - [2025-02-01T07:51:52.101+0000] {dagbag.py:588} INFO - Filling up the DagBag from /home/airflow/.local/lib/python3.12/site-packages/airflow/example_dags/example_complex.py
[2025-02-01T07:51:52.154+0000] {processor.py:925} INFO - DAG(s) 'example_complex' retrieved from /home/airflow/.local/lib/python3.12/site-packages/airflow/example_dags/example_complex.py
[2025-02-01T07:51:52.264+0000] {logging_mixin.py:190} INFO - [2025-02-01T07:51:52.263+0000] {dag.py:3239} INFO - Sync 1 DAGs
[2025-02-01T07:51:52.323+0000] {logging_mixin.py:190} INFO - [2025-02-01T07:51:52.322+0000] {dag.py:4180} INFO - Setting next_dagrun for example_complex to None, run_after=None
[2025-02-01T07:51:52.402+0000] {processor.py:208} INFO - Processing /home/airflow/.local/lib/python3.12/site-packages/airflow/example_dags/example_complex.py took 0.322 seconds
[2025-02-01T07:52:22.867+0000] {processor.py:186} INFO - Started process (PID=2319) to work on /home/airflow/.local/lib/python3.12/site-packages/airflow/example_dags/example_complex.py
[2025-02-01T07:52:22.869+0000] {processor.py:914} INFO - Processing file /home/airflow/.local/lib/python3.12/site-packages/airflow/example_dags/example_complex.py for tasks to queue
[2025-02-01T07:52:22.876+0000] {logging_mixin.py:190} INFO - [2025-02-01T07:52:22.875+0000] {dagbag.py:588} INFO - Filling up the DagBag from /home/airflow/.local/lib/python3.12/site-packages/airflow/example_dags/example_complex.py
[2025-02-01T07:52:22.897+0000] {processor.py:925} INFO - DAG(s) 'example_complex' retrieved from /home/airflow/.local/lib/python3.12/site-packages/airflow/example_dags/example_complex.py
[2025-02-01T07:52:22.953+0000] {logging_mixin.py:190} INFO - [2025-02-01T07:52:22.952+0000] {dag.py:3239} INFO - Sync 1 DAGs
[2025-02-01T07:52:22.980+0000] {logging_mixin.py:190} INFO - [2025-02-01T07:52:22.980+0000] {dag.py:4180} INFO - Setting next_dagrun for example_complex to None, run_after=None
[2025-02-01T07:52:23.020+0000] {processor.py:208} INFO - Processing /home/airflow/.local/lib/python3.12/site-packages/airflow/example_dags/example_complex.py took 0.166 seconds
[2025-02-01T07:52:53.237+0000] {processor.py:186} INFO - Started process (PID=2382) to work on /home/airflow/.local/lib/python3.12/site-packages/airflow/example_dags/example_complex.py
[2025-02-01T07:52:53.239+0000] {processor.py:914} INFO - Processing file /home/airflow/.local/lib/python3.12/site-packages/airflow/example_dags/example_complex.py for tasks to queue
[2025-02-01T07:52:53.244+0000] {logging_mixin.py:190} INFO - [2025-02-01T07:52:53.244+0000] {dagbag.py:588} INFO - Filling up the DagBag from /home/airflow/.local/lib/python3.12/site-packages/airflow/example_dags/example_complex.py
[2025-02-01T07:52:53.266+0000] {processor.py:925} INFO - DAG(s) 'example_complex' retrieved from /home/airflow/.local/lib/python3.12/site-packages/airflow/example_dags/example_complex.py
[2025-02-01T07:52:53.324+0000] {logging_mixin.py:190} INFO - [2025-02-01T07:52:53.323+0000] {dag.py:3239} INFO - Sync 1 DAGs
[2025-02-01T07:52:53.357+0000] {logging_mixin.py:190} INFO - [2025-02-01T07:52:53.357+0000] {dag.py:4180} INFO - Setting next_dagrun for example_complex to None, run_after=None
[2025-02-01T07:52:53.425+0000] {processor.py:208} INFO - Processing /home/airflow/.local/lib/python3.12/site-packages/airflow/example_dags/example_complex.py took 0.199 seconds
[2025-02-01T07:53:23.594+0000] {processor.py:186} INFO - Started process (PID=2446) to work on /home/airflow/.local/lib/python3.12/site-packages/airflow/example_dags/example_complex.py
[2025-02-01T07:53:23.596+0000] {processor.py:914} INFO - Processing file /home/airflow/.local/lib/python3.12/site-packages/airflow/example_dags/example_complex.py for tasks to queue
[2025-02-01T07:53:23.605+0000] {logging_mixin.py:190} INFO - [2025-02-01T07:53:23.603+0000] {dagbag.py:588} INFO - Filling up the DagBag from /home/airflow/.local/lib/python3.12/site-packages/airflow/example_dags/example_complex.py
[2025-02-01T07:53:23.634+0000] {processor.py:925} INFO - DAG(s) 'example_complex' retrieved from /home/airflow/.local/lib/python3.12/site-packages/airflow/example_dags/example_complex.py
[2025-02-01T07:53:23.707+0000] {logging_mixin.py:190} INFO - [2025-02-01T07:53:23.707+0000] {dag.py:3239} INFO - Sync 1 DAGs
[2025-02-01T07:53:23.740+0000] {logging_mixin.py:190} INFO - [2025-02-01T07:53:23.739+0000] {dag.py:4180} INFO - Setting next_dagrun for example_complex to None, run_after=None
[2025-02-01T07:53:23.795+0000] {processor.py:208} INFO - Processing /home/airflow/.local/lib/python3.12/site-packages/airflow/example_dags/example_complex.py took 0.216 seconds
[2025-02-01T07:53:54.440+0000] {processor.py:186} INFO - Started process (PID=2510) to work on /home/airflow/.local/lib/python3.12/site-packages/airflow/example_dags/example_complex.py
[2025-02-01T07:53:54.442+0000] {processor.py:914} INFO - Processing file /home/airflow/.local/lib/python3.12/site-packages/airflow/example_dags/example_complex.py for tasks to queue
[2025-02-01T07:53:54.447+0000] {logging_mixin.py:190} INFO - [2025-02-01T07:53:54.447+0000] {dagbag.py:588} INFO - Filling up the DagBag from /home/airflow/.local/lib/python3.12/site-packages/airflow/example_dags/example_complex.py
[2025-02-01T07:53:54.479+0000] {processor.py:925} INFO - DAG(s) 'example_complex' retrieved from /home/airflow/.local/lib/python3.12/site-packages/airflow/example_dags/example_complex.py
[2025-02-01T07:53:54.552+0000] {logging_mixin.py:190} INFO - [2025-02-01T07:53:54.551+0000] {dag.py:3239} INFO - Sync 1 DAGs
[2025-02-01T07:53:54.596+0000] {logging_mixin.py:190} INFO - [2025-02-01T07:53:54.593+0000] {dag.py:4180} INFO - Setting next_dagrun for example_complex to None, run_after=None
[2025-02-01T07:53:54.647+0000] {processor.py:208} INFO - Processing /home/airflow/.local/lib/python3.12/site-packages/airflow/example_dags/example_complex.py took 0.222 seconds
[2025-02-01T07:54:25.643+0000] {processor.py:186} INFO - Started process (PID=2574) to work on /home/airflow/.local/lib/python3.12/site-packages/airflow/example_dags/example_complex.py
[2025-02-01T07:54:25.644+0000] {processor.py:914} INFO - Processing file /home/airflow/.local/lib/python3.12/site-packages/airflow/example_dags/example_complex.py for tasks to queue
[2025-02-01T07:54:25.646+0000] {logging_mixin.py:190} INFO - [2025-02-01T07:54:25.646+0000] {dagbag.py:588} INFO - Filling up the DagBag from /home/airflow/.local/lib/python3.12/site-packages/airflow/example_dags/example_complex.py
[2025-02-01T07:54:25.656+0000] {processor.py:925} INFO - DAG(s) 'example_complex' retrieved from /home/airflow/.local/lib/python3.12/site-packages/airflow/example_dags/example_complex.py
[2025-02-01T07:54:25.680+0000] {logging_mixin.py:190} INFO - [2025-02-01T07:54:25.680+0000] {dag.py:3239} INFO - Sync 1 DAGs
[2025-02-01T07:54:25.693+0000] {logging_mixin.py:190} INFO - [2025-02-01T07:54:25.692+0000] {dag.py:4180} INFO - Setting next_dagrun for example_complex to None, run_after=None
[2025-02-01T07:54:25.712+0000] {processor.py:208} INFO - Processing /home/airflow/.local/lib/python3.12/site-packages/airflow/example_dags/example_complex.py took 0.073 seconds
[2025-02-01T07:54:55.776+0000] {processor.py:186} INFO - Started process (PID=2638) to work on /home/airflow/.local/lib/python3.12/site-packages/airflow/example_dags/example_complex.py
[2025-02-01T07:54:55.778+0000] {processor.py:914} INFO - Processing file /home/airflow/.local/lib/python3.12/site-packages/airflow/example_dags/example_complex.py for tasks to queue
[2025-02-01T07:54:55.783+0000] {logging_mixin.py:190} INFO - [2025-02-01T07:54:55.782+0000] {dagbag.py:588} INFO - Filling up the DagBag from /home/airflow/.local/lib/python3.12/site-packages/airflow/example_dags/example_complex.py
[2025-02-01T07:54:55.804+0000] {processor.py:925} INFO - DAG(s) 'example_complex' retrieved from /home/airflow/.local/lib/python3.12/site-packages/airflow/example_dags/example_complex.py
[2025-02-01T07:54:55.870+0000] {logging_mixin.py:190} INFO - [2025-02-01T07:54:55.870+0000] {dag.py:3239} INFO - Sync 1 DAGs
[2025-02-01T07:54:55.896+0000] {logging_mixin.py:190} INFO - [2025-02-01T07:54:55.895+0000] {dag.py:4180} INFO - Setting next_dagrun for example_complex to None, run_after=None
[2025-02-01T07:54:55.942+0000] {processor.py:208} INFO - Processing /home/airflow/.local/lib/python3.12/site-packages/airflow/example_dags/example_complex.py took 0.177 seconds
[2025-02-01T07:55:27.487+0000] {processor.py:186} INFO - Started process (PID=2702) to work on /home/airflow/.local/lib/python3.12/site-packages/airflow/example_dags/example_complex.py
[2025-02-01T07:55:27.499+0000] {processor.py:914} INFO - Processing file /home/airflow/.local/lib/python3.12/site-packages/airflow/example_dags/example_complex.py for tasks to queue
[2025-02-01T07:55:27.518+0000] {logging_mixin.py:190} INFO - [2025-02-01T07:55:27.517+0000] {dagbag.py:588} INFO - Filling up the DagBag from /home/airflow/.local/lib/python3.12/site-packages/airflow/example_dags/example_complex.py
[2025-02-01T07:55:27.593+0000] {processor.py:925} INFO - DAG(s) 'example_complex' retrieved from /home/airflow/.local/lib/python3.12/site-packages/airflow/example_dags/example_complex.py
[2025-02-01T07:55:27.769+0000] {logging_mixin.py:190} INFO - [2025-02-01T07:55:27.769+0000] {dag.py:3239} INFO - Sync 1 DAGs
[2025-02-01T07:55:27.828+0000] {logging_mixin.py:190} INFO - [2025-02-01T07:55:27.827+0000] {dag.py:4180} INFO - Setting next_dagrun for example_complex to None, run_after=None
[2025-02-01T07:55:27.905+0000] {processor.py:208} INFO - Processing /home/airflow/.local/lib/python3.12/site-packages/airflow/example_dags/example_complex.py took 0.444 seconds
[2025-02-01T07:55:58.536+0000] {processor.py:186} INFO - Started process (PID=2766) to work on /home/airflow/.local/lib/python3.12/site-packages/airflow/example_dags/example_complex.py
[2025-02-01T07:55:58.537+0000] {processor.py:914} INFO - Processing file /home/airflow/.local/lib/python3.12/site-packages/airflow/example_dags/example_complex.py for tasks to queue
[2025-02-01T07:55:58.540+0000] {logging_mixin.py:190} INFO - [2025-02-01T07:55:58.540+0000] {dagbag.py:588} INFO - Filling up the DagBag from /home/airflow/.local/lib/python3.12/site-packages/airflow/example_dags/example_complex.py
[2025-02-01T07:55:58.552+0000] {processor.py:925} INFO - DAG(s) 'example_complex' retrieved from /home/airflow/.local/lib/python3.12/site-packages/airflow/example_dags/example_complex.py
[2025-02-01T07:55:58.583+0000] {logging_mixin.py:190} INFO - [2025-02-01T07:55:58.583+0000] {dag.py:3239} INFO - Sync 1 DAGs
[2025-02-01T07:55:58.599+0000] {logging_mixin.py:190} INFO - [2025-02-01T07:55:58.599+0000] {dag.py:4180} INFO - Setting next_dagrun for example_complex to None, run_after=None
[2025-02-01T07:55:58.619+0000] {processor.py:208} INFO - Processing /home/airflow/.local/lib/python3.12/site-packages/airflow/example_dags/example_complex.py took 0.089 seconds
[2025-02-01T07:56:29.342+0000] {processor.py:186} INFO - Started process (PID=2830) to work on /home/airflow/.local/lib/python3.12/site-packages/airflow/example_dags/example_complex.py
[2025-02-01T07:56:29.343+0000] {processor.py:914} INFO - Processing file /home/airflow/.local/lib/python3.12/site-packages/airflow/example_dags/example_complex.py for tasks to queue
[2025-02-01T07:56:29.346+0000] {logging_mixin.py:190} INFO - [2025-02-01T07:56:29.345+0000] {dagbag.py:588} INFO - Filling up the DagBag from /home/airflow/.local/lib/python3.12/site-packages/airflow/example_dags/example_complex.py
[2025-02-01T07:56:29.359+0000] {processor.py:925} INFO - DAG(s) 'example_complex' retrieved from /home/airflow/.local/lib/python3.12/site-packages/airflow/example_dags/example_complex.py
[2025-02-01T07:56:29.393+0000] {logging_mixin.py:190} INFO - [2025-02-01T07:56:29.393+0000] {dag.py:3239} INFO - Sync 1 DAGs
[2025-02-01T07:56:29.409+0000] {logging_mixin.py:190} INFO - [2025-02-01T07:56:29.409+0000] {dag.py:4180} INFO - Setting next_dagrun for example_complex to None, run_after=None
[2025-02-01T07:56:29.435+0000] {processor.py:208} INFO - Processing /home/airflow/.local/lib/python3.12/site-packages/airflow/example_dags/example_complex.py took 0.100 seconds
[2025-02-01T07:56:59.611+0000] {processor.py:186} INFO - Started process (PID=2894) to work on /home/airflow/.local/lib/python3.12/site-packages/airflow/example_dags/example_complex.py
[2025-02-01T07:56:59.612+0000] {processor.py:914} INFO - Processing file /home/airflow/.local/lib/python3.12/site-packages/airflow/example_dags/example_complex.py for tasks to queue
[2025-02-01T07:56:59.617+0000] {logging_mixin.py:190} INFO - [2025-02-01T07:56:59.616+0000] {dagbag.py:588} INFO - Filling up the DagBag from /home/airflow/.local/lib/python3.12/site-packages/airflow/example_dags/example_complex.py
[2025-02-01T07:56:59.634+0000] {processor.py:925} INFO - DAG(s) 'example_complex' retrieved from /home/airflow/.local/lib/python3.12/site-packages/airflow/example_dags/example_complex.py
[2025-02-01T07:56:59.686+0000] {logging_mixin.py:190} INFO - [2025-02-01T07:56:59.685+0000] {dag.py:3239} INFO - Sync 1 DAGs
[2025-02-01T07:56:59.708+0000] {logging_mixin.py:190} INFO - [2025-02-01T07:56:59.708+0000] {dag.py:4180} INFO - Setting next_dagrun for example_complex to None, run_after=None
[2025-02-01T07:56:59.745+0000] {processor.py:208} INFO - Processing /home/airflow/.local/lib/python3.12/site-packages/airflow/example_dags/example_complex.py took 0.143 seconds
[2025-02-01T07:57:30.265+0000] {processor.py:186} INFO - Started process (PID=2958) to work on /home/airflow/.local/lib/python3.12/site-packages/airflow/example_dags/example_complex.py
[2025-02-01T07:57:30.267+0000] {processor.py:914} INFO - Processing file /home/airflow/.local/lib/python3.12/site-packages/airflow/example_dags/example_complex.py for tasks to queue
[2025-02-01T07:57:30.271+0000] {logging_mixin.py:190} INFO - [2025-02-01T07:57:30.270+0000] {dagbag.py:588} INFO - Filling up the DagBag from /home/airflow/.local/lib/python3.12/site-packages/airflow/example_dags/example_complex.py
[2025-02-01T07:57:30.292+0000] {processor.py:925} INFO - DAG(s) 'example_complex' retrieved from /home/airflow/.local/lib/python3.12/site-packages/airflow/example_dags/example_complex.py
[2025-02-01T07:57:30.343+0000] {logging_mixin.py:190} INFO - [2025-02-01T07:57:30.343+0000] {dag.py:3239} INFO - Sync 1 DAGs
[2025-02-01T07:57:30.371+0000] {logging_mixin.py:190} INFO - [2025-02-01T07:57:30.371+0000] {dag.py:4180} INFO - Setting next_dagrun for example_complex to None, run_after=None
[2025-02-01T07:57:30.406+0000] {processor.py:208} INFO - Processing /home/airflow/.local/lib/python3.12/site-packages/airflow/example_dags/example_complex.py took 0.153 seconds
[2025-02-01T07:58:00.890+0000] {processor.py:186} INFO - Started process (PID=3022) to work on /home/airflow/.local/lib/python3.12/site-packages/airflow/example_dags/example_complex.py
[2025-02-01T07:58:00.893+0000] {processor.py:914} INFO - Processing file /home/airflow/.local/lib/python3.12/site-packages/airflow/example_dags/example_complex.py for tasks to queue
[2025-02-01T07:58:00.900+0000] {logging_mixin.py:190} INFO - [2025-02-01T07:58:00.899+0000] {dagbag.py:588} INFO - Filling up the DagBag from /home/airflow/.local/lib/python3.12/site-packages/airflow/example_dags/example_complex.py
[2025-02-01T07:58:00.928+0000] {processor.py:925} INFO - DAG(s) 'example_complex' retrieved from /home/airflow/.local/lib/python3.12/site-packages/airflow/example_dags/example_complex.py
[2025-02-01T07:58:01.014+0000] {logging_mixin.py:190} INFO - [2025-02-01T07:58:01.013+0000] {dag.py:3239} INFO - Sync 1 DAGs
[2025-02-01T07:58:01.051+0000] {logging_mixin.py:190} INFO - [2025-02-01T07:58:01.051+0000] {dag.py:4180} INFO - Setting next_dagrun for example_complex to None, run_after=None
[2025-02-01T07:58:01.096+0000] {processor.py:208} INFO - Processing /home/airflow/.local/lib/python3.12/site-packages/airflow/example_dags/example_complex.py took 0.220 seconds
[2025-02-01T07:58:31.856+0000] {processor.py:186} INFO - Started process (PID=3086) to work on /home/airflow/.local/lib/python3.12/site-packages/airflow/example_dags/example_complex.py
[2025-02-01T07:58:31.858+0000] {processor.py:914} INFO - Processing file /home/airflow/.local/lib/python3.12/site-packages/airflow/example_dags/example_complex.py for tasks to queue
[2025-02-01T07:58:31.863+0000] {logging_mixin.py:190} INFO - [2025-02-01T07:58:31.862+0000] {dagbag.py:588} INFO - Filling up the DagBag from /home/airflow/.local/lib/python3.12/site-packages/airflow/example_dags/example_complex.py
[2025-02-01T07:58:31.888+0000] {processor.py:925} INFO - DAG(s) 'example_complex' retrieved from /home/airflow/.local/lib/python3.12/site-packages/airflow/example_dags/example_complex.py
[2025-02-01T07:58:31.957+0000] {logging_mixin.py:190} INFO - [2025-02-01T07:58:31.956+0000] {dag.py:3239} INFO - Sync 1 DAGs
[2025-02-01T07:58:31.988+0000] {logging_mixin.py:190} INFO - [2025-02-01T07:58:31.987+0000] {dag.py:4180} INFO - Setting next_dagrun for example_complex to None, run_after=None
[2025-02-01T07:58:32.037+0000] {processor.py:208} INFO - Processing /home/airflow/.local/lib/python3.12/site-packages/airflow/example_dags/example_complex.py took 0.195 seconds
[2025-02-01T07:59:02.475+0000] {processor.py:186} INFO - Started process (PID=3148) to work on /home/airflow/.local/lib/python3.12/site-packages/airflow/example_dags/example_complex.py
[2025-02-01T07:59:02.477+0000] {processor.py:914} INFO - Processing file /home/airflow/.local/lib/python3.12/site-packages/airflow/example_dags/example_complex.py for tasks to queue
[2025-02-01T07:59:02.482+0000] {logging_mixin.py:190} INFO - [2025-02-01T07:59:02.481+0000] {dagbag.py:588} INFO - Filling up the DagBag from /home/airflow/.local/lib/python3.12/site-packages/airflow/example_dags/example_complex.py
[2025-02-01T07:59:02.504+0000] {processor.py:925} INFO - DAG(s) 'example_complex' retrieved from /home/airflow/.local/lib/python3.12/site-packages/airflow/example_dags/example_complex.py
[2025-02-01T07:59:02.568+0000] {logging_mixin.py:190} INFO - [2025-02-01T07:59:02.567+0000] {dag.py:3239} INFO - Sync 1 DAGs
[2025-02-01T07:59:02.603+0000] {logging_mixin.py:190} INFO - [2025-02-01T07:59:02.602+0000] {dag.py:4180} INFO - Setting next_dagrun for example_complex to None, run_after=None
[2025-02-01T07:59:02.643+0000] {processor.py:208} INFO - Processing /home/airflow/.local/lib/python3.12/site-packages/airflow/example_dags/example_complex.py took 0.179 seconds
[2025-02-01T07:59:33.030+0000] {processor.py:186} INFO - Started process (PID=3212) to work on /home/airflow/.local/lib/python3.12/site-packages/airflow/example_dags/example_complex.py
[2025-02-01T07:59:33.032+0000] {processor.py:914} INFO - Processing file /home/airflow/.local/lib/python3.12/site-packages/airflow/example_dags/example_complex.py for tasks to queue
[2025-02-01T07:59:33.036+0000] {logging_mixin.py:190} INFO - [2025-02-01T07:59:33.036+0000] {dagbag.py:588} INFO - Filling up the DagBag from /home/airflow/.local/lib/python3.12/site-packages/airflow/example_dags/example_complex.py
[2025-02-01T07:59:33.062+0000] {processor.py:925} INFO - DAG(s) 'example_complex' retrieved from /home/airflow/.local/lib/python3.12/site-packages/airflow/example_dags/example_complex.py
[2025-02-01T07:59:33.130+0000] {logging_mixin.py:190} INFO - [2025-02-01T07:59:33.130+0000] {dag.py:3239} INFO - Sync 1 DAGs
[2025-02-01T07:59:33.161+0000] {logging_mixin.py:190} INFO - [2025-02-01T07:59:33.160+0000] {dag.py:4180} INFO - Setting next_dagrun for example_complex to None, run_after=None
[2025-02-01T07:59:33.210+0000] {processor.py:208} INFO - Processing /home/airflow/.local/lib/python3.12/site-packages/airflow/example_dags/example_complex.py took 0.190 seconds
[2025-02-01T08:00:03.372+0000] {processor.py:186} INFO - Started process (PID=3275) to work on /home/airflow/.local/lib/python3.12/site-packages/airflow/example_dags/example_complex.py
[2025-02-01T08:00:03.374+0000] {processor.py:914} INFO - Processing file /home/airflow/.local/lib/python3.12/site-packages/airflow/example_dags/example_complex.py for tasks to queue
[2025-02-01T08:00:03.380+0000] {logging_mixin.py:190} INFO - [2025-02-01T08:00:03.379+0000] {dagbag.py:588} INFO - Filling up the DagBag from /home/airflow/.local/lib/python3.12/site-packages/airflow/example_dags/example_complex.py
[2025-02-01T08:00:03.420+0000] {processor.py:925} INFO - DAG(s) 'example_complex' retrieved from /home/airflow/.local/lib/python3.12/site-packages/airflow/example_dags/example_complex.py
[2025-02-01T08:00:03.512+0000] {logging_mixin.py:190} INFO - [2025-02-01T08:00:03.511+0000] {dag.py:3239} INFO - Sync 1 DAGs
[2025-02-01T08:00:04.785+0000] {logging_mixin.py:190} INFO - [2025-02-01T08:00:04.778+0000] {dag.py:4180} INFO - Setting next_dagrun for example_complex to None, run_after=None
[2025-02-01T08:00:05.074+0000] {processor.py:208} INFO - Processing /home/airflow/.local/lib/python3.12/site-packages/airflow/example_dags/example_complex.py took 1.718 seconds
