[2025-02-01T07:34:35.075+0000] {processor.py:186} INFO - Started process (PID=103) to work on /home/airflow/.local/lib/python3.12/site-packages/airflow/example_dags/example_task_group.py
[2025-02-01T07:34:35.078+0000] {processor.py:914} INFO - Processing file /home/airflow/.local/lib/python3.12/site-packages/airflow/example_dags/example_task_group.py for tasks to queue
[2025-02-01T07:34:35.084+0000] {logging_mixin.py:190} INFO - [2025-02-01T07:34:35.083+0000] {dagbag.py:588} INFO - Filling up the DagBag from /home/airflow/.local/lib/python3.12/site-packages/airflow/example_dags/example_task_group.py
[2025-02-01T07:34:35.116+0000] {processor.py:925} INFO - DAG(s) 'example_task_group' retrieved from /home/airflow/.local/lib/python3.12/site-packages/airflow/example_dags/example_task_group.py
[2025-02-01T07:34:35.467+0000] {logging_mixin.py:190} INFO - [2025-02-01T07:34:35.466+0000] {override.py:1911} INFO - Created Permission View: can edit on DAG:example_task_group
[2025-02-01T07:34:35.495+0000] {logging_mixin.py:190} INFO - [2025-02-01T07:34:35.494+0000] {override.py:1911} INFO - Created Permission View: can delete on DAG:example_task_group
[2025-02-01T07:34:35.512+0000] {logging_mixin.py:190} INFO - [2025-02-01T07:34:35.512+0000] {override.py:1911} INFO - Created Permission View: can read on DAG:example_task_group
[2025-02-01T07:34:35.535+0000] {logging_mixin.py:190} INFO - [2025-02-01T07:34:35.534+0000] {override.py:1911} INFO - Created Permission View: can create on DAG Run:example_task_group
[2025-02-01T07:34:35.548+0000] {logging_mixin.py:190} INFO - [2025-02-01T07:34:35.547+0000] {override.py:1911} INFO - Created Permission View: can delete on DAG Run:example_task_group
[2025-02-01T07:34:35.561+0000] {logging_mixin.py:190} INFO - [2025-02-01T07:34:35.560+0000] {override.py:1911} INFO - Created Permission View: menu access on DAG Run:example_task_group
[2025-02-01T07:34:35.574+0000] {logging_mixin.py:190} INFO - [2025-02-01T07:34:35.573+0000] {override.py:1911} INFO - Created Permission View: can read on DAG Run:example_task_group
[2025-02-01T07:34:35.575+0000] {logging_mixin.py:190} INFO - [2025-02-01T07:34:35.574+0000] {dag.py:3239} INFO - Sync 1 DAGs
[2025-02-01T07:34:35.610+0000] {logging_mixin.py:190} INFO - [2025-02-01T07:34:35.609+0000] {dag.py:3262} INFO - Creating ORM DAG for example_task_group
[2025-02-01T07:34:35.612+0000] {logging_mixin.py:190} INFO - [2025-02-01T07:34:35.612+0000] {dag.py:4180} INFO - Setting next_dagrun for example_task_group to None, run_after=None
[2025-02-01T07:34:35.662+0000] {processor.py:208} INFO - Processing /home/airflow/.local/lib/python3.12/site-packages/airflow/example_dags/example_task_group.py took 0.604 seconds
[2025-02-01T07:35:07.153+0000] {processor.py:186} INFO - Started process (PID=166) to work on /home/airflow/.local/lib/python3.12/site-packages/airflow/example_dags/example_task_group.py
[2025-02-01T07:35:07.157+0000] {processor.py:914} INFO - Processing file /home/airflow/.local/lib/python3.12/site-packages/airflow/example_dags/example_task_group.py for tasks to queue
[2025-02-01T07:35:07.165+0000] {logging_mixin.py:190} INFO - [2025-02-01T07:35:07.164+0000] {dagbag.py:588} INFO - Filling up the DagBag from /home/airflow/.local/lib/python3.12/site-packages/airflow/example_dags/example_task_group.py
[2025-02-01T07:35:07.197+0000] {processor.py:925} INFO - DAG(s) 'example_task_group' retrieved from /home/airflow/.local/lib/python3.12/site-packages/airflow/example_dags/example_task_group.py
[2025-02-01T07:35:07.297+0000] {logging_mixin.py:190} INFO - [2025-02-01T07:35:07.297+0000] {dag.py:3239} INFO - Sync 1 DAGs
[2025-02-01T07:35:07.390+0000] {logging_mixin.py:190} INFO - [2025-02-01T07:35:07.389+0000] {dag.py:4180} INFO - Setting next_dagrun for example_task_group to None, run_after=None
[2025-02-01T07:35:07.501+0000] {processor.py:208} INFO - Processing /home/airflow/.local/lib/python3.12/site-packages/airflow/example_dags/example_task_group.py took 0.374 seconds
[2025-02-01T07:35:37.921+0000] {processor.py:186} INFO - Started process (PID=228) to work on /home/airflow/.local/lib/python3.12/site-packages/airflow/example_dags/example_task_group.py
[2025-02-01T07:35:37.935+0000] {processor.py:914} INFO - Processing file /home/airflow/.local/lib/python3.12/site-packages/airflow/example_dags/example_task_group.py for tasks to queue
[2025-02-01T07:35:37.941+0000] {logging_mixin.py:190} INFO - [2025-02-01T07:35:37.940+0000] {dagbag.py:588} INFO - Filling up the DagBag from /home/airflow/.local/lib/python3.12/site-packages/airflow/example_dags/example_task_group.py
[2025-02-01T07:35:37.964+0000] {processor.py:925} INFO - DAG(s) 'example_task_group' retrieved from /home/airflow/.local/lib/python3.12/site-packages/airflow/example_dags/example_task_group.py
[2025-02-01T07:35:38.085+0000] {logging_mixin.py:190} INFO - [2025-02-01T07:35:38.084+0000] {dag.py:3239} INFO - Sync 1 DAGs
[2025-02-01T07:35:38.124+0000] {logging_mixin.py:190} INFO - [2025-02-01T07:35:38.123+0000] {dag.py:4180} INFO - Setting next_dagrun for example_task_group to None, run_after=None
[2025-02-01T07:35:38.243+0000] {processor.py:208} INFO - Processing /home/airflow/.local/lib/python3.12/site-packages/airflow/example_dags/example_task_group.py took 0.337 seconds
[2025-02-01T07:36:08.384+0000] {processor.py:186} INFO - Started process (PID=291) to work on /home/airflow/.local/lib/python3.12/site-packages/airflow/example_dags/example_task_group.py
[2025-02-01T07:36:08.385+0000] {processor.py:914} INFO - Processing file /home/airflow/.local/lib/python3.12/site-packages/airflow/example_dags/example_task_group.py for tasks to queue
[2025-02-01T07:36:08.389+0000] {logging_mixin.py:190} INFO - [2025-02-01T07:36:08.388+0000] {dagbag.py:588} INFO - Filling up the DagBag from /home/airflow/.local/lib/python3.12/site-packages/airflow/example_dags/example_task_group.py
[2025-02-01T07:36:08.401+0000] {processor.py:925} INFO - DAG(s) 'example_task_group' retrieved from /home/airflow/.local/lib/python3.12/site-packages/airflow/example_dags/example_task_group.py
[2025-02-01T07:36:08.437+0000] {logging_mixin.py:190} INFO - [2025-02-01T07:36:08.437+0000] {dag.py:3239} INFO - Sync 1 DAGs
[2025-02-01T07:36:08.465+0000] {logging_mixin.py:190} INFO - [2025-02-01T07:36:08.464+0000] {dag.py:4180} INFO - Setting next_dagrun for example_task_group to None, run_after=None
[2025-02-01T07:36:08.597+0000] {processor.py:208} INFO - Processing /home/airflow/.local/lib/python3.12/site-packages/airflow/example_dags/example_task_group.py took 0.221 seconds
[2025-02-01T07:36:38.639+0000] {processor.py:186} INFO - Started process (PID=353) to work on /home/airflow/.local/lib/python3.12/site-packages/airflow/example_dags/example_task_group.py
[2025-02-01T07:36:38.641+0000] {processor.py:914} INFO - Processing file /home/airflow/.local/lib/python3.12/site-packages/airflow/example_dags/example_task_group.py for tasks to queue
[2025-02-01T07:36:38.644+0000] {logging_mixin.py:190} INFO - [2025-02-01T07:36:38.644+0000] {dagbag.py:588} INFO - Filling up the DagBag from /home/airflow/.local/lib/python3.12/site-packages/airflow/example_dags/example_task_group.py
[2025-02-01T07:36:38.652+0000] {processor.py:925} INFO - DAG(s) 'example_task_group' retrieved from /home/airflow/.local/lib/python3.12/site-packages/airflow/example_dags/example_task_group.py
[2025-02-01T07:36:38.672+0000] {logging_mixin.py:190} INFO - [2025-02-01T07:36:38.671+0000] {dag.py:3239} INFO - Sync 1 DAGs
[2025-02-01T07:36:38.685+0000] {logging_mixin.py:190} INFO - [2025-02-01T07:36:38.685+0000] {dag.py:4180} INFO - Setting next_dagrun for example_task_group to None, run_after=None
[2025-02-01T07:36:38.706+0000] {processor.py:208} INFO - Processing /home/airflow/.local/lib/python3.12/site-packages/airflow/example_dags/example_task_group.py took 0.072 seconds
[2025-02-01T07:37:08.958+0000] {processor.py:186} INFO - Started process (PID=417) to work on /home/airflow/.local/lib/python3.12/site-packages/airflow/example_dags/example_task_group.py
[2025-02-01T07:37:08.959+0000] {processor.py:914} INFO - Processing file /home/airflow/.local/lib/python3.12/site-packages/airflow/example_dags/example_task_group.py for tasks to queue
[2025-02-01T07:37:08.962+0000] {logging_mixin.py:190} INFO - [2025-02-01T07:37:08.962+0000] {dagbag.py:588} INFO - Filling up the DagBag from /home/airflow/.local/lib/python3.12/site-packages/airflow/example_dags/example_task_group.py
[2025-02-01T07:37:08.971+0000] {processor.py:925} INFO - DAG(s) 'example_task_group' retrieved from /home/airflow/.local/lib/python3.12/site-packages/airflow/example_dags/example_task_group.py
[2025-02-01T07:37:08.994+0000] {logging_mixin.py:190} INFO - [2025-02-01T07:37:08.994+0000] {dag.py:3239} INFO - Sync 1 DAGs
[2025-02-01T07:37:09.011+0000] {logging_mixin.py:190} INFO - [2025-02-01T07:37:09.011+0000] {dag.py:4180} INFO - Setting next_dagrun for example_task_group to None, run_after=None
[2025-02-01T07:37:09.042+0000] {processor.py:208} INFO - Processing /home/airflow/.local/lib/python3.12/site-packages/airflow/example_dags/example_task_group.py took 0.090 seconds
[2025-02-01T07:37:39.399+0000] {processor.py:186} INFO - Started process (PID=480) to work on /home/airflow/.local/lib/python3.12/site-packages/airflow/example_dags/example_task_group.py
[2025-02-01T07:37:39.402+0000] {processor.py:914} INFO - Processing file /home/airflow/.local/lib/python3.12/site-packages/airflow/example_dags/example_task_group.py for tasks to queue
[2025-02-01T07:37:39.408+0000] {logging_mixin.py:190} INFO - [2025-02-01T07:37:39.407+0000] {dagbag.py:588} INFO - Filling up the DagBag from /home/airflow/.local/lib/python3.12/site-packages/airflow/example_dags/example_task_group.py
[2025-02-01T07:37:39.445+0000] {processor.py:925} INFO - DAG(s) 'example_task_group' retrieved from /home/airflow/.local/lib/python3.12/site-packages/airflow/example_dags/example_task_group.py
[2025-02-01T07:37:39.502+0000] {logging_mixin.py:190} INFO - [2025-02-01T07:37:39.501+0000] {dag.py:3239} INFO - Sync 1 DAGs
[2025-02-01T07:37:39.546+0000] {logging_mixin.py:190} INFO - [2025-02-01T07:37:39.545+0000] {dag.py:4180} INFO - Setting next_dagrun for example_task_group to None, run_after=None
[2025-02-01T07:37:39.589+0000] {processor.py:208} INFO - Processing /home/airflow/.local/lib/python3.12/site-packages/airflow/example_dags/example_task_group.py took 0.205 seconds
[2025-02-01T07:38:09.936+0000] {processor.py:186} INFO - Started process (PID=543) to work on /home/airflow/.local/lib/python3.12/site-packages/airflow/example_dags/example_task_group.py
[2025-02-01T07:38:09.937+0000] {processor.py:914} INFO - Processing file /home/airflow/.local/lib/python3.12/site-packages/airflow/example_dags/example_task_group.py for tasks to queue
[2025-02-01T07:38:09.940+0000] {logging_mixin.py:190} INFO - [2025-02-01T07:38:09.940+0000] {dagbag.py:588} INFO - Filling up the DagBag from /home/airflow/.local/lib/python3.12/site-packages/airflow/example_dags/example_task_group.py
[2025-02-01T07:38:09.953+0000] {processor.py:925} INFO - DAG(s) 'example_task_group' retrieved from /home/airflow/.local/lib/python3.12/site-packages/airflow/example_dags/example_task_group.py
[2025-02-01T07:38:09.979+0000] {logging_mixin.py:190} INFO - [2025-02-01T07:38:09.978+0000] {dag.py:3239} INFO - Sync 1 DAGs
[2025-02-01T07:38:10.002+0000] {logging_mixin.py:190} INFO - [2025-02-01T07:38:10.001+0000] {dag.py:4180} INFO - Setting next_dagrun for example_task_group to None, run_after=None
[2025-02-01T07:38:10.031+0000] {processor.py:208} INFO - Processing /home/airflow/.local/lib/python3.12/site-packages/airflow/example_dags/example_task_group.py took 0.102 seconds
[2025-02-01T07:38:41.189+0000] {processor.py:186} INFO - Started process (PID=606) to work on /home/airflow/.local/lib/python3.12/site-packages/airflow/example_dags/example_task_group.py
[2025-02-01T07:38:41.192+0000] {processor.py:914} INFO - Processing file /home/airflow/.local/lib/python3.12/site-packages/airflow/example_dags/example_task_group.py for tasks to queue
[2025-02-01T07:38:41.198+0000] {logging_mixin.py:190} INFO - [2025-02-01T07:38:41.197+0000] {dagbag.py:588} INFO - Filling up the DagBag from /home/airflow/.local/lib/python3.12/site-packages/airflow/example_dags/example_task_group.py
[2025-02-01T07:38:41.222+0000] {processor.py:925} INFO - DAG(s) 'example_task_group' retrieved from /home/airflow/.local/lib/python3.12/site-packages/airflow/example_dags/example_task_group.py
[2025-02-01T07:38:41.287+0000] {logging_mixin.py:190} INFO - [2025-02-01T07:38:41.286+0000] {dag.py:3239} INFO - Sync 1 DAGs
[2025-02-01T07:38:41.332+0000] {logging_mixin.py:190} INFO - [2025-02-01T07:38:41.332+0000] {dag.py:4180} INFO - Setting next_dagrun for example_task_group to None, run_after=None
[2025-02-01T07:38:41.387+0000] {processor.py:208} INFO - Processing /home/airflow/.local/lib/python3.12/site-packages/airflow/example_dags/example_task_group.py took 0.213 seconds
[2025-02-01T07:39:11.585+0000] {processor.py:186} INFO - Started process (PID=668) to work on /home/airflow/.local/lib/python3.12/site-packages/airflow/example_dags/example_task_group.py
[2025-02-01T07:39:11.587+0000] {processor.py:914} INFO - Processing file /home/airflow/.local/lib/python3.12/site-packages/airflow/example_dags/example_task_group.py for tasks to queue
[2025-02-01T07:39:11.592+0000] {logging_mixin.py:190} INFO - [2025-02-01T07:39:11.592+0000] {dagbag.py:588} INFO - Filling up the DagBag from /home/airflow/.local/lib/python3.12/site-packages/airflow/example_dags/example_task_group.py
[2025-02-01T07:39:11.613+0000] {processor.py:925} INFO - DAG(s) 'example_task_group' retrieved from /home/airflow/.local/lib/python3.12/site-packages/airflow/example_dags/example_task_group.py
[2025-02-01T07:39:11.655+0000] {logging_mixin.py:190} INFO - [2025-02-01T07:39:11.655+0000] {dag.py:3239} INFO - Sync 1 DAGs
[2025-02-01T07:39:11.689+0000] {logging_mixin.py:190} INFO - [2025-02-01T07:39:11.688+0000] {dag.py:4180} INFO - Setting next_dagrun for example_task_group to None, run_after=None
[2025-02-01T07:39:11.726+0000] {processor.py:208} INFO - Processing /home/airflow/.local/lib/python3.12/site-packages/airflow/example_dags/example_task_group.py took 0.157 seconds
[2025-02-01T07:39:41.945+0000] {processor.py:186} INFO - Started process (PID=731) to work on /home/airflow/.local/lib/python3.12/site-packages/airflow/example_dags/example_task_group.py
[2025-02-01T07:39:41.947+0000] {processor.py:914} INFO - Processing file /home/airflow/.local/lib/python3.12/site-packages/airflow/example_dags/example_task_group.py for tasks to queue
[2025-02-01T07:39:41.949+0000] {logging_mixin.py:190} INFO - [2025-02-01T07:39:41.949+0000] {dagbag.py:588} INFO - Filling up the DagBag from /home/airflow/.local/lib/python3.12/site-packages/airflow/example_dags/example_task_group.py
[2025-02-01T07:39:41.959+0000] {processor.py:925} INFO - DAG(s) 'example_task_group' retrieved from /home/airflow/.local/lib/python3.12/site-packages/airflow/example_dags/example_task_group.py
[2025-02-01T07:39:41.986+0000] {logging_mixin.py:190} INFO - [2025-02-01T07:39:41.986+0000] {dag.py:3239} INFO - Sync 1 DAGs
[2025-02-01T07:39:42.002+0000] {logging_mixin.py:190} INFO - [2025-02-01T07:39:42.001+0000] {dag.py:4180} INFO - Setting next_dagrun for example_task_group to None, run_after=None
[2025-02-01T07:39:42.025+0000] {processor.py:208} INFO - Processing /home/airflow/.local/lib/python3.12/site-packages/airflow/example_dags/example_task_group.py took 0.088 seconds
[2025-02-01T07:40:12.481+0000] {processor.py:186} INFO - Started process (PID=794) to work on /home/airflow/.local/lib/python3.12/site-packages/airflow/example_dags/example_task_group.py
[2025-02-01T07:40:12.483+0000] {processor.py:914} INFO - Processing file /home/airflow/.local/lib/python3.12/site-packages/airflow/example_dags/example_task_group.py for tasks to queue
[2025-02-01T07:40:12.485+0000] {logging_mixin.py:190} INFO - [2025-02-01T07:40:12.485+0000] {dagbag.py:588} INFO - Filling up the DagBag from /home/airflow/.local/lib/python3.12/site-packages/airflow/example_dags/example_task_group.py
[2025-02-01T07:40:12.494+0000] {processor.py:925} INFO - DAG(s) 'example_task_group' retrieved from /home/airflow/.local/lib/python3.12/site-packages/airflow/example_dags/example_task_group.py
[2025-02-01T07:40:12.522+0000] {logging_mixin.py:190} INFO - [2025-02-01T07:40:12.521+0000] {dag.py:3239} INFO - Sync 1 DAGs
[2025-02-01T07:40:12.538+0000] {logging_mixin.py:190} INFO - [2025-02-01T07:40:12.537+0000] {dag.py:4180} INFO - Setting next_dagrun for example_task_group to None, run_after=None
[2025-02-01T07:40:12.563+0000] {processor.py:208} INFO - Processing /home/airflow/.local/lib/python3.12/site-packages/airflow/example_dags/example_task_group.py took 0.088 seconds
[2025-02-01T07:40:43.416+0000] {processor.py:186} INFO - Started process (PID=857) to work on /home/airflow/.local/lib/python3.12/site-packages/airflow/example_dags/example_task_group.py
[2025-02-01T07:40:43.419+0000] {processor.py:914} INFO - Processing file /home/airflow/.local/lib/python3.12/site-packages/airflow/example_dags/example_task_group.py for tasks to queue
[2025-02-01T07:40:43.424+0000] {logging_mixin.py:190} INFO - [2025-02-01T07:40:43.424+0000] {dagbag.py:588} INFO - Filling up the DagBag from /home/airflow/.local/lib/python3.12/site-packages/airflow/example_dags/example_task_group.py
[2025-02-01T07:40:43.446+0000] {processor.py:925} INFO - DAG(s) 'example_task_group' retrieved from /home/airflow/.local/lib/python3.12/site-packages/airflow/example_dags/example_task_group.py
[2025-02-01T07:40:43.508+0000] {logging_mixin.py:190} INFO - [2025-02-01T07:40:43.507+0000] {dag.py:3239} INFO - Sync 1 DAGs
[2025-02-01T07:40:43.552+0000] {logging_mixin.py:190} INFO - [2025-02-01T07:40:43.551+0000] {dag.py:4180} INFO - Setting next_dagrun for example_task_group to None, run_after=None
[2025-02-01T07:40:43.602+0000] {processor.py:208} INFO - Processing /home/airflow/.local/lib/python3.12/site-packages/airflow/example_dags/example_task_group.py took 0.204 seconds
[2025-02-01T07:41:13.773+0000] {processor.py:186} INFO - Started process (PID=920) to work on /home/airflow/.local/lib/python3.12/site-packages/airflow/example_dags/example_task_group.py
[2025-02-01T07:41:13.774+0000] {processor.py:914} INFO - Processing file /home/airflow/.local/lib/python3.12/site-packages/airflow/example_dags/example_task_group.py for tasks to queue
[2025-02-01T07:41:13.780+0000] {logging_mixin.py:190} INFO - [2025-02-01T07:41:13.779+0000] {dagbag.py:588} INFO - Filling up the DagBag from /home/airflow/.local/lib/python3.12/site-packages/airflow/example_dags/example_task_group.py
[2025-02-01T07:41:13.803+0000] {processor.py:925} INFO - DAG(s) 'example_task_group' retrieved from /home/airflow/.local/lib/python3.12/site-packages/airflow/example_dags/example_task_group.py
[2025-02-01T07:41:13.850+0000] {logging_mixin.py:190} INFO - [2025-02-01T07:41:13.848+0000] {dag.py:3239} INFO - Sync 1 DAGs
[2025-02-01T07:41:13.880+0000] {logging_mixin.py:190} INFO - [2025-02-01T07:41:13.880+0000] {dag.py:4180} INFO - Setting next_dagrun for example_task_group to None, run_after=None
[2025-02-01T07:41:13.912+0000] {processor.py:208} INFO - Processing /home/airflow/.local/lib/python3.12/site-packages/airflow/example_dags/example_task_group.py took 0.151 seconds
[2025-02-01T07:41:44.069+0000] {processor.py:186} INFO - Started process (PID=982) to work on /home/airflow/.local/lib/python3.12/site-packages/airflow/example_dags/example_task_group.py
[2025-02-01T07:41:44.070+0000] {processor.py:914} INFO - Processing file /home/airflow/.local/lib/python3.12/site-packages/airflow/example_dags/example_task_group.py for tasks to queue
[2025-02-01T07:41:44.074+0000] {logging_mixin.py:190} INFO - [2025-02-01T07:41:44.073+0000] {dagbag.py:588} INFO - Filling up the DagBag from /home/airflow/.local/lib/python3.12/site-packages/airflow/example_dags/example_task_group.py
[2025-02-01T07:41:44.085+0000] {processor.py:925} INFO - DAG(s) 'example_task_group' retrieved from /home/airflow/.local/lib/python3.12/site-packages/airflow/example_dags/example_task_group.py
[2025-02-01T07:41:44.117+0000] {logging_mixin.py:190} INFO - [2025-02-01T07:41:44.117+0000] {dag.py:3239} INFO - Sync 1 DAGs
[2025-02-01T07:41:44.134+0000] {logging_mixin.py:190} INFO - [2025-02-01T07:41:44.134+0000] {dag.py:4180} INFO - Setting next_dagrun for example_task_group to None, run_after=None
[2025-02-01T07:41:44.161+0000] {processor.py:208} INFO - Processing /home/airflow/.local/lib/python3.12/site-packages/airflow/example_dags/example_task_group.py took 0.101 seconds
[2025-02-01T07:42:14.710+0000] {processor.py:186} INFO - Started process (PID=1045) to work on /home/airflow/.local/lib/python3.12/site-packages/airflow/example_dags/example_task_group.py
[2025-02-01T07:42:14.712+0000] {processor.py:914} INFO - Processing file /home/airflow/.local/lib/python3.12/site-packages/airflow/example_dags/example_task_group.py for tasks to queue
[2025-02-01T07:42:14.716+0000] {logging_mixin.py:190} INFO - [2025-02-01T07:42:14.716+0000] {dagbag.py:588} INFO - Filling up the DagBag from /home/airflow/.local/lib/python3.12/site-packages/airflow/example_dags/example_task_group.py
[2025-02-01T07:42:14.728+0000] {processor.py:925} INFO - DAG(s) 'example_task_group' retrieved from /home/airflow/.local/lib/python3.12/site-packages/airflow/example_dags/example_task_group.py
[2025-02-01T07:42:14.759+0000] {logging_mixin.py:190} INFO - [2025-02-01T07:42:14.759+0000] {dag.py:3239} INFO - Sync 1 DAGs
[2025-02-01T07:42:14.780+0000] {logging_mixin.py:190} INFO - [2025-02-01T07:42:14.780+0000] {dag.py:4180} INFO - Setting next_dagrun for example_task_group to None, run_after=None
[2025-02-01T07:42:14.814+0000] {processor.py:208} INFO - Processing /home/airflow/.local/lib/python3.12/site-packages/airflow/example_dags/example_task_group.py took 0.113 seconds
[2025-02-01T07:42:45.055+0000] {processor.py:186} INFO - Started process (PID=1108) to work on /home/airflow/.local/lib/python3.12/site-packages/airflow/example_dags/example_task_group.py
[2025-02-01T07:42:45.057+0000] {processor.py:914} INFO - Processing file /home/airflow/.local/lib/python3.12/site-packages/airflow/example_dags/example_task_group.py for tasks to queue
[2025-02-01T07:42:45.059+0000] {logging_mixin.py:190} INFO - [2025-02-01T07:42:45.059+0000] {dagbag.py:588} INFO - Filling up the DagBag from /home/airflow/.local/lib/python3.12/site-packages/airflow/example_dags/example_task_group.py
[2025-02-01T07:42:45.069+0000] {processor.py:925} INFO - DAG(s) 'example_task_group' retrieved from /home/airflow/.local/lib/python3.12/site-packages/airflow/example_dags/example_task_group.py
[2025-02-01T07:42:45.093+0000] {logging_mixin.py:190} INFO - [2025-02-01T07:42:45.093+0000] {dag.py:3239} INFO - Sync 1 DAGs
[2025-02-01T07:42:45.107+0000] {logging_mixin.py:190} INFO - [2025-02-01T07:42:45.107+0000] {dag.py:4180} INFO - Setting next_dagrun for example_task_group to None, run_after=None
[2025-02-01T07:42:45.130+0000] {processor.py:208} INFO - Processing /home/airflow/.local/lib/python3.12/site-packages/airflow/example_dags/example_task_group.py took 0.081 seconds
[2025-02-01T07:43:16.120+0000] {processor.py:186} INFO - Started process (PID=1177) to work on /home/airflow/.local/lib/python3.12/site-packages/airflow/example_dags/example_task_group.py
[2025-02-01T07:43:16.122+0000] {processor.py:914} INFO - Processing file /home/airflow/.local/lib/python3.12/site-packages/airflow/example_dags/example_task_group.py for tasks to queue
[2025-02-01T07:43:16.126+0000] {logging_mixin.py:190} INFO - [2025-02-01T07:43:16.125+0000] {dagbag.py:588} INFO - Filling up the DagBag from /home/airflow/.local/lib/python3.12/site-packages/airflow/example_dags/example_task_group.py
[2025-02-01T07:43:16.144+0000] {processor.py:925} INFO - DAG(s) 'example_task_group' retrieved from /home/airflow/.local/lib/python3.12/site-packages/airflow/example_dags/example_task_group.py
[2025-02-01T07:43:16.192+0000] {logging_mixin.py:190} INFO - [2025-02-01T07:43:16.191+0000] {dag.py:3239} INFO - Sync 1 DAGs
[2025-02-01T07:43:16.220+0000] {logging_mixin.py:190} INFO - [2025-02-01T07:43:16.220+0000] {dag.py:4180} INFO - Setting next_dagrun for example_task_group to None, run_after=None
[2025-02-01T07:43:16.259+0000] {processor.py:208} INFO - Processing /home/airflow/.local/lib/python3.12/site-packages/airflow/example_dags/example_task_group.py took 0.151 seconds
[2025-02-01T07:43:46.397+0000] {processor.py:186} INFO - Started process (PID=1240) to work on /home/airflow/.local/lib/python3.12/site-packages/airflow/example_dags/example_task_group.py
[2025-02-01T07:43:46.399+0000] {processor.py:914} INFO - Processing file /home/airflow/.local/lib/python3.12/site-packages/airflow/example_dags/example_task_group.py for tasks to queue
[2025-02-01T07:43:46.402+0000] {logging_mixin.py:190} INFO - [2025-02-01T07:43:46.402+0000] {dagbag.py:588} INFO - Filling up the DagBag from /home/airflow/.local/lib/python3.12/site-packages/airflow/example_dags/example_task_group.py
[2025-02-01T07:43:46.415+0000] {processor.py:925} INFO - DAG(s) 'example_task_group' retrieved from /home/airflow/.local/lib/python3.12/site-packages/airflow/example_dags/example_task_group.py
[2025-02-01T07:43:46.447+0000] {logging_mixin.py:190} INFO - [2025-02-01T07:43:46.446+0000] {dag.py:3239} INFO - Sync 1 DAGs
[2025-02-01T07:43:46.470+0000] {logging_mixin.py:190} INFO - [2025-02-01T07:43:46.470+0000] {dag.py:4180} INFO - Setting next_dagrun for example_task_group to None, run_after=None
[2025-02-01T07:43:46.501+0000] {processor.py:208} INFO - Processing /home/airflow/.local/lib/python3.12/site-packages/airflow/example_dags/example_task_group.py took 0.111 seconds
[2025-02-01T07:44:16.611+0000] {processor.py:186} INFO - Started process (PID=1303) to work on /home/airflow/.local/lib/python3.12/site-packages/airflow/example_dags/example_task_group.py
[2025-02-01T07:44:16.613+0000] {processor.py:914} INFO - Processing file /home/airflow/.local/lib/python3.12/site-packages/airflow/example_dags/example_task_group.py for tasks to queue
[2025-02-01T07:44:16.616+0000] {logging_mixin.py:190} INFO - [2025-02-01T07:44:16.616+0000] {dagbag.py:588} INFO - Filling up the DagBag from /home/airflow/.local/lib/python3.12/site-packages/airflow/example_dags/example_task_group.py
[2025-02-01T07:44:16.629+0000] {processor.py:925} INFO - DAG(s) 'example_task_group' retrieved from /home/airflow/.local/lib/python3.12/site-packages/airflow/example_dags/example_task_group.py
[2025-02-01T07:44:16.661+0000] {logging_mixin.py:190} INFO - [2025-02-01T07:44:16.661+0000] {dag.py:3239} INFO - Sync 1 DAGs
[2025-02-01T07:44:16.685+0000] {logging_mixin.py:190} INFO - [2025-02-01T07:44:16.685+0000] {dag.py:4180} INFO - Setting next_dagrun for example_task_group to None, run_after=None
[2025-02-01T07:44:16.718+0000] {processor.py:208} INFO - Processing /home/airflow/.local/lib/python3.12/site-packages/airflow/example_dags/example_task_group.py took 0.114 seconds
[2025-02-01T07:44:47.487+0000] {processor.py:186} INFO - Started process (PID=1367) to work on /home/airflow/.local/lib/python3.12/site-packages/airflow/example_dags/example_task_group.py
[2025-02-01T07:44:47.489+0000] {processor.py:914} INFO - Processing file /home/airflow/.local/lib/python3.12/site-packages/airflow/example_dags/example_task_group.py for tasks to queue
[2025-02-01T07:44:47.492+0000] {logging_mixin.py:190} INFO - [2025-02-01T07:44:47.492+0000] {dagbag.py:588} INFO - Filling up the DagBag from /home/airflow/.local/lib/python3.12/site-packages/airflow/example_dags/example_task_group.py
[2025-02-01T07:44:47.502+0000] {processor.py:925} INFO - DAG(s) 'example_task_group' retrieved from /home/airflow/.local/lib/python3.12/site-packages/airflow/example_dags/example_task_group.py
[2025-02-01T07:44:47.534+0000] {logging_mixin.py:190} INFO - [2025-02-01T07:44:47.533+0000] {dag.py:3239} INFO - Sync 1 DAGs
[2025-02-01T07:44:47.552+0000] {logging_mixin.py:190} INFO - [2025-02-01T07:44:47.552+0000] {dag.py:4180} INFO - Setting next_dagrun for example_task_group to None, run_after=None
[2025-02-01T07:44:47.581+0000] {processor.py:208} INFO - Processing /home/airflow/.local/lib/python3.12/site-packages/airflow/example_dags/example_task_group.py took 0.101 seconds
[2025-02-01T07:45:17.688+0000] {processor.py:186} INFO - Started process (PID=1431) to work on /home/airflow/.local/lib/python3.12/site-packages/airflow/example_dags/example_task_group.py
[2025-02-01T07:45:17.689+0000] {processor.py:914} INFO - Processing file /home/airflow/.local/lib/python3.12/site-packages/airflow/example_dags/example_task_group.py for tasks to queue
[2025-02-01T07:45:17.692+0000] {logging_mixin.py:190} INFO - [2025-02-01T07:45:17.692+0000] {dagbag.py:588} INFO - Filling up the DagBag from /home/airflow/.local/lib/python3.12/site-packages/airflow/example_dags/example_task_group.py
[2025-02-01T07:45:17.704+0000] {processor.py:925} INFO - DAG(s) 'example_task_group' retrieved from /home/airflow/.local/lib/python3.12/site-packages/airflow/example_dags/example_task_group.py
[2025-02-01T07:45:17.739+0000] {logging_mixin.py:190} INFO - [2025-02-01T07:45:17.738+0000] {dag.py:3239} INFO - Sync 1 DAGs
[2025-02-01T07:45:17.763+0000] {logging_mixin.py:190} INFO - [2025-02-01T07:45:17.762+0000] {dag.py:4180} INFO - Setting next_dagrun for example_task_group to None, run_after=None
[2025-02-01T07:45:17.801+0000] {processor.py:208} INFO - Processing /home/airflow/.local/lib/python3.12/site-packages/airflow/example_dags/example_task_group.py took 0.126 seconds
[2025-02-01T07:45:48.268+0000] {processor.py:186} INFO - Started process (PID=1495) to work on /home/airflow/.local/lib/python3.12/site-packages/airflow/example_dags/example_task_group.py
[2025-02-01T07:45:48.270+0000] {processor.py:914} INFO - Processing file /home/airflow/.local/lib/python3.12/site-packages/airflow/example_dags/example_task_group.py for tasks to queue
[2025-02-01T07:45:48.275+0000] {logging_mixin.py:190} INFO - [2025-02-01T07:45:48.274+0000] {dagbag.py:588} INFO - Filling up the DagBag from /home/airflow/.local/lib/python3.12/site-packages/airflow/example_dags/example_task_group.py
[2025-02-01T07:45:48.291+0000] {processor.py:925} INFO - DAG(s) 'example_task_group' retrieved from /home/airflow/.local/lib/python3.12/site-packages/airflow/example_dags/example_task_group.py
[2025-02-01T07:45:48.358+0000] {logging_mixin.py:190} INFO - [2025-02-01T07:45:48.358+0000] {dag.py:3239} INFO - Sync 1 DAGs
[2025-02-01T07:45:48.385+0000] {logging_mixin.py:190} INFO - [2025-02-01T07:45:48.385+0000] {dag.py:4180} INFO - Setting next_dagrun for example_task_group to None, run_after=None
[2025-02-01T07:45:48.426+0000] {processor.py:208} INFO - Processing /home/airflow/.local/lib/python3.12/site-packages/airflow/example_dags/example_task_group.py took 0.167 seconds
[2025-02-01T07:46:19.979+0000] {processor.py:186} INFO - Started process (PID=1559) to work on /home/airflow/.local/lib/python3.12/site-packages/airflow/example_dags/example_task_group.py
[2025-02-01T07:46:19.983+0000] {processor.py:914} INFO - Processing file /home/airflow/.local/lib/python3.12/site-packages/airflow/example_dags/example_task_group.py for tasks to queue
[2025-02-01T07:46:19.988+0000] {logging_mixin.py:190} INFO - [2025-02-01T07:46:19.987+0000] {dagbag.py:588} INFO - Filling up the DagBag from /home/airflow/.local/lib/python3.12/site-packages/airflow/example_dags/example_task_group.py
[2025-02-01T07:46:20.009+0000] {processor.py:925} INFO - DAG(s) 'example_task_group' retrieved from /home/airflow/.local/lib/python3.12/site-packages/airflow/example_dags/example_task_group.py
[2025-02-01T07:46:20.059+0000] {logging_mixin.py:190} INFO - [2025-02-01T07:46:20.058+0000] {dag.py:3239} INFO - Sync 1 DAGs
[2025-02-01T07:46:20.106+0000] {logging_mixin.py:190} INFO - [2025-02-01T07:46:20.105+0000] {dag.py:4180} INFO - Setting next_dagrun for example_task_group to None, run_after=None
[2025-02-01T07:46:20.191+0000] {processor.py:208} INFO - Processing /home/airflow/.local/lib/python3.12/site-packages/airflow/example_dags/example_task_group.py took 0.226 seconds
[2025-02-01T07:46:52.141+0000] {processor.py:186} INFO - Started process (PID=1623) to work on /home/airflow/.local/lib/python3.12/site-packages/airflow/example_dags/example_task_group.py
[2025-02-01T07:46:52.145+0000] {processor.py:914} INFO - Processing file /home/airflow/.local/lib/python3.12/site-packages/airflow/example_dags/example_task_group.py for tasks to queue
[2025-02-01T07:46:52.151+0000] {logging_mixin.py:190} INFO - [2025-02-01T07:46:52.150+0000] {dagbag.py:588} INFO - Filling up the DagBag from /home/airflow/.local/lib/python3.12/site-packages/airflow/example_dags/example_task_group.py
[2025-02-01T07:46:52.191+0000] {processor.py:925} INFO - DAG(s) 'example_task_group' retrieved from /home/airflow/.local/lib/python3.12/site-packages/airflow/example_dags/example_task_group.py
[2025-02-01T07:46:52.243+0000] {logging_mixin.py:190} INFO - [2025-02-01T07:46:52.242+0000] {dag.py:3239} INFO - Sync 1 DAGs
[2025-02-01T07:46:52.295+0000] {logging_mixin.py:190} INFO - [2025-02-01T07:46:52.294+0000] {dag.py:4180} INFO - Setting next_dagrun for example_task_group to None, run_after=None
[2025-02-01T07:46:52.355+0000] {processor.py:208} INFO - Processing /home/airflow/.local/lib/python3.12/site-packages/airflow/example_dags/example_task_group.py took 0.232 seconds
[2025-02-01T07:47:23.259+0000] {processor.py:186} INFO - Started process (PID=1687) to work on /home/airflow/.local/lib/python3.12/site-packages/airflow/example_dags/example_task_group.py
[2025-02-01T07:47:23.261+0000] {processor.py:914} INFO - Processing file /home/airflow/.local/lib/python3.12/site-packages/airflow/example_dags/example_task_group.py for tasks to queue
[2025-02-01T07:47:23.267+0000] {logging_mixin.py:190} INFO - [2025-02-01T07:47:23.266+0000] {dagbag.py:588} INFO - Filling up the DagBag from /home/airflow/.local/lib/python3.12/site-packages/airflow/example_dags/example_task_group.py
[2025-02-01T07:47:23.284+0000] {processor.py:925} INFO - DAG(s) 'example_task_group' retrieved from /home/airflow/.local/lib/python3.12/site-packages/airflow/example_dags/example_task_group.py
[2025-02-01T07:47:23.325+0000] {logging_mixin.py:190} INFO - [2025-02-01T07:47:23.324+0000] {dag.py:3239} INFO - Sync 1 DAGs
[2025-02-01T07:47:23.355+0000] {logging_mixin.py:190} INFO - [2025-02-01T07:47:23.354+0000] {dag.py:4180} INFO - Setting next_dagrun for example_task_group to None, run_after=None
[2025-02-01T07:47:23.391+0000] {processor.py:208} INFO - Processing /home/airflow/.local/lib/python3.12/site-packages/airflow/example_dags/example_task_group.py took 0.142 seconds
[2025-02-01T07:47:53.996+0000] {processor.py:186} INFO - Started process (PID=1750) to work on /home/airflow/.local/lib/python3.12/site-packages/airflow/example_dags/example_task_group.py
[2025-02-01T07:47:53.998+0000] {processor.py:914} INFO - Processing file /home/airflow/.local/lib/python3.12/site-packages/airflow/example_dags/example_task_group.py for tasks to queue
[2025-02-01T07:47:54.002+0000] {logging_mixin.py:190} INFO - [2025-02-01T07:47:54.001+0000] {dagbag.py:588} INFO - Filling up the DagBag from /home/airflow/.local/lib/python3.12/site-packages/airflow/example_dags/example_task_group.py
[2025-02-01T07:47:54.014+0000] {processor.py:925} INFO - DAG(s) 'example_task_group' retrieved from /home/airflow/.local/lib/python3.12/site-packages/airflow/example_dags/example_task_group.py
[2025-02-01T07:47:54.048+0000] {logging_mixin.py:190} INFO - [2025-02-01T07:47:54.048+0000] {dag.py:3239} INFO - Sync 1 DAGs
[2025-02-01T07:47:54.071+0000] {logging_mixin.py:190} INFO - [2025-02-01T07:47:54.070+0000] {dag.py:4180} INFO - Setting next_dagrun for example_task_group to None, run_after=None
[2025-02-01T07:47:54.106+0000] {processor.py:208} INFO - Processing /home/airflow/.local/lib/python3.12/site-packages/airflow/example_dags/example_task_group.py took 0.120 seconds
[2025-02-01T07:48:25.445+0000] {processor.py:186} INFO - Started process (PID=1814) to work on /home/airflow/.local/lib/python3.12/site-packages/airflow/example_dags/example_task_group.py
[2025-02-01T07:48:25.448+0000] {processor.py:914} INFO - Processing file /home/airflow/.local/lib/python3.12/site-packages/airflow/example_dags/example_task_group.py for tasks to queue
[2025-02-01T07:48:25.457+0000] {logging_mixin.py:190} INFO - [2025-02-01T07:48:25.456+0000] {dagbag.py:588} INFO - Filling up the DagBag from /home/airflow/.local/lib/python3.12/site-packages/airflow/example_dags/example_task_group.py
[2025-02-01T07:48:25.485+0000] {processor.py:925} INFO - DAG(s) 'example_task_group' retrieved from /home/airflow/.local/lib/python3.12/site-packages/airflow/example_dags/example_task_group.py
[2025-02-01T07:48:25.544+0000] {logging_mixin.py:190} INFO - [2025-02-01T07:48:25.543+0000] {dag.py:3239} INFO - Sync 1 DAGs
[2025-02-01T07:48:25.587+0000] {logging_mixin.py:190} INFO - [2025-02-01T07:48:25.587+0000] {dag.py:4180} INFO - Setting next_dagrun for example_task_group to None, run_after=None
[2025-02-01T07:48:25.652+0000] {processor.py:208} INFO - Processing /home/airflow/.local/lib/python3.12/site-packages/airflow/example_dags/example_task_group.py took 0.223 seconds
[2025-02-01T07:48:56.088+0000] {processor.py:186} INFO - Started process (PID=1877) to work on /home/airflow/.local/lib/python3.12/site-packages/airflow/example_dags/example_task_group.py
[2025-02-01T07:48:56.089+0000] {processor.py:914} INFO - Processing file /home/airflow/.local/lib/python3.12/site-packages/airflow/example_dags/example_task_group.py for tasks to queue
[2025-02-01T07:48:56.091+0000] {logging_mixin.py:190} INFO - [2025-02-01T07:48:56.091+0000] {dagbag.py:588} INFO - Filling up the DagBag from /home/airflow/.local/lib/python3.12/site-packages/airflow/example_dags/example_task_group.py
[2025-02-01T07:48:56.098+0000] {processor.py:925} INFO - DAG(s) 'example_task_group' retrieved from /home/airflow/.local/lib/python3.12/site-packages/airflow/example_dags/example_task_group.py
[2025-02-01T07:48:56.116+0000] {logging_mixin.py:190} INFO - [2025-02-01T07:48:56.116+0000] {dag.py:3239} INFO - Sync 1 DAGs
[2025-02-01T07:48:56.129+0000] {logging_mixin.py:190} INFO - [2025-02-01T07:48:56.129+0000] {dag.py:4180} INFO - Setting next_dagrun for example_task_group to None, run_after=None
[2025-02-01T07:48:56.153+0000] {processor.py:208} INFO - Processing /home/airflow/.local/lib/python3.12/site-packages/airflow/example_dags/example_task_group.py took 0.070 seconds
[2025-02-01T07:49:26.304+0000] {processor.py:186} INFO - Started process (PID=1941) to work on /home/airflow/.local/lib/python3.12/site-packages/airflow/example_dags/example_task_group.py
[2025-02-01T07:49:26.306+0000] {processor.py:914} INFO - Processing file /home/airflow/.local/lib/python3.12/site-packages/airflow/example_dags/example_task_group.py for tasks to queue
[2025-02-01T07:49:26.309+0000] {logging_mixin.py:190} INFO - [2025-02-01T07:49:26.309+0000] {dagbag.py:588} INFO - Filling up the DagBag from /home/airflow/.local/lib/python3.12/site-packages/airflow/example_dags/example_task_group.py
[2025-02-01T07:49:26.322+0000] {processor.py:925} INFO - DAG(s) 'example_task_group' retrieved from /home/airflow/.local/lib/python3.12/site-packages/airflow/example_dags/example_task_group.py
[2025-02-01T07:49:26.347+0000] {logging_mixin.py:190} INFO - [2025-02-01T07:49:26.346+0000] {dag.py:3239} INFO - Sync 1 DAGs
[2025-02-01T07:49:26.361+0000] {logging_mixin.py:190} INFO - [2025-02-01T07:49:26.361+0000] {dag.py:4180} INFO - Setting next_dagrun for example_task_group to None, run_after=None
[2025-02-01T07:49:26.384+0000] {processor.py:208} INFO - Processing /home/airflow/.local/lib/python3.12/site-packages/airflow/example_dags/example_task_group.py took 0.086 seconds
[2025-02-01T07:49:57.124+0000] {processor.py:186} INFO - Started process (PID=2005) to work on /home/airflow/.local/lib/python3.12/site-packages/airflow/example_dags/example_task_group.py
[2025-02-01T07:49:57.125+0000] {processor.py:914} INFO - Processing file /home/airflow/.local/lib/python3.12/site-packages/airflow/example_dags/example_task_group.py for tasks to queue
[2025-02-01T07:49:57.127+0000] {logging_mixin.py:190} INFO - [2025-02-01T07:49:57.127+0000] {dagbag.py:588} INFO - Filling up the DagBag from /home/airflow/.local/lib/python3.12/site-packages/airflow/example_dags/example_task_group.py
[2025-02-01T07:49:57.134+0000] {processor.py:925} INFO - DAG(s) 'example_task_group' retrieved from /home/airflow/.local/lib/python3.12/site-packages/airflow/example_dags/example_task_group.py
[2025-02-01T07:49:57.153+0000] {logging_mixin.py:190} INFO - [2025-02-01T07:49:57.153+0000] {dag.py:3239} INFO - Sync 1 DAGs
[2025-02-01T07:49:57.165+0000] {logging_mixin.py:190} INFO - [2025-02-01T07:49:57.165+0000] {dag.py:4180} INFO - Setting next_dagrun for example_task_group to None, run_after=None
[2025-02-01T07:49:57.190+0000] {processor.py:208} INFO - Processing /home/airflow/.local/lib/python3.12/site-packages/airflow/example_dags/example_task_group.py took 0.070 seconds
[2025-02-01T07:50:27.265+0000] {processor.py:186} INFO - Started process (PID=2069) to work on /home/airflow/.local/lib/python3.12/site-packages/airflow/example_dags/example_task_group.py
[2025-02-01T07:50:27.266+0000] {processor.py:914} INFO - Processing file /home/airflow/.local/lib/python3.12/site-packages/airflow/example_dags/example_task_group.py for tasks to queue
[2025-02-01T07:50:27.268+0000] {logging_mixin.py:190} INFO - [2025-02-01T07:50:27.268+0000] {dagbag.py:588} INFO - Filling up the DagBag from /home/airflow/.local/lib/python3.12/site-packages/airflow/example_dags/example_task_group.py
[2025-02-01T07:50:27.276+0000] {processor.py:925} INFO - DAG(s) 'example_task_group' retrieved from /home/airflow/.local/lib/python3.12/site-packages/airflow/example_dags/example_task_group.py
[2025-02-01T07:50:27.298+0000] {logging_mixin.py:190} INFO - [2025-02-01T07:50:27.298+0000] {dag.py:3239} INFO - Sync 1 DAGs
[2025-02-01T07:50:27.312+0000] {logging_mixin.py:190} INFO - [2025-02-01T07:50:27.312+0000] {dag.py:4180} INFO - Setting next_dagrun for example_task_group to None, run_after=None
[2025-02-01T07:50:27.334+0000] {processor.py:208} INFO - Processing /home/airflow/.local/lib/python3.12/site-packages/airflow/example_dags/example_task_group.py took 0.077 seconds
[2025-02-01T07:50:58.258+0000] {processor.py:186} INFO - Started process (PID=2133) to work on /home/airflow/.local/lib/python3.12/site-packages/airflow/example_dags/example_task_group.py
[2025-02-01T07:50:58.259+0000] {processor.py:914} INFO - Processing file /home/airflow/.local/lib/python3.12/site-packages/airflow/example_dags/example_task_group.py for tasks to queue
[2025-02-01T07:50:58.263+0000] {logging_mixin.py:190} INFO - [2025-02-01T07:50:58.263+0000] {dagbag.py:588} INFO - Filling up the DagBag from /home/airflow/.local/lib/python3.12/site-packages/airflow/example_dags/example_task_group.py
[2025-02-01T07:50:58.273+0000] {processor.py:925} INFO - DAG(s) 'example_task_group' retrieved from /home/airflow/.local/lib/python3.12/site-packages/airflow/example_dags/example_task_group.py
[2025-02-01T07:50:58.299+0000] {logging_mixin.py:190} INFO - [2025-02-01T07:50:58.298+0000] {dag.py:3239} INFO - Sync 1 DAGs
[2025-02-01T07:50:58.315+0000] {logging_mixin.py:190} INFO - [2025-02-01T07:50:58.315+0000] {dag.py:4180} INFO - Setting next_dagrun for example_task_group to None, run_after=None
[2025-02-01T07:50:58.341+0000] {processor.py:208} INFO - Processing /home/airflow/.local/lib/python3.12/site-packages/airflow/example_dags/example_task_group.py took 0.089 seconds
[2025-02-01T07:51:29.079+0000] {processor.py:186} INFO - Started process (PID=2197) to work on /home/airflow/.local/lib/python3.12/site-packages/airflow/example_dags/example_task_group.py
[2025-02-01T07:51:29.082+0000] {processor.py:914} INFO - Processing file /home/airflow/.local/lib/python3.12/site-packages/airflow/example_dags/example_task_group.py for tasks to queue
[2025-02-01T07:51:29.086+0000] {logging_mixin.py:190} INFO - [2025-02-01T07:51:29.086+0000] {dagbag.py:588} INFO - Filling up the DagBag from /home/airflow/.local/lib/python3.12/site-packages/airflow/example_dags/example_task_group.py
[2025-02-01T07:51:29.110+0000] {processor.py:925} INFO - DAG(s) 'example_task_group' retrieved from /home/airflow/.local/lib/python3.12/site-packages/airflow/example_dags/example_task_group.py
[2025-02-01T07:51:29.153+0000] {logging_mixin.py:190} INFO - [2025-02-01T07:51:29.152+0000] {dag.py:3239} INFO - Sync 1 DAGs
[2025-02-01T07:51:29.187+0000] {logging_mixin.py:190} INFO - [2025-02-01T07:51:29.186+0000] {dag.py:4180} INFO - Setting next_dagrun for example_task_group to None, run_after=None
[2025-02-01T07:51:29.233+0000] {processor.py:208} INFO - Processing /home/airflow/.local/lib/python3.12/site-packages/airflow/example_dags/example_task_group.py took 0.165 seconds
[2025-02-01T07:51:59.745+0000] {processor.py:186} INFO - Started process (PID=2261) to work on /home/airflow/.local/lib/python3.12/site-packages/airflow/example_dags/example_task_group.py
[2025-02-01T07:51:59.746+0000] {processor.py:914} INFO - Processing file /home/airflow/.local/lib/python3.12/site-packages/airflow/example_dags/example_task_group.py for tasks to queue
[2025-02-01T07:51:59.749+0000] {logging_mixin.py:190} INFO - [2025-02-01T07:51:59.749+0000] {dagbag.py:588} INFO - Filling up the DagBag from /home/airflow/.local/lib/python3.12/site-packages/airflow/example_dags/example_task_group.py
[2025-02-01T07:51:59.758+0000] {processor.py:925} INFO - DAG(s) 'example_task_group' retrieved from /home/airflow/.local/lib/python3.12/site-packages/airflow/example_dags/example_task_group.py
[2025-02-01T07:51:59.783+0000] {logging_mixin.py:190} INFO - [2025-02-01T07:51:59.783+0000] {dag.py:3239} INFO - Sync 1 DAGs
[2025-02-01T07:51:59.798+0000] {logging_mixin.py:190} INFO - [2025-02-01T07:51:59.798+0000] {dag.py:4180} INFO - Setting next_dagrun for example_task_group to None, run_after=None
[2025-02-01T07:51:59.823+0000] {processor.py:208} INFO - Processing /home/airflow/.local/lib/python3.12/site-packages/airflow/example_dags/example_task_group.py took 0.084 seconds
[2025-02-01T07:52:30.685+0000] {processor.py:186} INFO - Started process (PID=2325) to work on /home/airflow/.local/lib/python3.12/site-packages/airflow/example_dags/example_task_group.py
[2025-02-01T07:52:30.688+0000] {processor.py:914} INFO - Processing file /home/airflow/.local/lib/python3.12/site-packages/airflow/example_dags/example_task_group.py for tasks to queue
[2025-02-01T07:52:30.692+0000] {logging_mixin.py:190} INFO - [2025-02-01T07:52:30.692+0000] {dagbag.py:588} INFO - Filling up the DagBag from /home/airflow/.local/lib/python3.12/site-packages/airflow/example_dags/example_task_group.py
[2025-02-01T07:52:30.709+0000] {processor.py:925} INFO - DAG(s) 'example_task_group' retrieved from /home/airflow/.local/lib/python3.12/site-packages/airflow/example_dags/example_task_group.py
[2025-02-01T07:52:30.758+0000] {logging_mixin.py:190} INFO - [2025-02-01T07:52:30.757+0000] {dag.py:3239} INFO - Sync 1 DAGs
[2025-02-01T07:52:30.790+0000] {logging_mixin.py:190} INFO - [2025-02-01T07:52:30.790+0000] {dag.py:4180} INFO - Setting next_dagrun for example_task_group to None, run_after=None
[2025-02-01T07:52:30.836+0000] {processor.py:208} INFO - Processing /home/airflow/.local/lib/python3.12/site-packages/airflow/example_dags/example_task_group.py took 0.168 seconds
[2025-02-01T07:53:01.268+0000] {processor.py:186} INFO - Started process (PID=2389) to work on /home/airflow/.local/lib/python3.12/site-packages/airflow/example_dags/example_task_group.py
[2025-02-01T07:53:01.270+0000] {processor.py:914} INFO - Processing file /home/airflow/.local/lib/python3.12/site-packages/airflow/example_dags/example_task_group.py for tasks to queue
[2025-02-01T07:53:01.273+0000] {logging_mixin.py:190} INFO - [2025-02-01T07:53:01.273+0000] {dagbag.py:588} INFO - Filling up the DagBag from /home/airflow/.local/lib/python3.12/site-packages/airflow/example_dags/example_task_group.py
[2025-02-01T07:53:01.284+0000] {processor.py:925} INFO - DAG(s) 'example_task_group' retrieved from /home/airflow/.local/lib/python3.12/site-packages/airflow/example_dags/example_task_group.py
[2025-02-01T07:53:01.316+0000] {logging_mixin.py:190} INFO - [2025-02-01T07:53:01.315+0000] {dag.py:3239} INFO - Sync 1 DAGs
[2025-02-01T07:53:01.336+0000] {logging_mixin.py:190} INFO - [2025-02-01T07:53:01.336+0000] {dag.py:4180} INFO - Setting next_dagrun for example_task_group to None, run_after=None
[2025-02-01T07:53:01.366+0000] {processor.py:208} INFO - Processing /home/airflow/.local/lib/python3.12/site-packages/airflow/example_dags/example_task_group.py took 0.106 seconds
[2025-02-01T07:53:31.450+0000] {processor.py:186} INFO - Started process (PID=2452) to work on /home/airflow/.local/lib/python3.12/site-packages/airflow/example_dags/example_task_group.py
[2025-02-01T07:53:31.452+0000] {processor.py:914} INFO - Processing file /home/airflow/.local/lib/python3.12/site-packages/airflow/example_dags/example_task_group.py for tasks to queue
[2025-02-01T07:53:31.457+0000] {logging_mixin.py:190} INFO - [2025-02-01T07:53:31.456+0000] {dagbag.py:588} INFO - Filling up the DagBag from /home/airflow/.local/lib/python3.12/site-packages/airflow/example_dags/example_task_group.py
[2025-02-01T07:53:31.469+0000] {processor.py:925} INFO - DAG(s) 'example_task_group' retrieved from /home/airflow/.local/lib/python3.12/site-packages/airflow/example_dags/example_task_group.py
[2025-02-01T07:53:31.500+0000] {logging_mixin.py:190} INFO - [2025-02-01T07:53:31.500+0000] {dag.py:3239} INFO - Sync 1 DAGs
[2025-02-01T07:53:31.524+0000] {logging_mixin.py:190} INFO - [2025-02-01T07:53:31.523+0000] {dag.py:4180} INFO - Setting next_dagrun for example_task_group to None, run_after=None
[2025-02-01T07:53:31.551+0000] {processor.py:208} INFO - Processing /home/airflow/.local/lib/python3.12/site-packages/airflow/example_dags/example_task_group.py took 0.110 seconds
[2025-02-01T07:54:01.978+0000] {processor.py:186} INFO - Started process (PID=2517) to work on /home/airflow/.local/lib/python3.12/site-packages/airflow/example_dags/example_task_group.py
[2025-02-01T07:54:01.981+0000] {processor.py:914} INFO - Processing file /home/airflow/.local/lib/python3.12/site-packages/airflow/example_dags/example_task_group.py for tasks to queue
[2025-02-01T07:54:01.985+0000] {logging_mixin.py:190} INFO - [2025-02-01T07:54:01.984+0000] {dagbag.py:588} INFO - Filling up the DagBag from /home/airflow/.local/lib/python3.12/site-packages/airflow/example_dags/example_task_group.py
[2025-02-01T07:54:02.003+0000] {processor.py:925} INFO - DAG(s) 'example_task_group' retrieved from /home/airflow/.local/lib/python3.12/site-packages/airflow/example_dags/example_task_group.py
[2025-02-01T07:54:02.048+0000] {logging_mixin.py:190} INFO - [2025-02-01T07:54:02.048+0000] {dag.py:3239} INFO - Sync 1 DAGs
[2025-02-01T07:54:02.083+0000] {logging_mixin.py:190} INFO - [2025-02-01T07:54:02.082+0000] {dag.py:4180} INFO - Setting next_dagrun for example_task_group to None, run_after=None
[2025-02-01T07:54:02.129+0000] {processor.py:208} INFO - Processing /home/airflow/.local/lib/python3.12/site-packages/airflow/example_dags/example_task_group.py took 0.163 seconds
[2025-02-01T07:54:32.956+0000] {processor.py:186} INFO - Started process (PID=2581) to work on /home/airflow/.local/lib/python3.12/site-packages/airflow/example_dags/example_task_group.py
[2025-02-01T07:54:32.958+0000] {processor.py:914} INFO - Processing file /home/airflow/.local/lib/python3.12/site-packages/airflow/example_dags/example_task_group.py for tasks to queue
[2025-02-01T07:54:32.962+0000] {logging_mixin.py:190} INFO - [2025-02-01T07:54:32.961+0000] {dagbag.py:588} INFO - Filling up the DagBag from /home/airflow/.local/lib/python3.12/site-packages/airflow/example_dags/example_task_group.py
[2025-02-01T07:54:32.978+0000] {processor.py:925} INFO - DAG(s) 'example_task_group' retrieved from /home/airflow/.local/lib/python3.12/site-packages/airflow/example_dags/example_task_group.py
[2025-02-01T07:54:33.022+0000] {logging_mixin.py:190} INFO - [2025-02-01T07:54:33.021+0000] {dag.py:3239} INFO - Sync 1 DAGs
[2025-02-01T07:54:33.052+0000] {logging_mixin.py:190} INFO - [2025-02-01T07:54:33.051+0000] {dag.py:4180} INFO - Setting next_dagrun for example_task_group to None, run_after=None
[2025-02-01T07:54:33.093+0000] {processor.py:208} INFO - Processing /home/airflow/.local/lib/python3.12/site-packages/airflow/example_dags/example_task_group.py took 0.146 seconds
[2025-02-01T07:55:03.154+0000] {processor.py:186} INFO - Started process (PID=2644) to work on /home/airflow/.local/lib/python3.12/site-packages/airflow/example_dags/example_task_group.py
[2025-02-01T07:55:03.155+0000] {processor.py:914} INFO - Processing file /home/airflow/.local/lib/python3.12/site-packages/airflow/example_dags/example_task_group.py for tasks to queue
[2025-02-01T07:55:03.158+0000] {logging_mixin.py:190} INFO - [2025-02-01T07:55:03.158+0000] {dagbag.py:588} INFO - Filling up the DagBag from /home/airflow/.local/lib/python3.12/site-packages/airflow/example_dags/example_task_group.py
[2025-02-01T07:55:03.169+0000] {processor.py:925} INFO - DAG(s) 'example_task_group' retrieved from /home/airflow/.local/lib/python3.12/site-packages/airflow/example_dags/example_task_group.py
[2025-02-01T07:55:03.191+0000] {logging_mixin.py:190} INFO - [2025-02-01T07:55:03.191+0000] {dag.py:3239} INFO - Sync 1 DAGs
[2025-02-01T07:55:03.206+0000] {logging_mixin.py:190} INFO - [2025-02-01T07:55:03.206+0000] {dag.py:4180} INFO - Setting next_dagrun for example_task_group to None, run_after=None
[2025-02-01T07:55:03.228+0000] {processor.py:208} INFO - Processing /home/airflow/.local/lib/python3.12/site-packages/airflow/example_dags/example_task_group.py took 0.080 seconds
[2025-02-01T07:55:33.469+0000] {processor.py:186} INFO - Started process (PID=2708) to work on /home/airflow/.local/lib/python3.12/site-packages/airflow/example_dags/example_task_group.py
[2025-02-01T07:55:33.471+0000] {processor.py:914} INFO - Processing file /home/airflow/.local/lib/python3.12/site-packages/airflow/example_dags/example_task_group.py for tasks to queue
[2025-02-01T07:55:33.475+0000] {logging_mixin.py:190} INFO - [2025-02-01T07:55:33.474+0000] {dagbag.py:588} INFO - Filling up the DagBag from /home/airflow/.local/lib/python3.12/site-packages/airflow/example_dags/example_task_group.py
[2025-02-01T07:55:33.485+0000] {processor.py:925} INFO - DAG(s) 'example_task_group' retrieved from /home/airflow/.local/lib/python3.12/site-packages/airflow/example_dags/example_task_group.py
[2025-02-01T07:55:33.513+0000] {logging_mixin.py:190} INFO - [2025-02-01T07:55:33.513+0000] {dag.py:3239} INFO - Sync 1 DAGs
[2025-02-01T07:55:33.532+0000] {logging_mixin.py:190} INFO - [2025-02-01T07:55:33.531+0000] {dag.py:4180} INFO - Setting next_dagrun for example_task_group to None, run_after=None
[2025-02-01T07:55:33.557+0000] {processor.py:208} INFO - Processing /home/airflow/.local/lib/python3.12/site-packages/airflow/example_dags/example_task_group.py took 0.095 seconds
[2025-02-01T07:56:04.362+0000] {processor.py:186} INFO - Started process (PID=2773) to work on /home/airflow/.local/lib/python3.12/site-packages/airflow/example_dags/example_task_group.py
[2025-02-01T07:56:04.365+0000] {processor.py:914} INFO - Processing file /home/airflow/.local/lib/python3.12/site-packages/airflow/example_dags/example_task_group.py for tasks to queue
[2025-02-01T07:56:04.384+0000] {logging_mixin.py:190} INFO - [2025-02-01T07:56:04.383+0000] {dagbag.py:588} INFO - Filling up the DagBag from /home/airflow/.local/lib/python3.12/site-packages/airflow/example_dags/example_task_group.py
[2025-02-01T07:56:04.418+0000] {processor.py:925} INFO - DAG(s) 'example_task_group' retrieved from /home/airflow/.local/lib/python3.12/site-packages/airflow/example_dags/example_task_group.py
[2025-02-01T07:56:04.479+0000] {logging_mixin.py:190} INFO - [2025-02-01T07:56:04.478+0000] {dag.py:3239} INFO - Sync 1 DAGs
[2025-02-01T07:56:04.524+0000] {logging_mixin.py:190} INFO - [2025-02-01T07:56:04.524+0000] {dag.py:4180} INFO - Setting next_dagrun for example_task_group to None, run_after=None
[2025-02-01T07:56:04.581+0000] {processor.py:208} INFO - Processing /home/airflow/.local/lib/python3.12/site-packages/airflow/example_dags/example_task_group.py took 0.246 seconds
[2025-02-01T07:56:34.652+0000] {processor.py:186} INFO - Started process (PID=2836) to work on /home/airflow/.local/lib/python3.12/site-packages/airflow/example_dags/example_task_group.py
[2025-02-01T07:56:34.654+0000] {processor.py:914} INFO - Processing file /home/airflow/.local/lib/python3.12/site-packages/airflow/example_dags/example_task_group.py for tasks to queue
[2025-02-01T07:56:34.659+0000] {logging_mixin.py:190} INFO - [2025-02-01T07:56:34.659+0000] {dagbag.py:588} INFO - Filling up the DagBag from /home/airflow/.local/lib/python3.12/site-packages/airflow/example_dags/example_task_group.py
[2025-02-01T07:56:34.671+0000] {processor.py:925} INFO - DAG(s) 'example_task_group' retrieved from /home/airflow/.local/lib/python3.12/site-packages/airflow/example_dags/example_task_group.py
[2025-02-01T07:56:34.700+0000] {logging_mixin.py:190} INFO - [2025-02-01T07:56:34.700+0000] {dag.py:3239} INFO - Sync 1 DAGs
[2025-02-01T07:56:34.721+0000] {logging_mixin.py:190} INFO - [2025-02-01T07:56:34.721+0000] {dag.py:4180} INFO - Setting next_dagrun for example_task_group to None, run_after=None
[2025-02-01T07:56:34.754+0000] {processor.py:208} INFO - Processing /home/airflow/.local/lib/python3.12/site-packages/airflow/example_dags/example_task_group.py took 0.109 seconds
[2025-02-01T07:57:05.019+0000] {processor.py:186} INFO - Started process (PID=2900) to work on /home/airflow/.local/lib/python3.12/site-packages/airflow/example_dags/example_task_group.py
[2025-02-01T07:57:05.020+0000] {processor.py:914} INFO - Processing file /home/airflow/.local/lib/python3.12/site-packages/airflow/example_dags/example_task_group.py for tasks to queue
[2025-02-01T07:57:05.025+0000] {logging_mixin.py:190} INFO - [2025-02-01T07:57:05.024+0000] {dagbag.py:588} INFO - Filling up the DagBag from /home/airflow/.local/lib/python3.12/site-packages/airflow/example_dags/example_task_group.py
[2025-02-01T07:57:05.063+0000] {processor.py:925} INFO - DAG(s) 'example_task_group' retrieved from /home/airflow/.local/lib/python3.12/site-packages/airflow/example_dags/example_task_group.py
[2025-02-01T07:57:05.101+0000] {logging_mixin.py:190} INFO - [2025-02-01T07:57:05.101+0000] {dag.py:3239} INFO - Sync 1 DAGs
[2025-02-01T07:57:05.126+0000] {logging_mixin.py:190} INFO - [2025-02-01T07:57:05.125+0000] {dag.py:4180} INFO - Setting next_dagrun for example_task_group to None, run_after=None
[2025-02-01T07:57:05.158+0000] {processor.py:208} INFO - Processing /home/airflow/.local/lib/python3.12/site-packages/airflow/example_dags/example_task_group.py took 0.145 seconds
[2025-02-01T07:57:35.666+0000] {processor.py:186} INFO - Started process (PID=2964) to work on /home/airflow/.local/lib/python3.12/site-packages/airflow/example_dags/example_task_group.py
[2025-02-01T07:57:35.668+0000] {processor.py:914} INFO - Processing file /home/airflow/.local/lib/python3.12/site-packages/airflow/example_dags/example_task_group.py for tasks to queue
[2025-02-01T07:57:35.671+0000] {logging_mixin.py:190} INFO - [2025-02-01T07:57:35.671+0000] {dagbag.py:588} INFO - Filling up the DagBag from /home/airflow/.local/lib/python3.12/site-packages/airflow/example_dags/example_task_group.py
[2025-02-01T07:57:35.685+0000] {processor.py:925} INFO - DAG(s) 'example_task_group' retrieved from /home/airflow/.local/lib/python3.12/site-packages/airflow/example_dags/example_task_group.py
[2025-02-01T07:57:35.714+0000] {logging_mixin.py:190} INFO - [2025-02-01T07:57:35.714+0000] {dag.py:3239} INFO - Sync 1 DAGs
[2025-02-01T07:57:35.735+0000] {logging_mixin.py:190} INFO - [2025-02-01T07:57:35.735+0000] {dag.py:4180} INFO - Setting next_dagrun for example_task_group to None, run_after=None
[2025-02-01T07:57:35.762+0000] {processor.py:208} INFO - Processing /home/airflow/.local/lib/python3.12/site-packages/airflow/example_dags/example_task_group.py took 0.103 seconds
[2025-02-01T07:58:06.431+0000] {processor.py:186} INFO - Started process (PID=3028) to work on /home/airflow/.local/lib/python3.12/site-packages/airflow/example_dags/example_task_group.py
[2025-02-01T07:58:06.433+0000] {processor.py:914} INFO - Processing file /home/airflow/.local/lib/python3.12/site-packages/airflow/example_dags/example_task_group.py for tasks to queue
[2025-02-01T07:58:06.437+0000] {logging_mixin.py:190} INFO - [2025-02-01T07:58:06.437+0000] {dagbag.py:588} INFO - Filling up the DagBag from /home/airflow/.local/lib/python3.12/site-packages/airflow/example_dags/example_task_group.py
[2025-02-01T07:58:06.452+0000] {processor.py:925} INFO - DAG(s) 'example_task_group' retrieved from /home/airflow/.local/lib/python3.12/site-packages/airflow/example_dags/example_task_group.py
[2025-02-01T07:58:06.502+0000] {logging_mixin.py:190} INFO - [2025-02-01T07:58:06.501+0000] {dag.py:3239} INFO - Sync 1 DAGs
[2025-02-01T07:58:06.526+0000] {logging_mixin.py:190} INFO - [2025-02-01T07:58:06.525+0000] {dag.py:4180} INFO - Setting next_dagrun for example_task_group to None, run_after=None
[2025-02-01T07:58:06.562+0000] {processor.py:208} INFO - Processing /home/airflow/.local/lib/python3.12/site-packages/airflow/example_dags/example_task_group.py took 0.143 seconds
[2025-02-01T07:58:36.694+0000] {processor.py:186} INFO - Started process (PID=3091) to work on /home/airflow/.local/lib/python3.12/site-packages/airflow/example_dags/example_task_group.py
[2025-02-01T07:58:36.696+0000] {processor.py:914} INFO - Processing file /home/airflow/.local/lib/python3.12/site-packages/airflow/example_dags/example_task_group.py for tasks to queue
[2025-02-01T07:58:36.699+0000] {logging_mixin.py:190} INFO - [2025-02-01T07:58:36.699+0000] {dagbag.py:588} INFO - Filling up the DagBag from /home/airflow/.local/lib/python3.12/site-packages/airflow/example_dags/example_task_group.py
[2025-02-01T07:58:36.713+0000] {processor.py:925} INFO - DAG(s) 'example_task_group' retrieved from /home/airflow/.local/lib/python3.12/site-packages/airflow/example_dags/example_task_group.py
[2025-02-01T07:58:36.742+0000] {logging_mixin.py:190} INFO - [2025-02-01T07:58:36.742+0000] {dag.py:3239} INFO - Sync 1 DAGs
[2025-02-01T07:58:36.760+0000] {logging_mixin.py:190} INFO - [2025-02-01T07:58:36.759+0000] {dag.py:4180} INFO - Setting next_dagrun for example_task_group to None, run_after=None
[2025-02-01T07:58:36.786+0000] {processor.py:208} INFO - Processing /home/airflow/.local/lib/python3.12/site-packages/airflow/example_dags/example_task_group.py took 0.098 seconds
[2025-02-01T07:59:07.580+0000] {processor.py:186} INFO - Started process (PID=3155) to work on /home/airflow/.local/lib/python3.12/site-packages/airflow/example_dags/example_task_group.py
[2025-02-01T07:59:07.582+0000] {processor.py:914} INFO - Processing file /home/airflow/.local/lib/python3.12/site-packages/airflow/example_dags/example_task_group.py for tasks to queue
[2025-02-01T07:59:07.586+0000] {logging_mixin.py:190} INFO - [2025-02-01T07:59:07.585+0000] {dagbag.py:588} INFO - Filling up the DagBag from /home/airflow/.local/lib/python3.12/site-packages/airflow/example_dags/example_task_group.py
[2025-02-01T07:59:07.596+0000] {processor.py:925} INFO - DAG(s) 'example_task_group' retrieved from /home/airflow/.local/lib/python3.12/site-packages/airflow/example_dags/example_task_group.py
[2025-02-01T07:59:07.626+0000] {logging_mixin.py:190} INFO - [2025-02-01T07:59:07.625+0000] {dag.py:3239} INFO - Sync 1 DAGs
[2025-02-01T07:59:07.644+0000] {logging_mixin.py:190} INFO - [2025-02-01T07:59:07.644+0000] {dag.py:4180} INFO - Setting next_dagrun for example_task_group to None, run_after=None
[2025-02-01T07:59:07.669+0000] {processor.py:208} INFO - Processing /home/airflow/.local/lib/python3.12/site-packages/airflow/example_dags/example_task_group.py took 0.097 seconds
[2025-02-01T07:59:38.271+0000] {processor.py:186} INFO - Started process (PID=3219) to work on /home/airflow/.local/lib/python3.12/site-packages/airflow/example_dags/example_task_group.py
[2025-02-01T07:59:38.272+0000] {processor.py:914} INFO - Processing file /home/airflow/.local/lib/python3.12/site-packages/airflow/example_dags/example_task_group.py for tasks to queue
[2025-02-01T07:59:38.277+0000] {logging_mixin.py:190} INFO - [2025-02-01T07:59:38.276+0000] {dagbag.py:588} INFO - Filling up the DagBag from /home/airflow/.local/lib/python3.12/site-packages/airflow/example_dags/example_task_group.py
[2025-02-01T07:59:38.289+0000] {processor.py:925} INFO - DAG(s) 'example_task_group' retrieved from /home/airflow/.local/lib/python3.12/site-packages/airflow/example_dags/example_task_group.py
[2025-02-01T07:59:38.323+0000] {logging_mixin.py:190} INFO - [2025-02-01T07:59:38.323+0000] {dag.py:3239} INFO - Sync 1 DAGs
[2025-02-01T07:59:38.349+0000] {logging_mixin.py:190} INFO - [2025-02-01T07:59:38.348+0000] {dag.py:4180} INFO - Setting next_dagrun for example_task_group to None, run_after=None
[2025-02-01T07:59:38.380+0000] {processor.py:208} INFO - Processing /home/airflow/.local/lib/python3.12/site-packages/airflow/example_dags/example_task_group.py took 0.120 seconds
[2025-02-01T08:00:08.963+0000] {processor.py:186} INFO - Started process (PID=3283) to work on /home/airflow/.local/lib/python3.12/site-packages/airflow/example_dags/example_task_group.py
[2025-02-01T08:00:08.966+0000] {processor.py:914} INFO - Processing file /home/airflow/.local/lib/python3.12/site-packages/airflow/example_dags/example_task_group.py for tasks to queue
[2025-02-01T08:00:08.971+0000] {logging_mixin.py:190} INFO - [2025-02-01T08:00:08.971+0000] {dagbag.py:588} INFO - Filling up the DagBag from /home/airflow/.local/lib/python3.12/site-packages/airflow/example_dags/example_task_group.py
[2025-02-01T08:00:08.994+0000] {processor.py:925} INFO - DAG(s) 'example_task_group' retrieved from /home/airflow/.local/lib/python3.12/site-packages/airflow/example_dags/example_task_group.py
[2025-02-01T08:00:09.047+0000] {logging_mixin.py:190} INFO - [2025-02-01T08:00:09.046+0000] {dag.py:3239} INFO - Sync 1 DAGs
[2025-02-01T08:00:09.088+0000] {logging_mixin.py:190} INFO - [2025-02-01T08:00:09.087+0000] {dag.py:4180} INFO - Setting next_dagrun for example_task_group to None, run_after=None
[2025-02-01T08:00:09.143+0000] {processor.py:208} INFO - Processing /home/airflow/.local/lib/python3.12/site-packages/airflow/example_dags/example_task_group.py took 0.195 seconds
