[2025-02-01T07:34:40.364+0000] {processor.py:186} INFO - Started process (PID=118) to work on /home/airflow/.local/lib/python3.12/site-packages/airflow/example_dags/example_xcomargs.py
[2025-02-01T07:34:40.366+0000] {processor.py:914} INFO - Processing file /home/airflow/.local/lib/python3.12/site-packages/airflow/example_dags/example_xcomargs.py for tasks to queue
[2025-02-01T07:34:40.371+0000] {logging_mixin.py:190} INFO - [2025-02-01T07:34:40.370+0000] {dagbag.py:588} INFO - Filling up the DagBag from /home/airflow/.local/lib/python3.12/site-packages/airflow/example_dags/example_xcomargs.py
[2025-02-01T07:34:40.395+0000] {processor.py:925} INFO - DAG(s) 'example_xcom_args', 'example_xcom_args_with_operators' retrieved from /home/airflow/.local/lib/python3.12/site-packages/airflow/example_dags/example_xcomargs.py
[2025-02-01T07:34:40.591+0000] {logging_mixin.py:190} INFO - [2025-02-01T07:34:40.589+0000] {override.py:1911} INFO - Created Permission View: can edit on DAG:example_xcom_args
[2025-02-01T07:34:40.611+0000] {logging_mixin.py:190} INFO - [2025-02-01T07:34:40.611+0000] {override.py:1911} INFO - Created Permission View: can delete on DAG:example_xcom_args
[2025-02-01T07:34:40.629+0000] {logging_mixin.py:190} INFO - [2025-02-01T07:34:40.628+0000] {override.py:1911} INFO - Created Permission View: can read on DAG:example_xcom_args
[2025-02-01T07:34:40.648+0000] {logging_mixin.py:190} INFO - [2025-02-01T07:34:40.647+0000] {override.py:1911} INFO - Created Permission View: can create on DAG Run:example_xcom_args
[2025-02-01T07:34:40.662+0000] {logging_mixin.py:190} INFO - [2025-02-01T07:34:40.662+0000] {override.py:1911} INFO - Created Permission View: can delete on DAG Run:example_xcom_args
[2025-02-01T07:34:40.682+0000] {logging_mixin.py:190} INFO - [2025-02-01T07:34:40.681+0000] {override.py:1911} INFO - Created Permission View: menu access on DAG Run:example_xcom_args
[2025-02-01T07:34:40.700+0000] {logging_mixin.py:190} INFO - [2025-02-01T07:34:40.699+0000] {override.py:1911} INFO - Created Permission View: can read on DAG Run:example_xcom_args
[2025-02-01T07:34:40.737+0000] {logging_mixin.py:190} INFO - [2025-02-01T07:34:40.737+0000] {override.py:1911} INFO - Created Permission View: can edit on DAG:example_xcom_args_with_operators
[2025-02-01T07:34:40.755+0000] {logging_mixin.py:190} INFO - [2025-02-01T07:34:40.755+0000] {override.py:1911} INFO - Created Permission View: can delete on DAG:example_xcom_args_with_operators
[2025-02-01T07:34:40.772+0000] {logging_mixin.py:190} INFO - [2025-02-01T07:34:40.771+0000] {override.py:1911} INFO - Created Permission View: can read on DAG:example_xcom_args_with_operators
[2025-02-01T07:34:40.796+0000] {logging_mixin.py:190} INFO - [2025-02-01T07:34:40.795+0000] {override.py:1911} INFO - Created Permission View: can create on DAG Run:example_xcom_args_with_operators
[2025-02-01T07:34:40.813+0000] {logging_mixin.py:190} INFO - [2025-02-01T07:34:40.813+0000] {override.py:1911} INFO - Created Permission View: can delete on DAG Run:example_xcom_args_with_operators
[2025-02-01T07:34:40.832+0000] {logging_mixin.py:190} INFO - [2025-02-01T07:34:40.831+0000] {override.py:1911} INFO - Created Permission View: menu access on DAG Run:example_xcom_args_with_operators
[2025-02-01T07:34:40.853+0000] {logging_mixin.py:190} INFO - [2025-02-01T07:34:40.852+0000] {override.py:1911} INFO - Created Permission View: can read on DAG Run:example_xcom_args_with_operators
[2025-02-01T07:34:40.857+0000] {logging_mixin.py:190} INFO - [2025-02-01T07:34:40.854+0000] {dag.py:3239} INFO - Sync 2 DAGs
[2025-02-01T07:34:40.887+0000] {logging_mixin.py:190} INFO - [2025-02-01T07:34:40.887+0000] {dag.py:3262} INFO - Creating ORM DAG for example_xcom_args_with_operators
[2025-02-01T07:34:40.890+0000] {logging_mixin.py:190} INFO - [2025-02-01T07:34:40.889+0000] {dag.py:3262} INFO - Creating ORM DAG for example_xcom_args
[2025-02-01T07:34:40.892+0000] {logging_mixin.py:190} INFO - [2025-02-01T07:34:40.891+0000] {dag.py:4180} INFO - Setting next_dagrun for example_xcom_args to None, run_after=None
[2025-02-01T07:34:40.893+0000] {logging_mixin.py:190} INFO - [2025-02-01T07:34:40.893+0000] {dag.py:4180} INFO - Setting next_dagrun for example_xcom_args_with_operators to None, run_after=None
[2025-02-01T07:34:40.935+0000] {processor.py:208} INFO - Processing /home/airflow/.local/lib/python3.12/site-packages/airflow/example_dags/example_xcomargs.py took 0.583 seconds
[2025-02-01T07:35:11.858+0000] {processor.py:186} INFO - Started process (PID=181) to work on /home/airflow/.local/lib/python3.12/site-packages/airflow/example_dags/example_xcomargs.py
[2025-02-01T07:35:11.871+0000] {processor.py:914} INFO - Processing file /home/airflow/.local/lib/python3.12/site-packages/airflow/example_dags/example_xcomargs.py for tasks to queue
[2025-02-01T07:35:11.880+0000] {logging_mixin.py:190} INFO - [2025-02-01T07:35:11.879+0000] {dagbag.py:588} INFO - Filling up the DagBag from /home/airflow/.local/lib/python3.12/site-packages/airflow/example_dags/example_xcomargs.py
[2025-02-01T07:35:11.934+0000] {processor.py:925} INFO - DAG(s) 'example_xcom_args_with_operators', 'example_xcom_args' retrieved from /home/airflow/.local/lib/python3.12/site-packages/airflow/example_dags/example_xcomargs.py
[2025-02-01T07:35:12.102+0000] {logging_mixin.py:190} INFO - [2025-02-01T07:35:12.102+0000] {dag.py:3239} INFO - Sync 2 DAGs
[2025-02-01T07:35:12.170+0000] {logging_mixin.py:190} INFO - [2025-02-01T07:35:12.170+0000] {dag.py:4180} INFO - Setting next_dagrun for example_xcom_args to None, run_after=None
[2025-02-01T07:35:12.188+0000] {logging_mixin.py:190} INFO - [2025-02-01T07:35:12.187+0000] {dag.py:4180} INFO - Setting next_dagrun for example_xcom_args_with_operators to None, run_after=None
[2025-02-01T07:35:12.253+0000] {processor.py:208} INFO - Processing /home/airflow/.local/lib/python3.12/site-packages/airflow/example_dags/example_xcomargs.py took 0.431 seconds
[2025-02-01T07:35:44.634+0000] {processor.py:186} INFO - Started process (PID=243) to work on /home/airflow/.local/lib/python3.12/site-packages/airflow/example_dags/example_xcomargs.py
[2025-02-01T07:35:44.639+0000] {processor.py:914} INFO - Processing file /home/airflow/.local/lib/python3.12/site-packages/airflow/example_dags/example_xcomargs.py for tasks to queue
[2025-02-01T07:35:44.649+0000] {logging_mixin.py:190} INFO - [2025-02-01T07:35:44.648+0000] {dagbag.py:588} INFO - Filling up the DagBag from /home/airflow/.local/lib/python3.12/site-packages/airflow/example_dags/example_xcomargs.py
[2025-02-01T07:35:44.689+0000] {processor.py:925} INFO - DAG(s) 'example_xcom_args_with_operators', 'example_xcom_args' retrieved from /home/airflow/.local/lib/python3.12/site-packages/airflow/example_dags/example_xcomargs.py
[2025-02-01T07:35:44.782+0000] {logging_mixin.py:190} INFO - [2025-02-01T07:35:44.781+0000] {dag.py:3239} INFO - Sync 2 DAGs
[2025-02-01T07:35:44.844+0000] {logging_mixin.py:190} INFO - [2025-02-01T07:35:44.844+0000] {dag.py:4180} INFO - Setting next_dagrun for example_xcom_args to None, run_after=None
[2025-02-01T07:35:44.872+0000] {logging_mixin.py:190} INFO - [2025-02-01T07:35:44.866+0000] {dag.py:4180} INFO - Setting next_dagrun for example_xcom_args_with_operators to None, run_after=None
[2025-02-01T07:35:44.987+0000] {processor.py:208} INFO - Processing /home/airflow/.local/lib/python3.12/site-packages/airflow/example_dags/example_xcomargs.py took 0.377 seconds
[2025-02-01T07:36:15.995+0000] {processor.py:186} INFO - Started process (PID=314) to work on /home/airflow/.local/lib/python3.12/site-packages/airflow/example_dags/example_xcomargs.py
[2025-02-01T07:36:15.997+0000] {processor.py:914} INFO - Processing file /home/airflow/.local/lib/python3.12/site-packages/airflow/example_dags/example_xcomargs.py for tasks to queue
[2025-02-01T07:36:16.001+0000] {logging_mixin.py:190} INFO - [2025-02-01T07:36:16.001+0000] {dagbag.py:588} INFO - Filling up the DagBag from /home/airflow/.local/lib/python3.12/site-packages/airflow/example_dags/example_xcomargs.py
[2025-02-01T07:36:16.017+0000] {processor.py:925} INFO - DAG(s) 'example_xcom_args_with_operators', 'example_xcom_args' retrieved from /home/airflow/.local/lib/python3.12/site-packages/airflow/example_dags/example_xcomargs.py
[2025-02-01T07:36:16.053+0000] {logging_mixin.py:190} INFO - [2025-02-01T07:36:16.053+0000] {dag.py:3239} INFO - Sync 2 DAGs
[2025-02-01T07:36:16.078+0000] {logging_mixin.py:190} INFO - [2025-02-01T07:36:16.077+0000] {dag.py:4180} INFO - Setting next_dagrun for example_xcom_args to None, run_after=None
[2025-02-01T07:36:16.084+0000] {logging_mixin.py:190} INFO - [2025-02-01T07:36:16.083+0000] {dag.py:4180} INFO - Setting next_dagrun for example_xcom_args_with_operators to None, run_after=None
[2025-02-01T07:36:16.109+0000] {processor.py:208} INFO - Processing /home/airflow/.local/lib/python3.12/site-packages/airflow/example_dags/example_xcomargs.py took 0.121 seconds
[2025-02-01T07:36:46.713+0000] {processor.py:186} INFO - Started process (PID=377) to work on /home/airflow/.local/lib/python3.12/site-packages/airflow/example_dags/example_xcomargs.py
[2025-02-01T07:36:46.714+0000] {processor.py:914} INFO - Processing file /home/airflow/.local/lib/python3.12/site-packages/airflow/example_dags/example_xcomargs.py for tasks to queue
[2025-02-01T07:36:46.717+0000] {logging_mixin.py:190} INFO - [2025-02-01T07:36:46.717+0000] {dagbag.py:588} INFO - Filling up the DagBag from /home/airflow/.local/lib/python3.12/site-packages/airflow/example_dags/example_xcomargs.py
[2025-02-01T07:36:46.728+0000] {processor.py:925} INFO - DAG(s) 'example_xcom_args', 'example_xcom_args_with_operators' retrieved from /home/airflow/.local/lib/python3.12/site-packages/airflow/example_dags/example_xcomargs.py
[2025-02-01T07:36:46.756+0000] {logging_mixin.py:190} INFO - [2025-02-01T07:36:46.755+0000] {dag.py:3239} INFO - Sync 2 DAGs
[2025-02-01T07:36:46.774+0000] {logging_mixin.py:190} INFO - [2025-02-01T07:36:46.774+0000] {dag.py:4180} INFO - Setting next_dagrun for example_xcom_args to None, run_after=None
[2025-02-01T07:36:46.780+0000] {logging_mixin.py:190} INFO - [2025-02-01T07:36:46.780+0000] {dag.py:4180} INFO - Setting next_dagrun for example_xcom_args_with_operators to None, run_after=None
[2025-02-01T07:36:46.803+0000] {processor.py:208} INFO - Processing /home/airflow/.local/lib/python3.12/site-packages/airflow/example_dags/example_xcomargs.py took 0.096 seconds
[2025-02-01T07:37:17.403+0000] {processor.py:186} INFO - Started process (PID=440) to work on /home/airflow/.local/lib/python3.12/site-packages/airflow/example_dags/example_xcomargs.py
[2025-02-01T07:37:17.404+0000] {processor.py:914} INFO - Processing file /home/airflow/.local/lib/python3.12/site-packages/airflow/example_dags/example_xcomargs.py for tasks to queue
[2025-02-01T07:37:17.408+0000] {logging_mixin.py:190} INFO - [2025-02-01T07:37:17.408+0000] {dagbag.py:588} INFO - Filling up the DagBag from /home/airflow/.local/lib/python3.12/site-packages/airflow/example_dags/example_xcomargs.py
[2025-02-01T07:37:17.424+0000] {processor.py:925} INFO - DAG(s) 'example_xcom_args', 'example_xcom_args_with_operators' retrieved from /home/airflow/.local/lib/python3.12/site-packages/airflow/example_dags/example_xcomargs.py
[2025-02-01T07:37:17.461+0000] {logging_mixin.py:190} INFO - [2025-02-01T07:37:17.461+0000] {dag.py:3239} INFO - Sync 2 DAGs
[2025-02-01T07:37:17.483+0000] {logging_mixin.py:190} INFO - [2025-02-01T07:37:17.483+0000] {dag.py:4180} INFO - Setting next_dagrun for example_xcom_args to None, run_after=None
[2025-02-01T07:37:17.489+0000] {logging_mixin.py:190} INFO - [2025-02-01T07:37:17.489+0000] {dag.py:4180} INFO - Setting next_dagrun for example_xcom_args_with_operators to None, run_after=None
[2025-02-01T07:37:17.520+0000] {processor.py:208} INFO - Processing /home/airflow/.local/lib/python3.12/site-packages/airflow/example_dags/example_xcomargs.py took 0.126 seconds
[2025-02-01T07:37:48.258+0000] {processor.py:186} INFO - Started process (PID=503) to work on /home/airflow/.local/lib/python3.12/site-packages/airflow/example_dags/example_xcomargs.py
[2025-02-01T07:37:48.260+0000] {processor.py:914} INFO - Processing file /home/airflow/.local/lib/python3.12/site-packages/airflow/example_dags/example_xcomargs.py for tasks to queue
[2025-02-01T07:37:48.264+0000] {logging_mixin.py:190} INFO - [2025-02-01T07:37:48.264+0000] {dagbag.py:588} INFO - Filling up the DagBag from /home/airflow/.local/lib/python3.12/site-packages/airflow/example_dags/example_xcomargs.py
[2025-02-01T07:37:48.280+0000] {processor.py:925} INFO - DAG(s) 'example_xcom_args_with_operators', 'example_xcom_args' retrieved from /home/airflow/.local/lib/python3.12/site-packages/airflow/example_dags/example_xcomargs.py
[2025-02-01T07:37:48.316+0000] {logging_mixin.py:190} INFO - [2025-02-01T07:37:48.316+0000] {dag.py:3239} INFO - Sync 2 DAGs
[2025-02-01T07:37:48.338+0000] {logging_mixin.py:190} INFO - [2025-02-01T07:37:48.337+0000] {dag.py:4180} INFO - Setting next_dagrun for example_xcom_args to None, run_after=None
[2025-02-01T07:37:48.344+0000] {logging_mixin.py:190} INFO - [2025-02-01T07:37:48.344+0000] {dag.py:4180} INFO - Setting next_dagrun for example_xcom_args_with_operators to None, run_after=None
[2025-02-01T07:37:48.373+0000] {processor.py:208} INFO - Processing /home/airflow/.local/lib/python3.12/site-packages/airflow/example_dags/example_xcomargs.py took 0.124 seconds
[2025-02-01T07:38:18.600+0000] {processor.py:186} INFO - Started process (PID=565) to work on /home/airflow/.local/lib/python3.12/site-packages/airflow/example_dags/example_xcomargs.py
[2025-02-01T07:38:18.601+0000] {processor.py:914} INFO - Processing file /home/airflow/.local/lib/python3.12/site-packages/airflow/example_dags/example_xcomargs.py for tasks to queue
[2025-02-01T07:38:18.605+0000] {logging_mixin.py:190} INFO - [2025-02-01T07:38:18.605+0000] {dagbag.py:588} INFO - Filling up the DagBag from /home/airflow/.local/lib/python3.12/site-packages/airflow/example_dags/example_xcomargs.py
[2025-02-01T07:38:18.621+0000] {processor.py:925} INFO - DAG(s) 'example_xcom_args_with_operators', 'example_xcom_args' retrieved from /home/airflow/.local/lib/python3.12/site-packages/airflow/example_dags/example_xcomargs.py
[2025-02-01T07:38:18.659+0000] {logging_mixin.py:190} INFO - [2025-02-01T07:38:18.659+0000] {dag.py:3239} INFO - Sync 2 DAGs
[2025-02-01T07:38:18.689+0000] {logging_mixin.py:190} INFO - [2025-02-01T07:38:18.688+0000] {dag.py:4180} INFO - Setting next_dagrun for example_xcom_args to None, run_after=None
[2025-02-01T07:38:18.700+0000] {logging_mixin.py:190} INFO - [2025-02-01T07:38:18.699+0000] {dag.py:4180} INFO - Setting next_dagrun for example_xcom_args_with_operators to None, run_after=None
[2025-02-01T07:38:18.737+0000] {processor.py:208} INFO - Processing /home/airflow/.local/lib/python3.12/site-packages/airflow/example_dags/example_xcomargs.py took 0.146 seconds
[2025-02-01T07:38:49.418+0000] {processor.py:186} INFO - Started process (PID=627) to work on /home/airflow/.local/lib/python3.12/site-packages/airflow/example_dags/example_xcomargs.py
[2025-02-01T07:38:49.422+0000] {processor.py:914} INFO - Processing file /home/airflow/.local/lib/python3.12/site-packages/airflow/example_dags/example_xcomargs.py for tasks to queue
[2025-02-01T07:38:49.429+0000] {logging_mixin.py:190} INFO - [2025-02-01T07:38:49.428+0000] {dagbag.py:588} INFO - Filling up the DagBag from /home/airflow/.local/lib/python3.12/site-packages/airflow/example_dags/example_xcomargs.py
[2025-02-01T07:38:49.458+0000] {processor.py:925} INFO - DAG(s) 'example_xcom_args_with_operators', 'example_xcom_args' retrieved from /home/airflow/.local/lib/python3.12/site-packages/airflow/example_dags/example_xcomargs.py
[2025-02-01T07:38:49.521+0000] {logging_mixin.py:190} INFO - [2025-02-01T07:38:49.520+0000] {dag.py:3239} INFO - Sync 2 DAGs
[2025-02-01T07:38:49.565+0000] {logging_mixin.py:190} INFO - [2025-02-01T07:38:49.564+0000] {dag.py:4180} INFO - Setting next_dagrun for example_xcom_args to None, run_after=None
[2025-02-01T07:38:49.589+0000] {logging_mixin.py:190} INFO - [2025-02-01T07:38:49.588+0000] {dag.py:4180} INFO - Setting next_dagrun for example_xcom_args_with_operators to None, run_after=None
[2025-02-01T07:38:49.659+0000] {processor.py:208} INFO - Processing /home/airflow/.local/lib/python3.12/site-packages/airflow/example_dags/example_xcomargs.py took 0.258 seconds
[2025-02-01T07:39:19.895+0000] {processor.py:186} INFO - Started process (PID=689) to work on /home/airflow/.local/lib/python3.12/site-packages/airflow/example_dags/example_xcomargs.py
[2025-02-01T07:39:19.897+0000] {processor.py:914} INFO - Processing file /home/airflow/.local/lib/python3.12/site-packages/airflow/example_dags/example_xcomargs.py for tasks to queue
[2025-02-01T07:39:19.901+0000] {logging_mixin.py:190} INFO - [2025-02-01T07:39:19.901+0000] {dagbag.py:588} INFO - Filling up the DagBag from /home/airflow/.local/lib/python3.12/site-packages/airflow/example_dags/example_xcomargs.py
[2025-02-01T07:39:19.922+0000] {processor.py:925} INFO - DAG(s) 'example_xcom_args_with_operators', 'example_xcom_args' retrieved from /home/airflow/.local/lib/python3.12/site-packages/airflow/example_dags/example_xcomargs.py
[2025-02-01T07:39:19.959+0000] {logging_mixin.py:190} INFO - [2025-02-01T07:39:19.958+0000] {dag.py:3239} INFO - Sync 2 DAGs
[2025-02-01T07:39:19.981+0000] {logging_mixin.py:190} INFO - [2025-02-01T07:39:19.980+0000] {dag.py:4180} INFO - Setting next_dagrun for example_xcom_args to None, run_after=None
[2025-02-01T07:39:19.987+0000] {logging_mixin.py:190} INFO - [2025-02-01T07:39:19.987+0000] {dag.py:4180} INFO - Setting next_dagrun for example_xcom_args_with_operators to None, run_after=None
[2025-02-01T07:39:20.013+0000] {processor.py:208} INFO - Processing /home/airflow/.local/lib/python3.12/site-packages/airflow/example_dags/example_xcomargs.py took 0.128 seconds
[2025-02-01T07:39:50.600+0000] {processor.py:186} INFO - Started process (PID=752) to work on /home/airflow/.local/lib/python3.12/site-packages/airflow/example_dags/example_xcomargs.py
[2025-02-01T07:39:50.602+0000] {processor.py:914} INFO - Processing file /home/airflow/.local/lib/python3.12/site-packages/airflow/example_dags/example_xcomargs.py for tasks to queue
[2025-02-01T07:39:50.605+0000] {logging_mixin.py:190} INFO - [2025-02-01T07:39:50.605+0000] {dagbag.py:588} INFO - Filling up the DagBag from /home/airflow/.local/lib/python3.12/site-packages/airflow/example_dags/example_xcomargs.py
[2025-02-01T07:39:50.616+0000] {processor.py:925} INFO - DAG(s) 'example_xcom_args_with_operators', 'example_xcom_args' retrieved from /home/airflow/.local/lib/python3.12/site-packages/airflow/example_dags/example_xcomargs.py
[2025-02-01T07:39:50.642+0000] {logging_mixin.py:190} INFO - [2025-02-01T07:39:50.642+0000] {dag.py:3239} INFO - Sync 2 DAGs
[2025-02-01T07:39:50.659+0000] {logging_mixin.py:190} INFO - [2025-02-01T07:39:50.659+0000] {dag.py:4180} INFO - Setting next_dagrun for example_xcom_args to None, run_after=None
[2025-02-01T07:39:50.664+0000] {logging_mixin.py:190} INFO - [2025-02-01T07:39:50.664+0000] {dag.py:4180} INFO - Setting next_dagrun for example_xcom_args_with_operators to None, run_after=None
[2025-02-01T07:39:50.687+0000] {processor.py:208} INFO - Processing /home/airflow/.local/lib/python3.12/site-packages/airflow/example_dags/example_xcomargs.py took 0.094 seconds
[2025-02-01T07:40:21.370+0000] {processor.py:186} INFO - Started process (PID=815) to work on /home/airflow/.local/lib/python3.12/site-packages/airflow/example_dags/example_xcomargs.py
[2025-02-01T07:40:21.371+0000] {processor.py:914} INFO - Processing file /home/airflow/.local/lib/python3.12/site-packages/airflow/example_dags/example_xcomargs.py for tasks to queue
[2025-02-01T07:40:21.374+0000] {logging_mixin.py:190} INFO - [2025-02-01T07:40:21.374+0000] {dagbag.py:588} INFO - Filling up the DagBag from /home/airflow/.local/lib/python3.12/site-packages/airflow/example_dags/example_xcomargs.py
[2025-02-01T07:40:21.386+0000] {processor.py:925} INFO - DAG(s) 'example_xcom_args', 'example_xcom_args_with_operators' retrieved from /home/airflow/.local/lib/python3.12/site-packages/airflow/example_dags/example_xcomargs.py
[2025-02-01T07:40:21.412+0000] {logging_mixin.py:190} INFO - [2025-02-01T07:40:21.411+0000] {dag.py:3239} INFO - Sync 2 DAGs
[2025-02-01T07:40:21.430+0000] {logging_mixin.py:190} INFO - [2025-02-01T07:40:21.430+0000] {dag.py:4180} INFO - Setting next_dagrun for example_xcom_args to None, run_after=None
[2025-02-01T07:40:21.435+0000] {logging_mixin.py:190} INFO - [2025-02-01T07:40:21.435+0000] {dag.py:4180} INFO - Setting next_dagrun for example_xcom_args_with_operators to None, run_after=None
[2025-02-01T07:40:21.458+0000] {processor.py:208} INFO - Processing /home/airflow/.local/lib/python3.12/site-packages/airflow/example_dags/example_xcomargs.py took 0.095 seconds
[2025-02-01T07:40:52.116+0000] {processor.py:186} INFO - Started process (PID=878) to work on /home/airflow/.local/lib/python3.12/site-packages/airflow/example_dags/example_xcomargs.py
[2025-02-01T07:40:52.118+0000] {processor.py:914} INFO - Processing file /home/airflow/.local/lib/python3.12/site-packages/airflow/example_dags/example_xcomargs.py for tasks to queue
[2025-02-01T07:40:52.121+0000] {logging_mixin.py:190} INFO - [2025-02-01T07:40:52.121+0000] {dagbag.py:588} INFO - Filling up the DagBag from /home/airflow/.local/lib/python3.12/site-packages/airflow/example_dags/example_xcomargs.py
[2025-02-01T07:40:52.134+0000] {processor.py:925} INFO - DAG(s) 'example_xcom_args', 'example_xcom_args_with_operators' retrieved from /home/airflow/.local/lib/python3.12/site-packages/airflow/example_dags/example_xcomargs.py
[2025-02-01T07:40:52.167+0000] {logging_mixin.py:190} INFO - [2025-02-01T07:40:52.166+0000] {dag.py:3239} INFO - Sync 2 DAGs
[2025-02-01T07:40:52.188+0000] {logging_mixin.py:190} INFO - [2025-02-01T07:40:52.187+0000] {dag.py:4180} INFO - Setting next_dagrun for example_xcom_args to None, run_after=None
[2025-02-01T07:40:52.193+0000] {logging_mixin.py:190} INFO - [2025-02-01T07:40:52.193+0000] {dag.py:4180} INFO - Setting next_dagrun for example_xcom_args_with_operators to None, run_after=None
[2025-02-01T07:40:52.221+0000] {processor.py:208} INFO - Processing /home/airflow/.local/lib/python3.12/site-packages/airflow/example_dags/example_xcomargs.py took 0.113 seconds
[2025-02-01T07:41:22.979+0000] {processor.py:186} INFO - Started process (PID=941) to work on /home/airflow/.local/lib/python3.12/site-packages/airflow/example_dags/example_xcomargs.py
[2025-02-01T07:41:22.983+0000] {processor.py:914} INFO - Processing file /home/airflow/.local/lib/python3.12/site-packages/airflow/example_dags/example_xcomargs.py for tasks to queue
[2025-02-01T07:41:22.990+0000] {logging_mixin.py:190} INFO - [2025-02-01T07:41:22.989+0000] {dagbag.py:588} INFO - Filling up the DagBag from /home/airflow/.local/lib/python3.12/site-packages/airflow/example_dags/example_xcomargs.py
[2025-02-01T07:41:23.019+0000] {processor.py:925} INFO - DAG(s) 'example_xcom_args_with_operators', 'example_xcom_args' retrieved from /home/airflow/.local/lib/python3.12/site-packages/airflow/example_dags/example_xcomargs.py
[2025-02-01T07:41:23.124+0000] {logging_mixin.py:190} INFO - [2025-02-01T07:41:23.124+0000] {dag.py:3239} INFO - Sync 2 DAGs
[2025-02-01T07:41:23.169+0000] {logging_mixin.py:190} INFO - [2025-02-01T07:41:23.168+0000] {dag.py:4180} INFO - Setting next_dagrun for example_xcom_args to None, run_after=None
[2025-02-01T07:41:23.184+0000] {logging_mixin.py:190} INFO - [2025-02-01T07:41:23.184+0000] {dag.py:4180} INFO - Setting next_dagrun for example_xcom_args_with_operators to None, run_after=None
[2025-02-01T07:41:23.297+0000] {processor.py:208} INFO - Processing /home/airflow/.local/lib/python3.12/site-packages/airflow/example_dags/example_xcomargs.py took 0.333 seconds
[2025-02-01T07:41:53.541+0000] {processor.py:186} INFO - Started process (PID=1004) to work on /home/airflow/.local/lib/python3.12/site-packages/airflow/example_dags/example_xcomargs.py
[2025-02-01T07:41:53.543+0000] {processor.py:914} INFO - Processing file /home/airflow/.local/lib/python3.12/site-packages/airflow/example_dags/example_xcomargs.py for tasks to queue
[2025-02-01T07:41:53.548+0000] {logging_mixin.py:190} INFO - [2025-02-01T07:41:53.548+0000] {dagbag.py:588} INFO - Filling up the DagBag from /home/airflow/.local/lib/python3.12/site-packages/airflow/example_dags/example_xcomargs.py
[2025-02-01T07:41:53.568+0000] {processor.py:925} INFO - DAG(s) 'example_xcom_args', 'example_xcom_args_with_operators' retrieved from /home/airflow/.local/lib/python3.12/site-packages/airflow/example_dags/example_xcomargs.py
[2025-02-01T07:41:53.612+0000] {logging_mixin.py:190} INFO - [2025-02-01T07:41:53.611+0000] {dag.py:3239} INFO - Sync 2 DAGs
[2025-02-01T07:41:53.638+0000] {logging_mixin.py:190} INFO - [2025-02-01T07:41:53.638+0000] {dag.py:4180} INFO - Setting next_dagrun for example_xcom_args to None, run_after=None
[2025-02-01T07:41:53.645+0000] {logging_mixin.py:190} INFO - [2025-02-01T07:41:53.645+0000] {dag.py:4180} INFO - Setting next_dagrun for example_xcom_args_with_operators to None, run_after=None
[2025-02-01T07:41:53.676+0000] {processor.py:208} INFO - Processing /home/airflow/.local/lib/python3.12/site-packages/airflow/example_dags/example_xcomargs.py took 0.152 seconds
[2025-02-01T07:42:24.045+0000] {processor.py:186} INFO - Started process (PID=1067) to work on /home/airflow/.local/lib/python3.12/site-packages/airflow/example_dags/example_xcomargs.py
[2025-02-01T07:42:24.047+0000] {processor.py:914} INFO - Processing file /home/airflow/.local/lib/python3.12/site-packages/airflow/example_dags/example_xcomargs.py for tasks to queue
[2025-02-01T07:42:24.052+0000] {logging_mixin.py:190} INFO - [2025-02-01T07:42:24.051+0000] {dagbag.py:588} INFO - Filling up the DagBag from /home/airflow/.local/lib/python3.12/site-packages/airflow/example_dags/example_xcomargs.py
[2025-02-01T07:42:24.070+0000] {processor.py:925} INFO - DAG(s) 'example_xcom_args_with_operators', 'example_xcom_args' retrieved from /home/airflow/.local/lib/python3.12/site-packages/airflow/example_dags/example_xcomargs.py
[2025-02-01T07:42:24.104+0000] {logging_mixin.py:190} INFO - [2025-02-01T07:42:24.103+0000] {dag.py:3239} INFO - Sync 2 DAGs
[2025-02-01T07:42:24.130+0000] {logging_mixin.py:190} INFO - [2025-02-01T07:42:24.130+0000] {dag.py:4180} INFO - Setting next_dagrun for example_xcom_args to None, run_after=None
[2025-02-01T07:42:24.136+0000] {logging_mixin.py:190} INFO - [2025-02-01T07:42:24.135+0000] {dag.py:4180} INFO - Setting next_dagrun for example_xcom_args_with_operators to None, run_after=None
[2025-02-01T07:42:24.167+0000] {processor.py:208} INFO - Processing /home/airflow/.local/lib/python3.12/site-packages/airflow/example_dags/example_xcomargs.py took 0.130 seconds
[2025-02-01T07:42:54.679+0000] {processor.py:186} INFO - Started process (PID=1129) to work on /home/airflow/.local/lib/python3.12/site-packages/airflow/example_dags/example_xcomargs.py
[2025-02-01T07:42:54.680+0000] {processor.py:914} INFO - Processing file /home/airflow/.local/lib/python3.12/site-packages/airflow/example_dags/example_xcomargs.py for tasks to queue
[2025-02-01T07:42:54.683+0000] {logging_mixin.py:190} INFO - [2025-02-01T07:42:54.683+0000] {dagbag.py:588} INFO - Filling up the DagBag from /home/airflow/.local/lib/python3.12/site-packages/airflow/example_dags/example_xcomargs.py
[2025-02-01T07:42:54.695+0000] {processor.py:925} INFO - DAG(s) 'example_xcom_args_with_operators', 'example_xcom_args' retrieved from /home/airflow/.local/lib/python3.12/site-packages/airflow/example_dags/example_xcomargs.py
[2025-02-01T07:42:54.721+0000] {logging_mixin.py:190} INFO - [2025-02-01T07:42:54.721+0000] {dag.py:3239} INFO - Sync 2 DAGs
[2025-02-01T07:42:54.740+0000] {logging_mixin.py:190} INFO - [2025-02-01T07:42:54.739+0000] {dag.py:4180} INFO - Setting next_dagrun for example_xcom_args to None, run_after=None
[2025-02-01T07:42:54.745+0000] {logging_mixin.py:190} INFO - [2025-02-01T07:42:54.744+0000] {dag.py:4180} INFO - Setting next_dagrun for example_xcom_args_with_operators to None, run_after=None
[2025-02-01T07:42:54.771+0000] {processor.py:208} INFO - Processing /home/airflow/.local/lib/python3.12/site-packages/airflow/example_dags/example_xcomargs.py took 0.099 seconds
[2025-02-01T07:43:25.154+0000] {processor.py:186} INFO - Started process (PID=1192) to work on /home/airflow/.local/lib/python3.12/site-packages/airflow/example_dags/example_xcomargs.py
[2025-02-01T07:43:25.155+0000] {processor.py:914} INFO - Processing file /home/airflow/.local/lib/python3.12/site-packages/airflow/example_dags/example_xcomargs.py for tasks to queue
[2025-02-01T07:43:25.158+0000] {logging_mixin.py:190} INFO - [2025-02-01T07:43:25.158+0000] {dagbag.py:588} INFO - Filling up the DagBag from /home/airflow/.local/lib/python3.12/site-packages/airflow/example_dags/example_xcomargs.py
[2025-02-01T07:43:25.172+0000] {processor.py:925} INFO - DAG(s) 'example_xcom_args', 'example_xcom_args_with_operators' retrieved from /home/airflow/.local/lib/python3.12/site-packages/airflow/example_dags/example_xcomargs.py
[2025-02-01T07:43:25.198+0000] {logging_mixin.py:190} INFO - [2025-02-01T07:43:25.198+0000] {dag.py:3239} INFO - Sync 2 DAGs
[2025-02-01T07:43:25.216+0000] {logging_mixin.py:190} INFO - [2025-02-01T07:43:25.215+0000] {dag.py:4180} INFO - Setting next_dagrun for example_xcom_args to None, run_after=None
[2025-02-01T07:43:25.220+0000] {logging_mixin.py:190} INFO - [2025-02-01T07:43:25.220+0000] {dag.py:4180} INFO - Setting next_dagrun for example_xcom_args_with_operators to None, run_after=None
[2025-02-01T07:43:25.242+0000] {processor.py:208} INFO - Processing /home/airflow/.local/lib/python3.12/site-packages/airflow/example_dags/example_xcomargs.py took 0.093 seconds
[2025-02-01T07:43:55.862+0000] {processor.py:186} INFO - Started process (PID=1255) to work on /home/airflow/.local/lib/python3.12/site-packages/airflow/example_dags/example_xcomargs.py
[2025-02-01T07:43:55.864+0000] {processor.py:914} INFO - Processing file /home/airflow/.local/lib/python3.12/site-packages/airflow/example_dags/example_xcomargs.py for tasks to queue
[2025-02-01T07:43:55.868+0000] {logging_mixin.py:190} INFO - [2025-02-01T07:43:55.867+0000] {dagbag.py:588} INFO - Filling up the DagBag from /home/airflow/.local/lib/python3.12/site-packages/airflow/example_dags/example_xcomargs.py
[2025-02-01T07:43:55.890+0000] {processor.py:925} INFO - DAG(s) 'example_xcom_args_with_operators', 'example_xcom_args' retrieved from /home/airflow/.local/lib/python3.12/site-packages/airflow/example_dags/example_xcomargs.py
[2025-02-01T07:43:55.928+0000] {logging_mixin.py:190} INFO - [2025-02-01T07:43:55.928+0000] {dag.py:3239} INFO - Sync 2 DAGs
[2025-02-01T07:43:55.951+0000] {logging_mixin.py:190} INFO - [2025-02-01T07:43:55.951+0000] {dag.py:4180} INFO - Setting next_dagrun for example_xcom_args to None, run_after=None
[2025-02-01T07:43:55.957+0000] {logging_mixin.py:190} INFO - [2025-02-01T07:43:55.957+0000] {dag.py:4180} INFO - Setting next_dagrun for example_xcom_args_with_operators to None, run_after=None
[2025-02-01T07:43:55.983+0000] {processor.py:208} INFO - Processing /home/airflow/.local/lib/python3.12/site-packages/airflow/example_dags/example_xcomargs.py took 0.134 seconds
[2025-02-01T07:44:26.237+0000] {processor.py:186} INFO - Started process (PID=1319) to work on /home/airflow/.local/lib/python3.12/site-packages/airflow/example_dags/example_xcomargs.py
[2025-02-01T07:44:26.239+0000] {processor.py:914} INFO - Processing file /home/airflow/.local/lib/python3.12/site-packages/airflow/example_dags/example_xcomargs.py for tasks to queue
[2025-02-01T07:44:26.243+0000] {logging_mixin.py:190} INFO - [2025-02-01T07:44:26.243+0000] {dagbag.py:588} INFO - Filling up the DagBag from /home/airflow/.local/lib/python3.12/site-packages/airflow/example_dags/example_xcomargs.py
[2025-02-01T07:44:26.261+0000] {processor.py:925} INFO - DAG(s) 'example_xcom_args_with_operators', 'example_xcom_args' retrieved from /home/airflow/.local/lib/python3.12/site-packages/airflow/example_dags/example_xcomargs.py
[2025-02-01T07:44:26.299+0000] {logging_mixin.py:190} INFO - [2025-02-01T07:44:26.298+0000] {dag.py:3239} INFO - Sync 2 DAGs
[2025-02-01T07:44:26.332+0000] {logging_mixin.py:190} INFO - [2025-02-01T07:44:26.331+0000] {dag.py:4180} INFO - Setting next_dagrun for example_xcom_args to None, run_after=None
[2025-02-01T07:44:26.340+0000] {logging_mixin.py:190} INFO - [2025-02-01T07:44:26.340+0000] {dag.py:4180} INFO - Setting next_dagrun for example_xcom_args_with_operators to None, run_after=None
[2025-02-01T07:44:26.375+0000] {processor.py:208} INFO - Processing /home/airflow/.local/lib/python3.12/site-packages/airflow/example_dags/example_xcomargs.py took 0.147 seconds
[2025-02-01T07:44:56.745+0000] {processor.py:186} INFO - Started process (PID=1383) to work on /home/airflow/.local/lib/python3.12/site-packages/airflow/example_dags/example_xcomargs.py
[2025-02-01T07:44:56.749+0000] {processor.py:914} INFO - Processing file /home/airflow/.local/lib/python3.12/site-packages/airflow/example_dags/example_xcomargs.py for tasks to queue
[2025-02-01T07:44:56.761+0000] {logging_mixin.py:190} INFO - [2025-02-01T07:44:56.760+0000] {dagbag.py:588} INFO - Filling up the DagBag from /home/airflow/.local/lib/python3.12/site-packages/airflow/example_dags/example_xcomargs.py
[2025-02-01T07:44:56.806+0000] {processor.py:925} INFO - DAG(s) 'example_xcom_args_with_operators', 'example_xcom_args' retrieved from /home/airflow/.local/lib/python3.12/site-packages/airflow/example_dags/example_xcomargs.py
[2025-02-01T07:44:56.891+0000] {logging_mixin.py:190} INFO - [2025-02-01T07:44:56.891+0000] {dag.py:3239} INFO - Sync 2 DAGs
[2025-02-01T07:44:56.943+0000] {logging_mixin.py:190} INFO - [2025-02-01T07:44:56.942+0000] {dag.py:4180} INFO - Setting next_dagrun for example_xcom_args to None, run_after=None
[2025-02-01T07:44:56.952+0000] {logging_mixin.py:190} INFO - [2025-02-01T07:44:56.952+0000] {dag.py:4180} INFO - Setting next_dagrun for example_xcom_args_with_operators to None, run_after=None
[2025-02-01T07:44:57.030+0000] {processor.py:208} INFO - Processing /home/airflow/.local/lib/python3.12/site-packages/airflow/example_dags/example_xcomargs.py took 0.305 seconds
[2025-02-01T07:45:27.268+0000] {processor.py:186} INFO - Started process (PID=1447) to work on /home/airflow/.local/lib/python3.12/site-packages/airflow/example_dags/example_xcomargs.py
[2025-02-01T07:45:27.271+0000] {processor.py:914} INFO - Processing file /home/airflow/.local/lib/python3.12/site-packages/airflow/example_dags/example_xcomargs.py for tasks to queue
[2025-02-01T07:45:27.276+0000] {logging_mixin.py:190} INFO - [2025-02-01T07:45:27.276+0000] {dagbag.py:588} INFO - Filling up the DagBag from /home/airflow/.local/lib/python3.12/site-packages/airflow/example_dags/example_xcomargs.py
[2025-02-01T07:45:27.303+0000] {processor.py:925} INFO - DAG(s) 'example_xcom_args_with_operators', 'example_xcom_args' retrieved from /home/airflow/.local/lib/python3.12/site-packages/airflow/example_dags/example_xcomargs.py
[2025-02-01T07:45:27.357+0000] {logging_mixin.py:190} INFO - [2025-02-01T07:45:27.357+0000] {dag.py:3239} INFO - Sync 2 DAGs
[2025-02-01T07:45:27.388+0000] {logging_mixin.py:190} INFO - [2025-02-01T07:45:27.387+0000] {dag.py:4180} INFO - Setting next_dagrun for example_xcom_args to None, run_after=None
[2025-02-01T07:45:27.396+0000] {logging_mixin.py:190} INFO - [2025-02-01T07:45:27.395+0000] {dag.py:4180} INFO - Setting next_dagrun for example_xcom_args_with_operators to None, run_after=None
[2025-02-01T07:45:27.443+0000] {processor.py:208} INFO - Processing /home/airflow/.local/lib/python3.12/site-packages/airflow/example_dags/example_xcomargs.py took 0.199 seconds
[2025-02-01T07:45:57.864+0000] {processor.py:186} INFO - Started process (PID=1511) to work on /home/airflow/.local/lib/python3.12/site-packages/airflow/example_dags/example_xcomargs.py
[2025-02-01T07:45:57.866+0000] {processor.py:914} INFO - Processing file /home/airflow/.local/lib/python3.12/site-packages/airflow/example_dags/example_xcomargs.py for tasks to queue
[2025-02-01T07:45:57.870+0000] {logging_mixin.py:190} INFO - [2025-02-01T07:45:57.869+0000] {dagbag.py:588} INFO - Filling up the DagBag from /home/airflow/.local/lib/python3.12/site-packages/airflow/example_dags/example_xcomargs.py
[2025-02-01T07:45:57.886+0000] {processor.py:925} INFO - DAG(s) 'example_xcom_args', 'example_xcom_args_with_operators' retrieved from /home/airflow/.local/lib/python3.12/site-packages/airflow/example_dags/example_xcomargs.py
[2025-02-01T07:45:57.921+0000] {logging_mixin.py:190} INFO - [2025-02-01T07:45:57.921+0000] {dag.py:3239} INFO - Sync 2 DAGs
[2025-02-01T07:45:57.945+0000] {logging_mixin.py:190} INFO - [2025-02-01T07:45:57.945+0000] {dag.py:4180} INFO - Setting next_dagrun for example_xcom_args to None, run_after=None
[2025-02-01T07:45:57.953+0000] {logging_mixin.py:190} INFO - [2025-02-01T07:45:57.952+0000] {dag.py:4180} INFO - Setting next_dagrun for example_xcom_args_with_operators to None, run_after=None
[2025-02-01T07:45:57.985+0000] {processor.py:208} INFO - Processing /home/airflow/.local/lib/python3.12/site-packages/airflow/example_dags/example_xcomargs.py took 0.130 seconds
[2025-02-01T07:46:28.124+0000] {processor.py:186} INFO - Started process (PID=1574) to work on /home/airflow/.local/lib/python3.12/site-packages/airflow/example_dags/example_xcomargs.py
[2025-02-01T07:46:28.126+0000] {processor.py:914} INFO - Processing file /home/airflow/.local/lib/python3.12/site-packages/airflow/example_dags/example_xcomargs.py for tasks to queue
[2025-02-01T07:46:28.133+0000] {logging_mixin.py:190} INFO - [2025-02-01T07:46:28.132+0000] {dagbag.py:588} INFO - Filling up the DagBag from /home/airflow/.local/lib/python3.12/site-packages/airflow/example_dags/example_xcomargs.py
[2025-02-01T07:46:28.151+0000] {processor.py:925} INFO - DAG(s) 'example_xcom_args_with_operators', 'example_xcom_args' retrieved from /home/airflow/.local/lib/python3.12/site-packages/airflow/example_dags/example_xcomargs.py
[2025-02-01T07:46:28.194+0000] {logging_mixin.py:190} INFO - [2025-02-01T07:46:28.194+0000] {dag.py:3239} INFO - Sync 2 DAGs
[2025-02-01T07:46:28.224+0000] {logging_mixin.py:190} INFO - [2025-02-01T07:46:28.223+0000] {dag.py:4180} INFO - Setting next_dagrun for example_xcom_args to None, run_after=None
[2025-02-01T07:46:28.232+0000] {logging_mixin.py:190} INFO - [2025-02-01T07:46:28.232+0000] {dag.py:4180} INFO - Setting next_dagrun for example_xcom_args_with_operators to None, run_after=None
[2025-02-01T07:46:28.267+0000] {processor.py:208} INFO - Processing /home/airflow/.local/lib/python3.12/site-packages/airflow/example_dags/example_xcomargs.py took 0.154 seconds
[2025-02-01T07:46:58.626+0000] {processor.py:186} INFO - Started process (PID=1638) to work on /home/airflow/.local/lib/python3.12/site-packages/airflow/example_dags/example_xcomargs.py
[2025-02-01T07:46:58.629+0000] {processor.py:914} INFO - Processing file /home/airflow/.local/lib/python3.12/site-packages/airflow/example_dags/example_xcomargs.py for tasks to queue
[2025-02-01T07:46:58.632+0000] {logging_mixin.py:190} INFO - [2025-02-01T07:46:58.632+0000] {dagbag.py:588} INFO - Filling up the DagBag from /home/airflow/.local/lib/python3.12/site-packages/airflow/example_dags/example_xcomargs.py
[2025-02-01T07:46:58.646+0000] {processor.py:925} INFO - DAG(s) 'example_xcom_args', 'example_xcom_args_with_operators' retrieved from /home/airflow/.local/lib/python3.12/site-packages/airflow/example_dags/example_xcomargs.py
[2025-02-01T07:46:58.681+0000] {logging_mixin.py:190} INFO - [2025-02-01T07:46:58.681+0000] {dag.py:3239} INFO - Sync 2 DAGs
[2025-02-01T07:46:58.703+0000] {logging_mixin.py:190} INFO - [2025-02-01T07:46:58.703+0000] {dag.py:4180} INFO - Setting next_dagrun for example_xcom_args to None, run_after=None
[2025-02-01T07:46:58.709+0000] {logging_mixin.py:190} INFO - [2025-02-01T07:46:58.708+0000] {dag.py:4180} INFO - Setting next_dagrun for example_xcom_args_with_operators to None, run_after=None
[2025-02-01T07:46:58.736+0000] {processor.py:208} INFO - Processing /home/airflow/.local/lib/python3.12/site-packages/airflow/example_dags/example_xcomargs.py took 0.120 seconds
[2025-02-01T07:47:29.347+0000] {processor.py:186} INFO - Started process (PID=1702) to work on /home/airflow/.local/lib/python3.12/site-packages/airflow/example_dags/example_xcomargs.py
[2025-02-01T07:47:29.362+0000] {processor.py:914} INFO - Processing file /home/airflow/.local/lib/python3.12/site-packages/airflow/example_dags/example_xcomargs.py for tasks to queue
[2025-02-01T07:47:29.371+0000] {logging_mixin.py:190} INFO - [2025-02-01T07:47:29.370+0000] {dagbag.py:588} INFO - Filling up the DagBag from /home/airflow/.local/lib/python3.12/site-packages/airflow/example_dags/example_xcomargs.py
[2025-02-01T07:47:29.416+0000] {processor.py:925} INFO - DAG(s) 'example_xcom_args_with_operators', 'example_xcom_args' retrieved from /home/airflow/.local/lib/python3.12/site-packages/airflow/example_dags/example_xcomargs.py
[2025-02-01T07:47:29.475+0000] {logging_mixin.py:190} INFO - [2025-02-01T07:47:29.474+0000] {dag.py:3239} INFO - Sync 2 DAGs
[2025-02-01T07:47:29.513+0000] {logging_mixin.py:190} INFO - [2025-02-01T07:47:29.512+0000] {dag.py:4180} INFO - Setting next_dagrun for example_xcom_args to None, run_after=None
[2025-02-01T07:47:29.530+0000] {logging_mixin.py:190} INFO - [2025-02-01T07:47:29.529+0000] {dag.py:4180} INFO - Setting next_dagrun for example_xcom_args_with_operators to None, run_after=None
[2025-02-01T07:47:29.576+0000] {processor.py:208} INFO - Processing /home/airflow/.local/lib/python3.12/site-packages/airflow/example_dags/example_xcomargs.py took 0.251 seconds
[2025-02-01T07:48:00.429+0000] {processor.py:186} INFO - Started process (PID=1766) to work on /home/airflow/.local/lib/python3.12/site-packages/airflow/example_dags/example_xcomargs.py
[2025-02-01T07:48:00.431+0000] {processor.py:914} INFO - Processing file /home/airflow/.local/lib/python3.12/site-packages/airflow/example_dags/example_xcomargs.py for tasks to queue
[2025-02-01T07:48:00.435+0000] {logging_mixin.py:190} INFO - [2025-02-01T07:48:00.435+0000] {dagbag.py:588} INFO - Filling up the DagBag from /home/airflow/.local/lib/python3.12/site-packages/airflow/example_dags/example_xcomargs.py
[2025-02-01T07:48:00.453+0000] {processor.py:925} INFO - DAG(s) 'example_xcom_args_with_operators', 'example_xcom_args' retrieved from /home/airflow/.local/lib/python3.12/site-packages/airflow/example_dags/example_xcomargs.py
[2025-02-01T07:48:00.490+0000] {logging_mixin.py:190} INFO - [2025-02-01T07:48:00.490+0000] {dag.py:3239} INFO - Sync 2 DAGs
[2025-02-01T07:48:00.515+0000] {logging_mixin.py:190} INFO - [2025-02-01T07:48:00.515+0000] {dag.py:4180} INFO - Setting next_dagrun for example_xcom_args to None, run_after=None
[2025-02-01T07:48:00.522+0000] {logging_mixin.py:190} INFO - [2025-02-01T07:48:00.522+0000] {dag.py:4180} INFO - Setting next_dagrun for example_xcom_args_with_operators to None, run_after=None
[2025-02-01T07:48:00.550+0000] {processor.py:208} INFO - Processing /home/airflow/.local/lib/python3.12/site-packages/airflow/example_dags/example_xcomargs.py took 0.131 seconds
[2025-02-01T07:48:31.655+0000] {processor.py:186} INFO - Started process (PID=1830) to work on /home/airflow/.local/lib/python3.12/site-packages/airflow/example_dags/example_xcomargs.py
[2025-02-01T07:48:31.658+0000] {processor.py:914} INFO - Processing file /home/airflow/.local/lib/python3.12/site-packages/airflow/example_dags/example_xcomargs.py for tasks to queue
[2025-02-01T07:48:31.665+0000] {logging_mixin.py:190} INFO - [2025-02-01T07:48:31.664+0000] {dagbag.py:588} INFO - Filling up the DagBag from /home/airflow/.local/lib/python3.12/site-packages/airflow/example_dags/example_xcomargs.py
[2025-02-01T07:48:31.694+0000] {processor.py:925} INFO - DAG(s) 'example_xcom_args', 'example_xcom_args_with_operators' retrieved from /home/airflow/.local/lib/python3.12/site-packages/airflow/example_dags/example_xcomargs.py
[2025-02-01T07:48:31.792+0000] {logging_mixin.py:190} INFO - [2025-02-01T07:48:31.791+0000] {dag.py:3239} INFO - Sync 2 DAGs
[2025-02-01T07:48:31.842+0000] {logging_mixin.py:190} INFO - [2025-02-01T07:48:31.841+0000] {dag.py:4180} INFO - Setting next_dagrun for example_xcom_args to None, run_after=None
[2025-02-01T07:48:31.853+0000] {logging_mixin.py:190} INFO - [2025-02-01T07:48:31.852+0000] {dag.py:4180} INFO - Setting next_dagrun for example_xcom_args_with_operators to None, run_after=None
[2025-02-01T07:48:31.937+0000] {processor.py:208} INFO - Processing /home/airflow/.local/lib/python3.12/site-packages/airflow/example_dags/example_xcomargs.py took 0.300 seconds
[2025-02-01T07:49:02.640+0000] {processor.py:186} INFO - Started process (PID=1893) to work on /home/airflow/.local/lib/python3.12/site-packages/airflow/example_dags/example_xcomargs.py
[2025-02-01T07:49:02.643+0000] {processor.py:914} INFO - Processing file /home/airflow/.local/lib/python3.12/site-packages/airflow/example_dags/example_xcomargs.py for tasks to queue
[2025-02-01T07:49:02.647+0000] {logging_mixin.py:190} INFO - [2025-02-01T07:49:02.646+0000] {dagbag.py:588} INFO - Filling up the DagBag from /home/airflow/.local/lib/python3.12/site-packages/airflow/example_dags/example_xcomargs.py
[2025-02-01T07:49:02.668+0000] {processor.py:925} INFO - DAG(s) 'example_xcom_args', 'example_xcom_args_with_operators' retrieved from /home/airflow/.local/lib/python3.12/site-packages/airflow/example_dags/example_xcomargs.py
[2025-02-01T07:49:02.708+0000] {logging_mixin.py:190} INFO - [2025-02-01T07:49:02.708+0000] {dag.py:3239} INFO - Sync 2 DAGs
[2025-02-01T07:49:02.731+0000] {logging_mixin.py:190} INFO - [2025-02-01T07:49:02.731+0000] {dag.py:4180} INFO - Setting next_dagrun for example_xcom_args to None, run_after=None
[2025-02-01T07:49:02.738+0000] {logging_mixin.py:190} INFO - [2025-02-01T07:49:02.738+0000] {dag.py:4180} INFO - Setting next_dagrun for example_xcom_args_with_operators to None, run_after=None
[2025-02-01T07:49:02.789+0000] {processor.py:208} INFO - Processing /home/airflow/.local/lib/python3.12/site-packages/airflow/example_dags/example_xcomargs.py took 0.158 seconds
[2025-02-01T07:49:32.962+0000] {processor.py:186} INFO - Started process (PID=1957) to work on /home/airflow/.local/lib/python3.12/site-packages/airflow/example_dags/example_xcomargs.py
[2025-02-01T07:49:32.963+0000] {processor.py:914} INFO - Processing file /home/airflow/.local/lib/python3.12/site-packages/airflow/example_dags/example_xcomargs.py for tasks to queue
[2025-02-01T07:49:32.966+0000] {logging_mixin.py:190} INFO - [2025-02-01T07:49:32.966+0000] {dagbag.py:588} INFO - Filling up the DagBag from /home/airflow/.local/lib/python3.12/site-packages/airflow/example_dags/example_xcomargs.py
[2025-02-01T07:49:32.978+0000] {processor.py:925} INFO - DAG(s) 'example_xcom_args', 'example_xcom_args_with_operators' retrieved from /home/airflow/.local/lib/python3.12/site-packages/airflow/example_dags/example_xcomargs.py
[2025-02-01T07:49:33.005+0000] {logging_mixin.py:190} INFO - [2025-02-01T07:49:33.005+0000] {dag.py:3239} INFO - Sync 2 DAGs
[2025-02-01T07:49:33.022+0000] {logging_mixin.py:190} INFO - [2025-02-01T07:49:33.022+0000] {dag.py:4180} INFO - Setting next_dagrun for example_xcom_args to None, run_after=None
[2025-02-01T07:49:33.027+0000] {logging_mixin.py:190} INFO - [2025-02-01T07:49:33.027+0000] {dag.py:4180} INFO - Setting next_dagrun for example_xcom_args_with_operators to None, run_after=None
[2025-02-01T07:49:33.050+0000] {processor.py:208} INFO - Processing /home/airflow/.local/lib/python3.12/site-packages/airflow/example_dags/example_xcomargs.py took 0.095 seconds
[2025-02-01T07:50:03.685+0000] {processor.py:186} INFO - Started process (PID=2021) to work on /home/airflow/.local/lib/python3.12/site-packages/airflow/example_dags/example_xcomargs.py
[2025-02-01T07:50:03.687+0000] {processor.py:914} INFO - Processing file /home/airflow/.local/lib/python3.12/site-packages/airflow/example_dags/example_xcomargs.py for tasks to queue
[2025-02-01T07:50:03.690+0000] {logging_mixin.py:190} INFO - [2025-02-01T07:50:03.689+0000] {dagbag.py:588} INFO - Filling up the DagBag from /home/airflow/.local/lib/python3.12/site-packages/airflow/example_dags/example_xcomargs.py
[2025-02-01T07:50:03.701+0000] {processor.py:925} INFO - DAG(s) 'example_xcom_args', 'example_xcom_args_with_operators' retrieved from /home/airflow/.local/lib/python3.12/site-packages/airflow/example_dags/example_xcomargs.py
[2025-02-01T07:50:03.728+0000] {logging_mixin.py:190} INFO - [2025-02-01T07:50:03.728+0000] {dag.py:3239} INFO - Sync 2 DAGs
[2025-02-01T07:50:03.744+0000] {logging_mixin.py:190} INFO - [2025-02-01T07:50:03.744+0000] {dag.py:4180} INFO - Setting next_dagrun for example_xcom_args to None, run_after=None
[2025-02-01T07:50:03.750+0000] {logging_mixin.py:190} INFO - [2025-02-01T07:50:03.749+0000] {dag.py:4180} INFO - Setting next_dagrun for example_xcom_args_with_operators to None, run_after=None
[2025-02-01T07:50:03.776+0000] {processor.py:208} INFO - Processing /home/airflow/.local/lib/python3.12/site-packages/airflow/example_dags/example_xcomargs.py took 0.098 seconds
[2025-02-01T07:50:33.860+0000] {processor.py:186} INFO - Started process (PID=2085) to work on /home/airflow/.local/lib/python3.12/site-packages/airflow/example_dags/example_xcomargs.py
[2025-02-01T07:50:33.861+0000] {processor.py:914} INFO - Processing file /home/airflow/.local/lib/python3.12/site-packages/airflow/example_dags/example_xcomargs.py for tasks to queue
[2025-02-01T07:50:33.864+0000] {logging_mixin.py:190} INFO - [2025-02-01T07:50:33.863+0000] {dagbag.py:588} INFO - Filling up the DagBag from /home/airflow/.local/lib/python3.12/site-packages/airflow/example_dags/example_xcomargs.py
[2025-02-01T07:50:33.876+0000] {processor.py:925} INFO - DAG(s) 'example_xcom_args', 'example_xcom_args_with_operators' retrieved from /home/airflow/.local/lib/python3.12/site-packages/airflow/example_dags/example_xcomargs.py
[2025-02-01T07:50:33.903+0000] {logging_mixin.py:190} INFO - [2025-02-01T07:50:33.903+0000] {dag.py:3239} INFO - Sync 2 DAGs
[2025-02-01T07:50:33.919+0000] {logging_mixin.py:190} INFO - [2025-02-01T07:50:33.919+0000] {dag.py:4180} INFO - Setting next_dagrun for example_xcom_args to None, run_after=None
[2025-02-01T07:50:33.925+0000] {logging_mixin.py:190} INFO - [2025-02-01T07:50:33.924+0000] {dag.py:4180} INFO - Setting next_dagrun for example_xcom_args_with_operators to None, run_after=None
[2025-02-01T07:50:33.951+0000] {processor.py:208} INFO - Processing /home/airflow/.local/lib/python3.12/site-packages/airflow/example_dags/example_xcomargs.py took 0.098 seconds
[2025-02-01T07:51:04.280+0000] {processor.py:186} INFO - Started process (PID=2148) to work on /home/airflow/.local/lib/python3.12/site-packages/airflow/example_dags/example_xcomargs.py
[2025-02-01T07:51:04.281+0000] {processor.py:914} INFO - Processing file /home/airflow/.local/lib/python3.12/site-packages/airflow/example_dags/example_xcomargs.py for tasks to queue
[2025-02-01T07:51:04.284+0000] {logging_mixin.py:190} INFO - [2025-02-01T07:51:04.284+0000] {dagbag.py:588} INFO - Filling up the DagBag from /home/airflow/.local/lib/python3.12/site-packages/airflow/example_dags/example_xcomargs.py
[2025-02-01T07:51:04.297+0000] {processor.py:925} INFO - DAG(s) 'example_xcom_args_with_operators', 'example_xcom_args' retrieved from /home/airflow/.local/lib/python3.12/site-packages/airflow/example_dags/example_xcomargs.py
[2025-02-01T07:51:04.328+0000] {logging_mixin.py:190} INFO - [2025-02-01T07:51:04.328+0000] {dag.py:3239} INFO - Sync 2 DAGs
[2025-02-01T07:51:04.346+0000] {logging_mixin.py:190} INFO - [2025-02-01T07:51:04.345+0000] {dag.py:4180} INFO - Setting next_dagrun for example_xcom_args to None, run_after=None
[2025-02-01T07:51:04.351+0000] {logging_mixin.py:190} INFO - [2025-02-01T07:51:04.351+0000] {dag.py:4180} INFO - Setting next_dagrun for example_xcom_args_with_operators to None, run_after=None
[2025-02-01T07:51:04.376+0000] {processor.py:208} INFO - Processing /home/airflow/.local/lib/python3.12/site-packages/airflow/example_dags/example_xcomargs.py took 0.104 seconds
[2025-02-01T07:51:34.625+0000] {processor.py:186} INFO - Started process (PID=2212) to work on /home/airflow/.local/lib/python3.12/site-packages/airflow/example_dags/example_xcomargs.py
[2025-02-01T07:51:34.628+0000] {processor.py:914} INFO - Processing file /home/airflow/.local/lib/python3.12/site-packages/airflow/example_dags/example_xcomargs.py for tasks to queue
[2025-02-01T07:51:34.634+0000] {logging_mixin.py:190} INFO - [2025-02-01T07:51:34.633+0000] {dagbag.py:588} INFO - Filling up the DagBag from /home/airflow/.local/lib/python3.12/site-packages/airflow/example_dags/example_xcomargs.py
[2025-02-01T07:51:34.667+0000] {processor.py:925} INFO - DAG(s) 'example_xcom_args', 'example_xcom_args_with_operators' retrieved from /home/airflow/.local/lib/python3.12/site-packages/airflow/example_dags/example_xcomargs.py
[2025-02-01T07:51:34.721+0000] {logging_mixin.py:190} INFO - [2025-02-01T07:51:34.720+0000] {dag.py:3239} INFO - Sync 2 DAGs
[2025-02-01T07:51:34.761+0000] {logging_mixin.py:190} INFO - [2025-02-01T07:51:34.761+0000] {dag.py:4180} INFO - Setting next_dagrun for example_xcom_args to None, run_after=None
[2025-02-01T07:51:34.775+0000] {logging_mixin.py:190} INFO - [2025-02-01T07:51:34.774+0000] {dag.py:4180} INFO - Setting next_dagrun for example_xcom_args_with_operators to None, run_after=None
[2025-02-01T07:51:34.823+0000] {processor.py:208} INFO - Processing /home/airflow/.local/lib/python3.12/site-packages/airflow/example_dags/example_xcomargs.py took 0.217 seconds
[2025-02-01T07:52:05.644+0000] {processor.py:186} INFO - Started process (PID=2276) to work on /home/airflow/.local/lib/python3.12/site-packages/airflow/example_dags/example_xcomargs.py
[2025-02-01T07:52:05.645+0000] {processor.py:914} INFO - Processing file /home/airflow/.local/lib/python3.12/site-packages/airflow/example_dags/example_xcomargs.py for tasks to queue
[2025-02-01T07:52:05.649+0000] {logging_mixin.py:190} INFO - [2025-02-01T07:52:05.648+0000] {dagbag.py:588} INFO - Filling up the DagBag from /home/airflow/.local/lib/python3.12/site-packages/airflow/example_dags/example_xcomargs.py
[2025-02-01T07:52:05.660+0000] {processor.py:925} INFO - DAG(s) 'example_xcom_args_with_operators', 'example_xcom_args' retrieved from /home/airflow/.local/lib/python3.12/site-packages/airflow/example_dags/example_xcomargs.py
[2025-02-01T07:52:05.695+0000] {logging_mixin.py:190} INFO - [2025-02-01T07:52:05.695+0000] {dag.py:3239} INFO - Sync 2 DAGs
[2025-02-01T07:52:05.715+0000] {logging_mixin.py:190} INFO - [2025-02-01T07:52:05.715+0000] {dag.py:4180} INFO - Setting next_dagrun for example_xcom_args to None, run_after=None
[2025-02-01T07:52:05.720+0000] {logging_mixin.py:190} INFO - [2025-02-01T07:52:05.720+0000] {dag.py:4180} INFO - Setting next_dagrun for example_xcom_args_with_operators to None, run_after=None
[2025-02-01T07:52:05.742+0000] {processor.py:208} INFO - Processing /home/airflow/.local/lib/python3.12/site-packages/airflow/example_dags/example_xcomargs.py took 0.105 seconds
[2025-02-01T07:52:36.261+0000] {processor.py:186} INFO - Started process (PID=2339) to work on /home/airflow/.local/lib/python3.12/site-packages/airflow/example_dags/example_xcomargs.py
[2025-02-01T07:52:36.262+0000] {processor.py:914} INFO - Processing file /home/airflow/.local/lib/python3.12/site-packages/airflow/example_dags/example_xcomargs.py for tasks to queue
[2025-02-01T07:52:36.265+0000] {logging_mixin.py:190} INFO - [2025-02-01T07:52:36.265+0000] {dagbag.py:588} INFO - Filling up the DagBag from /home/airflow/.local/lib/python3.12/site-packages/airflow/example_dags/example_xcomargs.py
[2025-02-01T07:52:36.281+0000] {processor.py:925} INFO - DAG(s) 'example_xcom_args', 'example_xcom_args_with_operators' retrieved from /home/airflow/.local/lib/python3.12/site-packages/airflow/example_dags/example_xcomargs.py
[2025-02-01T07:52:36.306+0000] {logging_mixin.py:190} INFO - [2025-02-01T07:52:36.306+0000] {dag.py:3239} INFO - Sync 2 DAGs
[2025-02-01T07:52:36.323+0000] {logging_mixin.py:190} INFO - [2025-02-01T07:52:36.323+0000] {dag.py:4180} INFO - Setting next_dagrun for example_xcom_args to None, run_after=None
[2025-02-01T07:52:36.328+0000] {logging_mixin.py:190} INFO - [2025-02-01T07:52:36.328+0000] {dag.py:4180} INFO - Setting next_dagrun for example_xcom_args_with_operators to None, run_after=None
[2025-02-01T07:52:36.349+0000] {processor.py:208} INFO - Processing /home/airflow/.local/lib/python3.12/site-packages/airflow/example_dags/example_xcomargs.py took 0.094 seconds
[2025-02-01T07:53:06.571+0000] {processor.py:186} INFO - Started process (PID=2403) to work on /home/airflow/.local/lib/python3.12/site-packages/airflow/example_dags/example_xcomargs.py
[2025-02-01T07:53:06.573+0000] {processor.py:914} INFO - Processing file /home/airflow/.local/lib/python3.12/site-packages/airflow/example_dags/example_xcomargs.py for tasks to queue
[2025-02-01T07:53:06.576+0000] {logging_mixin.py:190} INFO - [2025-02-01T07:53:06.576+0000] {dagbag.py:588} INFO - Filling up the DagBag from /home/airflow/.local/lib/python3.12/site-packages/airflow/example_dags/example_xcomargs.py
[2025-02-01T07:53:06.590+0000] {processor.py:925} INFO - DAG(s) 'example_xcom_args', 'example_xcom_args_with_operators' retrieved from /home/airflow/.local/lib/python3.12/site-packages/airflow/example_dags/example_xcomargs.py
[2025-02-01T07:53:06.622+0000] {logging_mixin.py:190} INFO - [2025-02-01T07:53:06.622+0000] {dag.py:3239} INFO - Sync 2 DAGs
[2025-02-01T07:53:06.645+0000] {logging_mixin.py:190} INFO - [2025-02-01T07:53:06.645+0000] {dag.py:4180} INFO - Setting next_dagrun for example_xcom_args to None, run_after=None
[2025-02-01T07:53:06.650+0000] {logging_mixin.py:190} INFO - [2025-02-01T07:53:06.650+0000] {dag.py:4180} INFO - Setting next_dagrun for example_xcom_args_with_operators to None, run_after=None
[2025-02-01T07:53:06.675+0000] {processor.py:208} INFO - Processing /home/airflow/.local/lib/python3.12/site-packages/airflow/example_dags/example_xcomargs.py took 0.111 seconds
[2025-02-01T07:53:36.849+0000] {processor.py:186} INFO - Started process (PID=2467) to work on /home/airflow/.local/lib/python3.12/site-packages/airflow/example_dags/example_xcomargs.py
[2025-02-01T07:53:36.850+0000] {processor.py:914} INFO - Processing file /home/airflow/.local/lib/python3.12/site-packages/airflow/example_dags/example_xcomargs.py for tasks to queue
[2025-02-01T07:53:36.853+0000] {logging_mixin.py:190} INFO - [2025-02-01T07:53:36.853+0000] {dagbag.py:588} INFO - Filling up the DagBag from /home/airflow/.local/lib/python3.12/site-packages/airflow/example_dags/example_xcomargs.py
[2025-02-01T07:53:36.867+0000] {processor.py:925} INFO - DAG(s) 'example_xcom_args', 'example_xcom_args_with_operators' retrieved from /home/airflow/.local/lib/python3.12/site-packages/airflow/example_dags/example_xcomargs.py
[2025-02-01T07:53:36.898+0000] {logging_mixin.py:190} INFO - [2025-02-01T07:53:36.898+0000] {dag.py:3239} INFO - Sync 2 DAGs
[2025-02-01T07:53:36.918+0000] {logging_mixin.py:190} INFO - [2025-02-01T07:53:36.918+0000] {dag.py:4180} INFO - Setting next_dagrun for example_xcom_args to None, run_after=None
[2025-02-01T07:53:36.924+0000] {logging_mixin.py:190} INFO - [2025-02-01T07:53:36.923+0000] {dag.py:4180} INFO - Setting next_dagrun for example_xcom_args_with_operators to None, run_after=None
[2025-02-01T07:53:36.951+0000] {processor.py:208} INFO - Processing /home/airflow/.local/lib/python3.12/site-packages/airflow/example_dags/example_xcomargs.py took 0.110 seconds
[2025-02-01T07:54:07.463+0000] {processor.py:186} INFO - Started process (PID=2531) to work on /home/airflow/.local/lib/python3.12/site-packages/airflow/example_dags/example_xcomargs.py
[2025-02-01T07:54:07.464+0000] {processor.py:914} INFO - Processing file /home/airflow/.local/lib/python3.12/site-packages/airflow/example_dags/example_xcomargs.py for tasks to queue
[2025-02-01T07:54:07.466+0000] {logging_mixin.py:190} INFO - [2025-02-01T07:54:07.466+0000] {dagbag.py:588} INFO - Filling up the DagBag from /home/airflow/.local/lib/python3.12/site-packages/airflow/example_dags/example_xcomargs.py
[2025-02-01T07:54:07.476+0000] {processor.py:925} INFO - DAG(s) 'example_xcom_args', 'example_xcom_args_with_operators' retrieved from /home/airflow/.local/lib/python3.12/site-packages/airflow/example_dags/example_xcomargs.py
[2025-02-01T07:54:07.499+0000] {logging_mixin.py:190} INFO - [2025-02-01T07:54:07.499+0000] {dag.py:3239} INFO - Sync 2 DAGs
[2025-02-01T07:54:07.515+0000] {logging_mixin.py:190} INFO - [2025-02-01T07:54:07.515+0000] {dag.py:4180} INFO - Setting next_dagrun for example_xcom_args to None, run_after=None
[2025-02-01T07:54:07.520+0000] {logging_mixin.py:190} INFO - [2025-02-01T07:54:07.520+0000] {dag.py:4180} INFO - Setting next_dagrun for example_xcom_args_with_operators to None, run_after=None
[2025-02-01T07:54:07.540+0000] {processor.py:208} INFO - Processing /home/airflow/.local/lib/python3.12/site-packages/airflow/example_dags/example_xcomargs.py took 0.083 seconds
[2025-02-01T07:54:38.372+0000] {processor.py:186} INFO - Started process (PID=2595) to work on /home/airflow/.local/lib/python3.12/site-packages/airflow/example_dags/example_xcomargs.py
[2025-02-01T07:54:38.374+0000] {processor.py:914} INFO - Processing file /home/airflow/.local/lib/python3.12/site-packages/airflow/example_dags/example_xcomargs.py for tasks to queue
[2025-02-01T07:54:38.376+0000] {logging_mixin.py:190} INFO - [2025-02-01T07:54:38.376+0000] {dagbag.py:588} INFO - Filling up the DagBag from /home/airflow/.local/lib/python3.12/site-packages/airflow/example_dags/example_xcomargs.py
[2025-02-01T07:54:38.390+0000] {processor.py:925} INFO - DAG(s) 'example_xcom_args_with_operators', 'example_xcom_args' retrieved from /home/airflow/.local/lib/python3.12/site-packages/airflow/example_dags/example_xcomargs.py
[2025-02-01T07:54:38.418+0000] {logging_mixin.py:190} INFO - [2025-02-01T07:54:38.417+0000] {dag.py:3239} INFO - Sync 2 DAGs
[2025-02-01T07:54:38.437+0000] {logging_mixin.py:190} INFO - [2025-02-01T07:54:38.437+0000] {dag.py:4180} INFO - Setting next_dagrun for example_xcom_args to None, run_after=None
[2025-02-01T07:54:38.442+0000] {logging_mixin.py:190} INFO - [2025-02-01T07:54:38.442+0000] {dag.py:4180} INFO - Setting next_dagrun for example_xcom_args_with_operators to None, run_after=None
[2025-02-01T07:54:38.463+0000] {processor.py:208} INFO - Processing /home/airflow/.local/lib/python3.12/site-packages/airflow/example_dags/example_xcomargs.py took 0.099 seconds
[2025-02-01T07:55:08.739+0000] {processor.py:186} INFO - Started process (PID=2659) to work on /home/airflow/.local/lib/python3.12/site-packages/airflow/example_dags/example_xcomargs.py
[2025-02-01T07:55:08.741+0000] {processor.py:914} INFO - Processing file /home/airflow/.local/lib/python3.12/site-packages/airflow/example_dags/example_xcomargs.py for tasks to queue
[2025-02-01T07:55:08.744+0000] {logging_mixin.py:190} INFO - [2025-02-01T07:55:08.744+0000] {dagbag.py:588} INFO - Filling up the DagBag from /home/airflow/.local/lib/python3.12/site-packages/airflow/example_dags/example_xcomargs.py
[2025-02-01T07:55:08.759+0000] {processor.py:925} INFO - DAG(s) 'example_xcom_args', 'example_xcom_args_with_operators' retrieved from /home/airflow/.local/lib/python3.12/site-packages/airflow/example_dags/example_xcomargs.py
[2025-02-01T07:55:08.791+0000] {logging_mixin.py:190} INFO - [2025-02-01T07:55:08.791+0000] {dag.py:3239} INFO - Sync 2 DAGs
[2025-02-01T07:55:08.813+0000] {logging_mixin.py:190} INFO - [2025-02-01T07:55:08.812+0000] {dag.py:4180} INFO - Setting next_dagrun for example_xcom_args to None, run_after=None
[2025-02-01T07:55:08.818+0000] {logging_mixin.py:190} INFO - [2025-02-01T07:55:08.818+0000] {dag.py:4180} INFO - Setting next_dagrun for example_xcom_args_with_operators to None, run_after=None
[2025-02-01T07:55:08.844+0000] {processor.py:208} INFO - Processing /home/airflow/.local/lib/python3.12/site-packages/airflow/example_dags/example_xcomargs.py took 0.115 seconds
[2025-02-01T07:55:39.006+0000] {processor.py:186} INFO - Started process (PID=2723) to work on /home/airflow/.local/lib/python3.12/site-packages/airflow/example_dags/example_xcomargs.py
[2025-02-01T07:55:39.007+0000] {processor.py:914} INFO - Processing file /home/airflow/.local/lib/python3.12/site-packages/airflow/example_dags/example_xcomargs.py for tasks to queue
[2025-02-01T07:55:39.011+0000] {logging_mixin.py:190} INFO - [2025-02-01T07:55:39.010+0000] {dagbag.py:588} INFO - Filling up the DagBag from /home/airflow/.local/lib/python3.12/site-packages/airflow/example_dags/example_xcomargs.py
[2025-02-01T07:55:39.024+0000] {processor.py:925} INFO - DAG(s) 'example_xcom_args_with_operators', 'example_xcom_args' retrieved from /home/airflow/.local/lib/python3.12/site-packages/airflow/example_dags/example_xcomargs.py
[2025-02-01T07:55:39.050+0000] {logging_mixin.py:190} INFO - [2025-02-01T07:55:39.049+0000] {dag.py:3239} INFO - Sync 2 DAGs
[2025-02-01T07:55:39.067+0000] {logging_mixin.py:190} INFO - [2025-02-01T07:55:39.067+0000] {dag.py:4180} INFO - Setting next_dagrun for example_xcom_args to None, run_after=None
[2025-02-01T07:55:39.072+0000] {logging_mixin.py:190} INFO - [2025-02-01T07:55:39.072+0000] {dag.py:4180} INFO - Setting next_dagrun for example_xcom_args_with_operators to None, run_after=None
[2025-02-01T07:55:39.093+0000] {processor.py:208} INFO - Processing /home/airflow/.local/lib/python3.12/site-packages/airflow/example_dags/example_xcomargs.py took 0.095 seconds
[2025-02-01T07:56:09.258+0000] {processor.py:186} INFO - Started process (PID=2787) to work on /home/airflow/.local/lib/python3.12/site-packages/airflow/example_dags/example_xcomargs.py
[2025-02-01T07:56:09.259+0000] {processor.py:914} INFO - Processing file /home/airflow/.local/lib/python3.12/site-packages/airflow/example_dags/example_xcomargs.py for tasks to queue
[2025-02-01T07:56:09.263+0000] {logging_mixin.py:190} INFO - [2025-02-01T07:56:09.263+0000] {dagbag.py:588} INFO - Filling up the DagBag from /home/airflow/.local/lib/python3.12/site-packages/airflow/example_dags/example_xcomargs.py
[2025-02-01T07:56:09.278+0000] {processor.py:925} INFO - DAG(s) 'example_xcom_args_with_operators', 'example_xcom_args' retrieved from /home/airflow/.local/lib/python3.12/site-packages/airflow/example_dags/example_xcomargs.py
[2025-02-01T07:56:09.304+0000] {logging_mixin.py:190} INFO - [2025-02-01T07:56:09.303+0000] {dag.py:3239} INFO - Sync 2 DAGs
[2025-02-01T07:56:09.320+0000] {logging_mixin.py:190} INFO - [2025-02-01T07:56:09.320+0000] {dag.py:4180} INFO - Setting next_dagrun for example_xcom_args to None, run_after=None
[2025-02-01T07:56:09.325+0000] {logging_mixin.py:190} INFO - [2025-02-01T07:56:09.325+0000] {dag.py:4180} INFO - Setting next_dagrun for example_xcom_args_with_operators to None, run_after=None
[2025-02-01T07:56:09.346+0000] {processor.py:208} INFO - Processing /home/airflow/.local/lib/python3.12/site-packages/airflow/example_dags/example_xcomargs.py took 0.096 seconds
[2025-02-01T07:56:39.804+0000] {processor.py:186} INFO - Started process (PID=2851) to work on /home/airflow/.local/lib/python3.12/site-packages/airflow/example_dags/example_xcomargs.py
[2025-02-01T07:56:39.806+0000] {processor.py:914} INFO - Processing file /home/airflow/.local/lib/python3.12/site-packages/airflow/example_dags/example_xcomargs.py for tasks to queue
[2025-02-01T07:56:39.810+0000] {logging_mixin.py:190} INFO - [2025-02-01T07:56:39.810+0000] {dagbag.py:588} INFO - Filling up the DagBag from /home/airflow/.local/lib/python3.12/site-packages/airflow/example_dags/example_xcomargs.py
[2025-02-01T07:56:39.832+0000] {processor.py:925} INFO - DAG(s) 'example_xcom_args', 'example_xcom_args_with_operators' retrieved from /home/airflow/.local/lib/python3.12/site-packages/airflow/example_dags/example_xcomargs.py
[2025-02-01T07:56:39.874+0000] {logging_mixin.py:190} INFO - [2025-02-01T07:56:39.874+0000] {dag.py:3239} INFO - Sync 2 DAGs
[2025-02-01T07:56:39.902+0000] {logging_mixin.py:190} INFO - [2025-02-01T07:56:39.902+0000] {dag.py:4180} INFO - Setting next_dagrun for example_xcom_args to None, run_after=None
[2025-02-01T07:56:39.910+0000] {logging_mixin.py:190} INFO - [2025-02-01T07:56:39.909+0000] {dag.py:4180} INFO - Setting next_dagrun for example_xcom_args_with_operators to None, run_after=None
[2025-02-01T07:56:39.952+0000] {processor.py:208} INFO - Processing /home/airflow/.local/lib/python3.12/site-packages/airflow/example_dags/example_xcomargs.py took 0.160 seconds
[2025-02-01T07:57:09.996+0000] {processor.py:186} INFO - Started process (PID=2915) to work on /home/airflow/.local/lib/python3.12/site-packages/airflow/example_dags/example_xcomargs.py
[2025-02-01T07:57:09.997+0000] {processor.py:914} INFO - Processing file /home/airflow/.local/lib/python3.12/site-packages/airflow/example_dags/example_xcomargs.py for tasks to queue
[2025-02-01T07:57:09.999+0000] {logging_mixin.py:190} INFO - [2025-02-01T07:57:09.999+0000] {dagbag.py:588} INFO - Filling up the DagBag from /home/airflow/.local/lib/python3.12/site-packages/airflow/example_dags/example_xcomargs.py
[2025-02-01T07:57:10.008+0000] {processor.py:925} INFO - DAG(s) 'example_xcom_args_with_operators', 'example_xcom_args' retrieved from /home/airflow/.local/lib/python3.12/site-packages/airflow/example_dags/example_xcomargs.py
[2025-02-01T07:57:10.031+0000] {logging_mixin.py:190} INFO - [2025-02-01T07:57:10.030+0000] {dag.py:3239} INFO - Sync 2 DAGs
[2025-02-01T07:57:10.044+0000] {logging_mixin.py:190} INFO - [2025-02-01T07:57:10.044+0000] {dag.py:4180} INFO - Setting next_dagrun for example_xcom_args to None, run_after=None
[2025-02-01T07:57:10.048+0000] {logging_mixin.py:190} INFO - [2025-02-01T07:57:10.048+0000] {dag.py:4180} INFO - Setting next_dagrun for example_xcom_args_with_operators to None, run_after=None
[2025-02-01T07:57:10.067+0000] {processor.py:208} INFO - Processing /home/airflow/.local/lib/python3.12/site-packages/airflow/example_dags/example_xcomargs.py took 0.076 seconds
[2025-02-01T07:57:40.225+0000] {processor.py:186} INFO - Started process (PID=2979) to work on /home/airflow/.local/lib/python3.12/site-packages/airflow/example_dags/example_xcomargs.py
[2025-02-01T07:57:40.226+0000] {processor.py:914} INFO - Processing file /home/airflow/.local/lib/python3.12/site-packages/airflow/example_dags/example_xcomargs.py for tasks to queue
[2025-02-01T07:57:40.228+0000] {logging_mixin.py:190} INFO - [2025-02-01T07:57:40.228+0000] {dagbag.py:588} INFO - Filling up the DagBag from /home/airflow/.local/lib/python3.12/site-packages/airflow/example_dags/example_xcomargs.py
[2025-02-01T07:57:40.239+0000] {processor.py:925} INFO - DAG(s) 'example_xcom_args', 'example_xcom_args_with_operators' retrieved from /home/airflow/.local/lib/python3.12/site-packages/airflow/example_dags/example_xcomargs.py
[2025-02-01T07:57:40.264+0000] {logging_mixin.py:190} INFO - [2025-02-01T07:57:40.264+0000] {dag.py:3239} INFO - Sync 2 DAGs
[2025-02-01T07:57:40.280+0000] {logging_mixin.py:190} INFO - [2025-02-01T07:57:40.279+0000] {dag.py:4180} INFO - Setting next_dagrun for example_xcom_args to None, run_after=None
[2025-02-01T07:57:40.284+0000] {logging_mixin.py:190} INFO - [2025-02-01T07:57:40.284+0000] {dag.py:4180} INFO - Setting next_dagrun for example_xcom_args_with_operators to None, run_after=None
[2025-02-01T07:57:40.305+0000] {processor.py:208} INFO - Processing /home/airflow/.local/lib/python3.12/site-packages/airflow/example_dags/example_xcomargs.py took 0.087 seconds
[2025-02-01T07:58:12.286+0000] {processor.py:186} INFO - Started process (PID=3043) to work on /home/airflow/.local/lib/python3.12/site-packages/airflow/example_dags/example_xcomargs.py
[2025-02-01T07:58:12.288+0000] {processor.py:914} INFO - Processing file /home/airflow/.local/lib/python3.12/site-packages/airflow/example_dags/example_xcomargs.py for tasks to queue
[2025-02-01T07:58:12.294+0000] {logging_mixin.py:190} INFO - [2025-02-01T07:58:12.294+0000] {dagbag.py:588} INFO - Filling up the DagBag from /home/airflow/.local/lib/python3.12/site-packages/airflow/example_dags/example_xcomargs.py
[2025-02-01T07:58:12.317+0000] {processor.py:925} INFO - DAG(s) 'example_xcom_args_with_operators', 'example_xcom_args' retrieved from /home/airflow/.local/lib/python3.12/site-packages/airflow/example_dags/example_xcomargs.py
[2025-02-01T07:58:12.378+0000] {logging_mixin.py:190} INFO - [2025-02-01T07:58:12.377+0000] {dag.py:3239} INFO - Sync 2 DAGs
[2025-02-01T07:58:12.429+0000] {logging_mixin.py:190} INFO - [2025-02-01T07:58:12.429+0000] {dag.py:4180} INFO - Setting next_dagrun for example_xcom_args to None, run_after=None
[2025-02-01T07:58:12.449+0000] {logging_mixin.py:190} INFO - [2025-02-01T07:58:12.448+0000] {dag.py:4180} INFO - Setting next_dagrun for example_xcom_args_with_operators to None, run_after=None
[2025-02-01T07:58:12.514+0000] {processor.py:208} INFO - Processing /home/airflow/.local/lib/python3.12/site-packages/airflow/example_dags/example_xcomargs.py took 0.244 seconds
[2025-02-01T07:58:42.603+0000] {processor.py:186} INFO - Started process (PID=3107) to work on /home/airflow/.local/lib/python3.12/site-packages/airflow/example_dags/example_xcomargs.py
[2025-02-01T07:58:42.605+0000] {processor.py:914} INFO - Processing file /home/airflow/.local/lib/python3.12/site-packages/airflow/example_dags/example_xcomargs.py for tasks to queue
[2025-02-01T07:58:42.608+0000] {logging_mixin.py:190} INFO - [2025-02-01T07:58:42.608+0000] {dagbag.py:588} INFO - Filling up the DagBag from /home/airflow/.local/lib/python3.12/site-packages/airflow/example_dags/example_xcomargs.py
[2025-02-01T07:58:42.624+0000] {processor.py:925} INFO - DAG(s) 'example_xcom_args_with_operators', 'example_xcom_args' retrieved from /home/airflow/.local/lib/python3.12/site-packages/airflow/example_dags/example_xcomargs.py
[2025-02-01T07:58:42.663+0000] {logging_mixin.py:190} INFO - [2025-02-01T07:58:42.662+0000] {dag.py:3239} INFO - Sync 2 DAGs
[2025-02-01T07:58:42.686+0000] {logging_mixin.py:190} INFO - [2025-02-01T07:58:42.686+0000] {dag.py:4180} INFO - Setting next_dagrun for example_xcom_args to None, run_after=None
[2025-02-01T07:58:42.693+0000] {logging_mixin.py:190} INFO - [2025-02-01T07:58:42.693+0000] {dag.py:4180} INFO - Setting next_dagrun for example_xcom_args_with_operators to None, run_after=None
[2025-02-01T07:58:42.724+0000] {processor.py:208} INFO - Processing /home/airflow/.local/lib/python3.12/site-packages/airflow/example_dags/example_xcomargs.py took 0.130 seconds
[2025-02-01T07:59:12.882+0000] {processor.py:186} INFO - Started process (PID=3170) to work on /home/airflow/.local/lib/python3.12/site-packages/airflow/example_dags/example_xcomargs.py
[2025-02-01T07:59:12.884+0000] {processor.py:914} INFO - Processing file /home/airflow/.local/lib/python3.12/site-packages/airflow/example_dags/example_xcomargs.py for tasks to queue
[2025-02-01T07:59:12.889+0000] {logging_mixin.py:190} INFO - [2025-02-01T07:59:12.888+0000] {dagbag.py:588} INFO - Filling up the DagBag from /home/airflow/.local/lib/python3.12/site-packages/airflow/example_dags/example_xcomargs.py
[2025-02-01T07:59:12.906+0000] {processor.py:925} INFO - DAG(s) 'example_xcom_args', 'example_xcom_args_with_operators' retrieved from /home/airflow/.local/lib/python3.12/site-packages/airflow/example_dags/example_xcomargs.py
[2025-02-01T07:59:12.963+0000] {logging_mixin.py:190} INFO - [2025-02-01T07:59:12.963+0000] {dag.py:3239} INFO - Sync 2 DAGs
[2025-02-01T07:59:12.995+0000] {logging_mixin.py:190} INFO - [2025-02-01T07:59:12.994+0000] {dag.py:4180} INFO - Setting next_dagrun for example_xcom_args to None, run_after=None
[2025-02-01T07:59:13.001+0000] {logging_mixin.py:190} INFO - [2025-02-01T07:59:13.001+0000] {dag.py:4180} INFO - Setting next_dagrun for example_xcom_args_with_operators to None, run_after=None
[2025-02-01T07:59:13.033+0000] {processor.py:208} INFO - Processing /home/airflow/.local/lib/python3.12/site-packages/airflow/example_dags/example_xcomargs.py took 0.162 seconds
[2025-02-01T07:59:43.392+0000] {processor.py:186} INFO - Started process (PID=3234) to work on /home/airflow/.local/lib/python3.12/site-packages/airflow/example_dags/example_xcomargs.py
[2025-02-01T07:59:43.394+0000] {processor.py:914} INFO - Processing file /home/airflow/.local/lib/python3.12/site-packages/airflow/example_dags/example_xcomargs.py for tasks to queue
[2025-02-01T07:59:43.400+0000] {logging_mixin.py:190} INFO - [2025-02-01T07:59:43.400+0000] {dagbag.py:588} INFO - Filling up the DagBag from /home/airflow/.local/lib/python3.12/site-packages/airflow/example_dags/example_xcomargs.py
[2025-02-01T07:59:43.424+0000] {processor.py:925} INFO - DAG(s) 'example_xcom_args_with_operators', 'example_xcom_args' retrieved from /home/airflow/.local/lib/python3.12/site-packages/airflow/example_dags/example_xcomargs.py
[2025-02-01T07:59:43.464+0000] {logging_mixin.py:190} INFO - [2025-02-01T07:59:43.464+0000] {dag.py:3239} INFO - Sync 2 DAGs
[2025-02-01T07:59:43.496+0000] {logging_mixin.py:190} INFO - [2025-02-01T07:59:43.495+0000] {dag.py:4180} INFO - Setting next_dagrun for example_xcom_args to None, run_after=None
[2025-02-01T07:59:43.505+0000] {logging_mixin.py:190} INFO - [2025-02-01T07:59:43.504+0000] {dag.py:4180} INFO - Setting next_dagrun for example_xcom_args_with_operators to None, run_after=None
[2025-02-01T07:59:43.534+0000] {processor.py:208} INFO - Processing /home/airflow/.local/lib/python3.12/site-packages/airflow/example_dags/example_xcomargs.py took 0.153 seconds
[2025-02-01T08:00:14.255+0000] {processor.py:186} INFO - Started process (PID=3298) to work on /home/airflow/.local/lib/python3.12/site-packages/airflow/example_dags/example_xcomargs.py
[2025-02-01T08:00:14.257+0000] {processor.py:914} INFO - Processing file /home/airflow/.local/lib/python3.12/site-packages/airflow/example_dags/example_xcomargs.py for tasks to queue
[2025-02-01T08:00:14.263+0000] {logging_mixin.py:190} INFO - [2025-02-01T08:00:14.262+0000] {dagbag.py:588} INFO - Filling up the DagBag from /home/airflow/.local/lib/python3.12/site-packages/airflow/example_dags/example_xcomargs.py
[2025-02-01T08:00:14.288+0000] {processor.py:925} INFO - DAG(s) 'example_xcom_args_with_operators', 'example_xcom_args' retrieved from /home/airflow/.local/lib/python3.12/site-packages/airflow/example_dags/example_xcomargs.py
[2025-02-01T08:00:14.344+0000] {logging_mixin.py:190} INFO - [2025-02-01T08:00:14.343+0000] {dag.py:3239} INFO - Sync 2 DAGs
[2025-02-01T08:00:14.389+0000] {logging_mixin.py:190} INFO - [2025-02-01T08:00:14.388+0000] {dag.py:4180} INFO - Setting next_dagrun for example_xcom_args to None, run_after=None
[2025-02-01T08:00:14.402+0000] {logging_mixin.py:190} INFO - [2025-02-01T08:00:14.401+0000] {dag.py:4180} INFO - Setting next_dagrun for example_xcom_args_with_operators to None, run_after=None
[2025-02-01T08:00:14.447+0000] {processor.py:208} INFO - Processing /home/airflow/.local/lib/python3.12/site-packages/airflow/example_dags/example_xcomargs.py took 0.203 seconds
