[2025-02-01T07:34:43.269+0000] {processor.py:186} INFO - Started process (PID=127) to work on /home/airflow/.local/lib/python3.12/site-packages/airflow/example_dags/example_display_name.py
[2025-02-01T07:34:43.271+0000] {processor.py:914} INFO - Processing file /home/airflow/.local/lib/python3.12/site-packages/airflow/example_dags/example_display_name.py for tasks to queue
[2025-02-01T07:34:43.279+0000] {logging_mixin.py:190} INFO - [2025-02-01T07:34:43.277+0000] {dagbag.py:588} INFO - Filling up the DagBag from /home/airflow/.local/lib/python3.12/site-packages/airflow/example_dags/example_display_name.py
[2025-02-01T07:34:43.298+0000] {processor.py:925} INFO - DAG(s) 'example_display_name' retrieved from /home/airflow/.local/lib/python3.12/site-packages/airflow/example_dags/example_display_name.py
[2025-02-01T07:34:43.530+0000] {logging_mixin.py:190} INFO - [2025-02-01T07:34:43.528+0000] {override.py:1911} INFO - Created Permission View: can edit on DAG:example_display_name
[2025-02-01T07:34:43.553+0000] {logging_mixin.py:190} INFO - [2025-02-01T07:34:43.552+0000] {override.py:1911} INFO - Created Permission View: can delete on DAG:example_display_name
[2025-02-01T07:34:43.570+0000] {logging_mixin.py:190} INFO - [2025-02-01T07:34:43.569+0000] {override.py:1911} INFO - Created Permission View: can read on DAG:example_display_name
[2025-02-01T07:34:43.587+0000] {logging_mixin.py:190} INFO - [2025-02-01T07:34:43.586+0000] {override.py:1911} INFO - Created Permission View: can create on DAG Run:example_display_name
[2025-02-01T07:34:43.608+0000] {logging_mixin.py:190} INFO - [2025-02-01T07:34:43.607+0000] {override.py:1911} INFO - Created Permission View: can delete on DAG Run:example_display_name
[2025-02-01T07:34:43.623+0000] {logging_mixin.py:190} INFO - [2025-02-01T07:34:43.622+0000] {override.py:1911} INFO - Created Permission View: menu access on DAG Run:example_display_name
[2025-02-01T07:34:43.636+0000] {logging_mixin.py:190} INFO - [2025-02-01T07:34:43.636+0000] {override.py:1911} INFO - Created Permission View: can read on DAG Run:example_display_name
[2025-02-01T07:34:43.638+0000] {logging_mixin.py:190} INFO - [2025-02-01T07:34:43.637+0000] {dag.py:3239} INFO - Sync 1 DAGs
[2025-02-01T07:34:43.669+0000] {logging_mixin.py:190} INFO - [2025-02-01T07:34:43.668+0000] {dag.py:3262} INFO - Creating ORM DAG for example_display_name
[2025-02-01T07:34:43.670+0000] {logging_mixin.py:190} INFO - [2025-02-01T07:34:43.670+0000] {dag.py:4180} INFO - Setting next_dagrun for example_display_name to None, run_after=None
[2025-02-01T07:34:43.710+0000] {processor.py:208} INFO - Processing /home/airflow/.local/lib/python3.12/site-packages/airflow/example_dags/example_display_name.py took 0.453 seconds
[2025-02-01T07:35:14.119+0000] {processor.py:186} INFO - Started process (PID=190) to work on /home/airflow/.local/lib/python3.12/site-packages/airflow/example_dags/example_display_name.py
[2025-02-01T07:35:14.122+0000] {processor.py:914} INFO - Processing file /home/airflow/.local/lib/python3.12/site-packages/airflow/example_dags/example_display_name.py for tasks to queue
[2025-02-01T07:35:14.130+0000] {logging_mixin.py:190} INFO - [2025-02-01T07:35:14.129+0000] {dagbag.py:588} INFO - Filling up the DagBag from /home/airflow/.local/lib/python3.12/site-packages/airflow/example_dags/example_display_name.py
[2025-02-01T07:35:14.156+0000] {processor.py:925} INFO - DAG(s) 'example_display_name' retrieved from /home/airflow/.local/lib/python3.12/site-packages/airflow/example_dags/example_display_name.py
[2025-02-01T07:35:14.248+0000] {logging_mixin.py:190} INFO - [2025-02-01T07:35:14.248+0000] {dag.py:3239} INFO - Sync 1 DAGs
[2025-02-01T07:35:14.337+0000] {logging_mixin.py:190} INFO - [2025-02-01T07:35:14.336+0000] {dag.py:4180} INFO - Setting next_dagrun for example_display_name to None, run_after=None
[2025-02-01T07:35:14.415+0000] {processor.py:208} INFO - Processing /home/airflow/.local/lib/python3.12/site-packages/airflow/example_dags/example_display_name.py took 0.320 seconds
[2025-02-01T07:35:47.540+0000] {processor.py:186} INFO - Started process (PID=260) to work on /home/airflow/.local/lib/python3.12/site-packages/airflow/example_dags/example_display_name.py
[2025-02-01T07:35:47.543+0000] {processor.py:914} INFO - Processing file /home/airflow/.local/lib/python3.12/site-packages/airflow/example_dags/example_display_name.py for tasks to queue
[2025-02-01T07:35:47.549+0000] {logging_mixin.py:190} INFO - [2025-02-01T07:35:47.548+0000] {dagbag.py:588} INFO - Filling up the DagBag from /home/airflow/.local/lib/python3.12/site-packages/airflow/example_dags/example_display_name.py
[2025-02-01T07:35:47.595+0000] {processor.py:925} INFO - DAG(s) 'example_display_name' retrieved from /home/airflow/.local/lib/python3.12/site-packages/airflow/example_dags/example_display_name.py
[2025-02-01T07:35:47.676+0000] {logging_mixin.py:190} INFO - [2025-02-01T07:35:47.675+0000] {dag.py:3239} INFO - Sync 1 DAGs
[2025-02-01T07:35:47.732+0000] {logging_mixin.py:190} INFO - [2025-02-01T07:35:47.731+0000] {dag.py:4180} INFO - Setting next_dagrun for example_display_name to None, run_after=None
[2025-02-01T07:35:47.793+0000] {processor.py:208} INFO - Processing /home/airflow/.local/lib/python3.12/site-packages/airflow/example_dags/example_display_name.py took 0.267 seconds
[2025-02-01T07:36:18.114+0000] {processor.py:186} INFO - Started process (PID=323) to work on /home/airflow/.local/lib/python3.12/site-packages/airflow/example_dags/example_display_name.py
[2025-02-01T07:36:18.116+0000] {processor.py:914} INFO - Processing file /home/airflow/.local/lib/python3.12/site-packages/airflow/example_dags/example_display_name.py for tasks to queue
[2025-02-01T07:36:18.121+0000] {logging_mixin.py:190} INFO - [2025-02-01T07:36:18.120+0000] {dagbag.py:588} INFO - Filling up the DagBag from /home/airflow/.local/lib/python3.12/site-packages/airflow/example_dags/example_display_name.py
[2025-02-01T07:36:18.137+0000] {processor.py:925} INFO - DAG(s) 'example_display_name' retrieved from /home/airflow/.local/lib/python3.12/site-packages/airflow/example_dags/example_display_name.py
[2025-02-01T07:36:18.187+0000] {logging_mixin.py:190} INFO - [2025-02-01T07:36:18.186+0000] {dag.py:3239} INFO - Sync 1 DAGs
[2025-02-01T07:36:18.219+0000] {logging_mixin.py:190} INFO - [2025-02-01T07:36:18.219+0000] {dag.py:4180} INFO - Setting next_dagrun for example_display_name to None, run_after=None
[2025-02-01T07:36:18.261+0000] {processor.py:208} INFO - Processing /home/airflow/.local/lib/python3.12/site-packages/airflow/example_dags/example_display_name.py took 0.163 seconds
[2025-02-01T07:36:48.383+0000] {processor.py:186} INFO - Started process (PID=386) to work on /home/airflow/.local/lib/python3.12/site-packages/airflow/example_dags/example_display_name.py
[2025-02-01T07:36:48.384+0000] {processor.py:914} INFO - Processing file /home/airflow/.local/lib/python3.12/site-packages/airflow/example_dags/example_display_name.py for tasks to queue
[2025-02-01T07:36:48.388+0000] {logging_mixin.py:190} INFO - [2025-02-01T07:36:48.387+0000] {dagbag.py:588} INFO - Filling up the DagBag from /home/airflow/.local/lib/python3.12/site-packages/airflow/example_dags/example_display_name.py
[2025-02-01T07:36:48.398+0000] {processor.py:925} INFO - DAG(s) 'example_display_name' retrieved from /home/airflow/.local/lib/python3.12/site-packages/airflow/example_dags/example_display_name.py
[2025-02-01T07:36:48.423+0000] {logging_mixin.py:190} INFO - [2025-02-01T07:36:48.423+0000] {dag.py:3239} INFO - Sync 1 DAGs
[2025-02-01T07:36:48.441+0000] {logging_mixin.py:190} INFO - [2025-02-01T07:36:48.441+0000] {dag.py:4180} INFO - Setting next_dagrun for example_display_name to None, run_after=None
[2025-02-01T07:36:48.469+0000] {processor.py:208} INFO - Processing /home/airflow/.local/lib/python3.12/site-packages/airflow/example_dags/example_display_name.py took 0.093 seconds
[2025-02-01T07:37:19.341+0000] {processor.py:186} INFO - Started process (PID=449) to work on /home/airflow/.local/lib/python3.12/site-packages/airflow/example_dags/example_display_name.py
[2025-02-01T07:37:19.343+0000] {processor.py:914} INFO - Processing file /home/airflow/.local/lib/python3.12/site-packages/airflow/example_dags/example_display_name.py for tasks to queue
[2025-02-01T07:37:19.346+0000] {logging_mixin.py:190} INFO - [2025-02-01T07:37:19.346+0000] {dagbag.py:588} INFO - Filling up the DagBag from /home/airflow/.local/lib/python3.12/site-packages/airflow/example_dags/example_display_name.py
[2025-02-01T07:37:19.357+0000] {processor.py:925} INFO - DAG(s) 'example_display_name' retrieved from /home/airflow/.local/lib/python3.12/site-packages/airflow/example_dags/example_display_name.py
[2025-02-01T07:37:19.384+0000] {logging_mixin.py:190} INFO - [2025-02-01T07:37:19.384+0000] {dag.py:3239} INFO - Sync 1 DAGs
[2025-02-01T07:37:19.402+0000] {logging_mixin.py:190} INFO - [2025-02-01T07:37:19.401+0000] {dag.py:4180} INFO - Setting next_dagrun for example_display_name to None, run_after=None
[2025-02-01T07:37:19.432+0000] {processor.py:208} INFO - Processing /home/airflow/.local/lib/python3.12/site-packages/airflow/example_dags/example_display_name.py took 0.098 seconds
[2025-02-01T07:37:50.034+0000] {processor.py:186} INFO - Started process (PID=512) to work on /home/airflow/.local/lib/python3.12/site-packages/airflow/example_dags/example_display_name.py
[2025-02-01T07:37:50.035+0000] {processor.py:914} INFO - Processing file /home/airflow/.local/lib/python3.12/site-packages/airflow/example_dags/example_display_name.py for tasks to queue
[2025-02-01T07:37:50.039+0000] {logging_mixin.py:190} INFO - [2025-02-01T07:37:50.038+0000] {dagbag.py:588} INFO - Filling up the DagBag from /home/airflow/.local/lib/python3.12/site-packages/airflow/example_dags/example_display_name.py
[2025-02-01T07:37:50.049+0000] {processor.py:925} INFO - DAG(s) 'example_display_name' retrieved from /home/airflow/.local/lib/python3.12/site-packages/airflow/example_dags/example_display_name.py
[2025-02-01T07:37:50.074+0000] {logging_mixin.py:190} INFO - [2025-02-01T07:37:50.074+0000] {dag.py:3239} INFO - Sync 1 DAGs
[2025-02-01T07:37:50.094+0000] {logging_mixin.py:190} INFO - [2025-02-01T07:37:50.093+0000] {dag.py:4180} INFO - Setting next_dagrun for example_display_name to None, run_after=None
[2025-02-01T07:37:50.126+0000] {processor.py:208} INFO - Processing /home/airflow/.local/lib/python3.12/site-packages/airflow/example_dags/example_display_name.py took 0.101 seconds
[2025-02-01T07:38:20.946+0000] {processor.py:186} INFO - Started process (PID=575) to work on /home/airflow/.local/lib/python3.12/site-packages/airflow/example_dags/example_display_name.py
[2025-02-01T07:38:20.948+0000] {processor.py:914} INFO - Processing file /home/airflow/.local/lib/python3.12/site-packages/airflow/example_dags/example_display_name.py for tasks to queue
[2025-02-01T07:38:20.954+0000] {logging_mixin.py:190} INFO - [2025-02-01T07:38:20.953+0000] {dagbag.py:588} INFO - Filling up the DagBag from /home/airflow/.local/lib/python3.12/site-packages/airflow/example_dags/example_display_name.py
[2025-02-01T07:38:20.976+0000] {processor.py:925} INFO - DAG(s) 'example_display_name' retrieved from /home/airflow/.local/lib/python3.12/site-packages/airflow/example_dags/example_display_name.py
[2025-02-01T07:38:21.029+0000] {logging_mixin.py:190} INFO - [2025-02-01T07:38:21.028+0000] {dag.py:3239} INFO - Sync 1 DAGs
[2025-02-01T07:38:21.077+0000] {logging_mixin.py:190} INFO - [2025-02-01T07:38:21.076+0000] {dag.py:4180} INFO - Setting next_dagrun for example_display_name to None, run_after=None
[2025-02-01T07:38:21.129+0000] {processor.py:208} INFO - Processing /home/airflow/.local/lib/python3.12/site-packages/airflow/example_dags/example_display_name.py took 0.196 seconds
[2025-02-01T07:38:55.966+0000] {processor.py:186} INFO - Started process (PID=638) to work on /home/airflow/.local/lib/python3.12/site-packages/airflow/example_dags/example_display_name.py
[2025-02-01T07:38:55.968+0000] {processor.py:914} INFO - Processing file /home/airflow/.local/lib/python3.12/site-packages/airflow/example_dags/example_display_name.py for tasks to queue
[2025-02-01T07:38:55.975+0000] {logging_mixin.py:190} INFO - [2025-02-01T07:38:55.974+0000] {dagbag.py:588} INFO - Filling up the DagBag from /home/airflow/.local/lib/python3.12/site-packages/airflow/example_dags/example_display_name.py
[2025-02-01T07:38:55.996+0000] {processor.py:925} INFO - DAG(s) 'example_display_name' retrieved from /home/airflow/.local/lib/python3.12/site-packages/airflow/example_dags/example_display_name.py
[2025-02-01T07:38:56.051+0000] {logging_mixin.py:190} INFO - [2025-02-01T07:38:56.051+0000] {dag.py:3239} INFO - Sync 1 DAGs
[2025-02-01T07:38:56.092+0000] {logging_mixin.py:190} INFO - [2025-02-01T07:38:56.092+0000] {dag.py:4180} INFO - Setting next_dagrun for example_display_name to None, run_after=None
[2025-02-01T07:38:56.145+0000] {processor.py:208} INFO - Processing /home/airflow/.local/lib/python3.12/site-packages/airflow/example_dags/example_display_name.py took 0.194 seconds
[2025-02-01T07:39:26.463+0000] {processor.py:186} INFO - Started process (PID=701) to work on /home/airflow/.local/lib/python3.12/site-packages/airflow/example_dags/example_display_name.py
[2025-02-01T07:39:26.466+0000] {processor.py:914} INFO - Processing file /home/airflow/.local/lib/python3.12/site-packages/airflow/example_dags/example_display_name.py for tasks to queue
[2025-02-01T07:39:26.474+0000] {logging_mixin.py:190} INFO - [2025-02-01T07:39:26.473+0000] {dagbag.py:588} INFO - Filling up the DagBag from /home/airflow/.local/lib/python3.12/site-packages/airflow/example_dags/example_display_name.py
[2025-02-01T07:39:26.494+0000] {processor.py:925} INFO - DAG(s) 'example_display_name' retrieved from /home/airflow/.local/lib/python3.12/site-packages/airflow/example_dags/example_display_name.py
[2025-02-01T07:39:26.545+0000] {logging_mixin.py:190} INFO - [2025-02-01T07:39:26.544+0000] {dag.py:3239} INFO - Sync 1 DAGs
[2025-02-01T07:39:26.578+0000] {logging_mixin.py:190} INFO - [2025-02-01T07:39:26.578+0000] {dag.py:4180} INFO - Setting next_dagrun for example_display_name to None, run_after=None
[2025-02-01T07:39:26.622+0000] {processor.py:208} INFO - Processing /home/airflow/.local/lib/python3.12/site-packages/airflow/example_dags/example_display_name.py took 0.175 seconds
[2025-02-01T07:39:58.112+0000] {processor.py:186} INFO - Started process (PID=764) to work on /home/airflow/.local/lib/python3.12/site-packages/airflow/example_dags/example_display_name.py
[2025-02-01T07:39:58.114+0000] {processor.py:914} INFO - Processing file /home/airflow/.local/lib/python3.12/site-packages/airflow/example_dags/example_display_name.py for tasks to queue
[2025-02-01T07:39:58.120+0000] {logging_mixin.py:190} INFO - [2025-02-01T07:39:58.119+0000] {dagbag.py:588} INFO - Filling up the DagBag from /home/airflow/.local/lib/python3.12/site-packages/airflow/example_dags/example_display_name.py
[2025-02-01T07:39:58.135+0000] {processor.py:925} INFO - DAG(s) 'example_display_name' retrieved from /home/airflow/.local/lib/python3.12/site-packages/airflow/example_dags/example_display_name.py
[2025-02-01T07:39:58.178+0000] {logging_mixin.py:190} INFO - [2025-02-01T07:39:58.176+0000] {dag.py:3239} INFO - Sync 1 DAGs
[2025-02-01T07:39:58.203+0000] {logging_mixin.py:190} INFO - [2025-02-01T07:39:58.202+0000] {dag.py:4180} INFO - Setting next_dagrun for example_display_name to None, run_after=None
[2025-02-01T07:39:58.241+0000] {processor.py:208} INFO - Processing /home/airflow/.local/lib/python3.12/site-packages/airflow/example_dags/example_display_name.py took 0.144 seconds
[2025-02-01T07:40:29.453+0000] {processor.py:186} INFO - Started process (PID=827) to work on /home/airflow/.local/lib/python3.12/site-packages/airflow/example_dags/example_display_name.py
[2025-02-01T07:40:29.455+0000] {processor.py:914} INFO - Processing file /home/airflow/.local/lib/python3.12/site-packages/airflow/example_dags/example_display_name.py for tasks to queue
[2025-02-01T07:40:29.459+0000] {logging_mixin.py:190} INFO - [2025-02-01T07:40:29.459+0000] {dagbag.py:588} INFO - Filling up the DagBag from /home/airflow/.local/lib/python3.12/site-packages/airflow/example_dags/example_display_name.py
[2025-02-01T07:40:29.475+0000] {processor.py:925} INFO - DAG(s) 'example_display_name' retrieved from /home/airflow/.local/lib/python3.12/site-packages/airflow/example_dags/example_display_name.py
[2025-02-01T07:40:29.509+0000] {logging_mixin.py:190} INFO - [2025-02-01T07:40:29.508+0000] {dag.py:3239} INFO - Sync 1 DAGs
[2025-02-01T07:40:29.533+0000] {logging_mixin.py:190} INFO - [2025-02-01T07:40:29.532+0000] {dag.py:4180} INFO - Setting next_dagrun for example_display_name to None, run_after=None
[2025-02-01T07:40:29.567+0000] {processor.py:208} INFO - Processing /home/airflow/.local/lib/python3.12/site-packages/airflow/example_dags/example_display_name.py took 0.125 seconds
[2025-02-01T07:41:00.373+0000] {processor.py:186} INFO - Started process (PID=889) to work on /home/airflow/.local/lib/python3.12/site-packages/airflow/example_dags/example_display_name.py
[2025-02-01T07:41:00.376+0000] {processor.py:914} INFO - Processing file /home/airflow/.local/lib/python3.12/site-packages/airflow/example_dags/example_display_name.py for tasks to queue
[2025-02-01T07:41:00.383+0000] {logging_mixin.py:190} INFO - [2025-02-01T07:41:00.382+0000] {dagbag.py:588} INFO - Filling up the DagBag from /home/airflow/.local/lib/python3.12/site-packages/airflow/example_dags/example_display_name.py
[2025-02-01T07:41:00.403+0000] {processor.py:925} INFO - DAG(s) 'example_display_name' retrieved from /home/airflow/.local/lib/python3.12/site-packages/airflow/example_dags/example_display_name.py
[2025-02-01T07:41:00.454+0000] {logging_mixin.py:190} INFO - [2025-02-01T07:41:00.453+0000] {dag.py:3239} INFO - Sync 1 DAGs
[2025-02-01T07:41:00.486+0000] {logging_mixin.py:190} INFO - [2025-02-01T07:41:00.486+0000] {dag.py:4180} INFO - Setting next_dagrun for example_display_name to None, run_after=None
[2025-02-01T07:41:00.543+0000] {processor.py:208} INFO - Processing /home/airflow/.local/lib/python3.12/site-packages/airflow/example_dags/example_display_name.py took 0.186 seconds
[2025-02-01T07:41:31.547+0000] {processor.py:186} INFO - Started process (PID=953) to work on /home/airflow/.local/lib/python3.12/site-packages/airflow/example_dags/example_display_name.py
[2025-02-01T07:41:31.549+0000] {processor.py:914} INFO - Processing file /home/airflow/.local/lib/python3.12/site-packages/airflow/example_dags/example_display_name.py for tasks to queue
[2025-02-01T07:41:31.554+0000] {logging_mixin.py:190} INFO - [2025-02-01T07:41:31.554+0000] {dagbag.py:588} INFO - Filling up the DagBag from /home/airflow/.local/lib/python3.12/site-packages/airflow/example_dags/example_display_name.py
[2025-02-01T07:41:31.573+0000] {processor.py:925} INFO - DAG(s) 'example_display_name' retrieved from /home/airflow/.local/lib/python3.12/site-packages/airflow/example_dags/example_display_name.py
[2025-02-01T07:41:31.607+0000] {logging_mixin.py:190} INFO - [2025-02-01T07:41:31.607+0000] {dag.py:3239} INFO - Sync 1 DAGs
[2025-02-01T07:41:31.635+0000] {logging_mixin.py:190} INFO - [2025-02-01T07:41:31.634+0000] {dag.py:4180} INFO - Setting next_dagrun for example_display_name to None, run_after=None
[2025-02-01T07:41:31.674+0000] {processor.py:208} INFO - Processing /home/airflow/.local/lib/python3.12/site-packages/airflow/example_dags/example_display_name.py took 0.137 seconds
[2025-02-01T07:42:01.905+0000] {processor.py:186} INFO - Started process (PID=1015) to work on /home/airflow/.local/lib/python3.12/site-packages/airflow/example_dags/example_display_name.py
[2025-02-01T07:42:01.907+0000] {processor.py:914} INFO - Processing file /home/airflow/.local/lib/python3.12/site-packages/airflow/example_dags/example_display_name.py for tasks to queue
[2025-02-01T07:42:01.915+0000] {logging_mixin.py:190} INFO - [2025-02-01T07:42:01.915+0000] {dagbag.py:588} INFO - Filling up the DagBag from /home/airflow/.local/lib/python3.12/site-packages/airflow/example_dags/example_display_name.py
[2025-02-01T07:42:01.935+0000] {processor.py:925} INFO - DAG(s) 'example_display_name' retrieved from /home/airflow/.local/lib/python3.12/site-packages/airflow/example_dags/example_display_name.py
[2025-02-01T07:42:01.984+0000] {logging_mixin.py:190} INFO - [2025-02-01T07:42:01.983+0000] {dag.py:3239} INFO - Sync 1 DAGs
[2025-02-01T07:42:02.021+0000] {logging_mixin.py:190} INFO - [2025-02-01T07:42:02.021+0000] {dag.py:4180} INFO - Setting next_dagrun for example_display_name to None, run_after=None
[2025-02-01T07:42:02.071+0000] {processor.py:208} INFO - Processing /home/airflow/.local/lib/python3.12/site-packages/airflow/example_dags/example_display_name.py took 0.183 seconds
[2025-02-01T07:42:32.627+0000] {processor.py:186} INFO - Started process (PID=1078) to work on /home/airflow/.local/lib/python3.12/site-packages/airflow/example_dags/example_display_name.py
[2025-02-01T07:42:32.629+0000] {processor.py:914} INFO - Processing file /home/airflow/.local/lib/python3.12/site-packages/airflow/example_dags/example_display_name.py for tasks to queue
[2025-02-01T07:42:32.637+0000] {logging_mixin.py:190} INFO - [2025-02-01T07:42:32.636+0000] {dagbag.py:588} INFO - Filling up the DagBag from /home/airflow/.local/lib/python3.12/site-packages/airflow/example_dags/example_display_name.py
[2025-02-01T07:42:32.652+0000] {processor.py:925} INFO - DAG(s) 'example_display_name' retrieved from /home/airflow/.local/lib/python3.12/site-packages/airflow/example_dags/example_display_name.py
[2025-02-01T07:42:32.689+0000] {logging_mixin.py:190} INFO - [2025-02-01T07:42:32.689+0000] {dag.py:3239} INFO - Sync 1 DAGs
[2025-02-01T07:42:32.726+0000] {logging_mixin.py:190} INFO - [2025-02-01T07:42:32.726+0000] {dag.py:4180} INFO - Setting next_dagrun for example_display_name to None, run_after=None
[2025-02-01T07:42:32.785+0000] {processor.py:208} INFO - Processing /home/airflow/.local/lib/python3.12/site-packages/airflow/example_dags/example_display_name.py took 0.176 seconds
[2025-02-01T07:43:03.061+0000] {processor.py:186} INFO - Started process (PID=1141) to work on /home/airflow/.local/lib/python3.12/site-packages/airflow/example_dags/example_display_name.py
[2025-02-01T07:43:03.063+0000] {processor.py:914} INFO - Processing file /home/airflow/.local/lib/python3.12/site-packages/airflow/example_dags/example_display_name.py for tasks to queue
[2025-02-01T07:43:03.069+0000] {logging_mixin.py:190} INFO - [2025-02-01T07:43:03.068+0000] {dagbag.py:588} INFO - Filling up the DagBag from /home/airflow/.local/lib/python3.12/site-packages/airflow/example_dags/example_display_name.py
[2025-02-01T07:43:03.085+0000] {processor.py:925} INFO - DAG(s) 'example_display_name' retrieved from /home/airflow/.local/lib/python3.12/site-packages/airflow/example_dags/example_display_name.py
[2025-02-01T07:43:03.127+0000] {logging_mixin.py:190} INFO - [2025-02-01T07:43:03.125+0000] {dag.py:3239} INFO - Sync 1 DAGs
[2025-02-01T07:43:03.161+0000] {logging_mixin.py:190} INFO - [2025-02-01T07:43:03.161+0000] {dag.py:4180} INFO - Setting next_dagrun for example_display_name to None, run_after=None
[2025-02-01T07:43:03.204+0000] {processor.py:208} INFO - Processing /home/airflow/.local/lib/python3.12/site-packages/airflow/example_dags/example_display_name.py took 0.161 seconds
[2025-02-01T07:43:34.035+0000] {processor.py:186} INFO - Started process (PID=1204) to work on /home/airflow/.local/lib/python3.12/site-packages/airflow/example_dags/example_display_name.py
[2025-02-01T07:43:34.037+0000] {processor.py:914} INFO - Processing file /home/airflow/.local/lib/python3.12/site-packages/airflow/example_dags/example_display_name.py for tasks to queue
[2025-02-01T07:43:34.040+0000] {logging_mixin.py:190} INFO - [2025-02-01T07:43:34.040+0000] {dagbag.py:588} INFO - Filling up the DagBag from /home/airflow/.local/lib/python3.12/site-packages/airflow/example_dags/example_display_name.py
[2025-02-01T07:43:34.051+0000] {processor.py:925} INFO - DAG(s) 'example_display_name' retrieved from /home/airflow/.local/lib/python3.12/site-packages/airflow/example_dags/example_display_name.py
[2025-02-01T07:43:34.079+0000] {logging_mixin.py:190} INFO - [2025-02-01T07:43:34.079+0000] {dag.py:3239} INFO - Sync 1 DAGs
[2025-02-01T07:43:34.106+0000] {logging_mixin.py:190} INFO - [2025-02-01T07:43:34.105+0000] {dag.py:4180} INFO - Setting next_dagrun for example_display_name to None, run_after=None
[2025-02-01T07:43:34.135+0000] {processor.py:208} INFO - Processing /home/airflow/.local/lib/python3.12/site-packages/airflow/example_dags/example_display_name.py took 0.107 seconds
[2025-02-01T07:44:04.214+0000] {processor.py:186} INFO - Started process (PID=1267) to work on /home/airflow/.local/lib/python3.12/site-packages/airflow/example_dags/example_display_name.py
[2025-02-01T07:44:04.215+0000] {processor.py:914} INFO - Processing file /home/airflow/.local/lib/python3.12/site-packages/airflow/example_dags/example_display_name.py for tasks to queue
[2025-02-01T07:44:04.218+0000] {logging_mixin.py:190} INFO - [2025-02-01T07:44:04.217+0000] {dagbag.py:588} INFO - Filling up the DagBag from /home/airflow/.local/lib/python3.12/site-packages/airflow/example_dags/example_display_name.py
[2025-02-01T07:44:04.226+0000] {processor.py:925} INFO - DAG(s) 'example_display_name' retrieved from /home/airflow/.local/lib/python3.12/site-packages/airflow/example_dags/example_display_name.py
[2025-02-01T07:44:04.248+0000] {logging_mixin.py:190} INFO - [2025-02-01T07:44:04.247+0000] {dag.py:3239} INFO - Sync 1 DAGs
[2025-02-01T07:44:04.263+0000] {logging_mixin.py:190} INFO - [2025-02-01T07:44:04.262+0000] {dag.py:4180} INFO - Setting next_dagrun for example_display_name to None, run_after=None
[2025-02-01T07:44:04.287+0000] {processor.py:208} INFO - Processing /home/airflow/.local/lib/python3.12/site-packages/airflow/example_dags/example_display_name.py took 0.080 seconds
[2025-02-01T07:44:35.014+0000] {processor.py:186} INFO - Started process (PID=1331) to work on /home/airflow/.local/lib/python3.12/site-packages/airflow/example_dags/example_display_name.py
[2025-02-01T07:44:35.015+0000] {processor.py:914} INFO - Processing file /home/airflow/.local/lib/python3.12/site-packages/airflow/example_dags/example_display_name.py for tasks to queue
[2025-02-01T07:44:35.019+0000] {logging_mixin.py:190} INFO - [2025-02-01T07:44:35.018+0000] {dagbag.py:588} INFO - Filling up the DagBag from /home/airflow/.local/lib/python3.12/site-packages/airflow/example_dags/example_display_name.py
[2025-02-01T07:44:35.027+0000] {processor.py:925} INFO - DAG(s) 'example_display_name' retrieved from /home/airflow/.local/lib/python3.12/site-packages/airflow/example_dags/example_display_name.py
[2025-02-01T07:44:35.051+0000] {logging_mixin.py:190} INFO - [2025-02-01T07:44:35.051+0000] {dag.py:3239} INFO - Sync 1 DAGs
[2025-02-01T07:44:35.071+0000] {logging_mixin.py:190} INFO - [2025-02-01T07:44:35.071+0000] {dag.py:4180} INFO - Setting next_dagrun for example_display_name to None, run_after=None
[2025-02-01T07:44:35.096+0000] {processor.py:208} INFO - Processing /home/airflow/.local/lib/python3.12/site-packages/airflow/example_dags/example_display_name.py took 0.089 seconds
[2025-02-01T07:45:05.423+0000] {processor.py:186} INFO - Started process (PID=1395) to work on /home/airflow/.local/lib/python3.12/site-packages/airflow/example_dags/example_display_name.py
[2025-02-01T07:45:05.425+0000] {processor.py:914} INFO - Processing file /home/airflow/.local/lib/python3.12/site-packages/airflow/example_dags/example_display_name.py for tasks to queue
[2025-02-01T07:45:05.428+0000] {logging_mixin.py:190} INFO - [2025-02-01T07:45:05.427+0000] {dagbag.py:588} INFO - Filling up the DagBag from /home/airflow/.local/lib/python3.12/site-packages/airflow/example_dags/example_display_name.py
[2025-02-01T07:45:05.437+0000] {processor.py:925} INFO - DAG(s) 'example_display_name' retrieved from /home/airflow/.local/lib/python3.12/site-packages/airflow/example_dags/example_display_name.py
[2025-02-01T07:45:05.463+0000] {logging_mixin.py:190} INFO - [2025-02-01T07:45:05.463+0000] {dag.py:3239} INFO - Sync 1 DAGs
[2025-02-01T07:45:05.484+0000] {logging_mixin.py:190} INFO - [2025-02-01T07:45:05.484+0000] {dag.py:4180} INFO - Setting next_dagrun for example_display_name to None, run_after=None
[2025-02-01T07:45:05.515+0000] {processor.py:208} INFO - Processing /home/airflow/.local/lib/python3.12/site-packages/airflow/example_dags/example_display_name.py took 0.099 seconds
[2025-02-01T07:45:35.870+0000] {processor.py:186} INFO - Started process (PID=1459) to work on /home/airflow/.local/lib/python3.12/site-packages/airflow/example_dags/example_display_name.py
[2025-02-01T07:45:35.872+0000] {processor.py:914} INFO - Processing file /home/airflow/.local/lib/python3.12/site-packages/airflow/example_dags/example_display_name.py for tasks to queue
[2025-02-01T07:45:35.878+0000] {logging_mixin.py:190} INFO - [2025-02-01T07:45:35.876+0000] {dagbag.py:588} INFO - Filling up the DagBag from /home/airflow/.local/lib/python3.12/site-packages/airflow/example_dags/example_display_name.py
[2025-02-01T07:45:35.895+0000] {processor.py:925} INFO - DAG(s) 'example_display_name' retrieved from /home/airflow/.local/lib/python3.12/site-packages/airflow/example_dags/example_display_name.py
[2025-02-01T07:45:35.934+0000] {logging_mixin.py:190} INFO - [2025-02-01T07:45:35.934+0000] {dag.py:3239} INFO - Sync 1 DAGs
[2025-02-01T07:45:35.967+0000] {logging_mixin.py:190} INFO - [2025-02-01T07:45:35.967+0000] {dag.py:4180} INFO - Setting next_dagrun for example_display_name to None, run_after=None
[2025-02-01T07:45:36.010+0000] {processor.py:208} INFO - Processing /home/airflow/.local/lib/python3.12/site-packages/airflow/example_dags/example_display_name.py took 0.157 seconds
[2025-02-01T07:46:06.926+0000] {processor.py:186} INFO - Started process (PID=1523) to work on /home/airflow/.local/lib/python3.12/site-packages/airflow/example_dags/example_display_name.py
[2025-02-01T07:46:06.927+0000] {processor.py:914} INFO - Processing file /home/airflow/.local/lib/python3.12/site-packages/airflow/example_dags/example_display_name.py for tasks to queue
[2025-02-01T07:46:06.932+0000] {logging_mixin.py:190} INFO - [2025-02-01T07:46:06.931+0000] {dagbag.py:588} INFO - Filling up the DagBag from /home/airflow/.local/lib/python3.12/site-packages/airflow/example_dags/example_display_name.py
[2025-02-01T07:46:06.942+0000] {processor.py:925} INFO - DAG(s) 'example_display_name' retrieved from /home/airflow/.local/lib/python3.12/site-packages/airflow/example_dags/example_display_name.py
[2025-02-01T07:46:06.965+0000] {logging_mixin.py:190} INFO - [2025-02-01T07:46:06.964+0000] {dag.py:3239} INFO - Sync 1 DAGs
[2025-02-01T07:46:06.980+0000] {logging_mixin.py:190} INFO - [2025-02-01T07:46:06.980+0000] {dag.py:4180} INFO - Setting next_dagrun for example_display_name to None, run_after=None
[2025-02-01T07:46:07.006+0000] {processor.py:208} INFO - Processing /home/airflow/.local/lib/python3.12/site-packages/airflow/example_dags/example_display_name.py took 0.087 seconds
[2025-02-01T07:46:37.507+0000] {processor.py:186} INFO - Started process (PID=1587) to work on /home/airflow/.local/lib/python3.12/site-packages/airflow/example_dags/example_display_name.py
[2025-02-01T07:46:37.509+0000] {processor.py:914} INFO - Processing file /home/airflow/.local/lib/python3.12/site-packages/airflow/example_dags/example_display_name.py for tasks to queue
[2025-02-01T07:46:37.512+0000] {logging_mixin.py:190} INFO - [2025-02-01T07:46:37.512+0000] {dagbag.py:588} INFO - Filling up the DagBag from /home/airflow/.local/lib/python3.12/site-packages/airflow/example_dags/example_display_name.py
[2025-02-01T07:46:37.524+0000] {processor.py:925} INFO - DAG(s) 'example_display_name' retrieved from /home/airflow/.local/lib/python3.12/site-packages/airflow/example_dags/example_display_name.py
[2025-02-01T07:46:37.555+0000] {logging_mixin.py:190} INFO - [2025-02-01T07:46:37.554+0000] {dag.py:3239} INFO - Sync 1 DAGs
[2025-02-01T07:46:37.574+0000] {logging_mixin.py:190} INFO - [2025-02-01T07:46:37.574+0000] {dag.py:4180} INFO - Setting next_dagrun for example_display_name to None, run_after=None
[2025-02-01T07:46:37.605+0000] {processor.py:208} INFO - Processing /home/airflow/.local/lib/python3.12/site-packages/airflow/example_dags/example_display_name.py took 0.105 seconds
[2025-02-01T07:47:07.928+0000] {processor.py:186} INFO - Started process (PID=1651) to work on /home/airflow/.local/lib/python3.12/site-packages/airflow/example_dags/example_display_name.py
[2025-02-01T07:47:07.932+0000] {processor.py:914} INFO - Processing file /home/airflow/.local/lib/python3.12/site-packages/airflow/example_dags/example_display_name.py for tasks to queue
[2025-02-01T07:47:07.936+0000] {logging_mixin.py:190} INFO - [2025-02-01T07:47:07.935+0000] {dagbag.py:588} INFO - Filling up the DagBag from /home/airflow/.local/lib/python3.12/site-packages/airflow/example_dags/example_display_name.py
[2025-02-01T07:47:07.951+0000] {processor.py:925} INFO - DAG(s) 'example_display_name' retrieved from /home/airflow/.local/lib/python3.12/site-packages/airflow/example_dags/example_display_name.py
[2025-02-01T07:47:07.985+0000] {logging_mixin.py:190} INFO - [2025-02-01T07:47:07.985+0000] {dag.py:3239} INFO - Sync 1 DAGs
[2025-02-01T07:47:08.019+0000] {logging_mixin.py:190} INFO - [2025-02-01T07:47:08.019+0000] {dag.py:4180} INFO - Setting next_dagrun for example_display_name to None, run_after=None
[2025-02-01T07:47:08.062+0000] {processor.py:208} INFO - Processing /home/airflow/.local/lib/python3.12/site-packages/airflow/example_dags/example_display_name.py took 0.148 seconds
[2025-02-01T07:47:38.142+0000] {processor.py:186} INFO - Started process (PID=1715) to work on /home/airflow/.local/lib/python3.12/site-packages/airflow/example_dags/example_display_name.py
[2025-02-01T07:47:38.143+0000] {processor.py:914} INFO - Processing file /home/airflow/.local/lib/python3.12/site-packages/airflow/example_dags/example_display_name.py for tasks to queue
[2025-02-01T07:47:38.147+0000] {logging_mixin.py:190} INFO - [2025-02-01T07:47:38.147+0000] {dagbag.py:588} INFO - Filling up the DagBag from /home/airflow/.local/lib/python3.12/site-packages/airflow/example_dags/example_display_name.py
[2025-02-01T07:47:38.155+0000] {processor.py:925} INFO - DAG(s) 'example_display_name' retrieved from /home/airflow/.local/lib/python3.12/site-packages/airflow/example_dags/example_display_name.py
[2025-02-01T07:47:38.175+0000] {logging_mixin.py:190} INFO - [2025-02-01T07:47:38.175+0000] {dag.py:3239} INFO - Sync 1 DAGs
[2025-02-01T07:47:38.190+0000] {logging_mixin.py:190} INFO - [2025-02-01T07:47:38.190+0000] {dag.py:4180} INFO - Setting next_dagrun for example_display_name to None, run_after=None
[2025-02-01T07:47:38.215+0000] {processor.py:208} INFO - Processing /home/airflow/.local/lib/python3.12/site-packages/airflow/example_dags/example_display_name.py took 0.079 seconds
[2025-02-01T07:48:08.317+0000] {processor.py:186} INFO - Started process (PID=1778) to work on /home/airflow/.local/lib/python3.12/site-packages/airflow/example_dags/example_display_name.py
[2025-02-01T07:48:08.318+0000] {processor.py:914} INFO - Processing file /home/airflow/.local/lib/python3.12/site-packages/airflow/example_dags/example_display_name.py for tasks to queue
[2025-02-01T07:48:08.321+0000] {logging_mixin.py:190} INFO - [2025-02-01T07:48:08.320+0000] {dagbag.py:588} INFO - Filling up the DagBag from /home/airflow/.local/lib/python3.12/site-packages/airflow/example_dags/example_display_name.py
[2025-02-01T07:48:08.329+0000] {processor.py:925} INFO - DAG(s) 'example_display_name' retrieved from /home/airflow/.local/lib/python3.12/site-packages/airflow/example_dags/example_display_name.py
[2025-02-01T07:48:08.349+0000] {logging_mixin.py:190} INFO - [2025-02-01T07:48:08.349+0000] {dag.py:3239} INFO - Sync 1 DAGs
[2025-02-01T07:48:08.363+0000] {logging_mixin.py:190} INFO - [2025-02-01T07:48:08.363+0000] {dag.py:4180} INFO - Setting next_dagrun for example_display_name to None, run_after=None
[2025-02-01T07:48:08.387+0000] {processor.py:208} INFO - Processing /home/airflow/.local/lib/python3.12/site-packages/airflow/example_dags/example_display_name.py took 0.076 seconds
[2025-02-01T07:48:38.516+0000] {processor.py:186} INFO - Started process (PID=1842) to work on /home/airflow/.local/lib/python3.12/site-packages/airflow/example_dags/example_display_name.py
[2025-02-01T07:48:38.517+0000] {processor.py:914} INFO - Processing file /home/airflow/.local/lib/python3.12/site-packages/airflow/example_dags/example_display_name.py for tasks to queue
[2025-02-01T07:48:38.522+0000] {logging_mixin.py:190} INFO - [2025-02-01T07:48:38.521+0000] {dagbag.py:588} INFO - Filling up the DagBag from /home/airflow/.local/lib/python3.12/site-packages/airflow/example_dags/example_display_name.py
[2025-02-01T07:48:38.531+0000] {processor.py:925} INFO - DAG(s) 'example_display_name' retrieved from /home/airflow/.local/lib/python3.12/site-packages/airflow/example_dags/example_display_name.py
[2025-02-01T07:48:38.555+0000] {logging_mixin.py:190} INFO - [2025-02-01T07:48:38.555+0000] {dag.py:3239} INFO - Sync 1 DAGs
[2025-02-01T07:48:38.573+0000] {logging_mixin.py:190} INFO - [2025-02-01T07:48:38.573+0000] {dag.py:4180} INFO - Setting next_dagrun for example_display_name to None, run_after=None
[2025-02-01T07:48:38.609+0000] {processor.py:208} INFO - Processing /home/airflow/.local/lib/python3.12/site-packages/airflow/example_dags/example_display_name.py took 0.100 seconds
[2025-02-01T07:49:08.985+0000] {processor.py:186} INFO - Started process (PID=1906) to work on /home/airflow/.local/lib/python3.12/site-packages/airflow/example_dags/example_display_name.py
[2025-02-01T07:49:08.987+0000] {processor.py:914} INFO - Processing file /home/airflow/.local/lib/python3.12/site-packages/airflow/example_dags/example_display_name.py for tasks to queue
[2025-02-01T07:49:08.990+0000] {logging_mixin.py:190} INFO - [2025-02-01T07:49:08.989+0000] {dagbag.py:588} INFO - Filling up the DagBag from /home/airflow/.local/lib/python3.12/site-packages/airflow/example_dags/example_display_name.py
[2025-02-01T07:49:08.998+0000] {processor.py:925} INFO - DAG(s) 'example_display_name' retrieved from /home/airflow/.local/lib/python3.12/site-packages/airflow/example_dags/example_display_name.py
[2025-02-01T07:49:09.017+0000] {logging_mixin.py:190} INFO - [2025-02-01T07:49:09.016+0000] {dag.py:3239} INFO - Sync 1 DAGs
[2025-02-01T07:49:09.030+0000] {logging_mixin.py:190} INFO - [2025-02-01T07:49:09.030+0000] {dag.py:4180} INFO - Setting next_dagrun for example_display_name to None, run_after=None
[2025-02-01T07:49:09.051+0000] {processor.py:208} INFO - Processing /home/airflow/.local/lib/python3.12/site-packages/airflow/example_dags/example_display_name.py took 0.071 seconds
[2025-02-01T07:49:39.684+0000] {processor.py:186} INFO - Started process (PID=1970) to work on /home/airflow/.local/lib/python3.12/site-packages/airflow/example_dags/example_display_name.py
[2025-02-01T07:49:39.685+0000] {processor.py:914} INFO - Processing file /home/airflow/.local/lib/python3.12/site-packages/airflow/example_dags/example_display_name.py for tasks to queue
[2025-02-01T07:49:39.688+0000] {logging_mixin.py:190} INFO - [2025-02-01T07:49:39.688+0000] {dagbag.py:588} INFO - Filling up the DagBag from /home/airflow/.local/lib/python3.12/site-packages/airflow/example_dags/example_display_name.py
[2025-02-01T07:49:39.695+0000] {processor.py:925} INFO - DAG(s) 'example_display_name' retrieved from /home/airflow/.local/lib/python3.12/site-packages/airflow/example_dags/example_display_name.py
[2025-02-01T07:49:39.715+0000] {logging_mixin.py:190} INFO - [2025-02-01T07:49:39.715+0000] {dag.py:3239} INFO - Sync 1 DAGs
[2025-02-01T07:49:39.729+0000] {logging_mixin.py:190} INFO - [2025-02-01T07:49:39.728+0000] {dag.py:4180} INFO - Setting next_dagrun for example_display_name to None, run_after=None
[2025-02-01T07:49:39.751+0000] {processor.py:208} INFO - Processing /home/airflow/.local/lib/python3.12/site-packages/airflow/example_dags/example_display_name.py took 0.072 seconds
[2025-02-01T07:50:10.034+0000] {processor.py:186} INFO - Started process (PID=2034) to work on /home/airflow/.local/lib/python3.12/site-packages/airflow/example_dags/example_display_name.py
[2025-02-01T07:50:10.035+0000] {processor.py:914} INFO - Processing file /home/airflow/.local/lib/python3.12/site-packages/airflow/example_dags/example_display_name.py for tasks to queue
[2025-02-01T07:50:10.039+0000] {logging_mixin.py:190} INFO - [2025-02-01T07:50:10.038+0000] {dagbag.py:588} INFO - Filling up the DagBag from /home/airflow/.local/lib/python3.12/site-packages/airflow/example_dags/example_display_name.py
[2025-02-01T07:50:10.051+0000] {processor.py:925} INFO - DAG(s) 'example_display_name' retrieved from /home/airflow/.local/lib/python3.12/site-packages/airflow/example_dags/example_display_name.py
[2025-02-01T07:50:10.082+0000] {logging_mixin.py:190} INFO - [2025-02-01T07:50:10.081+0000] {dag.py:3239} INFO - Sync 1 DAGs
[2025-02-01T07:50:10.102+0000] {logging_mixin.py:190} INFO - [2025-02-01T07:50:10.101+0000] {dag.py:4180} INFO - Setting next_dagrun for example_display_name to None, run_after=None
[2025-02-01T07:50:10.135+0000] {processor.py:208} INFO - Processing /home/airflow/.local/lib/python3.12/site-packages/airflow/example_dags/example_display_name.py took 0.109 seconds
[2025-02-01T07:50:40.553+0000] {processor.py:186} INFO - Started process (PID=2098) to work on /home/airflow/.local/lib/python3.12/site-packages/airflow/example_dags/example_display_name.py
[2025-02-01T07:50:40.554+0000] {processor.py:914} INFO - Processing file /home/airflow/.local/lib/python3.12/site-packages/airflow/example_dags/example_display_name.py for tasks to queue
[2025-02-01T07:50:40.558+0000] {logging_mixin.py:190} INFO - [2025-02-01T07:50:40.558+0000] {dagbag.py:588} INFO - Filling up the DagBag from /home/airflow/.local/lib/python3.12/site-packages/airflow/example_dags/example_display_name.py
[2025-02-01T07:50:40.568+0000] {processor.py:925} INFO - DAG(s) 'example_display_name' retrieved from /home/airflow/.local/lib/python3.12/site-packages/airflow/example_dags/example_display_name.py
[2025-02-01T07:50:40.594+0000] {logging_mixin.py:190} INFO - [2025-02-01T07:50:40.594+0000] {dag.py:3239} INFO - Sync 1 DAGs
[2025-02-01T07:50:40.612+0000] {logging_mixin.py:190} INFO - [2025-02-01T07:50:40.612+0000] {dag.py:4180} INFO - Setting next_dagrun for example_display_name to None, run_after=None
[2025-02-01T07:50:40.641+0000] {processor.py:208} INFO - Processing /home/airflow/.local/lib/python3.12/site-packages/airflow/example_dags/example_display_name.py took 0.097 seconds
[2025-02-01T07:51:10.748+0000] {processor.py:186} INFO - Started process (PID=2162) to work on /home/airflow/.local/lib/python3.12/site-packages/airflow/example_dags/example_display_name.py
[2025-02-01T07:51:10.749+0000] {processor.py:914} INFO - Processing file /home/airflow/.local/lib/python3.12/site-packages/airflow/example_dags/example_display_name.py for tasks to queue
[2025-02-01T07:51:10.752+0000] {logging_mixin.py:190} INFO - [2025-02-01T07:51:10.752+0000] {dagbag.py:588} INFO - Filling up the DagBag from /home/airflow/.local/lib/python3.12/site-packages/airflow/example_dags/example_display_name.py
[2025-02-01T07:51:10.763+0000] {processor.py:925} INFO - DAG(s) 'example_display_name' retrieved from /home/airflow/.local/lib/python3.12/site-packages/airflow/example_dags/example_display_name.py
[2025-02-01T07:51:10.797+0000] {logging_mixin.py:190} INFO - [2025-02-01T07:51:10.797+0000] {dag.py:3239} INFO - Sync 1 DAGs
[2025-02-01T07:51:10.816+0000] {logging_mixin.py:190} INFO - [2025-02-01T07:51:10.816+0000] {dag.py:4180} INFO - Setting next_dagrun for example_display_name to None, run_after=None
[2025-02-01T07:51:10.843+0000] {processor.py:208} INFO - Processing /home/airflow/.local/lib/python3.12/site-packages/airflow/example_dags/example_display_name.py took 0.104 seconds
[2025-02-01T07:51:41.736+0000] {processor.py:186} INFO - Started process (PID=2226) to work on /home/airflow/.local/lib/python3.12/site-packages/airflow/example_dags/example_display_name.py
[2025-02-01T07:51:41.738+0000] {processor.py:914} INFO - Processing file /home/airflow/.local/lib/python3.12/site-packages/airflow/example_dags/example_display_name.py for tasks to queue
[2025-02-01T07:51:41.743+0000] {logging_mixin.py:190} INFO - [2025-02-01T07:51:41.742+0000] {dagbag.py:588} INFO - Filling up the DagBag from /home/airflow/.local/lib/python3.12/site-packages/airflow/example_dags/example_display_name.py
[2025-02-01T07:51:41.759+0000] {processor.py:925} INFO - DAG(s) 'example_display_name' retrieved from /home/airflow/.local/lib/python3.12/site-packages/airflow/example_dags/example_display_name.py
[2025-02-01T07:51:41.796+0000] {logging_mixin.py:190} INFO - [2025-02-01T07:51:41.795+0000] {dag.py:3239} INFO - Sync 1 DAGs
[2025-02-01T07:51:41.824+0000] {logging_mixin.py:190} INFO - [2025-02-01T07:51:41.824+0000] {dag.py:4180} INFO - Setting next_dagrun for example_display_name to None, run_after=None
[2025-02-01T07:51:41.868+0000] {processor.py:208} INFO - Processing /home/airflow/.local/lib/python3.12/site-packages/airflow/example_dags/example_display_name.py took 0.149 seconds
[2025-02-01T07:52:12.232+0000] {processor.py:186} INFO - Started process (PID=2290) to work on /home/airflow/.local/lib/python3.12/site-packages/airflow/example_dags/example_display_name.py
[2025-02-01T07:52:12.234+0000] {processor.py:914} INFO - Processing file /home/airflow/.local/lib/python3.12/site-packages/airflow/example_dags/example_display_name.py for tasks to queue
[2025-02-01T07:52:12.237+0000] {logging_mixin.py:190} INFO - [2025-02-01T07:52:12.236+0000] {dagbag.py:588} INFO - Filling up the DagBag from /home/airflow/.local/lib/python3.12/site-packages/airflow/example_dags/example_display_name.py
[2025-02-01T07:52:12.247+0000] {processor.py:925} INFO - DAG(s) 'example_display_name' retrieved from /home/airflow/.local/lib/python3.12/site-packages/airflow/example_dags/example_display_name.py
[2025-02-01T07:52:12.271+0000] {logging_mixin.py:190} INFO - [2025-02-01T07:52:12.271+0000] {dag.py:3239} INFO - Sync 1 DAGs
[2025-02-01T07:52:12.290+0000] {logging_mixin.py:190} INFO - [2025-02-01T07:52:12.289+0000] {dag.py:4180} INFO - Setting next_dagrun for example_display_name to None, run_after=None
[2025-02-01T07:52:12.315+0000] {processor.py:208} INFO - Processing /home/airflow/.local/lib/python3.12/site-packages/airflow/example_dags/example_display_name.py took 0.090 seconds
[2025-02-01T07:52:42.507+0000] {processor.py:186} INFO - Started process (PID=2352) to work on /home/airflow/.local/lib/python3.12/site-packages/airflow/example_dags/example_display_name.py
[2025-02-01T07:52:42.518+0000] {processor.py:914} INFO - Processing file /home/airflow/.local/lib/python3.12/site-packages/airflow/example_dags/example_display_name.py for tasks to queue
[2025-02-01T07:52:42.527+0000] {logging_mixin.py:190} INFO - [2025-02-01T07:52:42.526+0000] {dagbag.py:588} INFO - Filling up the DagBag from /home/airflow/.local/lib/python3.12/site-packages/airflow/example_dags/example_display_name.py
[2025-02-01T07:52:42.585+0000] {processor.py:925} INFO - DAG(s) 'example_display_name' retrieved from /home/airflow/.local/lib/python3.12/site-packages/airflow/example_dags/example_display_name.py
[2025-02-01T07:52:42.719+0000] {logging_mixin.py:190} INFO - [2025-02-01T07:52:42.718+0000] {dag.py:3239} INFO - Sync 1 DAGs
[2025-02-01T07:52:42.854+0000] {logging_mixin.py:190} INFO - [2025-02-01T07:52:42.853+0000] {dag.py:4180} INFO - Setting next_dagrun for example_display_name to None, run_after=None
[2025-02-01T07:52:42.925+0000] {processor.py:208} INFO - Processing /home/airflow/.local/lib/python3.12/site-packages/airflow/example_dags/example_display_name.py took 0.444 seconds
[2025-02-01T07:53:13.032+0000] {processor.py:186} INFO - Started process (PID=2416) to work on /home/airflow/.local/lib/python3.12/site-packages/airflow/example_dags/example_display_name.py
[2025-02-01T07:53:13.035+0000] {processor.py:914} INFO - Processing file /home/airflow/.local/lib/python3.12/site-packages/airflow/example_dags/example_display_name.py for tasks to queue
[2025-02-01T07:53:13.041+0000] {logging_mixin.py:190} INFO - [2025-02-01T07:53:13.040+0000] {dagbag.py:588} INFO - Filling up the DagBag from /home/airflow/.local/lib/python3.12/site-packages/airflow/example_dags/example_display_name.py
[2025-02-01T07:53:13.057+0000] {processor.py:925} INFO - DAG(s) 'example_display_name' retrieved from /home/airflow/.local/lib/python3.12/site-packages/airflow/example_dags/example_display_name.py
[2025-02-01T07:53:13.093+0000] {logging_mixin.py:190} INFO - [2025-02-01T07:53:13.092+0000] {dag.py:3239} INFO - Sync 1 DAGs
[2025-02-01T07:53:13.126+0000] {logging_mixin.py:190} INFO - [2025-02-01T07:53:13.125+0000] {dag.py:4180} INFO - Setting next_dagrun for example_display_name to None, run_after=None
[2025-02-01T07:53:13.162+0000] {processor.py:208} INFO - Processing /home/airflow/.local/lib/python3.12/site-packages/airflow/example_dags/example_display_name.py took 0.144 seconds
[2025-02-01T07:53:43.267+0000] {processor.py:186} INFO - Started process (PID=2479) to work on /home/airflow/.local/lib/python3.12/site-packages/airflow/example_dags/example_display_name.py
[2025-02-01T07:53:43.269+0000] {processor.py:914} INFO - Processing file /home/airflow/.local/lib/python3.12/site-packages/airflow/example_dags/example_display_name.py for tasks to queue
[2025-02-01T07:53:43.274+0000] {logging_mixin.py:190} INFO - [2025-02-01T07:53:43.273+0000] {dagbag.py:588} INFO - Filling up the DagBag from /home/airflow/.local/lib/python3.12/site-packages/airflow/example_dags/example_display_name.py
[2025-02-01T07:53:43.293+0000] {processor.py:925} INFO - DAG(s) 'example_display_name' retrieved from /home/airflow/.local/lib/python3.12/site-packages/airflow/example_dags/example_display_name.py
[2025-02-01T07:53:43.331+0000] {logging_mixin.py:190} INFO - [2025-02-01T07:53:43.330+0000] {dag.py:3239} INFO - Sync 1 DAGs
[2025-02-01T07:53:43.363+0000] {logging_mixin.py:190} INFO - [2025-02-01T07:53:43.363+0000] {dag.py:4180} INFO - Setting next_dagrun for example_display_name to None, run_after=None
[2025-02-01T07:53:43.401+0000] {processor.py:208} INFO - Processing /home/airflow/.local/lib/python3.12/site-packages/airflow/example_dags/example_display_name.py took 0.146 seconds
[2025-02-01T07:54:14.476+0000] {processor.py:186} INFO - Started process (PID=2543) to work on /home/airflow/.local/lib/python3.12/site-packages/airflow/example_dags/example_display_name.py
[2025-02-01T07:54:14.479+0000] {processor.py:914} INFO - Processing file /home/airflow/.local/lib/python3.12/site-packages/airflow/example_dags/example_display_name.py for tasks to queue
[2025-02-01T07:54:14.493+0000] {logging_mixin.py:190} INFO - [2025-02-01T07:54:14.492+0000] {dagbag.py:588} INFO - Filling up the DagBag from /home/airflow/.local/lib/python3.12/site-packages/airflow/example_dags/example_display_name.py
[2025-02-01T07:54:14.529+0000] {processor.py:925} INFO - DAG(s) 'example_display_name' retrieved from /home/airflow/.local/lib/python3.12/site-packages/airflow/example_dags/example_display_name.py
[2025-02-01T07:54:14.603+0000] {logging_mixin.py:190} INFO - [2025-02-01T07:54:14.602+0000] {dag.py:3239} INFO - Sync 1 DAGs
[2025-02-01T07:54:14.643+0000] {logging_mixin.py:190} INFO - [2025-02-01T07:54:14.643+0000] {dag.py:4180} INFO - Setting next_dagrun for example_display_name to None, run_after=None
[2025-02-01T07:54:14.698+0000] {processor.py:208} INFO - Processing /home/airflow/.local/lib/python3.12/site-packages/airflow/example_dags/example_display_name.py took 0.252 seconds
[2025-02-01T07:54:45.103+0000] {processor.py:186} INFO - Started process (PID=2607) to work on /home/airflow/.local/lib/python3.12/site-packages/airflow/example_dags/example_display_name.py
[2025-02-01T07:54:45.104+0000] {processor.py:914} INFO - Processing file /home/airflow/.local/lib/python3.12/site-packages/airflow/example_dags/example_display_name.py for tasks to queue
[2025-02-01T07:54:45.108+0000] {logging_mixin.py:190} INFO - [2025-02-01T07:54:45.108+0000] {dagbag.py:588} INFO - Filling up the DagBag from /home/airflow/.local/lib/python3.12/site-packages/airflow/example_dags/example_display_name.py
[2025-02-01T07:54:45.120+0000] {processor.py:925} INFO - DAG(s) 'example_display_name' retrieved from /home/airflow/.local/lib/python3.12/site-packages/airflow/example_dags/example_display_name.py
[2025-02-01T07:54:45.150+0000] {logging_mixin.py:190} INFO - [2025-02-01T07:54:45.150+0000] {dag.py:3239} INFO - Sync 1 DAGs
[2025-02-01T07:54:45.170+0000] {logging_mixin.py:190} INFO - [2025-02-01T07:54:45.170+0000] {dag.py:4180} INFO - Setting next_dagrun for example_display_name to None, run_after=None
[2025-02-01T07:54:45.198+0000] {processor.py:208} INFO - Processing /home/airflow/.local/lib/python3.12/site-packages/airflow/example_dags/example_display_name.py took 0.104 seconds
[2025-02-01T07:55:15.846+0000] {processor.py:186} INFO - Started process (PID=2671) to work on /home/airflow/.local/lib/python3.12/site-packages/airflow/example_dags/example_display_name.py
[2025-02-01T07:55:15.848+0000] {processor.py:914} INFO - Processing file /home/airflow/.local/lib/python3.12/site-packages/airflow/example_dags/example_display_name.py for tasks to queue
[2025-02-01T07:55:15.852+0000] {logging_mixin.py:190} INFO - [2025-02-01T07:55:15.851+0000] {dagbag.py:588} INFO - Filling up the DagBag from /home/airflow/.local/lib/python3.12/site-packages/airflow/example_dags/example_display_name.py
[2025-02-01T07:55:15.862+0000] {processor.py:925} INFO - DAG(s) 'example_display_name' retrieved from /home/airflow/.local/lib/python3.12/site-packages/airflow/example_dags/example_display_name.py
[2025-02-01T07:55:15.890+0000] {logging_mixin.py:190} INFO - [2025-02-01T07:55:15.890+0000] {dag.py:3239} INFO - Sync 1 DAGs
[2025-02-01T07:55:15.910+0000] {logging_mixin.py:190} INFO - [2025-02-01T07:55:15.910+0000] {dag.py:4180} INFO - Setting next_dagrun for example_display_name to None, run_after=None
[2025-02-01T07:55:15.940+0000] {processor.py:208} INFO - Processing /home/airflow/.local/lib/python3.12/site-packages/airflow/example_dags/example_display_name.py took 0.106 seconds
[2025-02-01T07:55:46.051+0000] {processor.py:186} INFO - Started process (PID=2734) to work on /home/airflow/.local/lib/python3.12/site-packages/airflow/example_dags/example_display_name.py
[2025-02-01T07:55:46.053+0000] {processor.py:914} INFO - Processing file /home/airflow/.local/lib/python3.12/site-packages/airflow/example_dags/example_display_name.py for tasks to queue
[2025-02-01T07:55:46.056+0000] {logging_mixin.py:190} INFO - [2025-02-01T07:55:46.056+0000] {dagbag.py:588} INFO - Filling up the DagBag from /home/airflow/.local/lib/python3.12/site-packages/airflow/example_dags/example_display_name.py
[2025-02-01T07:55:46.069+0000] {processor.py:925} INFO - DAG(s) 'example_display_name' retrieved from /home/airflow/.local/lib/python3.12/site-packages/airflow/example_dags/example_display_name.py
[2025-02-01T07:55:46.097+0000] {logging_mixin.py:190} INFO - [2025-02-01T07:55:46.096+0000] {dag.py:3239} INFO - Sync 1 DAGs
[2025-02-01T07:55:46.117+0000] {logging_mixin.py:190} INFO - [2025-02-01T07:55:46.117+0000] {dag.py:4180} INFO - Setting next_dagrun for example_display_name to None, run_after=None
[2025-02-01T07:55:46.150+0000] {processor.py:208} INFO - Processing /home/airflow/.local/lib/python3.12/site-packages/airflow/example_dags/example_display_name.py took 0.107 seconds
[2025-02-01T07:56:16.366+0000] {processor.py:186} INFO - Started process (PID=2798) to work on /home/airflow/.local/lib/python3.12/site-packages/airflow/example_dags/example_display_name.py
[2025-02-01T07:56:16.367+0000] {processor.py:914} INFO - Processing file /home/airflow/.local/lib/python3.12/site-packages/airflow/example_dags/example_display_name.py for tasks to queue
[2025-02-01T07:56:16.371+0000] {logging_mixin.py:190} INFO - [2025-02-01T07:56:16.371+0000] {dagbag.py:588} INFO - Filling up the DagBag from /home/airflow/.local/lib/python3.12/site-packages/airflow/example_dags/example_display_name.py
[2025-02-01T07:56:16.383+0000] {processor.py:925} INFO - DAG(s) 'example_display_name' retrieved from /home/airflow/.local/lib/python3.12/site-packages/airflow/example_dags/example_display_name.py
[2025-02-01T07:56:16.412+0000] {logging_mixin.py:190} INFO - [2025-02-01T07:56:16.412+0000] {dag.py:3239} INFO - Sync 1 DAGs
[2025-02-01T07:56:16.433+0000] {logging_mixin.py:190} INFO - [2025-02-01T07:56:16.432+0000] {dag.py:4180} INFO - Setting next_dagrun for example_display_name to None, run_after=None
[2025-02-01T07:56:16.462+0000] {processor.py:208} INFO - Processing /home/airflow/.local/lib/python3.12/site-packages/airflow/example_dags/example_display_name.py took 0.104 seconds
[2025-02-01T07:56:46.854+0000] {processor.py:186} INFO - Started process (PID=2862) to work on /home/airflow/.local/lib/python3.12/site-packages/airflow/example_dags/example_display_name.py
[2025-02-01T07:56:46.856+0000] {processor.py:914} INFO - Processing file /home/airflow/.local/lib/python3.12/site-packages/airflow/example_dags/example_display_name.py for tasks to queue
[2025-02-01T07:56:46.860+0000] {logging_mixin.py:190} INFO - [2025-02-01T07:56:46.859+0000] {dagbag.py:588} INFO - Filling up the DagBag from /home/airflow/.local/lib/python3.12/site-packages/airflow/example_dags/example_display_name.py
[2025-02-01T07:56:46.875+0000] {processor.py:925} INFO - DAG(s) 'example_display_name' retrieved from /home/airflow/.local/lib/python3.12/site-packages/airflow/example_dags/example_display_name.py
[2025-02-01T07:56:46.906+0000] {logging_mixin.py:190} INFO - [2025-02-01T07:56:46.906+0000] {dag.py:3239} INFO - Sync 1 DAGs
[2025-02-01T07:56:46.929+0000] {logging_mixin.py:190} INFO - [2025-02-01T07:56:46.929+0000] {dag.py:4180} INFO - Setting next_dagrun for example_display_name to None, run_after=None
[2025-02-01T07:56:46.960+0000] {processor.py:208} INFO - Processing /home/airflow/.local/lib/python3.12/site-packages/airflow/example_dags/example_display_name.py took 0.124 seconds
[2025-02-01T07:57:17.136+0000] {processor.py:186} INFO - Started process (PID=2926) to work on /home/airflow/.local/lib/python3.12/site-packages/airflow/example_dags/example_display_name.py
[2025-02-01T07:57:17.138+0000] {processor.py:914} INFO - Processing file /home/airflow/.local/lib/python3.12/site-packages/airflow/example_dags/example_display_name.py for tasks to queue
[2025-02-01T07:57:17.141+0000] {logging_mixin.py:190} INFO - [2025-02-01T07:57:17.141+0000] {dagbag.py:588} INFO - Filling up the DagBag from /home/airflow/.local/lib/python3.12/site-packages/airflow/example_dags/example_display_name.py
[2025-02-01T07:57:17.155+0000] {processor.py:925} INFO - DAG(s) 'example_display_name' retrieved from /home/airflow/.local/lib/python3.12/site-packages/airflow/example_dags/example_display_name.py
[2025-02-01T07:57:17.187+0000] {logging_mixin.py:190} INFO - [2025-02-01T07:57:17.187+0000] {dag.py:3239} INFO - Sync 1 DAGs
[2025-02-01T07:57:17.212+0000] {logging_mixin.py:190} INFO - [2025-02-01T07:57:17.211+0000] {dag.py:4180} INFO - Setting next_dagrun for example_display_name to None, run_after=None
[2025-02-01T07:57:17.242+0000] {processor.py:208} INFO - Processing /home/airflow/.local/lib/python3.12/site-packages/airflow/example_dags/example_display_name.py took 0.116 seconds
[2025-02-01T07:57:47.598+0000] {processor.py:186} INFO - Started process (PID=2996) to work on /home/airflow/.local/lib/python3.12/site-packages/airflow/example_dags/example_display_name.py
[2025-02-01T07:57:47.601+0000] {processor.py:914} INFO - Processing file /home/airflow/.local/lib/python3.12/site-packages/airflow/example_dags/example_display_name.py for tasks to queue
[2025-02-01T07:57:47.609+0000] {logging_mixin.py:190} INFO - [2025-02-01T07:57:47.608+0000] {dagbag.py:588} INFO - Filling up the DagBag from /home/airflow/.local/lib/python3.12/site-packages/airflow/example_dags/example_display_name.py
[2025-02-01T07:57:47.640+0000] {processor.py:925} INFO - DAG(s) 'example_display_name' retrieved from /home/airflow/.local/lib/python3.12/site-packages/airflow/example_dags/example_display_name.py
[2025-02-01T07:57:47.679+0000] {logging_mixin.py:190} INFO - [2025-02-01T07:57:47.678+0000] {dag.py:3239} INFO - Sync 1 DAGs
[2025-02-01T07:57:47.706+0000] {logging_mixin.py:190} INFO - [2025-02-01T07:57:47.706+0000] {dag.py:4180} INFO - Setting next_dagrun for example_display_name to None, run_after=None
[2025-02-01T07:57:47.742+0000] {processor.py:208} INFO - Processing /home/airflow/.local/lib/python3.12/site-packages/airflow/example_dags/example_display_name.py took 0.155 seconds
[2025-02-01T07:58:18.618+0000] {processor.py:186} INFO - Started process (PID=3060) to work on /home/airflow/.local/lib/python3.12/site-packages/airflow/example_dags/example_display_name.py
[2025-02-01T07:58:18.620+0000] {processor.py:914} INFO - Processing file /home/airflow/.local/lib/python3.12/site-packages/airflow/example_dags/example_display_name.py for tasks to queue
[2025-02-01T07:58:18.625+0000] {logging_mixin.py:190} INFO - [2025-02-01T07:58:18.624+0000] {dagbag.py:588} INFO - Filling up the DagBag from /home/airflow/.local/lib/python3.12/site-packages/airflow/example_dags/example_display_name.py
[2025-02-01T07:58:18.640+0000] {processor.py:925} INFO - DAG(s) 'example_display_name' retrieved from /home/airflow/.local/lib/python3.12/site-packages/airflow/example_dags/example_display_name.py
[2025-02-01T07:58:18.673+0000] {logging_mixin.py:190} INFO - [2025-02-01T07:58:18.672+0000] {dag.py:3239} INFO - Sync 1 DAGs
[2025-02-01T07:58:18.694+0000] {logging_mixin.py:190} INFO - [2025-02-01T07:58:18.694+0000] {dag.py:4180} INFO - Setting next_dagrun for example_display_name to None, run_after=None
[2025-02-01T07:58:18.721+0000] {processor.py:208} INFO - Processing /home/airflow/.local/lib/python3.12/site-packages/airflow/example_dags/example_display_name.py took 0.112 seconds
[2025-02-01T07:58:49.246+0000] {processor.py:186} INFO - Started process (PID=3124) to work on /home/airflow/.local/lib/python3.12/site-packages/airflow/example_dags/example_display_name.py
[2025-02-01T07:58:49.248+0000] {processor.py:914} INFO - Processing file /home/airflow/.local/lib/python3.12/site-packages/airflow/example_dags/example_display_name.py for tasks to queue
[2025-02-01T07:58:49.253+0000] {logging_mixin.py:190} INFO - [2025-02-01T07:58:49.253+0000] {dagbag.py:588} INFO - Filling up the DagBag from /home/airflow/.local/lib/python3.12/site-packages/airflow/example_dags/example_display_name.py
[2025-02-01T07:58:49.266+0000] {processor.py:925} INFO - DAG(s) 'example_display_name' retrieved from /home/airflow/.local/lib/python3.12/site-packages/airflow/example_dags/example_display_name.py
[2025-02-01T07:58:49.301+0000] {logging_mixin.py:190} INFO - [2025-02-01T07:58:49.301+0000] {dag.py:3239} INFO - Sync 1 DAGs
[2025-02-01T07:58:49.326+0000] {logging_mixin.py:190} INFO - [2025-02-01T07:58:49.326+0000] {dag.py:4180} INFO - Setting next_dagrun for example_display_name to None, run_after=None
[2025-02-01T07:58:49.358+0000] {processor.py:208} INFO - Processing /home/airflow/.local/lib/python3.12/site-packages/airflow/example_dags/example_display_name.py took 0.121 seconds
[2025-02-01T07:59:21.015+0000] {processor.py:186} INFO - Started process (PID=3188) to work on /home/airflow/.local/lib/python3.12/site-packages/airflow/example_dags/example_display_name.py
[2025-02-01T07:59:21.028+0000] {processor.py:914} INFO - Processing file /home/airflow/.local/lib/python3.12/site-packages/airflow/example_dags/example_display_name.py for tasks to queue
[2025-02-01T07:59:21.046+0000] {logging_mixin.py:190} INFO - [2025-02-01T07:59:21.046+0000] {dagbag.py:588} INFO - Filling up the DagBag from /home/airflow/.local/lib/python3.12/site-packages/airflow/example_dags/example_display_name.py
[2025-02-01T07:59:21.094+0000] {processor.py:925} INFO - DAG(s) 'example_display_name' retrieved from /home/airflow/.local/lib/python3.12/site-packages/airflow/example_dags/example_display_name.py
[2025-02-01T07:59:21.210+0000] {logging_mixin.py:190} INFO - [2025-02-01T07:59:21.209+0000] {dag.py:3239} INFO - Sync 1 DAGs
[2025-02-01T07:59:21.321+0000] {logging_mixin.py:190} INFO - [2025-02-01T07:59:21.321+0000] {dag.py:4180} INFO - Setting next_dagrun for example_display_name to None, run_after=None
[2025-02-01T07:59:21.926+0000] {processor.py:208} INFO - Processing /home/airflow/.local/lib/python3.12/site-packages/airflow/example_dags/example_display_name.py took 0.934 seconds
[2025-02-01T07:59:52.233+0000] {processor.py:186} INFO - Started process (PID=3252) to work on /home/airflow/.local/lib/python3.12/site-packages/airflow/example_dags/example_display_name.py
[2025-02-01T07:59:52.235+0000] {processor.py:914} INFO - Processing file /home/airflow/.local/lib/python3.12/site-packages/airflow/example_dags/example_display_name.py for tasks to queue
[2025-02-01T07:59:52.241+0000] {logging_mixin.py:190} INFO - [2025-02-01T07:59:52.240+0000] {dagbag.py:588} INFO - Filling up the DagBag from /home/airflow/.local/lib/python3.12/site-packages/airflow/example_dags/example_display_name.py
[2025-02-01T07:59:52.255+0000] {processor.py:925} INFO - DAG(s) 'example_display_name' retrieved from /home/airflow/.local/lib/python3.12/site-packages/airflow/example_dags/example_display_name.py
[2025-02-01T07:59:52.289+0000] {logging_mixin.py:190} INFO - [2025-02-01T07:59:52.289+0000] {dag.py:3239} INFO - Sync 1 DAGs
[2025-02-01T07:59:52.322+0000] {logging_mixin.py:190} INFO - [2025-02-01T07:59:52.322+0000] {dag.py:4180} INFO - Setting next_dagrun for example_display_name to None, run_after=None
[2025-02-01T07:59:52.361+0000] {processor.py:208} INFO - Processing /home/airflow/.local/lib/python3.12/site-packages/airflow/example_dags/example_display_name.py took 0.144 seconds
