[2025-02-01T07:34:17.378+0000] {processor.py:186} INFO - Started process (PID=86) to work on /home/airflow/.local/lib/python3.12/site-packages/airflow/example_dags/example_branch_python_dop_operator_3.py
[2025-02-01T07:34:17.380+0000] {processor.py:914} INFO - Processing file /home/airflow/.local/lib/python3.12/site-packages/airflow/example_dags/example_branch_python_dop_operator_3.py for tasks to queue
[2025-02-01T07:34:17.387+0000] {logging_mixin.py:190} INFO - [2025-02-01T07:34:17.386+0000] {dagbag.py:588} INFO - Filling up the DagBag from /home/airflow/.local/lib/python3.12/site-packages/airflow/example_dags/example_branch_python_dop_operator_3.py
[2025-02-01T07:34:17.487+0000] {processor.py:925} INFO - DAG(s) 'example_branch_dop_operator_v3' retrieved from /home/airflow/.local/lib/python3.12/site-packages/airflow/example_dags/example_branch_python_dop_operator_3.py
[2025-02-01T07:34:18.518+0000] {logging_mixin.py:190} INFO - [2025-02-01T07:34:18.513+0000] {override.py:1911} INFO - Created Permission View: can edit on DAG:example_branch_dop_operator_v3
[2025-02-01T07:34:18.570+0000] {logging_mixin.py:190} INFO - [2025-02-01T07:34:18.569+0000] {override.py:1911} INFO - Created Permission View: can delete on DAG:example_branch_dop_operator_v3
[2025-02-01T07:34:18.598+0000] {logging_mixin.py:190} INFO - [2025-02-01T07:34:18.598+0000] {override.py:1911} INFO - Created Permission View: can read on DAG:example_branch_dop_operator_v3
[2025-02-01T07:34:18.638+0000] {logging_mixin.py:190} INFO - [2025-02-01T07:34:18.636+0000] {override.py:1911} INFO - Created Permission View: can create on DAG Run:example_branch_dop_operator_v3
[2025-02-01T07:34:18.659+0000] {logging_mixin.py:190} INFO - [2025-02-01T07:34:18.658+0000] {override.py:1911} INFO - Created Permission View: can delete on DAG Run:example_branch_dop_operator_v3
[2025-02-01T07:34:18.687+0000] {logging_mixin.py:190} INFO - [2025-02-01T07:34:18.687+0000] {override.py:1911} INFO - Created Permission View: menu access on DAG Run:example_branch_dop_operator_v3
[2025-02-01T07:34:18.731+0000] {logging_mixin.py:190} INFO - [2025-02-01T07:34:18.731+0000] {override.py:1911} INFO - Created Permission View: can read on DAG Run:example_branch_dop_operator_v3
[2025-02-01T07:34:18.733+0000] {logging_mixin.py:190} INFO - [2025-02-01T07:34:18.733+0000] {dag.py:3239} INFO - Sync 1 DAGs
[2025-02-01T07:34:18.806+0000] {logging_mixin.py:190} INFO - [2025-02-01T07:34:18.806+0000] {dag.py:3262} INFO - Creating ORM DAG for example_branch_dop_operator_v3
[2025-02-01T07:34:18.870+0000] {logging_mixin.py:190} INFO - [2025-02-01T07:34:18.869+0000] {dag.py:4180} INFO - Setting next_dagrun for example_branch_dop_operator_v3 to 2025-02-01 07:33:00+00:00, run_after=2025-02-01 07:34:00+00:00
[2025-02-01T07:34:18.941+0000] {processor.py:208} INFO - Processing /home/airflow/.local/lib/python3.12/site-packages/airflow/example_dags/example_branch_python_dop_operator_3.py took 1.604 seconds
[2025-02-01T07:34:50.259+0000] {processor.py:186} INFO - Started process (PID=148) to work on /home/airflow/.local/lib/python3.12/site-packages/airflow/example_dags/example_branch_python_dop_operator_3.py
[2025-02-01T07:34:50.261+0000] {processor.py:914} INFO - Processing file /home/airflow/.local/lib/python3.12/site-packages/airflow/example_dags/example_branch_python_dop_operator_3.py for tasks to queue
[2025-02-01T07:34:50.267+0000] {logging_mixin.py:190} INFO - [2025-02-01T07:34:50.266+0000] {dagbag.py:588} INFO - Filling up the DagBag from /home/airflow/.local/lib/python3.12/site-packages/airflow/example_dags/example_branch_python_dop_operator_3.py
[2025-02-01T07:34:50.290+0000] {processor.py:925} INFO - DAG(s) 'example_branch_dop_operator_v3' retrieved from /home/airflow/.local/lib/python3.12/site-packages/airflow/example_dags/example_branch_python_dop_operator_3.py
[2025-02-01T07:34:50.328+0000] {logging_mixin.py:190} INFO - [2025-02-01T07:34:50.328+0000] {dag.py:3239} INFO - Sync 1 DAGs
[2025-02-01T07:34:50.384+0000] {logging_mixin.py:190} INFO - [2025-02-01T07:34:50.383+0000] {dag.py:4180} INFO - Setting next_dagrun for example_branch_dop_operator_v3 to 2025-02-01 07:33:00+00:00, run_after=2025-02-01 07:34:00+00:00
[2025-02-01T07:34:50.429+0000] {processor.py:208} INFO - Processing /home/airflow/.local/lib/python3.12/site-packages/airflow/example_dags/example_branch_python_dop_operator_3.py took 0.182 seconds
[2025-02-01T07:35:20.698+0000] {processor.py:186} INFO - Started process (PID=211) to work on /home/airflow/.local/lib/python3.12/site-packages/airflow/example_dags/example_branch_python_dop_operator_3.py
[2025-02-01T07:35:20.699+0000] {processor.py:914} INFO - Processing file /home/airflow/.local/lib/python3.12/site-packages/airflow/example_dags/example_branch_python_dop_operator_3.py for tasks to queue
[2025-02-01T07:35:20.703+0000] {logging_mixin.py:190} INFO - [2025-02-01T07:35:20.702+0000] {dagbag.py:588} INFO - Filling up the DagBag from /home/airflow/.local/lib/python3.12/site-packages/airflow/example_dags/example_branch_python_dop_operator_3.py
[2025-02-01T07:35:20.722+0000] {processor.py:925} INFO - DAG(s) 'example_branch_dop_operator_v3' retrieved from /home/airflow/.local/lib/python3.12/site-packages/airflow/example_dags/example_branch_python_dop_operator_3.py
[2025-02-01T07:35:20.752+0000] {logging_mixin.py:190} INFO - [2025-02-01T07:35:20.752+0000] {dag.py:3239} INFO - Sync 1 DAGs
[2025-02-01T07:35:20.800+0000] {logging_mixin.py:190} INFO - [2025-02-01T07:35:20.799+0000] {dag.py:4180} INFO - Setting next_dagrun for example_branch_dop_operator_v3 to 2025-02-01 07:34:00+00:00, run_after=2025-02-01 07:35:00+00:00
[2025-02-01T07:35:20.839+0000] {processor.py:208} INFO - Processing /home/airflow/.local/lib/python3.12/site-packages/airflow/example_dags/example_branch_python_dop_operator_3.py took 0.150 seconds
[2025-02-01T07:35:54.132+0000] {processor.py:186} INFO - Started process (PID=275) to work on /home/airflow/.local/lib/python3.12/site-packages/airflow/example_dags/example_branch_python_dop_operator_3.py
[2025-02-01T07:35:54.136+0000] {processor.py:914} INFO - Processing file /home/airflow/.local/lib/python3.12/site-packages/airflow/example_dags/example_branch_python_dop_operator_3.py for tasks to queue
[2025-02-01T07:35:54.142+0000] {logging_mixin.py:190} INFO - [2025-02-01T07:35:54.141+0000] {dagbag.py:588} INFO - Filling up the DagBag from /home/airflow/.local/lib/python3.12/site-packages/airflow/example_dags/example_branch_python_dop_operator_3.py
[2025-02-01T07:35:54.171+0000] {processor.py:925} INFO - DAG(s) 'example_branch_dop_operator_v3' retrieved from /home/airflow/.local/lib/python3.12/site-packages/airflow/example_dags/example_branch_python_dop_operator_3.py
[2025-02-01T07:35:54.222+0000] {logging_mixin.py:190} INFO - [2025-02-01T07:35:54.221+0000] {dag.py:3239} INFO - Sync 1 DAGs
[2025-02-01T07:35:54.318+0000] {logging_mixin.py:190} INFO - [2025-02-01T07:35:54.317+0000] {dag.py:4180} INFO - Setting next_dagrun for example_branch_dop_operator_v3 to 2025-02-01 07:34:00+00:00, run_after=2025-02-01 07:35:00+00:00
[2025-02-01T07:35:54.386+0000] {processor.py:208} INFO - Processing /home/airflow/.local/lib/python3.12/site-packages/airflow/example_dags/example_branch_python_dop_operator_3.py took 0.269 seconds
[2025-02-01T07:36:25.045+0000] {processor.py:186} INFO - Started process (PID=338) to work on /home/airflow/.local/lib/python3.12/site-packages/airflow/example_dags/example_branch_python_dop_operator_3.py
[2025-02-01T07:36:25.047+0000] {processor.py:914} INFO - Processing file /home/airflow/.local/lib/python3.12/site-packages/airflow/example_dags/example_branch_python_dop_operator_3.py for tasks to queue
[2025-02-01T07:36:25.053+0000] {logging_mixin.py:190} INFO - [2025-02-01T07:36:25.052+0000] {dagbag.py:588} INFO - Filling up the DagBag from /home/airflow/.local/lib/python3.12/site-packages/airflow/example_dags/example_branch_python_dop_operator_3.py
[2025-02-01T07:36:25.103+0000] {processor.py:925} INFO - DAG(s) 'example_branch_dop_operator_v3' retrieved from /home/airflow/.local/lib/python3.12/site-packages/airflow/example_dags/example_branch_python_dop_operator_3.py
[2025-02-01T07:36:25.181+0000] {logging_mixin.py:190} INFO - [2025-02-01T07:36:25.181+0000] {dag.py:3239} INFO - Sync 1 DAGs
[2025-02-01T07:36:25.261+0000] {logging_mixin.py:190} INFO - [2025-02-01T07:36:25.260+0000] {dag.py:4180} INFO - Setting next_dagrun for example_branch_dop_operator_v3 to 2025-02-01 07:35:00+00:00, run_after=2025-02-01 07:36:00+00:00
[2025-02-01T07:36:25.310+0000] {processor.py:208} INFO - Processing /home/airflow/.local/lib/python3.12/site-packages/airflow/example_dags/example_branch_python_dop_operator_3.py took 0.283 seconds
[2025-02-01T07:36:55.937+0000] {processor.py:186} INFO - Started process (PID=400) to work on /home/airflow/.local/lib/python3.12/site-packages/airflow/example_dags/example_branch_python_dop_operator_3.py
[2025-02-01T07:36:55.938+0000] {processor.py:914} INFO - Processing file /home/airflow/.local/lib/python3.12/site-packages/airflow/example_dags/example_branch_python_dop_operator_3.py for tasks to queue
[2025-02-01T07:36:55.940+0000] {logging_mixin.py:190} INFO - [2025-02-01T07:36:55.940+0000] {dagbag.py:588} INFO - Filling up the DagBag from /home/airflow/.local/lib/python3.12/site-packages/airflow/example_dags/example_branch_python_dop_operator_3.py
[2025-02-01T07:36:55.951+0000] {processor.py:925} INFO - DAG(s) 'example_branch_dop_operator_v3' retrieved from /home/airflow/.local/lib/python3.12/site-packages/airflow/example_dags/example_branch_python_dop_operator_3.py
[2025-02-01T07:36:55.969+0000] {logging_mixin.py:190} INFO - [2025-02-01T07:36:55.969+0000] {dag.py:3239} INFO - Sync 1 DAGs
[2025-02-01T07:36:55.995+0000] {logging_mixin.py:190} INFO - [2025-02-01T07:36:55.995+0000] {dag.py:4180} INFO - Setting next_dagrun for example_branch_dop_operator_v3 to 2025-02-01 07:35:00+00:00, run_after=2025-02-01 07:36:00+00:00
[2025-02-01T07:36:56.017+0000] {processor.py:208} INFO - Processing /home/airflow/.local/lib/python3.12/site-packages/airflow/example_dags/example_branch_python_dop_operator_3.py took 0.085 seconds
[2025-02-01T07:37:26.282+0000] {processor.py:186} INFO - Started process (PID=463) to work on /home/airflow/.local/lib/python3.12/site-packages/airflow/example_dags/example_branch_python_dop_operator_3.py
[2025-02-01T07:37:26.283+0000] {processor.py:914} INFO - Processing file /home/airflow/.local/lib/python3.12/site-packages/airflow/example_dags/example_branch_python_dop_operator_3.py for tasks to queue
[2025-02-01T07:37:26.285+0000] {logging_mixin.py:190} INFO - [2025-02-01T07:37:26.285+0000] {dagbag.py:588} INFO - Filling up the DagBag from /home/airflow/.local/lib/python3.12/site-packages/airflow/example_dags/example_branch_python_dop_operator_3.py
[2025-02-01T07:37:26.295+0000] {processor.py:925} INFO - DAG(s) 'example_branch_dop_operator_v3' retrieved from /home/airflow/.local/lib/python3.12/site-packages/airflow/example_dags/example_branch_python_dop_operator_3.py
[2025-02-01T07:37:26.314+0000] {logging_mixin.py:190} INFO - [2025-02-01T07:37:26.314+0000] {dag.py:3239} INFO - Sync 1 DAGs
[2025-02-01T07:37:26.341+0000] {logging_mixin.py:190} INFO - [2025-02-01T07:37:26.340+0000] {dag.py:4180} INFO - Setting next_dagrun for example_branch_dop_operator_v3 to 2025-02-01 07:36:00+00:00, run_after=2025-02-01 07:37:00+00:00
[2025-02-01T07:37:26.364+0000] {processor.py:208} INFO - Processing /home/airflow/.local/lib/python3.12/site-packages/airflow/example_dags/example_branch_python_dop_operator_3.py took 0.089 seconds
[2025-02-01T07:37:56.695+0000] {processor.py:186} INFO - Started process (PID=526) to work on /home/airflow/.local/lib/python3.12/site-packages/airflow/example_dags/example_branch_python_dop_operator_3.py
[2025-02-01T07:37:56.696+0000] {processor.py:914} INFO - Processing file /home/airflow/.local/lib/python3.12/site-packages/airflow/example_dags/example_branch_python_dop_operator_3.py for tasks to queue
[2025-02-01T07:37:56.698+0000] {logging_mixin.py:190} INFO - [2025-02-01T07:37:56.698+0000] {dagbag.py:588} INFO - Filling up the DagBag from /home/airflow/.local/lib/python3.12/site-packages/airflow/example_dags/example_branch_python_dop_operator_3.py
[2025-02-01T07:37:56.706+0000] {processor.py:925} INFO - DAG(s) 'example_branch_dop_operator_v3' retrieved from /home/airflow/.local/lib/python3.12/site-packages/airflow/example_dags/example_branch_python_dop_operator_3.py
[2025-02-01T07:37:56.727+0000] {logging_mixin.py:190} INFO - [2025-02-01T07:37:56.727+0000] {dag.py:3239} INFO - Sync 1 DAGs
[2025-02-01T07:37:56.758+0000] {logging_mixin.py:190} INFO - [2025-02-01T07:37:56.758+0000] {dag.py:4180} INFO - Setting next_dagrun for example_branch_dop_operator_v3 to 2025-02-01 07:36:00+00:00, run_after=2025-02-01 07:37:00+00:00
[2025-02-01T07:37:56.781+0000] {processor.py:208} INFO - Processing /home/airflow/.local/lib/python3.12/site-packages/airflow/example_dags/example_branch_python_dop_operator_3.py took 0.092 seconds
[2025-02-01T07:38:26.908+0000] {processor.py:186} INFO - Started process (PID=589) to work on /home/airflow/.local/lib/python3.12/site-packages/airflow/example_dags/example_branch_python_dop_operator_3.py
[2025-02-01T07:38:26.909+0000] {processor.py:914} INFO - Processing file /home/airflow/.local/lib/python3.12/site-packages/airflow/example_dags/example_branch_python_dop_operator_3.py for tasks to queue
[2025-02-01T07:38:26.913+0000] {logging_mixin.py:190} INFO - [2025-02-01T07:38:26.913+0000] {dagbag.py:588} INFO - Filling up the DagBag from /home/airflow/.local/lib/python3.12/site-packages/airflow/example_dags/example_branch_python_dop_operator_3.py
[2025-02-01T07:38:26.931+0000] {processor.py:925} INFO - DAG(s) 'example_branch_dop_operator_v3' retrieved from /home/airflow/.local/lib/python3.12/site-packages/airflow/example_dags/example_branch_python_dop_operator_3.py
[2025-02-01T07:38:26.965+0000] {logging_mixin.py:190} INFO - [2025-02-01T07:38:26.965+0000] {dag.py:3239} INFO - Sync 1 DAGs
[2025-02-01T07:38:27.016+0000] {logging_mixin.py:190} INFO - [2025-02-01T07:38:27.016+0000] {dag.py:4180} INFO - Setting next_dagrun for example_branch_dop_operator_v3 to 2025-02-01 07:37:00+00:00, run_after=2025-02-01 07:38:00+00:00
[2025-02-01T07:38:27.055+0000] {processor.py:208} INFO - Processing /home/airflow/.local/lib/python3.12/site-packages/airflow/example_dags/example_branch_python_dop_operator_3.py took 0.157 seconds
[2025-02-01T07:38:57.914+0000] {processor.py:186} INFO - Started process (PID=650) to work on /home/airflow/.local/lib/python3.12/site-packages/airflow/example_dags/example_branch_python_dop_operator_3.py
[2025-02-01T07:38:57.916+0000] {processor.py:914} INFO - Processing file /home/airflow/.local/lib/python3.12/site-packages/airflow/example_dags/example_branch_python_dop_operator_3.py for tasks to queue
[2025-02-01T07:38:57.925+0000] {logging_mixin.py:190} INFO - [2025-02-01T07:38:57.924+0000] {dagbag.py:588} INFO - Filling up the DagBag from /home/airflow/.local/lib/python3.12/site-packages/airflow/example_dags/example_branch_python_dop_operator_3.py
[2025-02-01T07:38:57.960+0000] {processor.py:925} INFO - DAG(s) 'example_branch_dop_operator_v3' retrieved from /home/airflow/.local/lib/python3.12/site-packages/airflow/example_dags/example_branch_python_dop_operator_3.py
[2025-02-01T07:38:58.053+0000] {logging_mixin.py:190} INFO - [2025-02-01T07:38:58.052+0000] {dag.py:3239} INFO - Sync 1 DAGs
[2025-02-01T07:38:58.126+0000] {logging_mixin.py:190} INFO - [2025-02-01T07:38:58.126+0000] {dag.py:4180} INFO - Setting next_dagrun for example_branch_dop_operator_v3 to 2025-02-01 07:37:00+00:00, run_after=2025-02-01 07:38:00+00:00
[2025-02-01T07:38:58.182+0000] {processor.py:208} INFO - Processing /home/airflow/.local/lib/python3.12/site-packages/airflow/example_dags/example_branch_python_dop_operator_3.py took 0.289 seconds
[2025-02-01T07:39:28.418+0000] {processor.py:186} INFO - Started process (PID=713) to work on /home/airflow/.local/lib/python3.12/site-packages/airflow/example_dags/example_branch_python_dop_operator_3.py
[2025-02-01T07:39:28.421+0000] {processor.py:914} INFO - Processing file /home/airflow/.local/lib/python3.12/site-packages/airflow/example_dags/example_branch_python_dop_operator_3.py for tasks to queue
[2025-02-01T07:39:28.433+0000] {logging_mixin.py:190} INFO - [2025-02-01T07:39:28.429+0000] {dagbag.py:588} INFO - Filling up the DagBag from /home/airflow/.local/lib/python3.12/site-packages/airflow/example_dags/example_branch_python_dop_operator_3.py
[2025-02-01T07:39:28.476+0000] {processor.py:925} INFO - DAG(s) 'example_branch_dop_operator_v3' retrieved from /home/airflow/.local/lib/python3.12/site-packages/airflow/example_dags/example_branch_python_dop_operator_3.py
[2025-02-01T07:39:28.535+0000] {logging_mixin.py:190} INFO - [2025-02-01T07:39:28.534+0000] {dag.py:3239} INFO - Sync 1 DAGs
[2025-02-01T07:39:28.619+0000] {logging_mixin.py:190} INFO - [2025-02-01T07:39:28.614+0000] {dag.py:4180} INFO - Setting next_dagrun for example_branch_dop_operator_v3 to 2025-02-01 07:38:00+00:00, run_after=2025-02-01 07:39:00+00:00
[2025-02-01T07:39:28.692+0000] {processor.py:208} INFO - Processing /home/airflow/.local/lib/python3.12/site-packages/airflow/example_dags/example_branch_python_dop_operator_3.py took 0.302 seconds
[2025-02-01T07:39:59.531+0000] {processor.py:186} INFO - Started process (PID=776) to work on /home/airflow/.local/lib/python3.12/site-packages/airflow/example_dags/example_branch_python_dop_operator_3.py
[2025-02-01T07:39:59.533+0000] {processor.py:914} INFO - Processing file /home/airflow/.local/lib/python3.12/site-packages/airflow/example_dags/example_branch_python_dop_operator_3.py for tasks to queue
[2025-02-01T07:39:59.538+0000] {logging_mixin.py:190} INFO - [2025-02-01T07:39:59.537+0000] {dagbag.py:588} INFO - Filling up the DagBag from /home/airflow/.local/lib/python3.12/site-packages/airflow/example_dags/example_branch_python_dop_operator_3.py
[2025-02-01T07:39:59.557+0000] {processor.py:925} INFO - DAG(s) 'example_branch_dop_operator_v3' retrieved from /home/airflow/.local/lib/python3.12/site-packages/airflow/example_dags/example_branch_python_dop_operator_3.py
[2025-02-01T07:39:59.594+0000] {logging_mixin.py:190} INFO - [2025-02-01T07:39:59.594+0000] {dag.py:3239} INFO - Sync 1 DAGs
[2025-02-01T07:39:59.641+0000] {logging_mixin.py:190} INFO - [2025-02-01T07:39:59.641+0000] {dag.py:4180} INFO - Setting next_dagrun for example_branch_dop_operator_v3 to 2025-02-01 07:38:00+00:00, run_after=2025-02-01 07:39:00+00:00
[2025-02-01T07:39:59.681+0000] {processor.py:208} INFO - Processing /home/airflow/.local/lib/python3.12/site-packages/airflow/example_dags/example_branch_python_dop_operator_3.py took 0.161 seconds
[2025-02-01T07:40:30.299+0000] {processor.py:186} INFO - Started process (PID=832) to work on /home/airflow/.local/lib/python3.12/site-packages/airflow/example_dags/example_branch_python_dop_operator_3.py
[2025-02-01T07:40:30.301+0000] {processor.py:914} INFO - Processing file /home/airflow/.local/lib/python3.12/site-packages/airflow/example_dags/example_branch_python_dop_operator_3.py for tasks to queue
[2025-02-01T07:40:30.305+0000] {logging_mixin.py:190} INFO - [2025-02-01T07:40:30.305+0000] {dagbag.py:588} INFO - Filling up the DagBag from /home/airflow/.local/lib/python3.12/site-packages/airflow/example_dags/example_branch_python_dop_operator_3.py
[2025-02-01T07:40:30.324+0000] {processor.py:925} INFO - DAG(s) 'example_branch_dop_operator_v3' retrieved from /home/airflow/.local/lib/python3.12/site-packages/airflow/example_dags/example_branch_python_dop_operator_3.py
[2025-02-01T07:40:30.359+0000] {logging_mixin.py:190} INFO - [2025-02-01T07:40:30.358+0000] {dag.py:3239} INFO - Sync 1 DAGs
[2025-02-01T07:40:30.403+0000] {logging_mixin.py:190} INFO - [2025-02-01T07:40:30.403+0000] {dag.py:4180} INFO - Setting next_dagrun for example_branch_dop_operator_v3 to 2025-02-01 07:39:00+00:00, run_after=2025-02-01 07:40:00+00:00
[2025-02-01T07:40:30.442+0000] {processor.py:208} INFO - Processing /home/airflow/.local/lib/python3.12/site-packages/airflow/example_dags/example_branch_python_dop_operator_3.py took 0.155 seconds
[2025-02-01T07:41:00.951+0000] {processor.py:186} INFO - Started process (PID=892) to work on /home/airflow/.local/lib/python3.12/site-packages/airflow/example_dags/example_branch_python_dop_operator_3.py
[2025-02-01T07:41:00.953+0000] {processor.py:914} INFO - Processing file /home/airflow/.local/lib/python3.12/site-packages/airflow/example_dags/example_branch_python_dop_operator_3.py for tasks to queue
[2025-02-01T07:41:00.958+0000] {logging_mixin.py:190} INFO - [2025-02-01T07:41:00.957+0000] {dagbag.py:588} INFO - Filling up the DagBag from /home/airflow/.local/lib/python3.12/site-packages/airflow/example_dags/example_branch_python_dop_operator_3.py
[2025-02-01T07:41:00.987+0000] {processor.py:925} INFO - DAG(s) 'example_branch_dop_operator_v3' retrieved from /home/airflow/.local/lib/python3.12/site-packages/airflow/example_dags/example_branch_python_dop_operator_3.py
[2025-02-01T07:41:01.033+0000] {logging_mixin.py:190} INFO - [2025-02-01T07:41:01.032+0000] {dag.py:3239} INFO - Sync 1 DAGs
[2025-02-01T07:41:01.095+0000] {logging_mixin.py:190} INFO - [2025-02-01T07:41:01.095+0000] {dag.py:4180} INFO - Setting next_dagrun for example_branch_dop_operator_v3 to 2025-02-01 07:40:00+00:00, run_after=2025-02-01 07:41:00+00:00
[2025-02-01T07:41:01.141+0000] {processor.py:208} INFO - Processing /home/airflow/.local/lib/python3.12/site-packages/airflow/example_dags/example_branch_python_dop_operator_3.py took 0.204 seconds
[2025-02-01T07:41:32.007+0000] {processor.py:186} INFO - Started process (PID=955) to work on /home/airflow/.local/lib/python3.12/site-packages/airflow/example_dags/example_branch_python_dop_operator_3.py
[2025-02-01T07:41:32.009+0000] {processor.py:914} INFO - Processing file /home/airflow/.local/lib/python3.12/site-packages/airflow/example_dags/example_branch_python_dop_operator_3.py for tasks to queue
[2025-02-01T07:41:32.015+0000] {logging_mixin.py:190} INFO - [2025-02-01T07:41:32.014+0000] {dagbag.py:588} INFO - Filling up the DagBag from /home/airflow/.local/lib/python3.12/site-packages/airflow/example_dags/example_branch_python_dop_operator_3.py
[2025-02-01T07:41:32.039+0000] {processor.py:925} INFO - DAG(s) 'example_branch_dop_operator_v3' retrieved from /home/airflow/.local/lib/python3.12/site-packages/airflow/example_dags/example_branch_python_dop_operator_3.py
[2025-02-01T07:41:32.085+0000] {logging_mixin.py:190} INFO - [2025-02-01T07:41:32.084+0000] {dag.py:3239} INFO - Sync 1 DAGs
[2025-02-01T07:41:32.139+0000] {logging_mixin.py:190} INFO - [2025-02-01T07:41:32.139+0000] {dag.py:4180} INFO - Setting next_dagrun for example_branch_dop_operator_v3 to 2025-02-01 07:40:00+00:00, run_after=2025-02-01 07:41:00+00:00
[2025-02-01T07:41:32.186+0000] {processor.py:208} INFO - Processing /home/airflow/.local/lib/python3.12/site-packages/airflow/example_dags/example_branch_python_dop_operator_3.py took 0.190 seconds
[2025-02-01T07:42:02.548+0000] {processor.py:186} INFO - Started process (PID=1017) to work on /home/airflow/.local/lib/python3.12/site-packages/airflow/example_dags/example_branch_python_dop_operator_3.py
[2025-02-01T07:42:02.550+0000] {processor.py:914} INFO - Processing file /home/airflow/.local/lib/python3.12/site-packages/airflow/example_dags/example_branch_python_dop_operator_3.py for tasks to queue
[2025-02-01T07:42:02.558+0000] {logging_mixin.py:190} INFO - [2025-02-01T07:42:02.556+0000] {dagbag.py:588} INFO - Filling up the DagBag from /home/airflow/.local/lib/python3.12/site-packages/airflow/example_dags/example_branch_python_dop_operator_3.py
[2025-02-01T07:42:02.580+0000] {processor.py:925} INFO - DAG(s) 'example_branch_dop_operator_v3' retrieved from /home/airflow/.local/lib/python3.12/site-packages/airflow/example_dags/example_branch_python_dop_operator_3.py
[2025-02-01T07:42:02.626+0000] {logging_mixin.py:190} INFO - [2025-02-01T07:42:02.626+0000] {dag.py:3239} INFO - Sync 1 DAGs
[2025-02-01T07:42:02.737+0000] {logging_mixin.py:190} INFO - [2025-02-01T07:42:02.737+0000] {dag.py:4180} INFO - Setting next_dagrun for example_branch_dop_operator_v3 to 2025-02-01 07:41:00+00:00, run_after=2025-02-01 07:42:00+00:00
[2025-02-01T07:42:02.818+0000] {processor.py:208} INFO - Processing /home/airflow/.local/lib/python3.12/site-packages/airflow/example_dags/example_branch_python_dop_operator_3.py took 0.285 seconds
[2025-02-01T07:42:33.356+0000] {processor.py:186} INFO - Started process (PID=1080) to work on /home/airflow/.local/lib/python3.12/site-packages/airflow/example_dags/example_branch_python_dop_operator_3.py
[2025-02-01T07:42:33.359+0000] {processor.py:914} INFO - Processing file /home/airflow/.local/lib/python3.12/site-packages/airflow/example_dags/example_branch_python_dop_operator_3.py for tasks to queue
[2025-02-01T07:42:33.366+0000] {logging_mixin.py:190} INFO - [2025-02-01T07:42:33.366+0000] {dagbag.py:588} INFO - Filling up the DagBag from /home/airflow/.local/lib/python3.12/site-packages/airflow/example_dags/example_branch_python_dop_operator_3.py
[2025-02-01T07:42:33.394+0000] {processor.py:925} INFO - DAG(s) 'example_branch_dop_operator_v3' retrieved from /home/airflow/.local/lib/python3.12/site-packages/airflow/example_dags/example_branch_python_dop_operator_3.py
[2025-02-01T07:42:33.436+0000] {logging_mixin.py:190} INFO - [2025-02-01T07:42:33.435+0000] {dag.py:3239} INFO - Sync 1 DAGs
[2025-02-01T07:42:33.495+0000] {logging_mixin.py:190} INFO - [2025-02-01T07:42:33.495+0000] {dag.py:4180} INFO - Setting next_dagrun for example_branch_dop_operator_v3 to 2025-02-01 07:41:00+00:00, run_after=2025-02-01 07:42:00+00:00
[2025-02-01T07:42:33.536+0000] {processor.py:208} INFO - Processing /home/airflow/.local/lib/python3.12/site-packages/airflow/example_dags/example_branch_python_dop_operator_3.py took 0.193 seconds
[2025-02-01T07:43:04.112+0000] {processor.py:186} INFO - Started process (PID=1143) to work on /home/airflow/.local/lib/python3.12/site-packages/airflow/example_dags/example_branch_python_dop_operator_3.py
[2025-02-01T07:43:04.113+0000] {processor.py:914} INFO - Processing file /home/airflow/.local/lib/python3.12/site-packages/airflow/example_dags/example_branch_python_dop_operator_3.py for tasks to queue
[2025-02-01T07:43:04.118+0000] {logging_mixin.py:190} INFO - [2025-02-01T07:43:04.117+0000] {dagbag.py:588} INFO - Filling up the DagBag from /home/airflow/.local/lib/python3.12/site-packages/airflow/example_dags/example_branch_python_dop_operator_3.py
[2025-02-01T07:43:04.133+0000] {processor.py:925} INFO - DAG(s) 'example_branch_dop_operator_v3' retrieved from /home/airflow/.local/lib/python3.12/site-packages/airflow/example_dags/example_branch_python_dop_operator_3.py
[2025-02-01T07:43:04.178+0000] {logging_mixin.py:190} INFO - [2025-02-01T07:43:04.178+0000] {dag.py:3239} INFO - Sync 1 DAGs
[2025-02-01T07:43:04.236+0000] {logging_mixin.py:190} INFO - [2025-02-01T07:43:04.236+0000] {dag.py:4180} INFO - Setting next_dagrun for example_branch_dop_operator_v3 to 2025-02-01 07:42:00+00:00, run_after=2025-02-01 07:43:00+00:00
[2025-02-01T07:43:04.277+0000] {processor.py:208} INFO - Processing /home/airflow/.local/lib/python3.12/site-packages/airflow/example_dags/example_branch_python_dop_operator_3.py took 0.179 seconds
[2025-02-01T07:43:35.053+0000] {processor.py:186} INFO - Started process (PID=1206) to work on /home/airflow/.local/lib/python3.12/site-packages/airflow/example_dags/example_branch_python_dop_operator_3.py
[2025-02-01T07:43:35.055+0000] {processor.py:914} INFO - Processing file /home/airflow/.local/lib/python3.12/site-packages/airflow/example_dags/example_branch_python_dop_operator_3.py for tasks to queue
[2025-02-01T07:43:35.060+0000] {logging_mixin.py:190} INFO - [2025-02-01T07:43:35.060+0000] {dagbag.py:588} INFO - Filling up the DagBag from /home/airflow/.local/lib/python3.12/site-packages/airflow/example_dags/example_branch_python_dop_operator_3.py
[2025-02-01T07:43:35.075+0000] {processor.py:925} INFO - DAG(s) 'example_branch_dop_operator_v3' retrieved from /home/airflow/.local/lib/python3.12/site-packages/airflow/example_dags/example_branch_python_dop_operator_3.py
[2025-02-01T07:43:35.103+0000] {logging_mixin.py:190} INFO - [2025-02-01T07:43:35.102+0000] {dag.py:3239} INFO - Sync 1 DAGs
[2025-02-01T07:43:35.153+0000] {logging_mixin.py:190} INFO - [2025-02-01T07:43:35.153+0000] {dag.py:4180} INFO - Setting next_dagrun for example_branch_dop_operator_v3 to 2025-02-01 07:42:00+00:00, run_after=2025-02-01 07:43:00+00:00
[2025-02-01T07:43:35.182+0000] {processor.py:208} INFO - Processing /home/airflow/.local/lib/python3.12/site-packages/airflow/example_dags/example_branch_python_dop_operator_3.py took 0.139 seconds
[2025-02-01T07:44:05.334+0000] {processor.py:186} INFO - Started process (PID=1269) to work on /home/airflow/.local/lib/python3.12/site-packages/airflow/example_dags/example_branch_python_dop_operator_3.py
[2025-02-01T07:44:05.335+0000] {processor.py:914} INFO - Processing file /home/airflow/.local/lib/python3.12/site-packages/airflow/example_dags/example_branch_python_dop_operator_3.py for tasks to queue
[2025-02-01T07:44:05.337+0000] {logging_mixin.py:190} INFO - [2025-02-01T07:44:05.337+0000] {dagbag.py:588} INFO - Filling up the DagBag from /home/airflow/.local/lib/python3.12/site-packages/airflow/example_dags/example_branch_python_dop_operator_3.py
[2025-02-01T07:44:05.345+0000] {processor.py:925} INFO - DAG(s) 'example_branch_dop_operator_v3' retrieved from /home/airflow/.local/lib/python3.12/site-packages/airflow/example_dags/example_branch_python_dop_operator_3.py
[2025-02-01T07:44:05.363+0000] {logging_mixin.py:190} INFO - [2025-02-01T07:44:05.362+0000] {dag.py:3239} INFO - Sync 1 DAGs
[2025-02-01T07:44:05.387+0000] {logging_mixin.py:190} INFO - [2025-02-01T07:44:05.387+0000] {dag.py:4180} INFO - Setting next_dagrun for example_branch_dop_operator_v3 to 2025-02-01 07:43:00+00:00, run_after=2025-02-01 07:44:00+00:00
[2025-02-01T07:44:05.409+0000] {processor.py:208} INFO - Processing /home/airflow/.local/lib/python3.12/site-packages/airflow/example_dags/example_branch_python_dop_operator_3.py took 0.080 seconds
[2025-02-01T07:44:36.034+0000] {processor.py:186} INFO - Started process (PID=1333) to work on /home/airflow/.local/lib/python3.12/site-packages/airflow/example_dags/example_branch_python_dop_operator_3.py
[2025-02-01T07:44:36.036+0000] {processor.py:914} INFO - Processing file /home/airflow/.local/lib/python3.12/site-packages/airflow/example_dags/example_branch_python_dop_operator_3.py for tasks to queue
[2025-02-01T07:44:36.039+0000] {logging_mixin.py:190} INFO - [2025-02-01T07:44:36.039+0000] {dagbag.py:588} INFO - Filling up the DagBag from /home/airflow/.local/lib/python3.12/site-packages/airflow/example_dags/example_branch_python_dop_operator_3.py
[2025-02-01T07:44:36.053+0000] {processor.py:925} INFO - DAG(s) 'example_branch_dop_operator_v3' retrieved from /home/airflow/.local/lib/python3.12/site-packages/airflow/example_dags/example_branch_python_dop_operator_3.py
[2025-02-01T07:44:36.085+0000] {logging_mixin.py:190} INFO - [2025-02-01T07:44:36.085+0000] {dag.py:3239} INFO - Sync 1 DAGs
[2025-02-01T07:44:36.126+0000] {logging_mixin.py:190} INFO - [2025-02-01T07:44:36.126+0000] {dag.py:4180} INFO - Setting next_dagrun for example_branch_dop_operator_v3 to 2025-02-01 07:43:00+00:00, run_after=2025-02-01 07:44:00+00:00
[2025-02-01T07:44:36.155+0000] {processor.py:208} INFO - Processing /home/airflow/.local/lib/python3.12/site-packages/airflow/example_dags/example_branch_python_dop_operator_3.py took 0.131 seconds
[2025-02-01T07:45:06.455+0000] {processor.py:186} INFO - Started process (PID=1397) to work on /home/airflow/.local/lib/python3.12/site-packages/airflow/example_dags/example_branch_python_dop_operator_3.py
[2025-02-01T07:45:06.456+0000] {processor.py:914} INFO - Processing file /home/airflow/.local/lib/python3.12/site-packages/airflow/example_dags/example_branch_python_dop_operator_3.py for tasks to queue
[2025-02-01T07:45:06.460+0000] {logging_mixin.py:190} INFO - [2025-02-01T07:45:06.460+0000] {dagbag.py:588} INFO - Filling up the DagBag from /home/airflow/.local/lib/python3.12/site-packages/airflow/example_dags/example_branch_python_dop_operator_3.py
[2025-02-01T07:45:06.486+0000] {processor.py:925} INFO - DAG(s) 'example_branch_dop_operator_v3' retrieved from /home/airflow/.local/lib/python3.12/site-packages/airflow/example_dags/example_branch_python_dop_operator_3.py
[2025-02-01T07:45:06.517+0000] {logging_mixin.py:190} INFO - [2025-02-01T07:45:06.517+0000] {dag.py:3239} INFO - Sync 1 DAGs
[2025-02-01T07:45:06.555+0000] {logging_mixin.py:190} INFO - [2025-02-01T07:45:06.555+0000] {dag.py:4180} INFO - Setting next_dagrun for example_branch_dop_operator_v3 to 2025-02-01 07:44:00+00:00, run_after=2025-02-01 07:45:00+00:00
[2025-02-01T07:45:06.583+0000] {processor.py:208} INFO - Processing /home/airflow/.local/lib/python3.12/site-packages/airflow/example_dags/example_branch_python_dop_operator_3.py took 0.147 seconds
[2025-02-01T07:45:36.879+0000] {processor.py:186} INFO - Started process (PID=1461) to work on /home/airflow/.local/lib/python3.12/site-packages/airflow/example_dags/example_branch_python_dop_operator_3.py
[2025-02-01T07:45:36.883+0000] {processor.py:914} INFO - Processing file /home/airflow/.local/lib/python3.12/site-packages/airflow/example_dags/example_branch_python_dop_operator_3.py for tasks to queue
[2025-02-01T07:45:36.889+0000] {logging_mixin.py:190} INFO - [2025-02-01T07:45:36.888+0000] {dagbag.py:588} INFO - Filling up the DagBag from /home/airflow/.local/lib/python3.12/site-packages/airflow/example_dags/example_branch_python_dop_operator_3.py
[2025-02-01T07:45:36.913+0000] {processor.py:925} INFO - DAG(s) 'example_branch_dop_operator_v3' retrieved from /home/airflow/.local/lib/python3.12/site-packages/airflow/example_dags/example_branch_python_dop_operator_3.py
[2025-02-01T07:45:36.950+0000] {logging_mixin.py:190} INFO - [2025-02-01T07:45:36.950+0000] {dag.py:3239} INFO - Sync 1 DAGs
[2025-02-01T07:45:37.013+0000] {logging_mixin.py:190} INFO - [2025-02-01T07:45:37.012+0000] {dag.py:4180} INFO - Setting next_dagrun for example_branch_dop_operator_v3 to 2025-02-01 07:44:00+00:00, run_after=2025-02-01 07:45:00+00:00
[2025-02-01T07:45:37.055+0000] {processor.py:208} INFO - Processing /home/airflow/.local/lib/python3.12/site-packages/airflow/example_dags/example_branch_python_dop_operator_3.py took 0.191 seconds
[2025-02-01T07:46:07.936+0000] {processor.py:186} INFO - Started process (PID=1525) to work on /home/airflow/.local/lib/python3.12/site-packages/airflow/example_dags/example_branch_python_dop_operator_3.py
[2025-02-01T07:46:07.937+0000] {processor.py:914} INFO - Processing file /home/airflow/.local/lib/python3.12/site-packages/airflow/example_dags/example_branch_python_dop_operator_3.py for tasks to queue
[2025-02-01T07:46:07.941+0000] {logging_mixin.py:190} INFO - [2025-02-01T07:46:07.941+0000] {dagbag.py:588} INFO - Filling up the DagBag from /home/airflow/.local/lib/python3.12/site-packages/airflow/example_dags/example_branch_python_dop_operator_3.py
[2025-02-01T07:46:07.952+0000] {processor.py:925} INFO - DAG(s) 'example_branch_dop_operator_v3' retrieved from /home/airflow/.local/lib/python3.12/site-packages/airflow/example_dags/example_branch_python_dop_operator_3.py
[2025-02-01T07:46:07.975+0000] {logging_mixin.py:190} INFO - [2025-02-01T07:46:07.974+0000] {dag.py:3239} INFO - Sync 1 DAGs
[2025-02-01T07:46:08.002+0000] {logging_mixin.py:190} INFO - [2025-02-01T07:46:08.002+0000] {dag.py:4180} INFO - Setting next_dagrun for example_branch_dop_operator_v3 to 2025-02-01 07:45:00+00:00, run_after=2025-02-01 07:46:00+00:00
[2025-02-01T07:46:08.028+0000] {processor.py:208} INFO - Processing /home/airflow/.local/lib/python3.12/site-packages/airflow/example_dags/example_branch_python_dop_operator_3.py took 0.099 seconds
[2025-02-01T07:46:38.643+0000] {processor.py:186} INFO - Started process (PID=1589) to work on /home/airflow/.local/lib/python3.12/site-packages/airflow/example_dags/example_branch_python_dop_operator_3.py
[2025-02-01T07:46:38.645+0000] {processor.py:914} INFO - Processing file /home/airflow/.local/lib/python3.12/site-packages/airflow/example_dags/example_branch_python_dop_operator_3.py for tasks to queue
[2025-02-01T07:46:38.648+0000] {logging_mixin.py:190} INFO - [2025-02-01T07:46:38.648+0000] {dagbag.py:588} INFO - Filling up the DagBag from /home/airflow/.local/lib/python3.12/site-packages/airflow/example_dags/example_branch_python_dop_operator_3.py
[2025-02-01T07:46:38.660+0000] {processor.py:925} INFO - DAG(s) 'example_branch_dop_operator_v3' retrieved from /home/airflow/.local/lib/python3.12/site-packages/airflow/example_dags/example_branch_python_dop_operator_3.py
[2025-02-01T07:46:38.681+0000] {logging_mixin.py:190} INFO - [2025-02-01T07:46:38.680+0000] {dag.py:3239} INFO - Sync 1 DAGs
[2025-02-01T07:46:38.709+0000] {logging_mixin.py:190} INFO - [2025-02-01T07:46:38.709+0000] {dag.py:4180} INFO - Setting next_dagrun for example_branch_dop_operator_v3 to 2025-02-01 07:45:00+00:00, run_after=2025-02-01 07:46:00+00:00
[2025-02-01T07:46:38.737+0000] {processor.py:208} INFO - Processing /home/airflow/.local/lib/python3.12/site-packages/airflow/example_dags/example_branch_python_dop_operator_3.py took 0.099 seconds
[2025-02-01T07:47:09.129+0000] {processor.py:186} INFO - Started process (PID=1653) to work on /home/airflow/.local/lib/python3.12/site-packages/airflow/example_dags/example_branch_python_dop_operator_3.py
[2025-02-01T07:47:09.131+0000] {processor.py:914} INFO - Processing file /home/airflow/.local/lib/python3.12/site-packages/airflow/example_dags/example_branch_python_dop_operator_3.py for tasks to queue
[2025-02-01T07:47:09.135+0000] {logging_mixin.py:190} INFO - [2025-02-01T07:47:09.135+0000] {dagbag.py:588} INFO - Filling up the DagBag from /home/airflow/.local/lib/python3.12/site-packages/airflow/example_dags/example_branch_python_dop_operator_3.py
[2025-02-01T07:47:09.150+0000] {processor.py:925} INFO - DAG(s) 'example_branch_dop_operator_v3' retrieved from /home/airflow/.local/lib/python3.12/site-packages/airflow/example_dags/example_branch_python_dop_operator_3.py
[2025-02-01T07:47:09.196+0000] {logging_mixin.py:190} INFO - [2025-02-01T07:47:09.195+0000] {dag.py:3239} INFO - Sync 1 DAGs
[2025-02-01T07:47:09.247+0000] {logging_mixin.py:190} INFO - [2025-02-01T07:47:09.246+0000] {dag.py:4180} INFO - Setting next_dagrun for example_branch_dop_operator_v3 to 2025-02-01 07:46:00+00:00, run_after=2025-02-01 07:47:00+00:00
[2025-02-01T07:47:09.290+0000] {processor.py:208} INFO - Processing /home/airflow/.local/lib/python3.12/site-packages/airflow/example_dags/example_branch_python_dop_operator_3.py took 0.171 seconds
[2025-02-01T07:47:39.904+0000] {processor.py:186} INFO - Started process (PID=1717) to work on /home/airflow/.local/lib/python3.12/site-packages/airflow/example_dags/example_branch_python_dop_operator_3.py
[2025-02-01T07:47:39.905+0000] {processor.py:914} INFO - Processing file /home/airflow/.local/lib/python3.12/site-packages/airflow/example_dags/example_branch_python_dop_operator_3.py for tasks to queue
[2025-02-01T07:47:39.909+0000] {logging_mixin.py:190} INFO - [2025-02-01T07:47:39.909+0000] {dagbag.py:588} INFO - Filling up the DagBag from /home/airflow/.local/lib/python3.12/site-packages/airflow/example_dags/example_branch_python_dop_operator_3.py
[2025-02-01T07:47:39.921+0000] {processor.py:925} INFO - DAG(s) 'example_branch_dop_operator_v3' retrieved from /home/airflow/.local/lib/python3.12/site-packages/airflow/example_dags/example_branch_python_dop_operator_3.py
[2025-02-01T07:47:39.946+0000] {logging_mixin.py:190} INFO - [2025-02-01T07:47:39.945+0000] {dag.py:3239} INFO - Sync 1 DAGs
[2025-02-01T07:47:39.976+0000] {logging_mixin.py:190} INFO - [2025-02-01T07:47:39.976+0000] {dag.py:4180} INFO - Setting next_dagrun for example_branch_dop_operator_v3 to 2025-02-01 07:46:00+00:00, run_after=2025-02-01 07:47:00+00:00
[2025-02-01T07:47:40.002+0000] {processor.py:208} INFO - Processing /home/airflow/.local/lib/python3.12/site-packages/airflow/example_dags/example_branch_python_dop_operator_3.py took 0.104 seconds
[2025-02-01T07:48:10.232+0000] {processor.py:186} INFO - Started process (PID=1781) to work on /home/airflow/.local/lib/python3.12/site-packages/airflow/example_dags/example_branch_python_dop_operator_3.py
[2025-02-01T07:48:10.235+0000] {processor.py:914} INFO - Processing file /home/airflow/.local/lib/python3.12/site-packages/airflow/example_dags/example_branch_python_dop_operator_3.py for tasks to queue
[2025-02-01T07:48:10.241+0000] {logging_mixin.py:190} INFO - [2025-02-01T07:48:10.240+0000] {dagbag.py:588} INFO - Filling up the DagBag from /home/airflow/.local/lib/python3.12/site-packages/airflow/example_dags/example_branch_python_dop_operator_3.py
[2025-02-01T07:48:10.267+0000] {processor.py:925} INFO - DAG(s) 'example_branch_dop_operator_v3' retrieved from /home/airflow/.local/lib/python3.12/site-packages/airflow/example_dags/example_branch_python_dop_operator_3.py
[2025-02-01T07:48:10.313+0000] {logging_mixin.py:190} INFO - [2025-02-01T07:48:10.312+0000] {dag.py:3239} INFO - Sync 1 DAGs
[2025-02-01T07:48:10.391+0000] {logging_mixin.py:190} INFO - [2025-02-01T07:48:10.391+0000] {dag.py:4180} INFO - Setting next_dagrun for example_branch_dop_operator_v3 to 2025-02-01 07:47:00+00:00, run_after=2025-02-01 07:48:00+00:00
[2025-02-01T07:48:10.457+0000] {processor.py:208} INFO - Processing /home/airflow/.local/lib/python3.12/site-packages/airflow/example_dags/example_branch_python_dop_operator_3.py took 0.238 seconds
[2025-02-01T07:48:40.539+0000] {processor.py:186} INFO - Started process (PID=1844) to work on /home/airflow/.local/lib/python3.12/site-packages/airflow/example_dags/example_branch_python_dop_operator_3.py
[2025-02-01T07:48:40.540+0000] {processor.py:914} INFO - Processing file /home/airflow/.local/lib/python3.12/site-packages/airflow/example_dags/example_branch_python_dop_operator_3.py for tasks to queue
[2025-02-01T07:48:40.543+0000] {logging_mixin.py:190} INFO - [2025-02-01T07:48:40.543+0000] {dagbag.py:588} INFO - Filling up the DagBag from /home/airflow/.local/lib/python3.12/site-packages/airflow/example_dags/example_branch_python_dop_operator_3.py
[2025-02-01T07:48:40.555+0000] {processor.py:925} INFO - DAG(s) 'example_branch_dop_operator_v3' retrieved from /home/airflow/.local/lib/python3.12/site-packages/airflow/example_dags/example_branch_python_dop_operator_3.py
[2025-02-01T07:48:40.579+0000] {logging_mixin.py:190} INFO - [2025-02-01T07:48:40.579+0000] {dag.py:3239} INFO - Sync 1 DAGs
[2025-02-01T07:48:40.611+0000] {logging_mixin.py:190} INFO - [2025-02-01T07:48:40.611+0000] {dag.py:4180} INFO - Setting next_dagrun for example_branch_dop_operator_v3 to 2025-02-01 07:47:00+00:00, run_after=2025-02-01 07:48:00+00:00
[2025-02-01T07:48:40.639+0000] {processor.py:208} INFO - Processing /home/airflow/.local/lib/python3.12/site-packages/airflow/example_dags/example_branch_python_dop_operator_3.py took 0.107 seconds
[2025-02-01T07:49:11.236+0000] {processor.py:186} INFO - Started process (PID=1908) to work on /home/airflow/.local/lib/python3.12/site-packages/airflow/example_dags/example_branch_python_dop_operator_3.py
[2025-02-01T07:49:11.240+0000] {processor.py:914} INFO - Processing file /home/airflow/.local/lib/python3.12/site-packages/airflow/example_dags/example_branch_python_dop_operator_3.py for tasks to queue
[2025-02-01T07:49:11.244+0000] {logging_mixin.py:190} INFO - [2025-02-01T07:49:11.244+0000] {dagbag.py:588} INFO - Filling up the DagBag from /home/airflow/.local/lib/python3.12/site-packages/airflow/example_dags/example_branch_python_dop_operator_3.py
[2025-02-01T07:49:11.267+0000] {processor.py:925} INFO - DAG(s) 'example_branch_dop_operator_v3' retrieved from /home/airflow/.local/lib/python3.12/site-packages/airflow/example_dags/example_branch_python_dop_operator_3.py
[2025-02-01T07:49:11.317+0000] {logging_mixin.py:190} INFO - [2025-02-01T07:49:11.316+0000] {dag.py:3239} INFO - Sync 1 DAGs
[2025-02-01T07:49:11.380+0000] {logging_mixin.py:190} INFO - [2025-02-01T07:49:11.380+0000] {dag.py:4180} INFO - Setting next_dagrun for example_branch_dop_operator_v3 to 2025-02-01 07:48:00+00:00, run_after=2025-02-01 07:49:00+00:00
[2025-02-01T07:49:11.422+0000] {processor.py:208} INFO - Processing /home/airflow/.local/lib/python3.12/site-packages/airflow/example_dags/example_branch_python_dop_operator_3.py took 0.198 seconds
[2025-02-01T07:49:41.710+0000] {processor.py:186} INFO - Started process (PID=1972) to work on /home/airflow/.local/lib/python3.12/site-packages/airflow/example_dags/example_branch_python_dop_operator_3.py
[2025-02-01T07:49:41.712+0000] {processor.py:914} INFO - Processing file /home/airflow/.local/lib/python3.12/site-packages/airflow/example_dags/example_branch_python_dop_operator_3.py for tasks to queue
[2025-02-01T07:49:41.715+0000] {logging_mixin.py:190} INFO - [2025-02-01T07:49:41.715+0000] {dagbag.py:588} INFO - Filling up the DagBag from /home/airflow/.local/lib/python3.12/site-packages/airflow/example_dags/example_branch_python_dop_operator_3.py
[2025-02-01T07:49:41.730+0000] {processor.py:925} INFO - DAG(s) 'example_branch_dop_operator_v3' retrieved from /home/airflow/.local/lib/python3.12/site-packages/airflow/example_dags/example_branch_python_dop_operator_3.py
[2025-02-01T07:49:41.754+0000] {logging_mixin.py:190} INFO - [2025-02-01T07:49:41.754+0000] {dag.py:3239} INFO - Sync 1 DAGs
[2025-02-01T07:49:41.788+0000] {logging_mixin.py:190} INFO - [2025-02-01T07:49:41.788+0000] {dag.py:4180} INFO - Setting next_dagrun for example_branch_dop_operator_v3 to 2025-02-01 07:48:00+00:00, run_after=2025-02-01 07:49:00+00:00
[2025-02-01T07:49:41.813+0000] {processor.py:208} INFO - Processing /home/airflow/.local/lib/python3.12/site-packages/airflow/example_dags/example_branch_python_dop_operator_3.py took 0.111 seconds
[2025-02-01T07:50:12.182+0000] {processor.py:186} INFO - Started process (PID=2036) to work on /home/airflow/.local/lib/python3.12/site-packages/airflow/example_dags/example_branch_python_dop_operator_3.py
[2025-02-01T07:50:12.184+0000] {processor.py:914} INFO - Processing file /home/airflow/.local/lib/python3.12/site-packages/airflow/example_dags/example_branch_python_dop_operator_3.py for tasks to queue
[2025-02-01T07:50:12.188+0000] {logging_mixin.py:190} INFO - [2025-02-01T07:50:12.187+0000] {dagbag.py:588} INFO - Filling up the DagBag from /home/airflow/.local/lib/python3.12/site-packages/airflow/example_dags/example_branch_python_dop_operator_3.py
[2025-02-01T07:50:12.205+0000] {processor.py:925} INFO - DAG(s) 'example_branch_dop_operator_v3' retrieved from /home/airflow/.local/lib/python3.12/site-packages/airflow/example_dags/example_branch_python_dop_operator_3.py
[2025-02-01T07:50:12.233+0000] {logging_mixin.py:190} INFO - [2025-02-01T07:50:12.233+0000] {dag.py:3239} INFO - Sync 1 DAGs
[2025-02-01T07:50:12.271+0000] {logging_mixin.py:190} INFO - [2025-02-01T07:50:12.271+0000] {dag.py:4180} INFO - Setting next_dagrun for example_branch_dop_operator_v3 to 2025-02-01 07:49:00+00:00, run_after=2025-02-01 07:50:00+00:00
[2025-02-01T07:50:12.303+0000] {processor.py:208} INFO - Processing /home/airflow/.local/lib/python3.12/site-packages/airflow/example_dags/example_branch_python_dop_operator_3.py took 0.129 seconds
[2025-02-01T07:50:42.567+0000] {processor.py:186} INFO - Started process (PID=2100) to work on /home/airflow/.local/lib/python3.12/site-packages/airflow/example_dags/example_branch_python_dop_operator_3.py
[2025-02-01T07:50:42.568+0000] {processor.py:914} INFO - Processing file /home/airflow/.local/lib/python3.12/site-packages/airflow/example_dags/example_branch_python_dop_operator_3.py for tasks to queue
[2025-02-01T07:50:42.572+0000] {logging_mixin.py:190} INFO - [2025-02-01T07:50:42.571+0000] {dagbag.py:588} INFO - Filling up the DagBag from /home/airflow/.local/lib/python3.12/site-packages/airflow/example_dags/example_branch_python_dop_operator_3.py
[2025-02-01T07:50:42.583+0000] {processor.py:925} INFO - DAG(s) 'example_branch_dop_operator_v3' retrieved from /home/airflow/.local/lib/python3.12/site-packages/airflow/example_dags/example_branch_python_dop_operator_3.py
[2025-02-01T07:50:42.604+0000] {logging_mixin.py:190} INFO - [2025-02-01T07:50:42.604+0000] {dag.py:3239} INFO - Sync 1 DAGs
[2025-02-01T07:50:42.629+0000] {logging_mixin.py:190} INFO - [2025-02-01T07:50:42.629+0000] {dag.py:4180} INFO - Setting next_dagrun for example_branch_dop_operator_v3 to 2025-02-01 07:49:00+00:00, run_after=2025-02-01 07:50:00+00:00
[2025-02-01T07:50:42.655+0000] {processor.py:208} INFO - Processing /home/airflow/.local/lib/python3.12/site-packages/airflow/example_dags/example_branch_python_dop_operator_3.py took 0.094 seconds
[2025-02-01T07:51:12.760+0000] {processor.py:186} INFO - Started process (PID=2164) to work on /home/airflow/.local/lib/python3.12/site-packages/airflow/example_dags/example_branch_python_dop_operator_3.py
[2025-02-01T07:51:12.761+0000] {processor.py:914} INFO - Processing file /home/airflow/.local/lib/python3.12/site-packages/airflow/example_dags/example_branch_python_dop_operator_3.py for tasks to queue
[2025-02-01T07:51:12.764+0000] {logging_mixin.py:190} INFO - [2025-02-01T07:51:12.764+0000] {dagbag.py:588} INFO - Filling up the DagBag from /home/airflow/.local/lib/python3.12/site-packages/airflow/example_dags/example_branch_python_dop_operator_3.py
[2025-02-01T07:51:12.773+0000] {processor.py:925} INFO - DAG(s) 'example_branch_dop_operator_v3' retrieved from /home/airflow/.local/lib/python3.12/site-packages/airflow/example_dags/example_branch_python_dop_operator_3.py
[2025-02-01T07:51:12.791+0000] {logging_mixin.py:190} INFO - [2025-02-01T07:51:12.791+0000] {dag.py:3239} INFO - Sync 1 DAGs
[2025-02-01T07:51:12.817+0000] {logging_mixin.py:190} INFO - [2025-02-01T07:51:12.817+0000] {dag.py:4180} INFO - Setting next_dagrun for example_branch_dop_operator_v3 to 2025-02-01 07:50:00+00:00, run_after=2025-02-01 07:51:00+00:00
[2025-02-01T07:51:12.841+0000] {processor.py:208} INFO - Processing /home/airflow/.local/lib/python3.12/site-packages/airflow/example_dags/example_branch_python_dop_operator_3.py took 0.086 seconds
[2025-02-01T07:51:42.896+0000] {processor.py:186} INFO - Started process (PID=2227) to work on /home/airflow/.local/lib/python3.12/site-packages/airflow/example_dags/example_branch_python_dop_operator_3.py
[2025-02-01T07:51:42.897+0000] {processor.py:914} INFO - Processing file /home/airflow/.local/lib/python3.12/site-packages/airflow/example_dags/example_branch_python_dop_operator_3.py for tasks to queue
[2025-02-01T07:51:42.901+0000] {logging_mixin.py:190} INFO - [2025-02-01T07:51:42.901+0000] {dagbag.py:588} INFO - Filling up the DagBag from /home/airflow/.local/lib/python3.12/site-packages/airflow/example_dags/example_branch_python_dop_operator_3.py
[2025-02-01T07:51:42.913+0000] {processor.py:925} INFO - DAG(s) 'example_branch_dop_operator_v3' retrieved from /home/airflow/.local/lib/python3.12/site-packages/airflow/example_dags/example_branch_python_dop_operator_3.py
[2025-02-01T07:51:42.938+0000] {logging_mixin.py:190} INFO - [2025-02-01T07:51:42.937+0000] {dag.py:3239} INFO - Sync 1 DAGs
[2025-02-01T07:51:42.972+0000] {logging_mixin.py:190} INFO - [2025-02-01T07:51:42.971+0000] {dag.py:4180} INFO - Setting next_dagrun for example_branch_dop_operator_v3 to 2025-02-01 07:50:00+00:00, run_after=2025-02-01 07:51:00+00:00
[2025-02-01T07:51:43.003+0000] {processor.py:208} INFO - Processing /home/airflow/.local/lib/python3.12/site-packages/airflow/example_dags/example_branch_python_dop_operator_3.py took 0.115 seconds
[2025-02-01T07:52:13.128+0000] {processor.py:186} INFO - Started process (PID=2291) to work on /home/airflow/.local/lib/python3.12/site-packages/airflow/example_dags/example_branch_python_dop_operator_3.py
[2025-02-01T07:52:13.130+0000] {processor.py:914} INFO - Processing file /home/airflow/.local/lib/python3.12/site-packages/airflow/example_dags/example_branch_python_dop_operator_3.py for tasks to queue
[2025-02-01T07:52:13.134+0000] {logging_mixin.py:190} INFO - [2025-02-01T07:52:13.134+0000] {dagbag.py:588} INFO - Filling up the DagBag from /home/airflow/.local/lib/python3.12/site-packages/airflow/example_dags/example_branch_python_dop_operator_3.py
[2025-02-01T07:52:13.148+0000] {processor.py:925} INFO - DAG(s) 'example_branch_dop_operator_v3' retrieved from /home/airflow/.local/lib/python3.12/site-packages/airflow/example_dags/example_branch_python_dop_operator_3.py
[2025-02-01T07:52:13.176+0000] {logging_mixin.py:190} INFO - [2025-02-01T07:52:13.176+0000] {dag.py:3239} INFO - Sync 1 DAGs
[2025-02-01T07:52:13.211+0000] {logging_mixin.py:190} INFO - [2025-02-01T07:52:13.211+0000] {dag.py:4180} INFO - Setting next_dagrun for example_branch_dop_operator_v3 to 2025-02-01 07:51:00+00:00, run_after=2025-02-01 07:52:00+00:00
[2025-02-01T07:52:13.246+0000] {processor.py:208} INFO - Processing /home/airflow/.local/lib/python3.12/site-packages/airflow/example_dags/example_branch_python_dop_operator_3.py took 0.126 seconds
[2025-02-01T07:52:45.811+0000] {processor.py:186} INFO - Started process (PID=2356) to work on /home/airflow/.local/lib/python3.12/site-packages/airflow/example_dags/example_branch_python_dop_operator_3.py
[2025-02-01T07:52:45.813+0000] {processor.py:914} INFO - Processing file /home/airflow/.local/lib/python3.12/site-packages/airflow/example_dags/example_branch_python_dop_operator_3.py for tasks to queue
[2025-02-01T07:52:45.818+0000] {logging_mixin.py:190} INFO - [2025-02-01T07:52:45.817+0000] {dagbag.py:588} INFO - Filling up the DagBag from /home/airflow/.local/lib/python3.12/site-packages/airflow/example_dags/example_branch_python_dop_operator_3.py
[2025-02-01T07:52:45.849+0000] {processor.py:925} INFO - DAG(s) 'example_branch_dop_operator_v3' retrieved from /home/airflow/.local/lib/python3.12/site-packages/airflow/example_dags/example_branch_python_dop_operator_3.py
[2025-02-01T07:52:45.920+0000] {logging_mixin.py:190} INFO - [2025-02-01T07:52:45.919+0000] {dag.py:3239} INFO - Sync 1 DAGs
[2025-02-01T07:52:46.011+0000] {logging_mixin.py:190} INFO - [2025-02-01T07:52:46.010+0000] {dag.py:4180} INFO - Setting next_dagrun for example_branch_dop_operator_v3 to 2025-02-01 07:51:00+00:00, run_after=2025-02-01 07:52:00+00:00
[2025-02-01T07:52:46.083+0000] {processor.py:208} INFO - Processing /home/airflow/.local/lib/python3.12/site-packages/airflow/example_dags/example_branch_python_dop_operator_3.py took 0.292 seconds
[2025-02-01T07:53:16.466+0000] {processor.py:186} INFO - Started process (PID=2420) to work on /home/airflow/.local/lib/python3.12/site-packages/airflow/example_dags/example_branch_python_dop_operator_3.py
[2025-02-01T07:53:16.468+0000] {processor.py:914} INFO - Processing file /home/airflow/.local/lib/python3.12/site-packages/airflow/example_dags/example_branch_python_dop_operator_3.py for tasks to queue
[2025-02-01T07:53:16.472+0000] {logging_mixin.py:190} INFO - [2025-02-01T07:53:16.472+0000] {dagbag.py:588} INFO - Filling up the DagBag from /home/airflow/.local/lib/python3.12/site-packages/airflow/example_dags/example_branch_python_dop_operator_3.py
[2025-02-01T07:53:16.487+0000] {processor.py:925} INFO - DAG(s) 'example_branch_dop_operator_v3' retrieved from /home/airflow/.local/lib/python3.12/site-packages/airflow/example_dags/example_branch_python_dop_operator_3.py
[2025-02-01T07:53:16.519+0000] {logging_mixin.py:190} INFO - [2025-02-01T07:53:16.519+0000] {dag.py:3239} INFO - Sync 1 DAGs
[2025-02-01T07:53:16.565+0000] {logging_mixin.py:190} INFO - [2025-02-01T07:53:16.565+0000] {dag.py:4180} INFO - Setting next_dagrun for example_branch_dop_operator_v3 to 2025-02-01 07:52:00+00:00, run_after=2025-02-01 07:53:00+00:00
[2025-02-01T07:53:16.606+0000] {processor.py:208} INFO - Processing /home/airflow/.local/lib/python3.12/site-packages/airflow/example_dags/example_branch_python_dop_operator_3.py took 0.149 seconds
[2025-02-01T07:53:46.673+0000] {processor.py:186} INFO - Started process (PID=2483) to work on /home/airflow/.local/lib/python3.12/site-packages/airflow/example_dags/example_branch_python_dop_operator_3.py
[2025-02-01T07:53:46.675+0000] {processor.py:914} INFO - Processing file /home/airflow/.local/lib/python3.12/site-packages/airflow/example_dags/example_branch_python_dop_operator_3.py for tasks to queue
[2025-02-01T07:53:46.679+0000] {logging_mixin.py:190} INFO - [2025-02-01T07:53:46.678+0000] {dagbag.py:588} INFO - Filling up the DagBag from /home/airflow/.local/lib/python3.12/site-packages/airflow/example_dags/example_branch_python_dop_operator_3.py
[2025-02-01T07:53:46.691+0000] {processor.py:925} INFO - DAG(s) 'example_branch_dop_operator_v3' retrieved from /home/airflow/.local/lib/python3.12/site-packages/airflow/example_dags/example_branch_python_dop_operator_3.py
[2025-02-01T07:53:46.718+0000] {logging_mixin.py:190} INFO - [2025-02-01T07:53:46.718+0000] {dag.py:3239} INFO - Sync 1 DAGs
[2025-02-01T07:53:46.768+0000] {logging_mixin.py:190} INFO - [2025-02-01T07:53:46.767+0000] {dag.py:4180} INFO - Setting next_dagrun for example_branch_dop_operator_v3 to 2025-02-01 07:52:00+00:00, run_after=2025-02-01 07:53:00+00:00
[2025-02-01T07:53:46.798+0000] {processor.py:208} INFO - Processing /home/airflow/.local/lib/python3.12/site-packages/airflow/example_dags/example_branch_python_dop_operator_3.py took 0.133 seconds
[2025-02-01T07:54:16.884+0000] {processor.py:186} INFO - Started process (PID=2546) to work on /home/airflow/.local/lib/python3.12/site-packages/airflow/example_dags/example_branch_python_dop_operator_3.py
[2025-02-01T07:54:16.888+0000] {processor.py:914} INFO - Processing file /home/airflow/.local/lib/python3.12/site-packages/airflow/example_dags/example_branch_python_dop_operator_3.py for tasks to queue
[2025-02-01T07:54:16.893+0000] {logging_mixin.py:190} INFO - [2025-02-01T07:54:16.892+0000] {dagbag.py:588} INFO - Filling up the DagBag from /home/airflow/.local/lib/python3.12/site-packages/airflow/example_dags/example_branch_python_dop_operator_3.py
[2025-02-01T07:54:16.914+0000] {processor.py:925} INFO - DAG(s) 'example_branch_dop_operator_v3' retrieved from /home/airflow/.local/lib/python3.12/site-packages/airflow/example_dags/example_branch_python_dop_operator_3.py
[2025-02-01T07:54:16.949+0000] {logging_mixin.py:190} INFO - [2025-02-01T07:54:16.949+0000] {dag.py:3239} INFO - Sync 1 DAGs
[2025-02-01T07:54:17.011+0000] {logging_mixin.py:190} INFO - [2025-02-01T07:54:17.011+0000] {dag.py:4180} INFO - Setting next_dagrun for example_branch_dop_operator_v3 to 2025-02-01 07:53:00+00:00, run_after=2025-02-01 07:54:00+00:00
[2025-02-01T07:54:17.052+0000] {processor.py:208} INFO - Processing /home/airflow/.local/lib/python3.12/site-packages/airflow/example_dags/example_branch_python_dop_operator_3.py took 0.179 seconds
[2025-02-01T07:54:47.104+0000] {processor.py:186} INFO - Started process (PID=2615) to work on /home/airflow/.local/lib/python3.12/site-packages/airflow/example_dags/example_branch_python_dop_operator_3.py
[2025-02-01T07:54:47.105+0000] {processor.py:914} INFO - Processing file /home/airflow/.local/lib/python3.12/site-packages/airflow/example_dags/example_branch_python_dop_operator_3.py for tasks to queue
[2025-02-01T07:54:47.107+0000] {logging_mixin.py:190} INFO - [2025-02-01T07:54:47.107+0000] {dagbag.py:588} INFO - Filling up the DagBag from /home/airflow/.local/lib/python3.12/site-packages/airflow/example_dags/example_branch_python_dop_operator_3.py
[2025-02-01T07:54:47.116+0000] {processor.py:925} INFO - DAG(s) 'example_branch_dop_operator_v3' retrieved from /home/airflow/.local/lib/python3.12/site-packages/airflow/example_dags/example_branch_python_dop_operator_3.py
[2025-02-01T07:54:47.136+0000] {logging_mixin.py:190} INFO - [2025-02-01T07:54:47.135+0000] {dag.py:3239} INFO - Sync 1 DAGs
[2025-02-01T07:54:47.158+0000] {logging_mixin.py:190} INFO - [2025-02-01T07:54:47.158+0000] {dag.py:4180} INFO - Setting next_dagrun for example_branch_dop_operator_v3 to 2025-02-01 07:53:00+00:00, run_after=2025-02-01 07:54:00+00:00
[2025-02-01T07:54:47.188+0000] {processor.py:208} INFO - Processing /home/airflow/.local/lib/python3.12/site-packages/airflow/example_dags/example_branch_python_dop_operator_3.py took 0.089 seconds
[2025-02-01T07:55:18.002+0000] {processor.py:186} INFO - Started process (PID=2679) to work on /home/airflow/.local/lib/python3.12/site-packages/airflow/example_dags/example_branch_python_dop_operator_3.py
[2025-02-01T07:55:18.004+0000] {processor.py:914} INFO - Processing file /home/airflow/.local/lib/python3.12/site-packages/airflow/example_dags/example_branch_python_dop_operator_3.py for tasks to queue
[2025-02-01T07:55:18.006+0000] {logging_mixin.py:190} INFO - [2025-02-01T07:55:18.006+0000] {dagbag.py:588} INFO - Filling up the DagBag from /home/airflow/.local/lib/python3.12/site-packages/airflow/example_dags/example_branch_python_dop_operator_3.py
[2025-02-01T07:55:18.015+0000] {processor.py:925} INFO - DAG(s) 'example_branch_dop_operator_v3' retrieved from /home/airflow/.local/lib/python3.12/site-packages/airflow/example_dags/example_branch_python_dop_operator_3.py
[2025-02-01T07:55:18.035+0000] {logging_mixin.py:190} INFO - [2025-02-01T07:55:18.035+0000] {dag.py:3239} INFO - Sync 1 DAGs
[2025-02-01T07:55:18.064+0000] {logging_mixin.py:190} INFO - [2025-02-01T07:55:18.064+0000] {dag.py:4180} INFO - Setting next_dagrun for example_branch_dop_operator_v3 to 2025-02-01 07:54:00+00:00, run_after=2025-02-01 07:55:00+00:00
[2025-02-01T07:55:18.091+0000] {processor.py:208} INFO - Processing /home/airflow/.local/lib/python3.12/site-packages/airflow/example_dags/example_branch_python_dop_operator_3.py took 0.095 seconds
[2025-02-01T07:55:48.218+0000] {processor.py:186} INFO - Started process (PID=2743) to work on /home/airflow/.local/lib/python3.12/site-packages/airflow/example_dags/example_branch_python_dop_operator_3.py
[2025-02-01T07:55:48.219+0000] {processor.py:914} INFO - Processing file /home/airflow/.local/lib/python3.12/site-packages/airflow/example_dags/example_branch_python_dop_operator_3.py for tasks to queue
[2025-02-01T07:55:48.221+0000] {logging_mixin.py:190} INFO - [2025-02-01T07:55:48.221+0000] {dagbag.py:588} INFO - Filling up the DagBag from /home/airflow/.local/lib/python3.12/site-packages/airflow/example_dags/example_branch_python_dop_operator_3.py
[2025-02-01T07:55:48.231+0000] {processor.py:925} INFO - DAG(s) 'example_branch_dop_operator_v3' retrieved from /home/airflow/.local/lib/python3.12/site-packages/airflow/example_dags/example_branch_python_dop_operator_3.py
[2025-02-01T07:55:48.250+0000] {logging_mixin.py:190} INFO - [2025-02-01T07:55:48.250+0000] {dag.py:3239} INFO - Sync 1 DAGs
[2025-02-01T07:55:48.275+0000] {logging_mixin.py:190} INFO - [2025-02-01T07:55:48.275+0000] {dag.py:4180} INFO - Setting next_dagrun for example_branch_dop_operator_v3 to 2025-02-01 07:54:00+00:00, run_after=2025-02-01 07:55:00+00:00
[2025-02-01T07:55:48.297+0000] {processor.py:208} INFO - Processing /home/airflow/.local/lib/python3.12/site-packages/airflow/example_dags/example_branch_python_dop_operator_3.py took 0.084 seconds
[2025-02-01T07:56:18.710+0000] {processor.py:186} INFO - Started process (PID=2807) to work on /home/airflow/.local/lib/python3.12/site-packages/airflow/example_dags/example_branch_python_dop_operator_3.py
[2025-02-01T07:56:18.713+0000] {processor.py:914} INFO - Processing file /home/airflow/.local/lib/python3.12/site-packages/airflow/example_dags/example_branch_python_dop_operator_3.py for tasks to queue
[2025-02-01T07:56:18.722+0000] {logging_mixin.py:190} INFO - [2025-02-01T07:56:18.721+0000] {dagbag.py:588} INFO - Filling up the DagBag from /home/airflow/.local/lib/python3.12/site-packages/airflow/example_dags/example_branch_python_dop_operator_3.py
[2025-02-01T07:56:18.753+0000] {processor.py:925} INFO - DAG(s) 'example_branch_dop_operator_v3' retrieved from /home/airflow/.local/lib/python3.12/site-packages/airflow/example_dags/example_branch_python_dop_operator_3.py
[2025-02-01T07:56:18.794+0000] {logging_mixin.py:190} INFO - [2025-02-01T07:56:18.794+0000] {dag.py:3239} INFO - Sync 1 DAGs
[2025-02-01T07:56:18.871+0000] {logging_mixin.py:190} INFO - [2025-02-01T07:56:18.871+0000] {dag.py:4180} INFO - Setting next_dagrun for example_branch_dop_operator_v3 to 2025-02-01 07:55:00+00:00, run_after=2025-02-01 07:56:00+00:00
[2025-02-01T07:56:18.966+0000] {processor.py:208} INFO - Processing /home/airflow/.local/lib/python3.12/site-packages/airflow/example_dags/example_branch_python_dop_operator_3.py took 0.270 seconds
[2025-02-01T07:56:49.247+0000] {processor.py:186} INFO - Started process (PID=2871) to work on /home/airflow/.local/lib/python3.12/site-packages/airflow/example_dags/example_branch_python_dop_operator_3.py
[2025-02-01T07:56:49.249+0000] {processor.py:914} INFO - Processing file /home/airflow/.local/lib/python3.12/site-packages/airflow/example_dags/example_branch_python_dop_operator_3.py for tasks to queue
[2025-02-01T07:56:49.255+0000] {logging_mixin.py:190} INFO - [2025-02-01T07:56:49.254+0000] {dagbag.py:588} INFO - Filling up the DagBag from /home/airflow/.local/lib/python3.12/site-packages/airflow/example_dags/example_branch_python_dop_operator_3.py
[2025-02-01T07:56:49.275+0000] {processor.py:925} INFO - DAG(s) 'example_branch_dop_operator_v3' retrieved from /home/airflow/.local/lib/python3.12/site-packages/airflow/example_dags/example_branch_python_dop_operator_3.py
[2025-02-01T07:56:49.330+0000] {logging_mixin.py:190} INFO - [2025-02-01T07:56:49.329+0000] {dag.py:3239} INFO - Sync 1 DAGs
[2025-02-01T07:56:49.394+0000] {logging_mixin.py:190} INFO - [2025-02-01T07:56:49.393+0000] {dag.py:4180} INFO - Setting next_dagrun for example_branch_dop_operator_v3 to 2025-02-01 07:55:00+00:00, run_after=2025-02-01 07:56:00+00:00
[2025-02-01T07:56:49.437+0000] {processor.py:208} INFO - Processing /home/airflow/.local/lib/python3.12/site-packages/airflow/example_dags/example_branch_python_dop_operator_3.py took 0.204 seconds
[2025-02-01T07:57:20.336+0000] {processor.py:186} INFO - Started process (PID=2934) to work on /home/airflow/.local/lib/python3.12/site-packages/airflow/example_dags/example_branch_python_dop_operator_3.py
[2025-02-01T07:57:20.337+0000] {processor.py:914} INFO - Processing file /home/airflow/.local/lib/python3.12/site-packages/airflow/example_dags/example_branch_python_dop_operator_3.py for tasks to queue
[2025-02-01T07:57:20.341+0000] {logging_mixin.py:190} INFO - [2025-02-01T07:57:20.341+0000] {dagbag.py:588} INFO - Filling up the DagBag from /home/airflow/.local/lib/python3.12/site-packages/airflow/example_dags/example_branch_python_dop_operator_3.py
[2025-02-01T07:57:20.354+0000] {processor.py:925} INFO - DAG(s) 'example_branch_dop_operator_v3' retrieved from /home/airflow/.local/lib/python3.12/site-packages/airflow/example_dags/example_branch_python_dop_operator_3.py
[2025-02-01T07:57:20.379+0000] {logging_mixin.py:190} INFO - [2025-02-01T07:57:20.379+0000] {dag.py:3239} INFO - Sync 1 DAGs
[2025-02-01T07:57:20.418+0000] {logging_mixin.py:190} INFO - [2025-02-01T07:57:20.417+0000] {dag.py:4180} INFO - Setting next_dagrun for example_branch_dop_operator_v3 to 2025-02-01 07:56:00+00:00, run_after=2025-02-01 07:57:00+00:00
[2025-02-01T07:57:20.448+0000] {processor.py:208} INFO - Processing /home/airflow/.local/lib/python3.12/site-packages/airflow/example_dags/example_branch_python_dop_operator_3.py took 0.120 seconds
[2025-02-01T07:57:50.862+0000] {processor.py:186} INFO - Started process (PID=2998) to work on /home/airflow/.local/lib/python3.12/site-packages/airflow/example_dags/example_branch_python_dop_operator_3.py
[2025-02-01T07:57:50.864+0000] {processor.py:914} INFO - Processing file /home/airflow/.local/lib/python3.12/site-packages/airflow/example_dags/example_branch_python_dop_operator_3.py for tasks to queue
[2025-02-01T07:57:50.870+0000] {logging_mixin.py:190} INFO - [2025-02-01T07:57:50.869+0000] {dagbag.py:588} INFO - Filling up the DagBag from /home/airflow/.local/lib/python3.12/site-packages/airflow/example_dags/example_branch_python_dop_operator_3.py
[2025-02-01T07:57:50.900+0000] {processor.py:925} INFO - DAG(s) 'example_branch_dop_operator_v3' retrieved from /home/airflow/.local/lib/python3.12/site-packages/airflow/example_dags/example_branch_python_dop_operator_3.py
[2025-02-01T07:57:50.945+0000] {logging_mixin.py:190} INFO - [2025-02-01T07:57:50.945+0000] {dag.py:3239} INFO - Sync 1 DAGs
[2025-02-01T07:57:50.994+0000] {logging_mixin.py:190} INFO - [2025-02-01T07:57:50.994+0000] {dag.py:4180} INFO - Setting next_dagrun for example_branch_dop_operator_v3 to 2025-02-01 07:56:00+00:00, run_after=2025-02-01 07:57:00+00:00
[2025-02-01T07:57:51.029+0000] {processor.py:208} INFO - Processing /home/airflow/.local/lib/python3.12/site-packages/airflow/example_dags/example_branch_python_dop_operator_3.py took 0.184 seconds
[2025-02-01T07:58:21.796+0000] {processor.py:186} INFO - Started process (PID=3062) to work on /home/airflow/.local/lib/python3.12/site-packages/airflow/example_dags/example_branch_python_dop_operator_3.py
[2025-02-01T07:58:21.797+0000] {processor.py:914} INFO - Processing file /home/airflow/.local/lib/python3.12/site-packages/airflow/example_dags/example_branch_python_dop_operator_3.py for tasks to queue
[2025-02-01T07:58:21.800+0000] {logging_mixin.py:190} INFO - [2025-02-01T07:58:21.800+0000] {dagbag.py:588} INFO - Filling up the DagBag from /home/airflow/.local/lib/python3.12/site-packages/airflow/example_dags/example_branch_python_dop_operator_3.py
[2025-02-01T07:58:21.813+0000] {processor.py:925} INFO - DAG(s) 'example_branch_dop_operator_v3' retrieved from /home/airflow/.local/lib/python3.12/site-packages/airflow/example_dags/example_branch_python_dop_operator_3.py
[2025-02-01T07:58:21.837+0000] {logging_mixin.py:190} INFO - [2025-02-01T07:58:21.837+0000] {dag.py:3239} INFO - Sync 1 DAGs
[2025-02-01T07:58:21.868+0000] {logging_mixin.py:190} INFO - [2025-02-01T07:58:21.867+0000] {dag.py:4180} INFO - Setting next_dagrun for example_branch_dop_operator_v3 to 2025-02-01 07:57:00+00:00, run_after=2025-02-01 07:58:00+00:00
[2025-02-01T07:58:21.893+0000] {processor.py:208} INFO - Processing /home/airflow/.local/lib/python3.12/site-packages/airflow/example_dags/example_branch_python_dop_operator_3.py took 0.104 seconds
[2025-02-01T07:58:52.260+0000] {processor.py:186} INFO - Started process (PID=3126) to work on /home/airflow/.local/lib/python3.12/site-packages/airflow/example_dags/example_branch_python_dop_operator_3.py
[2025-02-01T07:58:52.261+0000] {processor.py:914} INFO - Processing file /home/airflow/.local/lib/python3.12/site-packages/airflow/example_dags/example_branch_python_dop_operator_3.py for tasks to queue
[2025-02-01T07:58:52.264+0000] {logging_mixin.py:190} INFO - [2025-02-01T07:58:52.264+0000] {dagbag.py:588} INFO - Filling up the DagBag from /home/airflow/.local/lib/python3.12/site-packages/airflow/example_dags/example_branch_python_dop_operator_3.py
[2025-02-01T07:58:52.274+0000] {processor.py:925} INFO - DAG(s) 'example_branch_dop_operator_v3' retrieved from /home/airflow/.local/lib/python3.12/site-packages/airflow/example_dags/example_branch_python_dop_operator_3.py
[2025-02-01T07:58:52.294+0000] {logging_mixin.py:190} INFO - [2025-02-01T07:58:52.294+0000] {dag.py:3239} INFO - Sync 1 DAGs
[2025-02-01T07:58:52.320+0000] {logging_mixin.py:190} INFO - [2025-02-01T07:58:52.320+0000] {dag.py:4180} INFO - Setting next_dagrun for example_branch_dop_operator_v3 to 2025-02-01 07:57:00+00:00, run_after=2025-02-01 07:58:00+00:00
[2025-02-01T07:58:52.343+0000] {processor.py:208} INFO - Processing /home/airflow/.local/lib/python3.12/site-packages/airflow/example_dags/example_branch_python_dop_operator_3.py took 0.089 seconds
[2025-02-01T07:59:22.496+0000] {processor.py:186} INFO - Started process (PID=3190) to work on /home/airflow/.local/lib/python3.12/site-packages/airflow/example_dags/example_branch_python_dop_operator_3.py
[2025-02-01T07:59:22.499+0000] {processor.py:914} INFO - Processing file /home/airflow/.local/lib/python3.12/site-packages/airflow/example_dags/example_branch_python_dop_operator_3.py for tasks to queue
[2025-02-01T07:59:22.507+0000] {logging_mixin.py:190} INFO - [2025-02-01T07:59:22.506+0000] {dagbag.py:588} INFO - Filling up the DagBag from /home/airflow/.local/lib/python3.12/site-packages/airflow/example_dags/example_branch_python_dop_operator_3.py
[2025-02-01T07:59:22.537+0000] {processor.py:925} INFO - DAG(s) 'example_branch_dop_operator_v3' retrieved from /home/airflow/.local/lib/python3.12/site-packages/airflow/example_dags/example_branch_python_dop_operator_3.py
[2025-02-01T07:59:22.590+0000] {logging_mixin.py:190} INFO - [2025-02-01T07:59:22.590+0000] {dag.py:3239} INFO - Sync 1 DAGs
[2025-02-01T07:59:22.667+0000] {logging_mixin.py:190} INFO - [2025-02-01T07:59:22.667+0000] {dag.py:4180} INFO - Setting next_dagrun for example_branch_dop_operator_v3 to 2025-02-01 07:58:00+00:00, run_after=2025-02-01 07:59:00+00:00
[2025-02-01T07:59:23.044+0000] {processor.py:208} INFO - Processing /home/airflow/.local/lib/python3.12/site-packages/airflow/example_dags/example_branch_python_dop_operator_3.py took 0.565 seconds
[2025-02-01T07:59:53.234+0000] {processor.py:186} INFO - Started process (PID=3254) to work on /home/airflow/.local/lib/python3.12/site-packages/airflow/example_dags/example_branch_python_dop_operator_3.py
[2025-02-01T07:59:53.236+0000] {processor.py:914} INFO - Processing file /home/airflow/.local/lib/python3.12/site-packages/airflow/example_dags/example_branch_python_dop_operator_3.py for tasks to queue
[2025-02-01T07:59:53.240+0000] {logging_mixin.py:190} INFO - [2025-02-01T07:59:53.239+0000] {dagbag.py:588} INFO - Filling up the DagBag from /home/airflow/.local/lib/python3.12/site-packages/airflow/example_dags/example_branch_python_dop_operator_3.py
[2025-02-01T07:59:53.255+0000] {processor.py:925} INFO - DAG(s) 'example_branch_dop_operator_v3' retrieved from /home/airflow/.local/lib/python3.12/site-packages/airflow/example_dags/example_branch_python_dop_operator_3.py
[2025-02-01T07:59:53.284+0000] {logging_mixin.py:190} INFO - [2025-02-01T07:59:53.284+0000] {dag.py:3239} INFO - Sync 1 DAGs
[2025-02-01T07:59:53.325+0000] {logging_mixin.py:190} INFO - [2025-02-01T07:59:53.324+0000] {dag.py:4180} INFO - Setting next_dagrun for example_branch_dop_operator_v3 to 2025-02-01 07:58:00+00:00, run_after=2025-02-01 07:59:00+00:00
[2025-02-01T07:59:53.358+0000] {processor.py:208} INFO - Processing /home/airflow/.local/lib/python3.12/site-packages/airflow/example_dags/example_branch_python_dop_operator_3.py took 0.131 seconds
