[2025-02-01T07:34:42.871+0000] {processor.py:186} INFO - Started process (PID=126) to work on /home/airflow/.local/lib/python3.12/site-packages/airflow/example_dags/example_skip_dag.py
[2025-02-01T07:34:42.874+0000] {processor.py:914} INFO - Processing file /home/airflow/.local/lib/python3.12/site-packages/airflow/example_dags/example_skip_dag.py for tasks to queue
[2025-02-01T07:34:42.879+0000] {logging_mixin.py:190} INFO - [2025-02-01T07:34:42.878+0000] {dagbag.py:588} INFO - Filling up the DagBag from /home/airflow/.local/lib/python3.12/site-packages/airflow/example_dags/example_skip_dag.py
[2025-02-01T07:34:42.898+0000] {processor.py:925} INFO - DAG(s) 'example_skip_dag' retrieved from /home/airflow/.local/lib/python3.12/site-packages/airflow/example_dags/example_skip_dag.py
[2025-02-01T07:34:43.123+0000] {logging_mixin.py:190} INFO - [2025-02-01T07:34:43.122+0000] {override.py:1911} INFO - Created Permission View: can edit on DAG:example_skip_dag
[2025-02-01T07:34:43.151+0000] {logging_mixin.py:190} INFO - [2025-02-01T07:34:43.151+0000] {override.py:1911} INFO - Created Permission View: can delete on DAG:example_skip_dag
[2025-02-01T07:34:43.170+0000] {logging_mixin.py:190} INFO - [2025-02-01T07:34:43.169+0000] {override.py:1911} INFO - Created Permission View: can read on DAG:example_skip_dag
[2025-02-01T07:34:43.190+0000] {logging_mixin.py:190} INFO - [2025-02-01T07:34:43.190+0000] {override.py:1911} INFO - Created Permission View: can create on DAG Run:example_skip_dag
[2025-02-01T07:34:43.207+0000] {logging_mixin.py:190} INFO - [2025-02-01T07:34:43.206+0000] {override.py:1911} INFO - Created Permission View: can delete on DAG Run:example_skip_dag
[2025-02-01T07:34:43.225+0000] {logging_mixin.py:190} INFO - [2025-02-01T07:34:43.225+0000] {override.py:1911} INFO - Created Permission View: menu access on DAG Run:example_skip_dag
[2025-02-01T07:34:43.244+0000] {logging_mixin.py:190} INFO - [2025-02-01T07:34:43.243+0000] {override.py:1911} INFO - Created Permission View: can read on DAG Run:example_skip_dag
[2025-02-01T07:34:43.245+0000] {logging_mixin.py:190} INFO - [2025-02-01T07:34:43.244+0000] {dag.py:3239} INFO - Sync 1 DAGs
[2025-02-01T07:34:43.271+0000] {logging_mixin.py:190} INFO - [2025-02-01T07:34:43.270+0000] {dag.py:3262} INFO - Creating ORM DAG for example_skip_dag
[2025-02-01T07:34:43.293+0000] {logging_mixin.py:190} INFO - [2025-02-01T07:34:43.293+0000] {dag.py:4180} INFO - Setting next_dagrun for example_skip_dag to 2025-01-31 00:00:00+00:00, run_after=2025-02-01 00:00:00+00:00
[2025-02-01T07:34:43.333+0000] {processor.py:208} INFO - Processing /home/airflow/.local/lib/python3.12/site-packages/airflow/example_dags/example_skip_dag.py took 0.475 seconds
[2025-02-01T07:35:13.809+0000] {processor.py:186} INFO - Started process (PID=189) to work on /home/airflow/.local/lib/python3.12/site-packages/airflow/example_dags/example_skip_dag.py
[2025-02-01T07:35:13.812+0000] {processor.py:914} INFO - Processing file /home/airflow/.local/lib/python3.12/site-packages/airflow/example_dags/example_skip_dag.py for tasks to queue
[2025-02-01T07:35:13.841+0000] {logging_mixin.py:190} INFO - [2025-02-01T07:35:13.840+0000] {dagbag.py:588} INFO - Filling up the DagBag from /home/airflow/.local/lib/python3.12/site-packages/airflow/example_dags/example_skip_dag.py
[2025-02-01T07:35:13.886+0000] {processor.py:925} INFO - DAG(s) 'example_skip_dag' retrieved from /home/airflow/.local/lib/python3.12/site-packages/airflow/example_dags/example_skip_dag.py
[2025-02-01T07:35:14.011+0000] {logging_mixin.py:190} INFO - [2025-02-01T07:35:14.010+0000] {dag.py:3239} INFO - Sync 1 DAGs
[2025-02-01T07:35:14.124+0000] {logging_mixin.py:190} INFO - [2025-02-01T07:35:14.123+0000] {dag.py:4180} INFO - Setting next_dagrun for example_skip_dag to 2025-01-31 00:00:00+00:00, run_after=2025-02-01 00:00:00+00:00
[2025-02-01T07:35:14.192+0000] {processor.py:208} INFO - Processing /home/airflow/.local/lib/python3.12/site-packages/airflow/example_dags/example_skip_dag.py took 0.410 seconds
[2025-02-01T07:35:47.425+0000] {processor.py:186} INFO - Started process (PID=259) to work on /home/airflow/.local/lib/python3.12/site-packages/airflow/example_dags/example_skip_dag.py
[2025-02-01T07:35:47.428+0000] {processor.py:914} INFO - Processing file /home/airflow/.local/lib/python3.12/site-packages/airflow/example_dags/example_skip_dag.py for tasks to queue
[2025-02-01T07:35:47.433+0000] {logging_mixin.py:190} INFO - [2025-02-01T07:35:47.433+0000] {dagbag.py:588} INFO - Filling up the DagBag from /home/airflow/.local/lib/python3.12/site-packages/airflow/example_dags/example_skip_dag.py
[2025-02-01T07:35:47.452+0000] {processor.py:925} INFO - DAG(s) 'example_skip_dag' retrieved from /home/airflow/.local/lib/python3.12/site-packages/airflow/example_dags/example_skip_dag.py
[2025-02-01T07:35:47.503+0000] {logging_mixin.py:190} INFO - [2025-02-01T07:35:47.502+0000] {dag.py:3239} INFO - Sync 1 DAGs
[2025-02-01T07:35:47.562+0000] {logging_mixin.py:190} INFO - [2025-02-01T07:35:47.561+0000] {dag.py:4180} INFO - Setting next_dagrun for example_skip_dag to 2025-01-31 00:00:00+00:00, run_after=2025-02-01 00:00:00+00:00
[2025-02-01T07:35:47.611+0000] {processor.py:208} INFO - Processing /home/airflow/.local/lib/python3.12/site-packages/airflow/example_dags/example_skip_dag.py took 0.202 seconds
[2025-02-01T07:36:18.072+0000] {processor.py:186} INFO - Started process (PID=322) to work on /home/airflow/.local/lib/python3.12/site-packages/airflow/example_dags/example_skip_dag.py
[2025-02-01T07:36:18.074+0000] {processor.py:914} INFO - Processing file /home/airflow/.local/lib/python3.12/site-packages/airflow/example_dags/example_skip_dag.py for tasks to queue
[2025-02-01T07:36:18.080+0000] {logging_mixin.py:190} INFO - [2025-02-01T07:36:18.079+0000] {dagbag.py:588} INFO - Filling up the DagBag from /home/airflow/.local/lib/python3.12/site-packages/airflow/example_dags/example_skip_dag.py
[2025-02-01T07:36:18.097+0000] {processor.py:925} INFO - DAG(s) 'example_skip_dag' retrieved from /home/airflow/.local/lib/python3.12/site-packages/airflow/example_dags/example_skip_dag.py
[2025-02-01T07:36:18.142+0000] {logging_mixin.py:190} INFO - [2025-02-01T07:36:18.142+0000] {dag.py:3239} INFO - Sync 1 DAGs
[2025-02-01T07:36:18.199+0000] {logging_mixin.py:190} INFO - [2025-02-01T07:36:18.198+0000] {dag.py:4180} INFO - Setting next_dagrun for example_skip_dag to 2025-01-31 00:00:00+00:00, run_after=2025-02-01 00:00:00+00:00
[2025-02-01T07:36:18.245+0000] {processor.py:208} INFO - Processing /home/airflow/.local/lib/python3.12/site-packages/airflow/example_dags/example_skip_dag.py took 0.186 seconds
[2025-02-01T07:36:48.348+0000] {processor.py:186} INFO - Started process (PID=385) to work on /home/airflow/.local/lib/python3.12/site-packages/airflow/example_dags/example_skip_dag.py
[2025-02-01T07:36:48.351+0000] {processor.py:914} INFO - Processing file /home/airflow/.local/lib/python3.12/site-packages/airflow/example_dags/example_skip_dag.py for tasks to queue
[2025-02-01T07:36:48.355+0000] {logging_mixin.py:190} INFO - [2025-02-01T07:36:48.355+0000] {dagbag.py:588} INFO - Filling up the DagBag from /home/airflow/.local/lib/python3.12/site-packages/airflow/example_dags/example_skip_dag.py
[2025-02-01T07:36:48.365+0000] {processor.py:925} INFO - DAG(s) 'example_skip_dag' retrieved from /home/airflow/.local/lib/python3.12/site-packages/airflow/example_dags/example_skip_dag.py
[2025-02-01T07:36:48.391+0000] {logging_mixin.py:190} INFO - [2025-02-01T07:36:48.391+0000] {dag.py:3239} INFO - Sync 1 DAGs
[2025-02-01T07:36:48.420+0000] {logging_mixin.py:190} INFO - [2025-02-01T07:36:48.420+0000] {dag.py:4180} INFO - Setting next_dagrun for example_skip_dag to 2025-01-31 00:00:00+00:00, run_after=2025-02-01 00:00:00+00:00
[2025-02-01T07:36:48.448+0000] {processor.py:208} INFO - Processing /home/airflow/.local/lib/python3.12/site-packages/airflow/example_dags/example_skip_dag.py took 0.108 seconds
[2025-02-01T07:37:19.314+0000] {processor.py:186} INFO - Started process (PID=448) to work on /home/airflow/.local/lib/python3.12/site-packages/airflow/example_dags/example_skip_dag.py
[2025-02-01T07:37:19.315+0000] {processor.py:914} INFO - Processing file /home/airflow/.local/lib/python3.12/site-packages/airflow/example_dags/example_skip_dag.py for tasks to queue
[2025-02-01T07:37:19.319+0000] {logging_mixin.py:190} INFO - [2025-02-01T07:37:19.318+0000] {dagbag.py:588} INFO - Filling up the DagBag from /home/airflow/.local/lib/python3.12/site-packages/airflow/example_dags/example_skip_dag.py
[2025-02-01T07:37:19.330+0000] {processor.py:925} INFO - DAG(s) 'example_skip_dag' retrieved from /home/airflow/.local/lib/python3.12/site-packages/airflow/example_dags/example_skip_dag.py
[2025-02-01T07:37:19.357+0000] {logging_mixin.py:190} INFO - [2025-02-01T07:37:19.357+0000] {dag.py:3239} INFO - Sync 1 DAGs
[2025-02-01T07:37:19.388+0000] {logging_mixin.py:190} INFO - [2025-02-01T07:37:19.388+0000] {dag.py:4180} INFO - Setting next_dagrun for example_skip_dag to 2025-01-31 00:00:00+00:00, run_after=2025-02-01 00:00:00+00:00
[2025-02-01T07:37:19.415+0000] {processor.py:208} INFO - Processing /home/airflow/.local/lib/python3.12/site-packages/airflow/example_dags/example_skip_dag.py took 0.108 seconds
[2025-02-01T07:37:50.004+0000] {processor.py:186} INFO - Started process (PID=511) to work on /home/airflow/.local/lib/python3.12/site-packages/airflow/example_dags/example_skip_dag.py
[2025-02-01T07:37:50.006+0000] {processor.py:914} INFO - Processing file /home/airflow/.local/lib/python3.12/site-packages/airflow/example_dags/example_skip_dag.py for tasks to queue
[2025-02-01T07:37:50.009+0000] {logging_mixin.py:190} INFO - [2025-02-01T07:37:50.009+0000] {dagbag.py:588} INFO - Filling up the DagBag from /home/airflow/.local/lib/python3.12/site-packages/airflow/example_dags/example_skip_dag.py
[2025-02-01T07:37:50.021+0000] {processor.py:925} INFO - DAG(s) 'example_skip_dag' retrieved from /home/airflow/.local/lib/python3.12/site-packages/airflow/example_dags/example_skip_dag.py
[2025-02-01T07:37:50.049+0000] {logging_mixin.py:190} INFO - [2025-02-01T07:37:50.048+0000] {dag.py:3239} INFO - Sync 1 DAGs
[2025-02-01T07:37:50.079+0000] {logging_mixin.py:190} INFO - [2025-02-01T07:37:50.079+0000] {dag.py:4180} INFO - Setting next_dagrun for example_skip_dag to 2025-01-31 00:00:00+00:00, run_after=2025-02-01 00:00:00+00:00
[2025-02-01T07:37:50.106+0000] {processor.py:208} INFO - Processing /home/airflow/.local/lib/python3.12/site-packages/airflow/example_dags/example_skip_dag.py took 0.110 seconds
[2025-02-01T07:38:20.818+0000] {processor.py:186} INFO - Started process (PID=574) to work on /home/airflow/.local/lib/python3.12/site-packages/airflow/example_dags/example_skip_dag.py
[2025-02-01T07:38:20.820+0000] {processor.py:914} INFO - Processing file /home/airflow/.local/lib/python3.12/site-packages/airflow/example_dags/example_skip_dag.py for tasks to queue
[2025-02-01T07:38:20.826+0000] {logging_mixin.py:190} INFO - [2025-02-01T07:38:20.825+0000] {dagbag.py:588} INFO - Filling up the DagBag from /home/airflow/.local/lib/python3.12/site-packages/airflow/example_dags/example_skip_dag.py
[2025-02-01T07:38:20.854+0000] {processor.py:925} INFO - DAG(s) 'example_skip_dag' retrieved from /home/airflow/.local/lib/python3.12/site-packages/airflow/example_dags/example_skip_dag.py
[2025-02-01T07:38:20.900+0000] {logging_mixin.py:190} INFO - [2025-02-01T07:38:20.899+0000] {dag.py:3239} INFO - Sync 1 DAGs
[2025-02-01T07:38:20.958+0000] {logging_mixin.py:190} INFO - [2025-02-01T07:38:20.957+0000] {dag.py:4180} INFO - Setting next_dagrun for example_skip_dag to 2025-01-31 00:00:00+00:00, run_after=2025-02-01 00:00:00+00:00
[2025-02-01T07:38:21.008+0000] {processor.py:208} INFO - Processing /home/airflow/.local/lib/python3.12/site-packages/airflow/example_dags/example_skip_dag.py took 0.206 seconds
[2025-02-01T07:38:55.765+0000] {processor.py:186} INFO - Started process (PID=637) to work on /home/airflow/.local/lib/python3.12/site-packages/airflow/example_dags/example_skip_dag.py
[2025-02-01T07:38:55.768+0000] {processor.py:914} INFO - Processing file /home/airflow/.local/lib/python3.12/site-packages/airflow/example_dags/example_skip_dag.py for tasks to queue
[2025-02-01T07:38:55.774+0000] {logging_mixin.py:190} INFO - [2025-02-01T07:38:55.773+0000] {dagbag.py:588} INFO - Filling up the DagBag from /home/airflow/.local/lib/python3.12/site-packages/airflow/example_dags/example_skip_dag.py
[2025-02-01T07:38:55.794+0000] {processor.py:925} INFO - DAG(s) 'example_skip_dag' retrieved from /home/airflow/.local/lib/python3.12/site-packages/airflow/example_dags/example_skip_dag.py
[2025-02-01T07:38:55.857+0000] {logging_mixin.py:190} INFO - [2025-02-01T07:38:55.856+0000] {dag.py:3239} INFO - Sync 1 DAGs
[2025-02-01T07:38:55.955+0000] {logging_mixin.py:190} INFO - [2025-02-01T07:38:55.955+0000] {dag.py:4180} INFO - Setting next_dagrun for example_skip_dag to 2025-01-31 00:00:00+00:00, run_after=2025-02-01 00:00:00+00:00
[2025-02-01T07:38:56.008+0000] {processor.py:208} INFO - Processing /home/airflow/.local/lib/python3.12/site-packages/airflow/example_dags/example_skip_dag.py took 0.258 seconds
[2025-02-01T07:39:26.464+0000] {processor.py:186} INFO - Started process (PID=700) to work on /home/airflow/.local/lib/python3.12/site-packages/airflow/example_dags/example_skip_dag.py
[2025-02-01T07:39:26.466+0000] {processor.py:914} INFO - Processing file /home/airflow/.local/lib/python3.12/site-packages/airflow/example_dags/example_skip_dag.py for tasks to queue
[2025-02-01T07:39:26.474+0000] {logging_mixin.py:190} INFO - [2025-02-01T07:39:26.473+0000] {dagbag.py:588} INFO - Filling up the DagBag from /home/airflow/.local/lib/python3.12/site-packages/airflow/example_dags/example_skip_dag.py
[2025-02-01T07:39:26.515+0000] {processor.py:925} INFO - DAG(s) 'example_skip_dag' retrieved from /home/airflow/.local/lib/python3.12/site-packages/airflow/example_dags/example_skip_dag.py
[2025-02-01T07:39:26.566+0000] {logging_mixin.py:190} INFO - [2025-02-01T07:39:26.565+0000] {dag.py:3239} INFO - Sync 1 DAGs
[2025-02-01T07:39:26.623+0000] {logging_mixin.py:190} INFO - [2025-02-01T07:39:26.622+0000] {dag.py:4180} INFO - Setting next_dagrun for example_skip_dag to 2025-01-31 00:00:00+00:00, run_after=2025-02-01 00:00:00+00:00
[2025-02-01T07:39:26.674+0000] {processor.py:208} INFO - Processing /home/airflow/.local/lib/python3.12/site-packages/airflow/example_dags/example_skip_dag.py took 0.227 seconds
[2025-02-01T07:39:57.886+0000] {processor.py:186} INFO - Started process (PID=763) to work on /home/airflow/.local/lib/python3.12/site-packages/airflow/example_dags/example_skip_dag.py
[2025-02-01T07:39:57.889+0000] {processor.py:914} INFO - Processing file /home/airflow/.local/lib/python3.12/site-packages/airflow/example_dags/example_skip_dag.py for tasks to queue
[2025-02-01T07:39:57.893+0000] {logging_mixin.py:190} INFO - [2025-02-01T07:39:57.892+0000] {dagbag.py:588} INFO - Filling up the DagBag from /home/airflow/.local/lib/python3.12/site-packages/airflow/example_dags/example_skip_dag.py
[2025-02-01T07:39:57.907+0000] {processor.py:925} INFO - DAG(s) 'example_skip_dag' retrieved from /home/airflow/.local/lib/python3.12/site-packages/airflow/example_dags/example_skip_dag.py
[2025-02-01T07:39:57.945+0000] {logging_mixin.py:190} INFO - [2025-02-01T07:39:57.945+0000] {dag.py:3239} INFO - Sync 1 DAGs
[2025-02-01T07:39:58.003+0000] {logging_mixin.py:190} INFO - [2025-02-01T07:39:58.002+0000] {dag.py:4180} INFO - Setting next_dagrun for example_skip_dag to 2025-01-31 00:00:00+00:00, run_after=2025-02-01 00:00:00+00:00
[2025-02-01T07:39:58.047+0000] {processor.py:208} INFO - Processing /home/airflow/.local/lib/python3.12/site-packages/airflow/example_dags/example_skip_dag.py took 0.174 seconds
[2025-02-01T07:40:29.257+0000] {processor.py:186} INFO - Started process (PID=826) to work on /home/airflow/.local/lib/python3.12/site-packages/airflow/example_dags/example_skip_dag.py
[2025-02-01T07:40:29.259+0000] {processor.py:914} INFO - Processing file /home/airflow/.local/lib/python3.12/site-packages/airflow/example_dags/example_skip_dag.py for tasks to queue
[2025-02-01T07:40:29.264+0000] {logging_mixin.py:190} INFO - [2025-02-01T07:40:29.263+0000] {dagbag.py:588} INFO - Filling up the DagBag from /home/airflow/.local/lib/python3.12/site-packages/airflow/example_dags/example_skip_dag.py
[2025-02-01T07:40:29.281+0000] {processor.py:925} INFO - DAG(s) 'example_skip_dag' retrieved from /home/airflow/.local/lib/python3.12/site-packages/airflow/example_dags/example_skip_dag.py
[2025-02-01T07:40:29.317+0000] {logging_mixin.py:190} INFO - [2025-02-01T07:40:29.317+0000] {dag.py:3239} INFO - Sync 1 DAGs
[2025-02-01T07:40:29.362+0000] {logging_mixin.py:190} INFO - [2025-02-01T07:40:29.362+0000] {dag.py:4180} INFO - Setting next_dagrun for example_skip_dag to 2025-01-31 00:00:00+00:00, run_after=2025-02-01 00:00:00+00:00
[2025-02-01T07:40:29.398+0000] {processor.py:208} INFO - Processing /home/airflow/.local/lib/python3.12/site-packages/airflow/example_dags/example_skip_dag.py took 0.152 seconds
[2025-02-01T07:40:59.991+0000] {processor.py:186} INFO - Started process (PID=888) to work on /home/airflow/.local/lib/python3.12/site-packages/airflow/example_dags/example_skip_dag.py
[2025-02-01T07:40:59.996+0000] {processor.py:914} INFO - Processing file /home/airflow/.local/lib/python3.12/site-packages/airflow/example_dags/example_skip_dag.py for tasks to queue
[2025-02-01T07:41:00.003+0000] {logging_mixin.py:190} INFO - [2025-02-01T07:41:00.002+0000] {dagbag.py:588} INFO - Filling up the DagBag from /home/airflow/.local/lib/python3.12/site-packages/airflow/example_dags/example_skip_dag.py
[2025-02-01T07:41:00.046+0000] {processor.py:925} INFO - DAG(s) 'example_skip_dag' retrieved from /home/airflow/.local/lib/python3.12/site-packages/airflow/example_dags/example_skip_dag.py
[2025-02-01T07:41:00.162+0000] {logging_mixin.py:190} INFO - [2025-02-01T07:41:00.161+0000] {dag.py:3239} INFO - Sync 1 DAGs
[2025-02-01T07:41:00.246+0000] {logging_mixin.py:190} INFO - [2025-02-01T07:41:00.245+0000] {dag.py:4180} INFO - Setting next_dagrun for example_skip_dag to 2025-01-31 00:00:00+00:00, run_after=2025-02-01 00:00:00+00:00
[2025-02-01T07:41:00.302+0000] {processor.py:208} INFO - Processing /home/airflow/.local/lib/python3.12/site-packages/airflow/example_dags/example_skip_dag.py took 0.333 seconds
[2025-02-01T07:41:31.334+0000] {processor.py:186} INFO - Started process (PID=952) to work on /home/airflow/.local/lib/python3.12/site-packages/airflow/example_dags/example_skip_dag.py
[2025-02-01T07:41:31.336+0000] {processor.py:914} INFO - Processing file /home/airflow/.local/lib/python3.12/site-packages/airflow/example_dags/example_skip_dag.py for tasks to queue
[2025-02-01T07:41:31.342+0000] {logging_mixin.py:190} INFO - [2025-02-01T07:41:31.341+0000] {dagbag.py:588} INFO - Filling up the DagBag from /home/airflow/.local/lib/python3.12/site-packages/airflow/example_dags/example_skip_dag.py
[2025-02-01T07:41:31.360+0000] {processor.py:925} INFO - DAG(s) 'example_skip_dag' retrieved from /home/airflow/.local/lib/python3.12/site-packages/airflow/example_dags/example_skip_dag.py
[2025-02-01T07:41:31.404+0000] {logging_mixin.py:190} INFO - [2025-02-01T07:41:31.404+0000] {dag.py:3239} INFO - Sync 1 DAGs
[2025-02-01T07:41:31.455+0000] {logging_mixin.py:190} INFO - [2025-02-01T07:41:31.455+0000] {dag.py:4180} INFO - Setting next_dagrun for example_skip_dag to 2025-01-31 00:00:00+00:00, run_after=2025-02-01 00:00:00+00:00
[2025-02-01T07:41:31.494+0000] {processor.py:208} INFO - Processing /home/airflow/.local/lib/python3.12/site-packages/airflow/example_dags/example_skip_dag.py took 0.175 seconds
[2025-02-01T07:42:01.620+0000] {processor.py:186} INFO - Started process (PID=1014) to work on /home/airflow/.local/lib/python3.12/site-packages/airflow/example_dags/example_skip_dag.py
[2025-02-01T07:42:01.622+0000] {processor.py:914} INFO - Processing file /home/airflow/.local/lib/python3.12/site-packages/airflow/example_dags/example_skip_dag.py for tasks to queue
[2025-02-01T07:42:01.629+0000] {logging_mixin.py:190} INFO - [2025-02-01T07:42:01.628+0000] {dagbag.py:588} INFO - Filling up the DagBag from /home/airflow/.local/lib/python3.12/site-packages/airflow/example_dags/example_skip_dag.py
[2025-02-01T07:42:01.651+0000] {processor.py:925} INFO - DAG(s) 'example_skip_dag' retrieved from /home/airflow/.local/lib/python3.12/site-packages/airflow/example_dags/example_skip_dag.py
[2025-02-01T07:42:01.700+0000] {logging_mixin.py:190} INFO - [2025-02-01T07:42:01.700+0000] {dag.py:3239} INFO - Sync 1 DAGs
[2025-02-01T07:42:01.762+0000] {logging_mixin.py:190} INFO - [2025-02-01T07:42:01.761+0000] {dag.py:4180} INFO - Setting next_dagrun for example_skip_dag to 2025-01-31 00:00:00+00:00, run_after=2025-02-01 00:00:00+00:00
[2025-02-01T07:42:01.813+0000] {processor.py:208} INFO - Processing /home/airflow/.local/lib/python3.12/site-packages/airflow/example_dags/example_skip_dag.py took 0.205 seconds
[2025-02-01T07:42:32.466+0000] {processor.py:186} INFO - Started process (PID=1077) to work on /home/airflow/.local/lib/python3.12/site-packages/airflow/example_dags/example_skip_dag.py
[2025-02-01T07:42:32.467+0000] {processor.py:914} INFO - Processing file /home/airflow/.local/lib/python3.12/site-packages/airflow/example_dags/example_skip_dag.py for tasks to queue
[2025-02-01T07:42:32.471+0000] {logging_mixin.py:190} INFO - [2025-02-01T07:42:32.470+0000] {dagbag.py:588} INFO - Filling up the DagBag from /home/airflow/.local/lib/python3.12/site-packages/airflow/example_dags/example_skip_dag.py
[2025-02-01T07:42:32.481+0000] {processor.py:925} INFO - DAG(s) 'example_skip_dag' retrieved from /home/airflow/.local/lib/python3.12/site-packages/airflow/example_dags/example_skip_dag.py
[2025-02-01T07:42:32.509+0000] {logging_mixin.py:190} INFO - [2025-02-01T07:42:32.509+0000] {dag.py:3239} INFO - Sync 1 DAGs
[2025-02-01T07:42:32.537+0000] {logging_mixin.py:190} INFO - [2025-02-01T07:42:32.537+0000] {dag.py:4180} INFO - Setting next_dagrun for example_skip_dag to 2025-01-31 00:00:00+00:00, run_after=2025-02-01 00:00:00+00:00
[2025-02-01T07:42:32.572+0000] {processor.py:208} INFO - Processing /home/airflow/.local/lib/python3.12/site-packages/airflow/example_dags/example_skip_dag.py took 0.116 seconds
[2025-02-01T07:43:02.770+0000] {processor.py:186} INFO - Started process (PID=1140) to work on /home/airflow/.local/lib/python3.12/site-packages/airflow/example_dags/example_skip_dag.py
[2025-02-01T07:43:02.774+0000] {processor.py:914} INFO - Processing file /home/airflow/.local/lib/python3.12/site-packages/airflow/example_dags/example_skip_dag.py for tasks to queue
[2025-02-01T07:43:02.778+0000] {logging_mixin.py:190} INFO - [2025-02-01T07:43:02.777+0000] {dagbag.py:588} INFO - Filling up the DagBag from /home/airflow/.local/lib/python3.12/site-packages/airflow/example_dags/example_skip_dag.py
[2025-02-01T07:43:02.798+0000] {processor.py:925} INFO - DAG(s) 'example_skip_dag' retrieved from /home/airflow/.local/lib/python3.12/site-packages/airflow/example_dags/example_skip_dag.py
[2025-02-01T07:43:02.861+0000] {logging_mixin.py:190} INFO - [2025-02-01T07:43:02.860+0000] {dag.py:3239} INFO - Sync 1 DAGs
[2025-02-01T07:43:02.938+0000] {logging_mixin.py:190} INFO - [2025-02-01T07:43:02.938+0000] {dag.py:4180} INFO - Setting next_dagrun for example_skip_dag to 2025-01-31 00:00:00+00:00, run_after=2025-02-01 00:00:00+00:00
[2025-02-01T07:43:02.984+0000] {processor.py:208} INFO - Processing /home/airflow/.local/lib/python3.12/site-packages/airflow/example_dags/example_skip_dag.py took 0.226 seconds
[2025-02-01T07:43:33.877+0000] {processor.py:186} INFO - Started process (PID=1203) to work on /home/airflow/.local/lib/python3.12/site-packages/airflow/example_dags/example_skip_dag.py
[2025-02-01T07:43:33.878+0000] {processor.py:914} INFO - Processing file /home/airflow/.local/lib/python3.12/site-packages/airflow/example_dags/example_skip_dag.py for tasks to queue
[2025-02-01T07:43:33.881+0000] {logging_mixin.py:190} INFO - [2025-02-01T07:43:33.881+0000] {dagbag.py:588} INFO - Filling up the DagBag from /home/airflow/.local/lib/python3.12/site-packages/airflow/example_dags/example_skip_dag.py
[2025-02-01T07:43:33.891+0000] {processor.py:925} INFO - DAG(s) 'example_skip_dag' retrieved from /home/airflow/.local/lib/python3.12/site-packages/airflow/example_dags/example_skip_dag.py
[2025-02-01T07:43:33.922+0000] {logging_mixin.py:190} INFO - [2025-02-01T07:43:33.921+0000] {dag.py:3239} INFO - Sync 1 DAGs
[2025-02-01T07:43:33.955+0000] {logging_mixin.py:190} INFO - [2025-02-01T07:43:33.955+0000] {dag.py:4180} INFO - Setting next_dagrun for example_skip_dag to 2025-01-31 00:00:00+00:00, run_after=2025-02-01 00:00:00+00:00
[2025-02-01T07:43:33.988+0000] {processor.py:208} INFO - Processing /home/airflow/.local/lib/python3.12/site-packages/airflow/example_dags/example_skip_dag.py took 0.122 seconds
[2025-02-01T07:44:04.084+0000] {processor.py:186} INFO - Started process (PID=1266) to work on /home/airflow/.local/lib/python3.12/site-packages/airflow/example_dags/example_skip_dag.py
[2025-02-01T07:44:04.085+0000] {processor.py:914} INFO - Processing file /home/airflow/.local/lib/python3.12/site-packages/airflow/example_dags/example_skip_dag.py for tasks to queue
[2025-02-01T07:44:04.087+0000] {logging_mixin.py:190} INFO - [2025-02-01T07:44:04.087+0000] {dagbag.py:588} INFO - Filling up the DagBag from /home/airflow/.local/lib/python3.12/site-packages/airflow/example_dags/example_skip_dag.py
[2025-02-01T07:44:04.096+0000] {processor.py:925} INFO - DAG(s) 'example_skip_dag' retrieved from /home/airflow/.local/lib/python3.12/site-packages/airflow/example_dags/example_skip_dag.py
[2025-02-01T07:44:04.119+0000] {logging_mixin.py:190} INFO - [2025-02-01T07:44:04.119+0000] {dag.py:3239} INFO - Sync 1 DAGs
[2025-02-01T07:44:04.142+0000] {logging_mixin.py:190} INFO - [2025-02-01T07:44:04.142+0000] {dag.py:4180} INFO - Setting next_dagrun for example_skip_dag to 2025-01-31 00:00:00+00:00, run_after=2025-02-01 00:00:00+00:00
[2025-02-01T07:44:04.165+0000] {processor.py:208} INFO - Processing /home/airflow/.local/lib/python3.12/site-packages/airflow/example_dags/example_skip_dag.py took 0.087 seconds
[2025-02-01T07:44:34.868+0000] {processor.py:186} INFO - Started process (PID=1330) to work on /home/airflow/.local/lib/python3.12/site-packages/airflow/example_dags/example_skip_dag.py
[2025-02-01T07:44:34.869+0000] {processor.py:914} INFO - Processing file /home/airflow/.local/lib/python3.12/site-packages/airflow/example_dags/example_skip_dag.py for tasks to queue
[2025-02-01T07:44:34.871+0000] {logging_mixin.py:190} INFO - [2025-02-01T07:44:34.871+0000] {dagbag.py:588} INFO - Filling up the DagBag from /home/airflow/.local/lib/python3.12/site-packages/airflow/example_dags/example_skip_dag.py
[2025-02-01T07:44:34.880+0000] {processor.py:925} INFO - DAG(s) 'example_skip_dag' retrieved from /home/airflow/.local/lib/python3.12/site-packages/airflow/example_dags/example_skip_dag.py
[2025-02-01T07:44:34.909+0000] {logging_mixin.py:190} INFO - [2025-02-01T07:44:34.908+0000] {dag.py:3239} INFO - Sync 1 DAGs
[2025-02-01T07:44:34.934+0000] {logging_mixin.py:190} INFO - [2025-02-01T07:44:34.934+0000] {dag.py:4180} INFO - Setting next_dagrun for example_skip_dag to 2025-01-31 00:00:00+00:00, run_after=2025-02-01 00:00:00+00:00
[2025-02-01T07:44:34.969+0000] {processor.py:208} INFO - Processing /home/airflow/.local/lib/python3.12/site-packages/airflow/example_dags/example_skip_dag.py took 0.107 seconds
[2025-02-01T07:45:05.275+0000] {processor.py:186} INFO - Started process (PID=1394) to work on /home/airflow/.local/lib/python3.12/site-packages/airflow/example_dags/example_skip_dag.py
[2025-02-01T07:45:05.277+0000] {processor.py:914} INFO - Processing file /home/airflow/.local/lib/python3.12/site-packages/airflow/example_dags/example_skip_dag.py for tasks to queue
[2025-02-01T07:45:05.280+0000] {logging_mixin.py:190} INFO - [2025-02-01T07:45:05.279+0000] {dagbag.py:588} INFO - Filling up the DagBag from /home/airflow/.local/lib/python3.12/site-packages/airflow/example_dags/example_skip_dag.py
[2025-02-01T07:45:05.288+0000] {processor.py:925} INFO - DAG(s) 'example_skip_dag' retrieved from /home/airflow/.local/lib/python3.12/site-packages/airflow/example_dags/example_skip_dag.py
[2025-02-01T07:45:05.316+0000] {logging_mixin.py:190} INFO - [2025-02-01T07:45:05.316+0000] {dag.py:3239} INFO - Sync 1 DAGs
[2025-02-01T07:45:05.345+0000] {logging_mixin.py:190} INFO - [2025-02-01T07:45:05.345+0000] {dag.py:4180} INFO - Setting next_dagrun for example_skip_dag to 2025-01-31 00:00:00+00:00, run_after=2025-02-01 00:00:00+00:00
[2025-02-01T07:45:05.372+0000] {processor.py:208} INFO - Processing /home/airflow/.local/lib/python3.12/site-packages/airflow/example_dags/example_skip_dag.py took 0.105 seconds
[2025-02-01T07:45:35.629+0000] {processor.py:186} INFO - Started process (PID=1458) to work on /home/airflow/.local/lib/python3.12/site-packages/airflow/example_dags/example_skip_dag.py
[2025-02-01T07:45:35.630+0000] {processor.py:914} INFO - Processing file /home/airflow/.local/lib/python3.12/site-packages/airflow/example_dags/example_skip_dag.py for tasks to queue
[2025-02-01T07:45:35.634+0000] {logging_mixin.py:190} INFO - [2025-02-01T07:45:35.633+0000] {dagbag.py:588} INFO - Filling up the DagBag from /home/airflow/.local/lib/python3.12/site-packages/airflow/example_dags/example_skip_dag.py
[2025-02-01T07:45:35.646+0000] {processor.py:925} INFO - DAG(s) 'example_skip_dag' retrieved from /home/airflow/.local/lib/python3.12/site-packages/airflow/example_dags/example_skip_dag.py
[2025-02-01T07:45:35.684+0000] {logging_mixin.py:190} INFO - [2025-02-01T07:45:35.683+0000] {dag.py:3239} INFO - Sync 1 DAGs
[2025-02-01T07:45:35.726+0000] {logging_mixin.py:190} INFO - [2025-02-01T07:45:35.725+0000] {dag.py:4180} INFO - Setting next_dagrun for example_skip_dag to 2025-01-31 00:00:00+00:00, run_after=2025-02-01 00:00:00+00:00
[2025-02-01T07:45:35.764+0000] {processor.py:208} INFO - Processing /home/airflow/.local/lib/python3.12/site-packages/airflow/example_dags/example_skip_dag.py took 0.143 seconds
[2025-02-01T07:46:05.902+0000] {processor.py:186} INFO - Started process (PID=1522) to work on /home/airflow/.local/lib/python3.12/site-packages/airflow/example_dags/example_skip_dag.py
[2025-02-01T07:46:05.903+0000] {processor.py:914} INFO - Processing file /home/airflow/.local/lib/python3.12/site-packages/airflow/example_dags/example_skip_dag.py for tasks to queue
[2025-02-01T07:46:05.906+0000] {logging_mixin.py:190} INFO - [2025-02-01T07:46:05.906+0000] {dagbag.py:588} INFO - Filling up the DagBag from /home/airflow/.local/lib/python3.12/site-packages/airflow/example_dags/example_skip_dag.py
[2025-02-01T07:46:05.916+0000] {processor.py:925} INFO - DAG(s) 'example_skip_dag' retrieved from /home/airflow/.local/lib/python3.12/site-packages/airflow/example_dags/example_skip_dag.py
[2025-02-01T07:46:05.943+0000] {logging_mixin.py:190} INFO - [2025-02-01T07:46:05.943+0000] {dag.py:3239} INFO - Sync 1 DAGs
[2025-02-01T07:46:05.970+0000] {logging_mixin.py:190} INFO - [2025-02-01T07:46:05.969+0000] {dag.py:4180} INFO - Setting next_dagrun for example_skip_dag to 2025-01-31 00:00:00+00:00, run_after=2025-02-01 00:00:00+00:00
[2025-02-01T07:46:06.000+0000] {processor.py:208} INFO - Processing /home/airflow/.local/lib/python3.12/site-packages/airflow/example_dags/example_skip_dag.py took 0.107 seconds
[2025-02-01T07:46:36.431+0000] {processor.py:186} INFO - Started process (PID=1586) to work on /home/airflow/.local/lib/python3.12/site-packages/airflow/example_dags/example_skip_dag.py
[2025-02-01T07:46:36.434+0000] {processor.py:914} INFO - Processing file /home/airflow/.local/lib/python3.12/site-packages/airflow/example_dags/example_skip_dag.py for tasks to queue
[2025-02-01T07:46:36.439+0000] {logging_mixin.py:190} INFO - [2025-02-01T07:46:36.438+0000] {dagbag.py:588} INFO - Filling up the DagBag from /home/airflow/.local/lib/python3.12/site-packages/airflow/example_dags/example_skip_dag.py
[2025-02-01T07:46:36.457+0000] {processor.py:925} INFO - DAG(s) 'example_skip_dag' retrieved from /home/airflow/.local/lib/python3.12/site-packages/airflow/example_dags/example_skip_dag.py
[2025-02-01T07:46:36.496+0000] {logging_mixin.py:190} INFO - [2025-02-01T07:46:36.496+0000] {dag.py:3239} INFO - Sync 1 DAGs
[2025-02-01T07:46:36.541+0000] {logging_mixin.py:190} INFO - [2025-02-01T07:46:36.540+0000] {dag.py:4180} INFO - Setting next_dagrun for example_skip_dag to 2025-01-31 00:00:00+00:00, run_after=2025-02-01 00:00:00+00:00
[2025-02-01T07:46:36.576+0000] {processor.py:208} INFO - Processing /home/airflow/.local/lib/python3.12/site-packages/airflow/example_dags/example_skip_dag.py took 0.156 seconds
[2025-02-01T07:47:06.904+0000] {processor.py:186} INFO - Started process (PID=1650) to work on /home/airflow/.local/lib/python3.12/site-packages/airflow/example_dags/example_skip_dag.py
[2025-02-01T07:47:06.906+0000] {processor.py:914} INFO - Processing file /home/airflow/.local/lib/python3.12/site-packages/airflow/example_dags/example_skip_dag.py for tasks to queue
[2025-02-01T07:47:06.911+0000] {logging_mixin.py:190} INFO - [2025-02-01T07:47:06.910+0000] {dagbag.py:588} INFO - Filling up the DagBag from /home/airflow/.local/lib/python3.12/site-packages/airflow/example_dags/example_skip_dag.py
[2025-02-01T07:47:06.933+0000] {processor.py:925} INFO - DAG(s) 'example_skip_dag' retrieved from /home/airflow/.local/lib/python3.12/site-packages/airflow/example_dags/example_skip_dag.py
[2025-02-01T07:47:06.980+0000] {logging_mixin.py:190} INFO - [2025-02-01T07:47:06.980+0000] {dag.py:3239} INFO - Sync 1 DAGs
[2025-02-01T07:47:07.027+0000] {logging_mixin.py:190} INFO - [2025-02-01T07:47:07.027+0000] {dag.py:4180} INFO - Setting next_dagrun for example_skip_dag to 2025-01-31 00:00:00+00:00, run_after=2025-02-01 00:00:00+00:00
[2025-02-01T07:47:07.067+0000] {processor.py:208} INFO - Processing /home/airflow/.local/lib/python3.12/site-packages/airflow/example_dags/example_skip_dag.py took 0.180 seconds
[2025-02-01T07:47:37.133+0000] {processor.py:186} INFO - Started process (PID=1713) to work on /home/airflow/.local/lib/python3.12/site-packages/airflow/example_dags/example_skip_dag.py
[2025-02-01T07:47:37.134+0000] {processor.py:914} INFO - Processing file /home/airflow/.local/lib/python3.12/site-packages/airflow/example_dags/example_skip_dag.py for tasks to queue
[2025-02-01T07:47:37.137+0000] {logging_mixin.py:190} INFO - [2025-02-01T07:47:37.137+0000] {dagbag.py:588} INFO - Filling up the DagBag from /home/airflow/.local/lib/python3.12/site-packages/airflow/example_dags/example_skip_dag.py
[2025-02-01T07:47:37.147+0000] {processor.py:925} INFO - DAG(s) 'example_skip_dag' retrieved from /home/airflow/.local/lib/python3.12/site-packages/airflow/example_dags/example_skip_dag.py
[2025-02-01T07:47:37.174+0000] {logging_mixin.py:190} INFO - [2025-02-01T07:47:37.173+0000] {dag.py:3239} INFO - Sync 1 DAGs
[2025-02-01T07:47:37.201+0000] {logging_mixin.py:190} INFO - [2025-02-01T07:47:37.201+0000] {dag.py:4180} INFO - Setting next_dagrun for example_skip_dag to 2025-01-31 00:00:00+00:00, run_after=2025-02-01 00:00:00+00:00
[2025-02-01T07:47:37.226+0000] {processor.py:208} INFO - Processing /home/airflow/.local/lib/python3.12/site-packages/airflow/example_dags/example_skip_dag.py took 0.102 seconds
[2025-02-01T07:48:07.298+0000] {processor.py:186} INFO - Started process (PID=1777) to work on /home/airflow/.local/lib/python3.12/site-packages/airflow/example_dags/example_skip_dag.py
[2025-02-01T07:48:07.299+0000] {processor.py:914} INFO - Processing file /home/airflow/.local/lib/python3.12/site-packages/airflow/example_dags/example_skip_dag.py for tasks to queue
[2025-02-01T07:48:07.302+0000] {logging_mixin.py:190} INFO - [2025-02-01T07:48:07.302+0000] {dagbag.py:588} INFO - Filling up the DagBag from /home/airflow/.local/lib/python3.12/site-packages/airflow/example_dags/example_skip_dag.py
[2025-02-01T07:48:07.311+0000] {processor.py:925} INFO - DAG(s) 'example_skip_dag' retrieved from /home/airflow/.local/lib/python3.12/site-packages/airflow/example_dags/example_skip_dag.py
[2025-02-01T07:48:07.338+0000] {logging_mixin.py:190} INFO - [2025-02-01T07:48:07.338+0000] {dag.py:3239} INFO - Sync 1 DAGs
[2025-02-01T07:48:07.366+0000] {logging_mixin.py:190} INFO - [2025-02-01T07:48:07.365+0000] {dag.py:4180} INFO - Setting next_dagrun for example_skip_dag to 2025-01-31 00:00:00+00:00, run_after=2025-02-01 00:00:00+00:00
[2025-02-01T07:48:07.391+0000] {processor.py:208} INFO - Processing /home/airflow/.local/lib/python3.12/site-packages/airflow/example_dags/example_skip_dag.py took 0.100 seconds
[2025-02-01T07:48:37.512+0000] {processor.py:186} INFO - Started process (PID=1841) to work on /home/airflow/.local/lib/python3.12/site-packages/airflow/example_dags/example_skip_dag.py
[2025-02-01T07:48:37.514+0000] {processor.py:914} INFO - Processing file /home/airflow/.local/lib/python3.12/site-packages/airflow/example_dags/example_skip_dag.py for tasks to queue
[2025-02-01T07:48:37.517+0000] {logging_mixin.py:190} INFO - [2025-02-01T07:48:37.517+0000] {dagbag.py:588} INFO - Filling up the DagBag from /home/airflow/.local/lib/python3.12/site-packages/airflow/example_dags/example_skip_dag.py
[2025-02-01T07:48:37.528+0000] {processor.py:925} INFO - DAG(s) 'example_skip_dag' retrieved from /home/airflow/.local/lib/python3.12/site-packages/airflow/example_dags/example_skip_dag.py
[2025-02-01T07:48:37.559+0000] {logging_mixin.py:190} INFO - [2025-02-01T07:48:37.559+0000] {dag.py:3239} INFO - Sync 1 DAGs
[2025-02-01T07:48:37.590+0000] {logging_mixin.py:190} INFO - [2025-02-01T07:48:37.590+0000] {dag.py:4180} INFO - Setting next_dagrun for example_skip_dag to 2025-01-31 00:00:00+00:00, run_after=2025-02-01 00:00:00+00:00
[2025-02-01T07:48:37.621+0000] {processor.py:208} INFO - Processing /home/airflow/.local/lib/python3.12/site-packages/airflow/example_dags/example_skip_dag.py took 0.117 seconds
[2025-02-01T07:49:07.955+0000] {processor.py:186} INFO - Started process (PID=1905) to work on /home/airflow/.local/lib/python3.12/site-packages/airflow/example_dags/example_skip_dag.py
[2025-02-01T07:49:07.956+0000] {processor.py:914} INFO - Processing file /home/airflow/.local/lib/python3.12/site-packages/airflow/example_dags/example_skip_dag.py for tasks to queue
[2025-02-01T07:49:07.959+0000] {logging_mixin.py:190} INFO - [2025-02-01T07:49:07.959+0000] {dagbag.py:588} INFO - Filling up the DagBag from /home/airflow/.local/lib/python3.12/site-packages/airflow/example_dags/example_skip_dag.py
[2025-02-01T07:49:07.967+0000] {processor.py:925} INFO - DAG(s) 'example_skip_dag' retrieved from /home/airflow/.local/lib/python3.12/site-packages/airflow/example_dags/example_skip_dag.py
[2025-02-01T07:49:07.987+0000] {logging_mixin.py:190} INFO - [2025-02-01T07:49:07.987+0000] {dag.py:3239} INFO - Sync 1 DAGs
[2025-02-01T07:49:08.010+0000] {logging_mixin.py:190} INFO - [2025-02-01T07:49:08.010+0000] {dag.py:4180} INFO - Setting next_dagrun for example_skip_dag to 2025-01-31 00:00:00+00:00, run_after=2025-02-01 00:00:00+00:00
[2025-02-01T07:49:08.031+0000] {processor.py:208} INFO - Processing /home/airflow/.local/lib/python3.12/site-packages/airflow/example_dags/example_skip_dag.py took 0.081 seconds
[2025-02-01T07:49:38.646+0000] {processor.py:186} INFO - Started process (PID=1969) to work on /home/airflow/.local/lib/python3.12/site-packages/airflow/example_dags/example_skip_dag.py
[2025-02-01T07:49:38.648+0000] {processor.py:914} INFO - Processing file /home/airflow/.local/lib/python3.12/site-packages/airflow/example_dags/example_skip_dag.py for tasks to queue
[2025-02-01T07:49:38.652+0000] {logging_mixin.py:190} INFO - [2025-02-01T07:49:38.652+0000] {dagbag.py:588} INFO - Filling up the DagBag from /home/airflow/.local/lib/python3.12/site-packages/airflow/example_dags/example_skip_dag.py
[2025-02-01T07:49:38.667+0000] {processor.py:925} INFO - DAG(s) 'example_skip_dag' retrieved from /home/airflow/.local/lib/python3.12/site-packages/airflow/example_dags/example_skip_dag.py
[2025-02-01T07:49:38.696+0000] {logging_mixin.py:190} INFO - [2025-02-01T07:49:38.695+0000] {dag.py:3239} INFO - Sync 1 DAGs
[2025-02-01T07:49:38.730+0000] {logging_mixin.py:190} INFO - [2025-02-01T07:49:38.730+0000] {dag.py:4180} INFO - Setting next_dagrun for example_skip_dag to 2025-01-31 00:00:00+00:00, run_after=2025-02-01 00:00:00+00:00
[2025-02-01T07:49:38.762+0000] {processor.py:208} INFO - Processing /home/airflow/.local/lib/python3.12/site-packages/airflow/example_dags/example_skip_dag.py took 0.125 seconds
[2025-02-01T07:50:09.005+0000] {processor.py:186} INFO - Started process (PID=2033) to work on /home/airflow/.local/lib/python3.12/site-packages/airflow/example_dags/example_skip_dag.py
[2025-02-01T07:50:09.006+0000] {processor.py:914} INFO - Processing file /home/airflow/.local/lib/python3.12/site-packages/airflow/example_dags/example_skip_dag.py for tasks to queue
[2025-02-01T07:50:09.009+0000] {logging_mixin.py:190} INFO - [2025-02-01T07:50:09.009+0000] {dagbag.py:588} INFO - Filling up the DagBag from /home/airflow/.local/lib/python3.12/site-packages/airflow/example_dags/example_skip_dag.py
[2025-02-01T07:50:09.019+0000] {processor.py:925} INFO - DAG(s) 'example_skip_dag' retrieved from /home/airflow/.local/lib/python3.12/site-packages/airflow/example_dags/example_skip_dag.py
[2025-02-01T07:50:09.049+0000] {logging_mixin.py:190} INFO - [2025-02-01T07:50:09.049+0000] {dag.py:3239} INFO - Sync 1 DAGs
[2025-02-01T07:50:09.077+0000] {logging_mixin.py:190} INFO - [2025-02-01T07:50:09.076+0000] {dag.py:4180} INFO - Setting next_dagrun for example_skip_dag to 2025-01-31 00:00:00+00:00, run_after=2025-02-01 00:00:00+00:00
[2025-02-01T07:50:09.104+0000] {processor.py:208} INFO - Processing /home/airflow/.local/lib/python3.12/site-packages/airflow/example_dags/example_skip_dag.py took 0.106 seconds
[2025-02-01T07:50:39.396+0000] {processor.py:186} INFO - Started process (PID=2097) to work on /home/airflow/.local/lib/python3.12/site-packages/airflow/example_dags/example_skip_dag.py
[2025-02-01T07:50:39.398+0000] {processor.py:914} INFO - Processing file /home/airflow/.local/lib/python3.12/site-packages/airflow/example_dags/example_skip_dag.py for tasks to queue
[2025-02-01T07:50:39.401+0000] {logging_mixin.py:190} INFO - [2025-02-01T07:50:39.400+0000] {dagbag.py:588} INFO - Filling up the DagBag from /home/airflow/.local/lib/python3.12/site-packages/airflow/example_dags/example_skip_dag.py
[2025-02-01T07:50:39.410+0000] {processor.py:925} INFO - DAG(s) 'example_skip_dag' retrieved from /home/airflow/.local/lib/python3.12/site-packages/airflow/example_dags/example_skip_dag.py
[2025-02-01T07:50:39.439+0000] {logging_mixin.py:190} INFO - [2025-02-01T07:50:39.439+0000] {dag.py:3239} INFO - Sync 1 DAGs
[2025-02-01T07:50:39.466+0000] {logging_mixin.py:190} INFO - [2025-02-01T07:50:39.466+0000] {dag.py:4180} INFO - Setting next_dagrun for example_skip_dag to 2025-01-31 00:00:00+00:00, run_after=2025-02-01 00:00:00+00:00
[2025-02-01T07:50:39.492+0000] {processor.py:208} INFO - Processing /home/airflow/.local/lib/python3.12/site-packages/airflow/example_dags/example_skip_dag.py took 0.102 seconds
[2025-02-01T07:51:09.745+0000] {processor.py:186} INFO - Started process (PID=2160) to work on /home/airflow/.local/lib/python3.12/site-packages/airflow/example_dags/example_skip_dag.py
[2025-02-01T07:51:09.747+0000] {processor.py:914} INFO - Processing file /home/airflow/.local/lib/python3.12/site-packages/airflow/example_dags/example_skip_dag.py for tasks to queue
[2025-02-01T07:51:09.750+0000] {logging_mixin.py:190} INFO - [2025-02-01T07:51:09.750+0000] {dagbag.py:588} INFO - Filling up the DagBag from /home/airflow/.local/lib/python3.12/site-packages/airflow/example_dags/example_skip_dag.py
[2025-02-01T07:51:09.760+0000] {processor.py:925} INFO - DAG(s) 'example_skip_dag' retrieved from /home/airflow/.local/lib/python3.12/site-packages/airflow/example_dags/example_skip_dag.py
[2025-02-01T07:51:09.786+0000] {logging_mixin.py:190} INFO - [2025-02-01T07:51:09.786+0000] {dag.py:3239} INFO - Sync 1 DAGs
[2025-02-01T07:51:09.813+0000] {logging_mixin.py:190} INFO - [2025-02-01T07:51:09.813+0000] {dag.py:4180} INFO - Setting next_dagrun for example_skip_dag to 2025-01-31 00:00:00+00:00, run_after=2025-02-01 00:00:00+00:00
[2025-02-01T07:51:09.840+0000] {processor.py:208} INFO - Processing /home/airflow/.local/lib/python3.12/site-packages/airflow/example_dags/example_skip_dag.py took 0.103 seconds
[2025-02-01T07:51:40.696+0000] {processor.py:186} INFO - Started process (PID=2224) to work on /home/airflow/.local/lib/python3.12/site-packages/airflow/example_dags/example_skip_dag.py
[2025-02-01T07:51:40.698+0000] {processor.py:914} INFO - Processing file /home/airflow/.local/lib/python3.12/site-packages/airflow/example_dags/example_skip_dag.py for tasks to queue
[2025-02-01T07:51:40.702+0000] {logging_mixin.py:190} INFO - [2025-02-01T07:51:40.701+0000] {dagbag.py:588} INFO - Filling up the DagBag from /home/airflow/.local/lib/python3.12/site-packages/airflow/example_dags/example_skip_dag.py
[2025-02-01T07:51:40.713+0000] {processor.py:925} INFO - DAG(s) 'example_skip_dag' retrieved from /home/airflow/.local/lib/python3.12/site-packages/airflow/example_dags/example_skip_dag.py
[2025-02-01T07:51:40.745+0000] {logging_mixin.py:190} INFO - [2025-02-01T07:51:40.745+0000] {dag.py:3239} INFO - Sync 1 DAGs
[2025-02-01T07:51:40.781+0000] {logging_mixin.py:190} INFO - [2025-02-01T07:51:40.780+0000] {dag.py:4180} INFO - Setting next_dagrun for example_skip_dag to 2025-01-31 00:00:00+00:00, run_after=2025-02-01 00:00:00+00:00
[2025-02-01T07:51:40.813+0000] {processor.py:208} INFO - Processing /home/airflow/.local/lib/python3.12/site-packages/airflow/example_dags/example_skip_dag.py took 0.128 seconds
[2025-02-01T07:52:11.403+0000] {processor.py:186} INFO - Started process (PID=2287) to work on /home/airflow/.local/lib/python3.12/site-packages/airflow/example_dags/example_skip_dag.py
[2025-02-01T07:52:11.404+0000] {processor.py:914} INFO - Processing file /home/airflow/.local/lib/python3.12/site-packages/airflow/example_dags/example_skip_dag.py for tasks to queue
[2025-02-01T07:52:11.407+0000] {logging_mixin.py:190} INFO - [2025-02-01T07:52:11.407+0000] {dagbag.py:588} INFO - Filling up the DagBag from /home/airflow/.local/lib/python3.12/site-packages/airflow/example_dags/example_skip_dag.py
[2025-02-01T07:52:11.416+0000] {processor.py:925} INFO - DAG(s) 'example_skip_dag' retrieved from /home/airflow/.local/lib/python3.12/site-packages/airflow/example_dags/example_skip_dag.py
[2025-02-01T07:52:11.440+0000] {logging_mixin.py:190} INFO - [2025-02-01T07:52:11.440+0000] {dag.py:3239} INFO - Sync 1 DAGs
[2025-02-01T07:52:11.469+0000] {logging_mixin.py:190} INFO - [2025-02-01T07:52:11.468+0000] {dag.py:4180} INFO - Setting next_dagrun for example_skip_dag to 2025-01-31 00:00:00+00:00, run_after=2025-02-01 00:00:00+00:00
[2025-02-01T07:52:11.492+0000] {processor.py:208} INFO - Processing /home/airflow/.local/lib/python3.12/site-packages/airflow/example_dags/example_skip_dag.py took 0.095 seconds
[2025-02-01T07:52:42.264+0000] {processor.py:186} INFO - Started process (PID=2351) to work on /home/airflow/.local/lib/python3.12/site-packages/airflow/example_dags/example_skip_dag.py
[2025-02-01T07:52:42.267+0000] {processor.py:914} INFO - Processing file /home/airflow/.local/lib/python3.12/site-packages/airflow/example_dags/example_skip_dag.py for tasks to queue
[2025-02-01T07:52:42.275+0000] {logging_mixin.py:190} INFO - [2025-02-01T07:52:42.274+0000] {dagbag.py:588} INFO - Filling up the DagBag from /home/airflow/.local/lib/python3.12/site-packages/airflow/example_dags/example_skip_dag.py
[2025-02-01T07:52:42.302+0000] {processor.py:925} INFO - DAG(s) 'example_skip_dag' retrieved from /home/airflow/.local/lib/python3.12/site-packages/airflow/example_dags/example_skip_dag.py
[2025-02-01T07:52:42.436+0000] {logging_mixin.py:190} INFO - [2025-02-01T07:52:42.435+0000] {dag.py:3239} INFO - Sync 1 DAGs
[2025-02-01T07:52:42.562+0000] {logging_mixin.py:190} INFO - [2025-02-01T07:52:42.561+0000] {dag.py:4180} INFO - Setting next_dagrun for example_skip_dag to 2025-01-31 00:00:00+00:00, run_after=2025-02-01 00:00:00+00:00
[2025-02-01T07:52:42.692+0000] {processor.py:208} INFO - Processing /home/airflow/.local/lib/python3.12/site-packages/airflow/example_dags/example_skip_dag.py took 0.445 seconds
[2025-02-01T07:53:12.805+0000] {processor.py:186} INFO - Started process (PID=2415) to work on /home/airflow/.local/lib/python3.12/site-packages/airflow/example_dags/example_skip_dag.py
[2025-02-01T07:53:12.810+0000] {processor.py:914} INFO - Processing file /home/airflow/.local/lib/python3.12/site-packages/airflow/example_dags/example_skip_dag.py for tasks to queue
[2025-02-01T07:53:12.819+0000] {logging_mixin.py:190} INFO - [2025-02-01T07:53:12.819+0000] {dagbag.py:588} INFO - Filling up the DagBag from /home/airflow/.local/lib/python3.12/site-packages/airflow/example_dags/example_skip_dag.py
[2025-02-01T07:53:12.841+0000] {processor.py:925} INFO - DAG(s) 'example_skip_dag' retrieved from /home/airflow/.local/lib/python3.12/site-packages/airflow/example_dags/example_skip_dag.py
[2025-02-01T07:53:12.881+0000] {logging_mixin.py:190} INFO - [2025-02-01T07:53:12.881+0000] {dag.py:3239} INFO - Sync 1 DAGs
[2025-02-01T07:53:12.930+0000] {logging_mixin.py:190} INFO - [2025-02-01T07:53:12.929+0000] {dag.py:4180} INFO - Setting next_dagrun for example_skip_dag to 2025-01-31 00:00:00+00:00, run_after=2025-02-01 00:00:00+00:00
[2025-02-01T07:53:12.969+0000] {processor.py:208} INFO - Processing /home/airflow/.local/lib/python3.12/site-packages/airflow/example_dags/example_skip_dag.py took 0.176 seconds
[2025-02-01T07:53:43.224+0000] {processor.py:186} INFO - Started process (PID=2478) to work on /home/airflow/.local/lib/python3.12/site-packages/airflow/example_dags/example_skip_dag.py
[2025-02-01T07:53:43.230+0000] {processor.py:914} INFO - Processing file /home/airflow/.local/lib/python3.12/site-packages/airflow/example_dags/example_skip_dag.py for tasks to queue
[2025-02-01T07:53:43.235+0000] {logging_mixin.py:190} INFO - [2025-02-01T07:53:43.234+0000] {dagbag.py:588} INFO - Filling up the DagBag from /home/airflow/.local/lib/python3.12/site-packages/airflow/example_dags/example_skip_dag.py
[2025-02-01T07:53:43.253+0000] {processor.py:925} INFO - DAG(s) 'example_skip_dag' retrieved from /home/airflow/.local/lib/python3.12/site-packages/airflow/example_dags/example_skip_dag.py
[2025-02-01T07:53:43.296+0000] {logging_mixin.py:190} INFO - [2025-02-01T07:53:43.296+0000] {dag.py:3239} INFO - Sync 1 DAGs
[2025-02-01T07:53:43.344+0000] {logging_mixin.py:190} INFO - [2025-02-01T07:53:43.343+0000] {dag.py:4180} INFO - Setting next_dagrun for example_skip_dag to 2025-01-31 00:00:00+00:00, run_after=2025-02-01 00:00:00+00:00
[2025-02-01T07:53:43.380+0000] {processor.py:208} INFO - Processing /home/airflow/.local/lib/python3.12/site-packages/airflow/example_dags/example_skip_dag.py took 0.173 seconds
[2025-02-01T07:54:14.068+0000] {processor.py:186} INFO - Started process (PID=2542) to work on /home/airflow/.local/lib/python3.12/site-packages/airflow/example_dags/example_skip_dag.py
[2025-02-01T07:54:14.073+0000] {processor.py:914} INFO - Processing file /home/airflow/.local/lib/python3.12/site-packages/airflow/example_dags/example_skip_dag.py for tasks to queue
[2025-02-01T07:54:14.091+0000] {logging_mixin.py:190} INFO - [2025-02-01T07:54:14.090+0000] {dagbag.py:588} INFO - Filling up the DagBag from /home/airflow/.local/lib/python3.12/site-packages/airflow/example_dags/example_skip_dag.py
[2025-02-01T07:54:14.138+0000] {processor.py:925} INFO - DAG(s) 'example_skip_dag' retrieved from /home/airflow/.local/lib/python3.12/site-packages/airflow/example_dags/example_skip_dag.py
[2025-02-01T07:54:14.299+0000] {logging_mixin.py:190} INFO - [2025-02-01T07:54:14.298+0000] {dag.py:3239} INFO - Sync 1 DAGs
[2025-02-01T07:54:14.425+0000] {logging_mixin.py:190} INFO - [2025-02-01T07:54:14.425+0000] {dag.py:4180} INFO - Setting next_dagrun for example_skip_dag to 2025-01-31 00:00:00+00:00, run_after=2025-02-01 00:00:00+00:00
[2025-02-01T07:54:14.517+0000] {processor.py:208} INFO - Processing /home/airflow/.local/lib/python3.12/site-packages/airflow/example_dags/example_skip_dag.py took 0.488 seconds
[2025-02-01T07:54:44.925+0000] {processor.py:186} INFO - Started process (PID=2606) to work on /home/airflow/.local/lib/python3.12/site-packages/airflow/example_dags/example_skip_dag.py
[2025-02-01T07:54:44.927+0000] {processor.py:914} INFO - Processing file /home/airflow/.local/lib/python3.12/site-packages/airflow/example_dags/example_skip_dag.py for tasks to queue
[2025-02-01T07:54:44.931+0000] {logging_mixin.py:190} INFO - [2025-02-01T07:54:44.930+0000] {dagbag.py:588} INFO - Filling up the DagBag from /home/airflow/.local/lib/python3.12/site-packages/airflow/example_dags/example_skip_dag.py
[2025-02-01T07:54:44.944+0000] {processor.py:925} INFO - DAG(s) 'example_skip_dag' retrieved from /home/airflow/.local/lib/python3.12/site-packages/airflow/example_dags/example_skip_dag.py
[2025-02-01T07:54:44.974+0000] {logging_mixin.py:190} INFO - [2025-02-01T07:54:44.973+0000] {dag.py:3239} INFO - Sync 1 DAGs
[2025-02-01T07:54:45.009+0000] {logging_mixin.py:190} INFO - [2025-02-01T07:54:45.009+0000] {dag.py:4180} INFO - Setting next_dagrun for example_skip_dag to 2025-01-31 00:00:00+00:00, run_after=2025-02-01 00:00:00+00:00
[2025-02-01T07:54:45.039+0000] {processor.py:208} INFO - Processing /home/airflow/.local/lib/python3.12/site-packages/airflow/example_dags/example_skip_dag.py took 0.124 seconds
[2025-02-01T07:55:15.691+0000] {processor.py:186} INFO - Started process (PID=2670) to work on /home/airflow/.local/lib/python3.12/site-packages/airflow/example_dags/example_skip_dag.py
[2025-02-01T07:55:15.692+0000] {processor.py:914} INFO - Processing file /home/airflow/.local/lib/python3.12/site-packages/airflow/example_dags/example_skip_dag.py for tasks to queue
[2025-02-01T07:55:15.695+0000] {logging_mixin.py:190} INFO - [2025-02-01T07:55:15.695+0000] {dagbag.py:588} INFO - Filling up the DagBag from /home/airflow/.local/lib/python3.12/site-packages/airflow/example_dags/example_skip_dag.py
[2025-02-01T07:55:15.707+0000] {processor.py:925} INFO - DAG(s) 'example_skip_dag' retrieved from /home/airflow/.local/lib/python3.12/site-packages/airflow/example_dags/example_skip_dag.py
[2025-02-01T07:55:15.736+0000] {logging_mixin.py:190} INFO - [2025-02-01T07:55:15.735+0000] {dag.py:3239} INFO - Sync 1 DAGs
[2025-02-01T07:55:15.768+0000] {logging_mixin.py:190} INFO - [2025-02-01T07:55:15.768+0000] {dag.py:4180} INFO - Setting next_dagrun for example_skip_dag to 2025-01-31 00:00:00+00:00, run_after=2025-02-01 00:00:00+00:00
[2025-02-01T07:55:15.798+0000] {processor.py:208} INFO - Processing /home/airflow/.local/lib/python3.12/site-packages/airflow/example_dags/example_skip_dag.py took 0.115 seconds
[2025-02-01T07:55:45.939+0000] {processor.py:186} INFO - Started process (PID=2733) to work on /home/airflow/.local/lib/python3.12/site-packages/airflow/example_dags/example_skip_dag.py
[2025-02-01T07:55:45.940+0000] {processor.py:914} INFO - Processing file /home/airflow/.local/lib/python3.12/site-packages/airflow/example_dags/example_skip_dag.py for tasks to queue
[2025-02-01T07:55:45.944+0000] {logging_mixin.py:190} INFO - [2025-02-01T07:55:45.944+0000] {dagbag.py:588} INFO - Filling up the DagBag from /home/airflow/.local/lib/python3.12/site-packages/airflow/example_dags/example_skip_dag.py
[2025-02-01T07:55:45.956+0000] {processor.py:925} INFO - DAG(s) 'example_skip_dag' retrieved from /home/airflow/.local/lib/python3.12/site-packages/airflow/example_dags/example_skip_dag.py
[2025-02-01T07:55:45.989+0000] {logging_mixin.py:190} INFO - [2025-02-01T07:55:45.989+0000] {dag.py:3239} INFO - Sync 1 DAGs
[2025-02-01T07:55:46.024+0000] {logging_mixin.py:190} INFO - [2025-02-01T07:55:46.024+0000] {dag.py:4180} INFO - Setting next_dagrun for example_skip_dag to 2025-01-31 00:00:00+00:00, run_after=2025-02-01 00:00:00+00:00
[2025-02-01T07:55:46.053+0000] {processor.py:208} INFO - Processing /home/airflow/.local/lib/python3.12/site-packages/airflow/example_dags/example_skip_dag.py took 0.124 seconds
[2025-02-01T07:56:16.204+0000] {processor.py:186} INFO - Started process (PID=2797) to work on /home/airflow/.local/lib/python3.12/site-packages/airflow/example_dags/example_skip_dag.py
[2025-02-01T07:56:16.206+0000] {processor.py:914} INFO - Processing file /home/airflow/.local/lib/python3.12/site-packages/airflow/example_dags/example_skip_dag.py for tasks to queue
[2025-02-01T07:56:16.209+0000] {logging_mixin.py:190} INFO - [2025-02-01T07:56:16.209+0000] {dagbag.py:588} INFO - Filling up the DagBag from /home/airflow/.local/lib/python3.12/site-packages/airflow/example_dags/example_skip_dag.py
[2025-02-01T07:56:16.222+0000] {processor.py:925} INFO - DAG(s) 'example_skip_dag' retrieved from /home/airflow/.local/lib/python3.12/site-packages/airflow/example_dags/example_skip_dag.py
[2025-02-01T07:56:16.253+0000] {logging_mixin.py:190} INFO - [2025-02-01T07:56:16.253+0000] {dag.py:3239} INFO - Sync 1 DAGs
[2025-02-01T07:56:16.294+0000] {logging_mixin.py:190} INFO - [2025-02-01T07:56:16.294+0000] {dag.py:4180} INFO - Setting next_dagrun for example_skip_dag to 2025-01-31 00:00:00+00:00, run_after=2025-02-01 00:00:00+00:00
[2025-02-01T07:56:16.325+0000] {processor.py:208} INFO - Processing /home/airflow/.local/lib/python3.12/site-packages/airflow/example_dags/example_skip_dag.py took 0.129 seconds
[2025-02-01T07:56:46.725+0000] {processor.py:186} INFO - Started process (PID=2861) to work on /home/airflow/.local/lib/python3.12/site-packages/airflow/example_dags/example_skip_dag.py
[2025-02-01T07:56:46.727+0000] {processor.py:914} INFO - Processing file /home/airflow/.local/lib/python3.12/site-packages/airflow/example_dags/example_skip_dag.py for tasks to queue
[2025-02-01T07:56:46.731+0000] {logging_mixin.py:190} INFO - [2025-02-01T07:56:46.730+0000] {dagbag.py:588} INFO - Filling up the DagBag from /home/airflow/.local/lib/python3.12/site-packages/airflow/example_dags/example_skip_dag.py
[2025-02-01T07:56:46.748+0000] {processor.py:925} INFO - DAG(s) 'example_skip_dag' retrieved from /home/airflow/.local/lib/python3.12/site-packages/airflow/example_dags/example_skip_dag.py
[2025-02-01T07:56:46.780+0000] {logging_mixin.py:190} INFO - [2025-02-01T07:56:46.780+0000] {dag.py:3239} INFO - Sync 1 DAGs
[2025-02-01T07:56:46.820+0000] {logging_mixin.py:190} INFO - [2025-02-01T07:56:46.819+0000] {dag.py:4180} INFO - Setting next_dagrun for example_skip_dag to 2025-01-31 00:00:00+00:00, run_after=2025-02-01 00:00:00+00:00
[2025-02-01T07:56:46.861+0000] {processor.py:208} INFO - Processing /home/airflow/.local/lib/python3.12/site-packages/airflow/example_dags/example_skip_dag.py took 0.145 seconds
[2025-02-01T07:57:17.017+0000] {processor.py:186} INFO - Started process (PID=2925) to work on /home/airflow/.local/lib/python3.12/site-packages/airflow/example_dags/example_skip_dag.py
[2025-02-01T07:57:17.019+0000] {processor.py:914} INFO - Processing file /home/airflow/.local/lib/python3.12/site-packages/airflow/example_dags/example_skip_dag.py for tasks to queue
[2025-02-01T07:57:17.023+0000] {logging_mixin.py:190} INFO - [2025-02-01T07:57:17.022+0000] {dagbag.py:588} INFO - Filling up the DagBag from /home/airflow/.local/lib/python3.12/site-packages/airflow/example_dags/example_skip_dag.py
[2025-02-01T07:57:17.040+0000] {processor.py:925} INFO - DAG(s) 'example_skip_dag' retrieved from /home/airflow/.local/lib/python3.12/site-packages/airflow/example_dags/example_skip_dag.py
[2025-02-01T07:57:17.073+0000] {logging_mixin.py:190} INFO - [2025-02-01T07:57:17.073+0000] {dag.py:3239} INFO - Sync 1 DAGs
[2025-02-01T07:57:17.116+0000] {logging_mixin.py:190} INFO - [2025-02-01T07:57:17.116+0000] {dag.py:4180} INFO - Setting next_dagrun for example_skip_dag to 2025-01-31 00:00:00+00:00, run_after=2025-02-01 00:00:00+00:00
[2025-02-01T07:57:17.145+0000] {processor.py:208} INFO - Processing /home/airflow/.local/lib/python3.12/site-packages/airflow/example_dags/example_skip_dag.py took 0.138 seconds
[2025-02-01T07:57:47.468+0000] {processor.py:186} INFO - Started process (PID=2995) to work on /home/airflow/.local/lib/python3.12/site-packages/airflow/example_dags/example_skip_dag.py
[2025-02-01T07:57:47.470+0000] {processor.py:914} INFO - Processing file /home/airflow/.local/lib/python3.12/site-packages/airflow/example_dags/example_skip_dag.py for tasks to queue
[2025-02-01T07:57:47.474+0000] {logging_mixin.py:190} INFO - [2025-02-01T07:57:47.473+0000] {dagbag.py:588} INFO - Filling up the DagBag from /home/airflow/.local/lib/python3.12/site-packages/airflow/example_dags/example_skip_dag.py
[2025-02-01T07:57:47.490+0000] {processor.py:925} INFO - DAG(s) 'example_skip_dag' retrieved from /home/airflow/.local/lib/python3.12/site-packages/airflow/example_dags/example_skip_dag.py
[2025-02-01T07:57:47.527+0000] {logging_mixin.py:190} INFO - [2025-02-01T07:57:47.526+0000] {dag.py:3239} INFO - Sync 1 DAGs
[2025-02-01T07:57:47.568+0000] {logging_mixin.py:190} INFO - [2025-02-01T07:57:47.567+0000] {dag.py:4180} INFO - Setting next_dagrun for example_skip_dag to 2025-01-31 00:00:00+00:00, run_after=2025-02-01 00:00:00+00:00
[2025-02-01T07:57:47.600+0000] {processor.py:208} INFO - Processing /home/airflow/.local/lib/python3.12/site-packages/airflow/example_dags/example_skip_dag.py took 0.143 seconds
[2025-02-01T07:58:18.437+0000] {processor.py:186} INFO - Started process (PID=3059) to work on /home/airflow/.local/lib/python3.12/site-packages/airflow/example_dags/example_skip_dag.py
[2025-02-01T07:58:18.439+0000] {processor.py:914} INFO - Processing file /home/airflow/.local/lib/python3.12/site-packages/airflow/example_dags/example_skip_dag.py for tasks to queue
[2025-02-01T07:58:18.442+0000] {logging_mixin.py:190} INFO - [2025-02-01T07:58:18.442+0000] {dagbag.py:588} INFO - Filling up the DagBag from /home/airflow/.local/lib/python3.12/site-packages/airflow/example_dags/example_skip_dag.py
[2025-02-01T07:58:18.453+0000] {processor.py:925} INFO - DAG(s) 'example_skip_dag' retrieved from /home/airflow/.local/lib/python3.12/site-packages/airflow/example_dags/example_skip_dag.py
[2025-02-01T07:58:18.485+0000] {logging_mixin.py:190} INFO - [2025-02-01T07:58:18.485+0000] {dag.py:3239} INFO - Sync 1 DAGs
[2025-02-01T07:58:18.526+0000] {logging_mixin.py:190} INFO - [2025-02-01T07:58:18.526+0000] {dag.py:4180} INFO - Setting next_dagrun for example_skip_dag to 2025-01-31 00:00:00+00:00, run_after=2025-02-01 00:00:00+00:00
[2025-02-01T07:58:18.554+0000] {processor.py:208} INFO - Processing /home/airflow/.local/lib/python3.12/site-packages/airflow/example_dags/example_skip_dag.py took 0.127 seconds
[2025-02-01T07:58:49.024+0000] {processor.py:186} INFO - Started process (PID=3123) to work on /home/airflow/.local/lib/python3.12/site-packages/airflow/example_dags/example_skip_dag.py
[2025-02-01T07:58:49.026+0000] {processor.py:914} INFO - Processing file /home/airflow/.local/lib/python3.12/site-packages/airflow/example_dags/example_skip_dag.py for tasks to queue
[2025-02-01T07:58:49.032+0000] {logging_mixin.py:190} INFO - [2025-02-01T07:58:49.031+0000] {dagbag.py:588} INFO - Filling up the DagBag from /home/airflow/.local/lib/python3.12/site-packages/airflow/example_dags/example_skip_dag.py
[2025-02-01T07:58:49.050+0000] {processor.py:925} INFO - DAG(s) 'example_skip_dag' retrieved from /home/airflow/.local/lib/python3.12/site-packages/airflow/example_dags/example_skip_dag.py
[2025-02-01T07:58:49.091+0000] {logging_mixin.py:190} INFO - [2025-02-01T07:58:49.091+0000] {dag.py:3239} INFO - Sync 1 DAGs
[2025-02-01T07:58:49.136+0000] {logging_mixin.py:190} INFO - [2025-02-01T07:58:49.136+0000] {dag.py:4180} INFO - Setting next_dagrun for example_skip_dag to 2025-01-31 00:00:00+00:00, run_after=2025-02-01 00:00:00+00:00
[2025-02-01T07:58:49.174+0000] {processor.py:208} INFO - Processing /home/airflow/.local/lib/python3.12/site-packages/airflow/example_dags/example_skip_dag.py took 0.162 seconds
[2025-02-01T07:59:20.533+0000] {processor.py:186} INFO - Started process (PID=3187) to work on /home/airflow/.local/lib/python3.12/site-packages/airflow/example_dags/example_skip_dag.py
[2025-02-01T07:59:20.537+0000] {processor.py:914} INFO - Processing file /home/airflow/.local/lib/python3.12/site-packages/airflow/example_dags/example_skip_dag.py for tasks to queue
[2025-02-01T07:59:20.544+0000] {logging_mixin.py:190} INFO - [2025-02-01T07:59:20.543+0000] {dagbag.py:588} INFO - Filling up the DagBag from /home/airflow/.local/lib/python3.12/site-packages/airflow/example_dags/example_skip_dag.py
[2025-02-01T07:59:20.571+0000] {processor.py:925} INFO - DAG(s) 'example_skip_dag' retrieved from /home/airflow/.local/lib/python3.12/site-packages/airflow/example_dags/example_skip_dag.py
[2025-02-01T07:59:20.673+0000] {logging_mixin.py:190} INFO - [2025-02-01T07:59:20.672+0000] {dag.py:3239} INFO - Sync 1 DAGs
[2025-02-01T07:59:21.434+0000] {logging_mixin.py:190} INFO - [2025-02-01T07:59:21.433+0000] {dag.py:4180} INFO - Setting next_dagrun for example_skip_dag to 2025-01-31 00:00:00+00:00, run_after=2025-02-01 00:00:00+00:00
[2025-02-01T07:59:21.488+0000] {processor.py:208} INFO - Processing /home/airflow/.local/lib/python3.12/site-packages/airflow/example_dags/example_skip_dag.py took 0.976 seconds
[2025-02-01T07:59:51.737+0000] {processor.py:186} INFO - Started process (PID=3251) to work on /home/airflow/.local/lib/python3.12/site-packages/airflow/example_dags/example_skip_dag.py
[2025-02-01T07:59:51.739+0000] {processor.py:914} INFO - Processing file /home/airflow/.local/lib/python3.12/site-packages/airflow/example_dags/example_skip_dag.py for tasks to queue
[2025-02-01T07:59:51.745+0000] {logging_mixin.py:190} INFO - [2025-02-01T07:59:51.744+0000] {dagbag.py:588} INFO - Filling up the DagBag from /home/airflow/.local/lib/python3.12/site-packages/airflow/example_dags/example_skip_dag.py
[2025-02-01T07:59:51.758+0000] {processor.py:925} INFO - DAG(s) 'example_skip_dag' retrieved from /home/airflow/.local/lib/python3.12/site-packages/airflow/example_dags/example_skip_dag.py
[2025-02-01T07:59:51.803+0000] {logging_mixin.py:190} INFO - [2025-02-01T07:59:51.803+0000] {dag.py:3239} INFO - Sync 1 DAGs
[2025-02-01T07:59:51.844+0000] {logging_mixin.py:190} INFO - [2025-02-01T07:59:51.844+0000] {dag.py:4180} INFO - Setting next_dagrun for example_skip_dag to 2025-01-31 00:00:00+00:00, run_after=2025-02-01 00:00:00+00:00
[2025-02-01T07:59:52.147+0000] {processor.py:208} INFO - Processing /home/airflow/.local/lib/python3.12/site-packages/airflow/example_dags/example_skip_dag.py took 0.420 seconds
