[2025-02-01T07:34:36.585+0000] {processor.py:186} INFO - Started process (PID=106) to work on /home/airflow/.local/lib/python3.12/site-packages/airflow/example_dags/example_python_operator.py
[2025-02-01T07:34:36.588+0000] {processor.py:914} INFO - Processing file /home/airflow/.local/lib/python3.12/site-packages/airflow/example_dags/example_python_operator.py for tasks to queue
[2025-02-01T07:34:36.594+0000] {logging_mixin.py:190} INFO - [2025-02-01T07:34:36.593+0000] {dagbag.py:588} INFO - Filling up the DagBag from /home/airflow/.local/lib/python3.12/site-packages/airflow/example_dags/example_python_operator.py
[2025-02-01T07:34:36.636+0000] {processor.py:925} INFO - DAG(s) 'example_python_operator' retrieved from /home/airflow/.local/lib/python3.12/site-packages/airflow/example_dags/example_python_operator.py
[2025-02-01T07:34:36.933+0000] {logging_mixin.py:190} INFO - [2025-02-01T07:34:36.932+0000] {override.py:1911} INFO - Created Permission View: can edit on DAG:example_python_operator
[2025-02-01T07:34:36.954+0000] {logging_mixin.py:190} INFO - [2025-02-01T07:34:36.954+0000] {override.py:1911} INFO - Created Permission View: can delete on DAG:example_python_operator
[2025-02-01T07:34:36.969+0000] {logging_mixin.py:190} INFO - [2025-02-01T07:34:36.968+0000] {override.py:1911} INFO - Created Permission View: can read on DAG:example_python_operator
[2025-02-01T07:34:36.987+0000] {logging_mixin.py:190} INFO - [2025-02-01T07:34:36.987+0000] {override.py:1911} INFO - Created Permission View: can create on DAG Run:example_python_operator
[2025-02-01T07:34:36.999+0000] {logging_mixin.py:190} INFO - [2025-02-01T07:34:36.998+0000] {override.py:1911} INFO - Created Permission View: can delete on DAG Run:example_python_operator
[2025-02-01T07:34:37.013+0000] {logging_mixin.py:190} INFO - [2025-02-01T07:34:37.012+0000] {override.py:1911} INFO - Created Permission View: menu access on DAG Run:example_python_operator
[2025-02-01T07:34:37.025+0000] {logging_mixin.py:190} INFO - [2025-02-01T07:34:37.024+0000] {override.py:1911} INFO - Created Permission View: can read on DAG Run:example_python_operator
[2025-02-01T07:34:37.026+0000] {logging_mixin.py:190} INFO - [2025-02-01T07:34:37.026+0000] {dag.py:3239} INFO - Sync 1 DAGs
[2025-02-01T07:34:37.058+0000] {logging_mixin.py:190} INFO - [2025-02-01T07:34:37.058+0000] {dag.py:3262} INFO - Creating ORM DAG for example_python_operator
[2025-02-01T07:34:37.060+0000] {logging_mixin.py:190} INFO - [2025-02-01T07:34:37.059+0000] {dag.py:4180} INFO - Setting next_dagrun for example_python_operator to None, run_after=None
[2025-02-01T07:34:37.096+0000] {processor.py:208} INFO - Processing /home/airflow/.local/lib/python3.12/site-packages/airflow/example_dags/example_python_operator.py took 0.523 seconds
[2025-02-01T07:35:08.713+0000] {processor.py:186} INFO - Started process (PID=169) to work on /home/airflow/.local/lib/python3.12/site-packages/airflow/example_dags/example_python_operator.py
[2025-02-01T07:35:08.716+0000] {processor.py:914} INFO - Processing file /home/airflow/.local/lib/python3.12/site-packages/airflow/example_dags/example_python_operator.py for tasks to queue
[2025-02-01T07:35:08.730+0000] {logging_mixin.py:190} INFO - [2025-02-01T07:35:08.729+0000] {dagbag.py:588} INFO - Filling up the DagBag from /home/airflow/.local/lib/python3.12/site-packages/airflow/example_dags/example_python_operator.py
[2025-02-01T07:35:08.780+0000] {processor.py:925} INFO - DAG(s) 'example_python_operator' retrieved from /home/airflow/.local/lib/python3.12/site-packages/airflow/example_dags/example_python_operator.py
[2025-02-01T07:35:08.925+0000] {logging_mixin.py:190} INFO - [2025-02-01T07:35:08.925+0000] {dag.py:3239} INFO - Sync 1 DAGs
[2025-02-01T07:35:09.072+0000] {logging_mixin.py:190} INFO - [2025-02-01T07:35:09.072+0000] {dag.py:4180} INFO - Setting next_dagrun for example_python_operator to None, run_after=None
[2025-02-01T07:35:09.169+0000] {processor.py:208} INFO - Processing /home/airflow/.local/lib/python3.12/site-packages/airflow/example_dags/example_python_operator.py took 0.497 seconds
[2025-02-01T07:35:41.464+0000] {processor.py:186} INFO - Started process (PID=232) to work on /home/airflow/.local/lib/python3.12/site-packages/airflow/example_dags/example_python_operator.py
[2025-02-01T07:35:41.468+0000] {processor.py:914} INFO - Processing file /home/airflow/.local/lib/python3.12/site-packages/airflow/example_dags/example_python_operator.py for tasks to queue
[2025-02-01T07:35:41.473+0000] {logging_mixin.py:190} INFO - [2025-02-01T07:35:41.472+0000] {dagbag.py:588} INFO - Filling up the DagBag from /home/airflow/.local/lib/python3.12/site-packages/airflow/example_dags/example_python_operator.py
[2025-02-01T07:35:41.503+0000] {processor.py:925} INFO - DAG(s) 'example_python_operator' retrieved from /home/airflow/.local/lib/python3.12/site-packages/airflow/example_dags/example_python_operator.py
[2025-02-01T07:35:41.583+0000] {logging_mixin.py:190} INFO - [2025-02-01T07:35:41.583+0000] {dag.py:3239} INFO - Sync 1 DAGs
[2025-02-01T07:35:41.639+0000] {logging_mixin.py:190} INFO - [2025-02-01T07:35:41.639+0000] {dag.py:4180} INFO - Setting next_dagrun for example_python_operator to None, run_after=None
[2025-02-01T07:35:41.731+0000] {processor.py:208} INFO - Processing /home/airflow/.local/lib/python3.12/site-packages/airflow/example_dags/example_python_operator.py took 0.288 seconds
[2025-02-01T07:36:12.035+0000] {processor.py:186} INFO - Started process (PID=295) to work on /home/airflow/.local/lib/python3.12/site-packages/airflow/example_dags/example_python_operator.py
[2025-02-01T07:36:12.037+0000] {processor.py:914} INFO - Processing file /home/airflow/.local/lib/python3.12/site-packages/airflow/example_dags/example_python_operator.py for tasks to queue
[2025-02-01T07:36:12.041+0000] {logging_mixin.py:190} INFO - [2025-02-01T07:36:12.041+0000] {dagbag.py:588} INFO - Filling up the DagBag from /home/airflow/.local/lib/python3.12/site-packages/airflow/example_dags/example_python_operator.py
[2025-02-01T07:36:12.060+0000] {processor.py:925} INFO - DAG(s) 'example_python_operator' retrieved from /home/airflow/.local/lib/python3.12/site-packages/airflow/example_dags/example_python_operator.py
[2025-02-01T07:36:12.088+0000] {logging_mixin.py:190} INFO - [2025-02-01T07:36:12.088+0000] {dag.py:3239} INFO - Sync 1 DAGs
[2025-02-01T07:36:12.116+0000] {logging_mixin.py:190} INFO - [2025-02-01T07:36:12.115+0000] {dag.py:4180} INFO - Setting next_dagrun for example_python_operator to None, run_after=None
[2025-02-01T07:36:12.145+0000] {processor.py:208} INFO - Processing /home/airflow/.local/lib/python3.12/site-packages/airflow/example_dags/example_python_operator.py took 0.118 seconds
[2025-02-01T07:36:42.940+0000] {processor.py:186} INFO - Started process (PID=357) to work on /home/airflow/.local/lib/python3.12/site-packages/airflow/example_dags/example_python_operator.py
[2025-02-01T07:36:42.942+0000] {processor.py:914} INFO - Processing file /home/airflow/.local/lib/python3.12/site-packages/airflow/example_dags/example_python_operator.py for tasks to queue
[2025-02-01T07:36:42.946+0000] {logging_mixin.py:190} INFO - [2025-02-01T07:36:42.945+0000] {dagbag.py:588} INFO - Filling up the DagBag from /home/airflow/.local/lib/python3.12/site-packages/airflow/example_dags/example_python_operator.py
[2025-02-01T07:36:42.964+0000] {processor.py:925} INFO - DAG(s) 'example_python_operator' retrieved from /home/airflow/.local/lib/python3.12/site-packages/airflow/example_dags/example_python_operator.py
[2025-02-01T07:36:42.990+0000] {logging_mixin.py:190} INFO - [2025-02-01T07:36:42.990+0000] {dag.py:3239} INFO - Sync 1 DAGs
[2025-02-01T07:36:43.006+0000] {logging_mixin.py:190} INFO - [2025-02-01T07:36:43.005+0000] {dag.py:4180} INFO - Setting next_dagrun for example_python_operator to None, run_after=None
[2025-02-01T07:36:43.030+0000] {processor.py:208} INFO - Processing /home/airflow/.local/lib/python3.12/site-packages/airflow/example_dags/example_python_operator.py took 0.098 seconds
[2025-02-01T07:37:13.158+0000] {processor.py:186} INFO - Started process (PID=420) to work on /home/airflow/.local/lib/python3.12/site-packages/airflow/example_dags/example_python_operator.py
[2025-02-01T07:37:13.159+0000] {processor.py:914} INFO - Processing file /home/airflow/.local/lib/python3.12/site-packages/airflow/example_dags/example_python_operator.py for tasks to queue
[2025-02-01T07:37:13.162+0000] {logging_mixin.py:190} INFO - [2025-02-01T07:37:13.161+0000] {dagbag.py:588} INFO - Filling up the DagBag from /home/airflow/.local/lib/python3.12/site-packages/airflow/example_dags/example_python_operator.py
[2025-02-01T07:37:13.175+0000] {processor.py:925} INFO - DAG(s) 'example_python_operator' retrieved from /home/airflow/.local/lib/python3.12/site-packages/airflow/example_dags/example_python_operator.py
[2025-02-01T07:37:13.202+0000] {logging_mixin.py:190} INFO - [2025-02-01T07:37:13.201+0000] {dag.py:3239} INFO - Sync 1 DAGs
[2025-02-01T07:37:13.216+0000] {logging_mixin.py:190} INFO - [2025-02-01T07:37:13.216+0000] {dag.py:4180} INFO - Setting next_dagrun for example_python_operator to None, run_after=None
[2025-02-01T07:37:13.239+0000] {processor.py:208} INFO - Processing /home/airflow/.local/lib/python3.12/site-packages/airflow/example_dags/example_python_operator.py took 0.087 seconds
[2025-02-01T07:37:43.900+0000] {processor.py:186} INFO - Started process (PID=483) to work on /home/airflow/.local/lib/python3.12/site-packages/airflow/example_dags/example_python_operator.py
[2025-02-01T07:37:43.902+0000] {processor.py:914} INFO - Processing file /home/airflow/.local/lib/python3.12/site-packages/airflow/example_dags/example_python_operator.py for tasks to queue
[2025-02-01T07:37:43.905+0000] {logging_mixin.py:190} INFO - [2025-02-01T07:37:43.904+0000] {dagbag.py:588} INFO - Filling up the DagBag from /home/airflow/.local/lib/python3.12/site-packages/airflow/example_dags/example_python_operator.py
[2025-02-01T07:37:43.918+0000] {processor.py:925} INFO - DAG(s) 'example_python_operator' retrieved from /home/airflow/.local/lib/python3.12/site-packages/airflow/example_dags/example_python_operator.py
[2025-02-01T07:37:43.943+0000] {logging_mixin.py:190} INFO - [2025-02-01T07:37:43.943+0000] {dag.py:3239} INFO - Sync 1 DAGs
[2025-02-01T07:37:43.957+0000] {logging_mixin.py:190} INFO - [2025-02-01T07:37:43.956+0000] {dag.py:4180} INFO - Setting next_dagrun for example_python_operator to None, run_after=None
[2025-02-01T07:37:43.978+0000] {processor.py:208} INFO - Processing /home/airflow/.local/lib/python3.12/site-packages/airflow/example_dags/example_python_operator.py took 0.085 seconds
[2025-02-01T07:38:14.339+0000] {processor.py:186} INFO - Started process (PID=546) to work on /home/airflow/.local/lib/python3.12/site-packages/airflow/example_dags/example_python_operator.py
[2025-02-01T07:38:14.341+0000] {processor.py:914} INFO - Processing file /home/airflow/.local/lib/python3.12/site-packages/airflow/example_dags/example_python_operator.py for tasks to queue
[2025-02-01T07:38:14.347+0000] {logging_mixin.py:190} INFO - [2025-02-01T07:38:14.346+0000] {dagbag.py:588} INFO - Filling up the DagBag from /home/airflow/.local/lib/python3.12/site-packages/airflow/example_dags/example_python_operator.py
[2025-02-01T07:38:14.376+0000] {processor.py:925} INFO - DAG(s) 'example_python_operator' retrieved from /home/airflow/.local/lib/python3.12/site-packages/airflow/example_dags/example_python_operator.py
[2025-02-01T07:38:14.416+0000] {logging_mixin.py:190} INFO - [2025-02-01T07:38:14.415+0000] {dag.py:3239} INFO - Sync 1 DAGs
[2025-02-01T07:38:14.444+0000] {logging_mixin.py:190} INFO - [2025-02-01T07:38:14.444+0000] {dag.py:4180} INFO - Setting next_dagrun for example_python_operator to None, run_after=None
[2025-02-01T07:38:14.488+0000] {processor.py:208} INFO - Processing /home/airflow/.local/lib/python3.12/site-packages/airflow/example_dags/example_python_operator.py took 0.168 seconds
[2025-02-01T07:38:44.785+0000] {processor.py:186} INFO - Started process (PID=609) to work on /home/airflow/.local/lib/python3.12/site-packages/airflow/example_dags/example_python_operator.py
[2025-02-01T07:38:44.788+0000] {processor.py:914} INFO - Processing file /home/airflow/.local/lib/python3.12/site-packages/airflow/example_dags/example_python_operator.py for tasks to queue
[2025-02-01T07:38:44.792+0000] {logging_mixin.py:190} INFO - [2025-02-01T07:38:44.791+0000] {dagbag.py:588} INFO - Filling up the DagBag from /home/airflow/.local/lib/python3.12/site-packages/airflow/example_dags/example_python_operator.py
[2025-02-01T07:38:44.816+0000] {processor.py:925} INFO - DAG(s) 'example_python_operator' retrieved from /home/airflow/.local/lib/python3.12/site-packages/airflow/example_dags/example_python_operator.py
[2025-02-01T07:38:44.862+0000] {logging_mixin.py:190} INFO - [2025-02-01T07:38:44.862+0000] {dag.py:3239} INFO - Sync 1 DAGs
[2025-02-01T07:38:44.893+0000] {logging_mixin.py:190} INFO - [2025-02-01T07:38:44.892+0000] {dag.py:4180} INFO - Setting next_dagrun for example_python_operator to None, run_after=None
[2025-02-01T07:38:44.936+0000] {processor.py:208} INFO - Processing /home/airflow/.local/lib/python3.12/site-packages/airflow/example_dags/example_python_operator.py took 0.164 seconds
[2025-02-01T07:39:15.143+0000] {processor.py:186} INFO - Started process (PID=672) to work on /home/airflow/.local/lib/python3.12/site-packages/airflow/example_dags/example_python_operator.py
[2025-02-01T07:39:15.145+0000] {processor.py:914} INFO - Processing file /home/airflow/.local/lib/python3.12/site-packages/airflow/example_dags/example_python_operator.py for tasks to queue
[2025-02-01T07:39:15.150+0000] {logging_mixin.py:190} INFO - [2025-02-01T07:39:15.149+0000] {dagbag.py:588} INFO - Filling up the DagBag from /home/airflow/.local/lib/python3.12/site-packages/airflow/example_dags/example_python_operator.py
[2025-02-01T07:39:15.182+0000] {processor.py:925} INFO - DAG(s) 'example_python_operator' retrieved from /home/airflow/.local/lib/python3.12/site-packages/airflow/example_dags/example_python_operator.py
[2025-02-01T07:39:15.230+0000] {logging_mixin.py:190} INFO - [2025-02-01T07:39:15.230+0000] {dag.py:3239} INFO - Sync 1 DAGs
[2025-02-01T07:39:15.259+0000] {logging_mixin.py:190} INFO - [2025-02-01T07:39:15.258+0000] {dag.py:4180} INFO - Setting next_dagrun for example_python_operator to None, run_after=None
[2025-02-01T07:39:15.305+0000] {processor.py:208} INFO - Processing /home/airflow/.local/lib/python3.12/site-packages/airflow/example_dags/example_python_operator.py took 0.175 seconds
[2025-02-01T07:39:45.856+0000] {processor.py:186} INFO - Started process (PID=741) to work on /home/airflow/.local/lib/python3.12/site-packages/airflow/example_dags/example_python_operator.py
[2025-02-01T07:39:45.858+0000] {processor.py:914} INFO - Processing file /home/airflow/.local/lib/python3.12/site-packages/airflow/example_dags/example_python_operator.py for tasks to queue
[2025-02-01T07:39:45.860+0000] {logging_mixin.py:190} INFO - [2025-02-01T07:39:45.860+0000] {dagbag.py:588} INFO - Filling up the DagBag from /home/airflow/.local/lib/python3.12/site-packages/airflow/example_dags/example_python_operator.py
[2025-02-01T07:39:45.875+0000] {processor.py:925} INFO - DAG(s) 'example_python_operator' retrieved from /home/airflow/.local/lib/python3.12/site-packages/airflow/example_dags/example_python_operator.py
[2025-02-01T07:39:45.900+0000] {logging_mixin.py:190} INFO - [2025-02-01T07:39:45.900+0000] {dag.py:3239} INFO - Sync 1 DAGs
[2025-02-01T07:39:45.916+0000] {logging_mixin.py:190} INFO - [2025-02-01T07:39:45.916+0000] {dag.py:4180} INFO - Setting next_dagrun for example_python_operator to None, run_after=None
[2025-02-01T07:39:45.942+0000] {processor.py:208} INFO - Processing /home/airflow/.local/lib/python3.12/site-packages/airflow/example_dags/example_python_operator.py took 0.092 seconds
[2025-02-01T07:40:16.507+0000] {processor.py:186} INFO - Started process (PID=804) to work on /home/airflow/.local/lib/python3.12/site-packages/airflow/example_dags/example_python_operator.py
[2025-02-01T07:40:16.509+0000] {processor.py:914} INFO - Processing file /home/airflow/.local/lib/python3.12/site-packages/airflow/example_dags/example_python_operator.py for tasks to queue
[2025-02-01T07:40:16.513+0000] {logging_mixin.py:190} INFO - [2025-02-01T07:40:16.512+0000] {dagbag.py:588} INFO - Filling up the DagBag from /home/airflow/.local/lib/python3.12/site-packages/airflow/example_dags/example_python_operator.py
[2025-02-01T07:40:16.531+0000] {processor.py:925} INFO - DAG(s) 'example_python_operator' retrieved from /home/airflow/.local/lib/python3.12/site-packages/airflow/example_dags/example_python_operator.py
[2025-02-01T07:40:16.564+0000] {logging_mixin.py:190} INFO - [2025-02-01T07:40:16.564+0000] {dag.py:3239} INFO - Sync 1 DAGs
[2025-02-01T07:40:16.591+0000] {logging_mixin.py:190} INFO - [2025-02-01T07:40:16.591+0000] {dag.py:4180} INFO - Setting next_dagrun for example_python_operator to None, run_after=None
[2025-02-01T07:40:16.625+0000] {processor.py:208} INFO - Processing /home/airflow/.local/lib/python3.12/site-packages/airflow/example_dags/example_python_operator.py took 0.129 seconds
[2025-02-01T07:40:47.107+0000] {processor.py:186} INFO - Started process (PID=867) to work on /home/airflow/.local/lib/python3.12/site-packages/airflow/example_dags/example_python_operator.py
[2025-02-01T07:40:47.108+0000] {processor.py:914} INFO - Processing file /home/airflow/.local/lib/python3.12/site-packages/airflow/example_dags/example_python_operator.py for tasks to queue
[2025-02-01T07:40:47.113+0000] {logging_mixin.py:190} INFO - [2025-02-01T07:40:47.112+0000] {dagbag.py:588} INFO - Filling up the DagBag from /home/airflow/.local/lib/python3.12/site-packages/airflow/example_dags/example_python_operator.py
[2025-02-01T07:40:47.138+0000] {processor.py:925} INFO - DAG(s) 'example_python_operator' retrieved from /home/airflow/.local/lib/python3.12/site-packages/airflow/example_dags/example_python_operator.py
[2025-02-01T07:40:47.184+0000] {logging_mixin.py:190} INFO - [2025-02-01T07:40:47.184+0000] {dag.py:3239} INFO - Sync 1 DAGs
[2025-02-01T07:40:47.215+0000] {logging_mixin.py:190} INFO - [2025-02-01T07:40:47.215+0000] {dag.py:4180} INFO - Setting next_dagrun for example_python_operator to None, run_after=None
[2025-02-01T07:40:47.259+0000] {processor.py:208} INFO - Processing /home/airflow/.local/lib/python3.12/site-packages/airflow/example_dags/example_python_operator.py took 0.164 seconds
[2025-02-01T07:41:18.063+0000] {processor.py:186} INFO - Started process (PID=929) to work on /home/airflow/.local/lib/python3.12/site-packages/airflow/example_dags/example_python_operator.py
[2025-02-01T07:41:18.065+0000] {processor.py:914} INFO - Processing file /home/airflow/.local/lib/python3.12/site-packages/airflow/example_dags/example_python_operator.py for tasks to queue
[2025-02-01T07:41:18.069+0000] {logging_mixin.py:190} INFO - [2025-02-01T07:41:18.068+0000] {dagbag.py:588} INFO - Filling up the DagBag from /home/airflow/.local/lib/python3.12/site-packages/airflow/example_dags/example_python_operator.py
[2025-02-01T07:41:18.092+0000] {processor.py:925} INFO - DAG(s) 'example_python_operator' retrieved from /home/airflow/.local/lib/python3.12/site-packages/airflow/example_dags/example_python_operator.py
[2025-02-01T07:41:18.128+0000] {logging_mixin.py:190} INFO - [2025-02-01T07:41:18.128+0000] {dag.py:3239} INFO - Sync 1 DAGs
[2025-02-01T07:41:18.154+0000] {logging_mixin.py:190} INFO - [2025-02-01T07:41:18.153+0000] {dag.py:4180} INFO - Setting next_dagrun for example_python_operator to None, run_after=None
[2025-02-01T07:41:18.195+0000] {processor.py:208} INFO - Processing /home/airflow/.local/lib/python3.12/site-packages/airflow/example_dags/example_python_operator.py took 0.142 seconds
[2025-02-01T07:41:48.391+0000] {processor.py:186} INFO - Started process (PID=992) to work on /home/airflow/.local/lib/python3.12/site-packages/airflow/example_dags/example_python_operator.py
[2025-02-01T07:41:48.393+0000] {processor.py:914} INFO - Processing file /home/airflow/.local/lib/python3.12/site-packages/airflow/example_dags/example_python_operator.py for tasks to queue
[2025-02-01T07:41:48.395+0000] {logging_mixin.py:190} INFO - [2025-02-01T07:41:48.395+0000] {dagbag.py:588} INFO - Filling up the DagBag from /home/airflow/.local/lib/python3.12/site-packages/airflow/example_dags/example_python_operator.py
[2025-02-01T07:41:48.407+0000] {processor.py:925} INFO - DAG(s) 'example_python_operator' retrieved from /home/airflow/.local/lib/python3.12/site-packages/airflow/example_dags/example_python_operator.py
[2025-02-01T07:41:48.433+0000] {logging_mixin.py:190} INFO - [2025-02-01T07:41:48.433+0000] {dag.py:3239} INFO - Sync 1 DAGs
[2025-02-01T07:41:48.449+0000] {logging_mixin.py:190} INFO - [2025-02-01T07:41:48.449+0000] {dag.py:4180} INFO - Setting next_dagrun for example_python_operator to None, run_after=None
[2025-02-01T07:41:48.480+0000] {processor.py:208} INFO - Processing /home/airflow/.local/lib/python3.12/site-packages/airflow/example_dags/example_python_operator.py took 0.094 seconds
[2025-02-01T07:42:18.821+0000] {processor.py:186} INFO - Started process (PID=1055) to work on /home/airflow/.local/lib/python3.12/site-packages/airflow/example_dags/example_python_operator.py
[2025-02-01T07:42:18.822+0000] {processor.py:914} INFO - Processing file /home/airflow/.local/lib/python3.12/site-packages/airflow/example_dags/example_python_operator.py for tasks to queue
[2025-02-01T07:42:18.825+0000] {logging_mixin.py:190} INFO - [2025-02-01T07:42:18.824+0000] {dagbag.py:588} INFO - Filling up the DagBag from /home/airflow/.local/lib/python3.12/site-packages/airflow/example_dags/example_python_operator.py
[2025-02-01T07:42:18.838+0000] {processor.py:925} INFO - DAG(s) 'example_python_operator' retrieved from /home/airflow/.local/lib/python3.12/site-packages/airflow/example_dags/example_python_operator.py
[2025-02-01T07:42:18.862+0000] {logging_mixin.py:190} INFO - [2025-02-01T07:42:18.862+0000] {dag.py:3239} INFO - Sync 1 DAGs
[2025-02-01T07:42:18.881+0000] {logging_mixin.py:190} INFO - [2025-02-01T07:42:18.880+0000] {dag.py:4180} INFO - Setting next_dagrun for example_python_operator to None, run_after=None
[2025-02-01T07:42:18.914+0000] {processor.py:208} INFO - Processing /home/airflow/.local/lib/python3.12/site-packages/airflow/example_dags/example_python_operator.py took 0.100 seconds
[2025-02-01T07:42:49.026+0000] {processor.py:186} INFO - Started process (PID=1118) to work on /home/airflow/.local/lib/python3.12/site-packages/airflow/example_dags/example_python_operator.py
[2025-02-01T07:42:49.027+0000] {processor.py:914} INFO - Processing file /home/airflow/.local/lib/python3.12/site-packages/airflow/example_dags/example_python_operator.py for tasks to queue
[2025-02-01T07:42:49.030+0000] {logging_mixin.py:190} INFO - [2025-02-01T07:42:49.030+0000] {dagbag.py:588} INFO - Filling up the DagBag from /home/airflow/.local/lib/python3.12/site-packages/airflow/example_dags/example_python_operator.py
[2025-02-01T07:42:49.047+0000] {processor.py:925} INFO - DAG(s) 'example_python_operator' retrieved from /home/airflow/.local/lib/python3.12/site-packages/airflow/example_dags/example_python_operator.py
[2025-02-01T07:42:49.076+0000] {logging_mixin.py:190} INFO - [2025-02-01T07:42:49.076+0000] {dag.py:3239} INFO - Sync 1 DAGs
[2025-02-01T07:42:49.095+0000] {logging_mixin.py:190} INFO - [2025-02-01T07:42:49.095+0000] {dag.py:4180} INFO - Setting next_dagrun for example_python_operator to None, run_after=None
[2025-02-01T07:42:49.127+0000] {processor.py:208} INFO - Processing /home/airflow/.local/lib/python3.12/site-packages/airflow/example_dags/example_python_operator.py took 0.109 seconds
[2025-02-01T07:43:19.349+0000] {processor.py:186} INFO - Started process (PID=1181) to work on /home/airflow/.local/lib/python3.12/site-packages/airflow/example_dags/example_python_operator.py
[2025-02-01T07:43:19.350+0000] {processor.py:914} INFO - Processing file /home/airflow/.local/lib/python3.12/site-packages/airflow/example_dags/example_python_operator.py for tasks to queue
[2025-02-01T07:43:19.353+0000] {logging_mixin.py:190} INFO - [2025-02-01T07:43:19.353+0000] {dagbag.py:588} INFO - Filling up the DagBag from /home/airflow/.local/lib/python3.12/site-packages/airflow/example_dags/example_python_operator.py
[2025-02-01T07:43:19.372+0000] {processor.py:925} INFO - DAG(s) 'example_python_operator' retrieved from /home/airflow/.local/lib/python3.12/site-packages/airflow/example_dags/example_python_operator.py
[2025-02-01T07:43:19.408+0000] {logging_mixin.py:190} INFO - [2025-02-01T07:43:19.407+0000] {dag.py:3239} INFO - Sync 1 DAGs
[2025-02-01T07:43:19.427+0000] {logging_mixin.py:190} INFO - [2025-02-01T07:43:19.427+0000] {dag.py:4180} INFO - Setting next_dagrun for example_python_operator to None, run_after=None
[2025-02-01T07:43:19.460+0000] {processor.py:208} INFO - Processing /home/airflow/.local/lib/python3.12/site-packages/airflow/example_dags/example_python_operator.py took 0.123 seconds
[2025-02-01T07:43:49.947+0000] {processor.py:186} INFO - Started process (PID=1244) to work on /home/airflow/.local/lib/python3.12/site-packages/airflow/example_dags/example_python_operator.py
[2025-02-01T07:43:49.958+0000] {processor.py:914} INFO - Processing file /home/airflow/.local/lib/python3.12/site-packages/airflow/example_dags/example_python_operator.py for tasks to queue
[2025-02-01T07:43:49.967+0000] {logging_mixin.py:190} INFO - [2025-02-01T07:43:49.966+0000] {dagbag.py:588} INFO - Filling up the DagBag from /home/airflow/.local/lib/python3.12/site-packages/airflow/example_dags/example_python_operator.py
[2025-02-01T07:43:50.040+0000] {processor.py:925} INFO - DAG(s) 'example_python_operator' retrieved from /home/airflow/.local/lib/python3.12/site-packages/airflow/example_dags/example_python_operator.py
[2025-02-01T07:43:50.165+0000] {logging_mixin.py:190} INFO - [2025-02-01T07:43:50.165+0000] {dag.py:3239} INFO - Sync 1 DAGs
[2025-02-01T07:43:50.244+0000] {logging_mixin.py:190} INFO - [2025-02-01T07:43:50.244+0000] {dag.py:4180} INFO - Setting next_dagrun for example_python_operator to None, run_after=None
[2025-02-01T07:43:50.338+0000] {processor.py:208} INFO - Processing /home/airflow/.local/lib/python3.12/site-packages/airflow/example_dags/example_python_operator.py took 0.421 seconds
[2025-02-01T07:44:20.586+0000] {processor.py:186} INFO - Started process (PID=1307) to work on /home/airflow/.local/lib/python3.12/site-packages/airflow/example_dags/example_python_operator.py
[2025-02-01T07:44:20.587+0000] {processor.py:914} INFO - Processing file /home/airflow/.local/lib/python3.12/site-packages/airflow/example_dags/example_python_operator.py for tasks to queue
[2025-02-01T07:44:20.590+0000] {logging_mixin.py:190} INFO - [2025-02-01T07:44:20.590+0000] {dagbag.py:588} INFO - Filling up the DagBag from /home/airflow/.local/lib/python3.12/site-packages/airflow/example_dags/example_python_operator.py
[2025-02-01T07:44:20.601+0000] {processor.py:925} INFO - DAG(s) 'example_python_operator' retrieved from /home/airflow/.local/lib/python3.12/site-packages/airflow/example_dags/example_python_operator.py
[2025-02-01T07:44:20.622+0000] {logging_mixin.py:190} INFO - [2025-02-01T07:44:20.622+0000] {dag.py:3239} INFO - Sync 1 DAGs
[2025-02-01T07:44:20.636+0000] {logging_mixin.py:190} INFO - [2025-02-01T07:44:20.636+0000] {dag.py:4180} INFO - Setting next_dagrun for example_python_operator to None, run_after=None
[2025-02-01T07:44:20.660+0000] {processor.py:208} INFO - Processing /home/airflow/.local/lib/python3.12/site-packages/airflow/example_dags/example_python_operator.py took 0.079 seconds
[2025-02-01T07:44:51.240+0000] {processor.py:186} INFO - Started process (PID=1371) to work on /home/airflow/.local/lib/python3.12/site-packages/airflow/example_dags/example_python_operator.py
[2025-02-01T07:44:51.242+0000] {processor.py:914} INFO - Processing file /home/airflow/.local/lib/python3.12/site-packages/airflow/example_dags/example_python_operator.py for tasks to queue
[2025-02-01T07:44:51.247+0000] {logging_mixin.py:190} INFO - [2025-02-01T07:44:51.246+0000] {dagbag.py:588} INFO - Filling up the DagBag from /home/airflow/.local/lib/python3.12/site-packages/airflow/example_dags/example_python_operator.py
[2025-02-01T07:44:51.271+0000] {processor.py:925} INFO - DAG(s) 'example_python_operator' retrieved from /home/airflow/.local/lib/python3.12/site-packages/airflow/example_dags/example_python_operator.py
[2025-02-01T07:44:51.312+0000] {logging_mixin.py:190} INFO - [2025-02-01T07:44:51.311+0000] {dag.py:3239} INFO - Sync 1 DAGs
[2025-02-01T07:44:51.345+0000] {logging_mixin.py:190} INFO - [2025-02-01T07:44:51.345+0000] {dag.py:4180} INFO - Setting next_dagrun for example_python_operator to None, run_after=None
[2025-02-01T07:44:51.396+0000] {processor.py:208} INFO - Processing /home/airflow/.local/lib/python3.12/site-packages/airflow/example_dags/example_python_operator.py took 0.166 seconds
[2025-02-01T07:45:22.124+0000] {processor.py:186} INFO - Started process (PID=1435) to work on /home/airflow/.local/lib/python3.12/site-packages/airflow/example_dags/example_python_operator.py
[2025-02-01T07:45:22.127+0000] {processor.py:914} INFO - Processing file /home/airflow/.local/lib/python3.12/site-packages/airflow/example_dags/example_python_operator.py for tasks to queue
[2025-02-01T07:45:22.130+0000] {logging_mixin.py:190} INFO - [2025-02-01T07:45:22.130+0000] {dagbag.py:588} INFO - Filling up the DagBag from /home/airflow/.local/lib/python3.12/site-packages/airflow/example_dags/example_python_operator.py
[2025-02-01T07:45:22.163+0000] {processor.py:925} INFO - DAG(s) 'example_python_operator' retrieved from /home/airflow/.local/lib/python3.12/site-packages/airflow/example_dags/example_python_operator.py
[2025-02-01T07:45:22.194+0000] {logging_mixin.py:190} INFO - [2025-02-01T07:45:22.194+0000] {dag.py:3239} INFO - Sync 1 DAGs
[2025-02-01T07:45:22.217+0000] {logging_mixin.py:190} INFO - [2025-02-01T07:45:22.217+0000] {dag.py:4180} INFO - Setting next_dagrun for example_python_operator to None, run_after=None
[2025-02-01T07:45:22.245+0000] {processor.py:208} INFO - Processing /home/airflow/.local/lib/python3.12/site-packages/airflow/example_dags/example_python_operator.py took 0.130 seconds
[2025-02-01T07:45:52.593+0000] {processor.py:186} INFO - Started process (PID=1498) to work on /home/airflow/.local/lib/python3.12/site-packages/airflow/example_dags/example_python_operator.py
[2025-02-01T07:45:52.594+0000] {processor.py:914} INFO - Processing file /home/airflow/.local/lib/python3.12/site-packages/airflow/example_dags/example_python_operator.py for tasks to queue
[2025-02-01T07:45:52.597+0000] {logging_mixin.py:190} INFO - [2025-02-01T07:45:52.597+0000] {dagbag.py:588} INFO - Filling up the DagBag from /home/airflow/.local/lib/python3.12/site-packages/airflow/example_dags/example_python_operator.py
[2025-02-01T07:45:52.617+0000] {processor.py:925} INFO - DAG(s) 'example_python_operator' retrieved from /home/airflow/.local/lib/python3.12/site-packages/airflow/example_dags/example_python_operator.py
[2025-02-01T07:45:52.652+0000] {logging_mixin.py:190} INFO - [2025-02-01T07:45:52.652+0000] {dag.py:3239} INFO - Sync 1 DAGs
[2025-02-01T07:45:52.675+0000] {logging_mixin.py:190} INFO - [2025-02-01T07:45:52.675+0000] {dag.py:4180} INFO - Setting next_dagrun for example_python_operator to None, run_after=None
[2025-02-01T07:45:52.714+0000] {processor.py:208} INFO - Processing /home/airflow/.local/lib/python3.12/site-packages/airflow/example_dags/example_python_operator.py took 0.128 seconds
[2025-02-01T07:46:23.341+0000] {processor.py:186} INFO - Started process (PID=1562) to work on /home/airflow/.local/lib/python3.12/site-packages/airflow/example_dags/example_python_operator.py
[2025-02-01T07:46:23.342+0000] {processor.py:914} INFO - Processing file /home/airflow/.local/lib/python3.12/site-packages/airflow/example_dags/example_python_operator.py for tasks to queue
[2025-02-01T07:46:23.345+0000] {logging_mixin.py:190} INFO - [2025-02-01T07:46:23.344+0000] {dagbag.py:588} INFO - Filling up the DagBag from /home/airflow/.local/lib/python3.12/site-packages/airflow/example_dags/example_python_operator.py
[2025-02-01T07:46:23.359+0000] {processor.py:925} INFO - DAG(s) 'example_python_operator' retrieved from /home/airflow/.local/lib/python3.12/site-packages/airflow/example_dags/example_python_operator.py
[2025-02-01T07:46:23.385+0000] {logging_mixin.py:190} INFO - [2025-02-01T07:46:23.385+0000] {dag.py:3239} INFO - Sync 1 DAGs
[2025-02-01T07:46:23.405+0000] {logging_mixin.py:190} INFO - [2025-02-01T07:46:23.404+0000] {dag.py:4180} INFO - Setting next_dagrun for example_python_operator to None, run_after=None
[2025-02-01T07:46:23.432+0000] {processor.py:208} INFO - Processing /home/airflow/.local/lib/python3.12/site-packages/airflow/example_dags/example_python_operator.py took 0.099 seconds
[2025-02-01T07:46:53.782+0000] {processor.py:186} INFO - Started process (PID=1626) to work on /home/airflow/.local/lib/python3.12/site-packages/airflow/example_dags/example_python_operator.py
[2025-02-01T07:46:53.784+0000] {processor.py:914} INFO - Processing file /home/airflow/.local/lib/python3.12/site-packages/airflow/example_dags/example_python_operator.py for tasks to queue
[2025-02-01T07:46:53.789+0000] {logging_mixin.py:190} INFO - [2025-02-01T07:46:53.789+0000] {dagbag.py:588} INFO - Filling up the DagBag from /home/airflow/.local/lib/python3.12/site-packages/airflow/example_dags/example_python_operator.py
[2025-02-01T07:46:53.819+0000] {processor.py:925} INFO - DAG(s) 'example_python_operator' retrieved from /home/airflow/.local/lib/python3.12/site-packages/airflow/example_dags/example_python_operator.py
[2025-02-01T07:46:53.868+0000] {logging_mixin.py:190} INFO - [2025-02-01T07:46:53.868+0000] {dag.py:3239} INFO - Sync 1 DAGs
[2025-02-01T07:46:53.905+0000] {logging_mixin.py:190} INFO - [2025-02-01T07:46:53.905+0000] {dag.py:4180} INFO - Setting next_dagrun for example_python_operator to None, run_after=None
[2025-02-01T07:46:53.959+0000] {processor.py:208} INFO - Processing /home/airflow/.local/lib/python3.12/site-packages/airflow/example_dags/example_python_operator.py took 0.197 seconds
[2025-02-01T07:47:24.821+0000] {processor.py:186} INFO - Started process (PID=1690) to work on /home/airflow/.local/lib/python3.12/site-packages/airflow/example_dags/example_python_operator.py
[2025-02-01T07:47:24.823+0000] {processor.py:914} INFO - Processing file /home/airflow/.local/lib/python3.12/site-packages/airflow/example_dags/example_python_operator.py for tasks to queue
[2025-02-01T07:47:24.828+0000] {logging_mixin.py:190} INFO - [2025-02-01T07:47:24.827+0000] {dagbag.py:588} INFO - Filling up the DagBag from /home/airflow/.local/lib/python3.12/site-packages/airflow/example_dags/example_python_operator.py
[2025-02-01T07:47:24.849+0000] {processor.py:925} INFO - DAG(s) 'example_python_operator' retrieved from /home/airflow/.local/lib/python3.12/site-packages/airflow/example_dags/example_python_operator.py
[2025-02-01T07:47:24.877+0000] {logging_mixin.py:190} INFO - [2025-02-01T07:47:24.876+0000] {dag.py:3239} INFO - Sync 1 DAGs
[2025-02-01T07:47:24.895+0000] {logging_mixin.py:190} INFO - [2025-02-01T07:47:24.894+0000] {dag.py:4180} INFO - Setting next_dagrun for example_python_operator to None, run_after=None
[2025-02-01T07:47:24.925+0000] {processor.py:208} INFO - Processing /home/airflow/.local/lib/python3.12/site-packages/airflow/example_dags/example_python_operator.py took 0.111 seconds
[2025-02-01T07:47:55.383+0000] {processor.py:186} INFO - Started process (PID=1754) to work on /home/airflow/.local/lib/python3.12/site-packages/airflow/example_dags/example_python_operator.py
[2025-02-01T07:47:55.386+0000] {processor.py:914} INFO - Processing file /home/airflow/.local/lib/python3.12/site-packages/airflow/example_dags/example_python_operator.py for tasks to queue
[2025-02-01T07:47:55.389+0000] {logging_mixin.py:190} INFO - [2025-02-01T07:47:55.389+0000] {dagbag.py:588} INFO - Filling up the DagBag from /home/airflow/.local/lib/python3.12/site-packages/airflow/example_dags/example_python_operator.py
[2025-02-01T07:47:55.408+0000] {processor.py:925} INFO - DAG(s) 'example_python_operator' retrieved from /home/airflow/.local/lib/python3.12/site-packages/airflow/example_dags/example_python_operator.py
[2025-02-01T07:47:55.445+0000] {logging_mixin.py:190} INFO - [2025-02-01T07:47:55.444+0000] {dag.py:3239} INFO - Sync 1 DAGs
[2025-02-01T07:47:55.480+0000] {logging_mixin.py:190} INFO - [2025-02-01T07:47:55.480+0000] {dag.py:4180} INFO - Setting next_dagrun for example_python_operator to None, run_after=None
[2025-02-01T07:47:55.519+0000] {processor.py:208} INFO - Processing /home/airflow/.local/lib/python3.12/site-packages/airflow/example_dags/example_python_operator.py took 0.147 seconds
[2025-02-01T07:48:26.633+0000] {processor.py:186} INFO - Started process (PID=1818) to work on /home/airflow/.local/lib/python3.12/site-packages/airflow/example_dags/example_python_operator.py
[2025-02-01T07:48:26.636+0000] {processor.py:914} INFO - Processing file /home/airflow/.local/lib/python3.12/site-packages/airflow/example_dags/example_python_operator.py for tasks to queue
[2025-02-01T07:48:26.648+0000] {logging_mixin.py:190} INFO - [2025-02-01T07:48:26.647+0000] {dagbag.py:588} INFO - Filling up the DagBag from /home/airflow/.local/lib/python3.12/site-packages/airflow/example_dags/example_python_operator.py
[2025-02-01T07:48:26.690+0000] {processor.py:925} INFO - DAG(s) 'example_python_operator' retrieved from /home/airflow/.local/lib/python3.12/site-packages/airflow/example_dags/example_python_operator.py
[2025-02-01T07:48:26.761+0000] {logging_mixin.py:190} INFO - [2025-02-01T07:48:26.761+0000] {dag.py:3239} INFO - Sync 1 DAGs
[2025-02-01T07:48:26.813+0000] {logging_mixin.py:190} INFO - [2025-02-01T07:48:26.813+0000] {dag.py:4180} INFO - Setting next_dagrun for example_python_operator to None, run_after=None
[2025-02-01T07:48:26.881+0000] {processor.py:208} INFO - Processing /home/airflow/.local/lib/python3.12/site-packages/airflow/example_dags/example_python_operator.py took 0.268 seconds
[2025-02-01T07:48:57.324+0000] {processor.py:186} INFO - Started process (PID=1881) to work on /home/airflow/.local/lib/python3.12/site-packages/airflow/example_dags/example_python_operator.py
[2025-02-01T07:48:57.325+0000] {processor.py:914} INFO - Processing file /home/airflow/.local/lib/python3.12/site-packages/airflow/example_dags/example_python_operator.py for tasks to queue
[2025-02-01T07:48:57.327+0000] {logging_mixin.py:190} INFO - [2025-02-01T07:48:57.327+0000] {dagbag.py:588} INFO - Filling up the DagBag from /home/airflow/.local/lib/python3.12/site-packages/airflow/example_dags/example_python_operator.py
[2025-02-01T07:48:57.339+0000] {processor.py:925} INFO - DAG(s) 'example_python_operator' retrieved from /home/airflow/.local/lib/python3.12/site-packages/airflow/example_dags/example_python_operator.py
[2025-02-01T07:48:57.362+0000] {logging_mixin.py:190} INFO - [2025-02-01T07:48:57.362+0000] {dag.py:3239} INFO - Sync 1 DAGs
[2025-02-01T07:48:57.376+0000] {logging_mixin.py:190} INFO - [2025-02-01T07:48:57.376+0000] {dag.py:4180} INFO - Setting next_dagrun for example_python_operator to None, run_after=None
[2025-02-01T07:48:57.401+0000] {processor.py:208} INFO - Processing /home/airflow/.local/lib/python3.12/site-packages/airflow/example_dags/example_python_operator.py took 0.084 seconds
[2025-02-01T07:49:27.463+0000] {processor.py:186} INFO - Started process (PID=1944) to work on /home/airflow/.local/lib/python3.12/site-packages/airflow/example_dags/example_python_operator.py
[2025-02-01T07:49:27.464+0000] {processor.py:914} INFO - Processing file /home/airflow/.local/lib/python3.12/site-packages/airflow/example_dags/example_python_operator.py for tasks to queue
[2025-02-01T07:49:27.467+0000] {logging_mixin.py:190} INFO - [2025-02-01T07:49:27.467+0000] {dagbag.py:588} INFO - Filling up the DagBag from /home/airflow/.local/lib/python3.12/site-packages/airflow/example_dags/example_python_operator.py
[2025-02-01T07:49:27.480+0000] {processor.py:925} INFO - DAG(s) 'example_python_operator' retrieved from /home/airflow/.local/lib/python3.12/site-packages/airflow/example_dags/example_python_operator.py
[2025-02-01T07:49:27.504+0000] {logging_mixin.py:190} INFO - [2025-02-01T07:49:27.503+0000] {dag.py:3239} INFO - Sync 1 DAGs
[2025-02-01T07:49:27.518+0000] {logging_mixin.py:190} INFO - [2025-02-01T07:49:27.518+0000] {dag.py:4180} INFO - Setting next_dagrun for example_python_operator to None, run_after=None
[2025-02-01T07:49:27.547+0000] {processor.py:208} INFO - Processing /home/airflow/.local/lib/python3.12/site-packages/airflow/example_dags/example_python_operator.py took 0.090 seconds
[2025-02-01T07:49:58.248+0000] {processor.py:186} INFO - Started process (PID=2008) to work on /home/airflow/.local/lib/python3.12/site-packages/airflow/example_dags/example_python_operator.py
[2025-02-01T07:49:58.249+0000] {processor.py:914} INFO - Processing file /home/airflow/.local/lib/python3.12/site-packages/airflow/example_dags/example_python_operator.py for tasks to queue
[2025-02-01T07:49:58.250+0000] {logging_mixin.py:190} INFO - [2025-02-01T07:49:58.250+0000] {dagbag.py:588} INFO - Filling up the DagBag from /home/airflow/.local/lib/python3.12/site-packages/airflow/example_dags/example_python_operator.py
[2025-02-01T07:49:58.260+0000] {processor.py:925} INFO - DAG(s) 'example_python_operator' retrieved from /home/airflow/.local/lib/python3.12/site-packages/airflow/example_dags/example_python_operator.py
[2025-02-01T07:49:58.279+0000] {logging_mixin.py:190} INFO - [2025-02-01T07:49:58.279+0000] {dag.py:3239} INFO - Sync 1 DAGs
[2025-02-01T07:49:58.290+0000] {logging_mixin.py:190} INFO - [2025-02-01T07:49:58.290+0000] {dag.py:4180} INFO - Setting next_dagrun for example_python_operator to None, run_after=None
[2025-02-01T07:49:58.312+0000] {processor.py:208} INFO - Processing /home/airflow/.local/lib/python3.12/site-packages/airflow/example_dags/example_python_operator.py took 0.069 seconds
[2025-02-01T07:50:28.402+0000] {processor.py:186} INFO - Started process (PID=2072) to work on /home/airflow/.local/lib/python3.12/site-packages/airflow/example_dags/example_python_operator.py
[2025-02-01T07:50:28.403+0000] {processor.py:914} INFO - Processing file /home/airflow/.local/lib/python3.12/site-packages/airflow/example_dags/example_python_operator.py for tasks to queue
[2025-02-01T07:50:28.405+0000] {logging_mixin.py:190} INFO - [2025-02-01T07:50:28.405+0000] {dagbag.py:588} INFO - Filling up the DagBag from /home/airflow/.local/lib/python3.12/site-packages/airflow/example_dags/example_python_operator.py
[2025-02-01T07:50:28.417+0000] {processor.py:925} INFO - DAG(s) 'example_python_operator' retrieved from /home/airflow/.local/lib/python3.12/site-packages/airflow/example_dags/example_python_operator.py
[2025-02-01T07:50:28.439+0000] {logging_mixin.py:190} INFO - [2025-02-01T07:50:28.439+0000] {dag.py:3239} INFO - Sync 1 DAGs
[2025-02-01T07:50:28.453+0000] {logging_mixin.py:190} INFO - [2025-02-01T07:50:28.453+0000] {dag.py:4180} INFO - Setting next_dagrun for example_python_operator to None, run_after=None
[2025-02-01T07:50:28.474+0000] {processor.py:208} INFO - Processing /home/airflow/.local/lib/python3.12/site-packages/airflow/example_dags/example_python_operator.py took 0.078 seconds
[2025-02-01T07:50:58.538+0000] {processor.py:186} INFO - Started process (PID=2136) to work on /home/airflow/.local/lib/python3.12/site-packages/airflow/example_dags/example_python_operator.py
[2025-02-01T07:50:58.540+0000] {processor.py:914} INFO - Processing file /home/airflow/.local/lib/python3.12/site-packages/airflow/example_dags/example_python_operator.py for tasks to queue
[2025-02-01T07:50:58.543+0000] {logging_mixin.py:190} INFO - [2025-02-01T07:50:58.542+0000] {dagbag.py:588} INFO - Filling up the DagBag from /home/airflow/.local/lib/python3.12/site-packages/airflow/example_dags/example_python_operator.py
[2025-02-01T07:50:58.558+0000] {processor.py:925} INFO - DAG(s) 'example_python_operator' retrieved from /home/airflow/.local/lib/python3.12/site-packages/airflow/example_dags/example_python_operator.py
[2025-02-01T07:50:58.586+0000] {logging_mixin.py:190} INFO - [2025-02-01T07:50:58.585+0000] {dag.py:3239} INFO - Sync 1 DAGs
[2025-02-01T07:50:58.606+0000] {logging_mixin.py:190} INFO - [2025-02-01T07:50:58.605+0000] {dag.py:4180} INFO - Setting next_dagrun for example_python_operator to None, run_after=None
[2025-02-01T07:50:58.630+0000] {processor.py:208} INFO - Processing /home/airflow/.local/lib/python3.12/site-packages/airflow/example_dags/example_python_operator.py took 0.098 seconds
[2025-02-01T07:51:29.734+0000] {processor.py:186} INFO - Started process (PID=2200) to work on /home/airflow/.local/lib/python3.12/site-packages/airflow/example_dags/example_python_operator.py
[2025-02-01T07:51:29.742+0000] {processor.py:914} INFO - Processing file /home/airflow/.local/lib/python3.12/site-packages/airflow/example_dags/example_python_operator.py for tasks to queue
[2025-02-01T07:51:29.749+0000] {logging_mixin.py:190} INFO - [2025-02-01T07:51:29.749+0000] {dagbag.py:588} INFO - Filling up the DagBag from /home/airflow/.local/lib/python3.12/site-packages/airflow/example_dags/example_python_operator.py
[2025-02-01T07:51:29.784+0000] {processor.py:925} INFO - DAG(s) 'example_python_operator' retrieved from /home/airflow/.local/lib/python3.12/site-packages/airflow/example_dags/example_python_operator.py
[2025-02-01T07:51:29.835+0000] {logging_mixin.py:190} INFO - [2025-02-01T07:51:29.834+0000] {dag.py:3239} INFO - Sync 1 DAGs
[2025-02-01T07:51:29.871+0000] {logging_mixin.py:190} INFO - [2025-02-01T07:51:29.870+0000] {dag.py:4180} INFO - Setting next_dagrun for example_python_operator to None, run_after=None
[2025-02-01T07:51:29.916+0000] {processor.py:208} INFO - Processing /home/airflow/.local/lib/python3.12/site-packages/airflow/example_dags/example_python_operator.py took 0.205 seconds
[2025-02-01T07:52:00.029+0000] {processor.py:186} INFO - Started process (PID=2264) to work on /home/airflow/.local/lib/python3.12/site-packages/airflow/example_dags/example_python_operator.py
[2025-02-01T07:52:00.031+0000] {processor.py:914} INFO - Processing file /home/airflow/.local/lib/python3.12/site-packages/airflow/example_dags/example_python_operator.py for tasks to queue
[2025-02-01T07:52:00.035+0000] {logging_mixin.py:190} INFO - [2025-02-01T07:52:00.034+0000] {dagbag.py:588} INFO - Filling up the DagBag from /home/airflow/.local/lib/python3.12/site-packages/airflow/example_dags/example_python_operator.py
[2025-02-01T07:52:00.051+0000] {processor.py:925} INFO - DAG(s) 'example_python_operator' retrieved from /home/airflow/.local/lib/python3.12/site-packages/airflow/example_dags/example_python_operator.py
[2025-02-01T07:52:00.078+0000] {logging_mixin.py:190} INFO - [2025-02-01T07:52:00.078+0000] {dag.py:3239} INFO - Sync 1 DAGs
[2025-02-01T07:52:00.098+0000] {logging_mixin.py:190} INFO - [2025-02-01T07:52:00.097+0000] {dag.py:4180} INFO - Setting next_dagrun for example_python_operator to None, run_after=None
[2025-02-01T07:52:00.122+0000] {processor.py:208} INFO - Processing /home/airflow/.local/lib/python3.12/site-packages/airflow/example_dags/example_python_operator.py took 0.103 seconds
[2025-02-01T07:52:31.200+0000] {processor.py:186} INFO - Started process (PID=2328) to work on /home/airflow/.local/lib/python3.12/site-packages/airflow/example_dags/example_python_operator.py
[2025-02-01T07:52:31.203+0000] {processor.py:914} INFO - Processing file /home/airflow/.local/lib/python3.12/site-packages/airflow/example_dags/example_python_operator.py for tasks to queue
[2025-02-01T07:52:31.208+0000] {logging_mixin.py:190} INFO - [2025-02-01T07:52:31.208+0000] {dagbag.py:588} INFO - Filling up the DagBag from /home/airflow/.local/lib/python3.12/site-packages/airflow/example_dags/example_python_operator.py
[2025-02-01T07:52:31.243+0000] {processor.py:925} INFO - DAG(s) 'example_python_operator' retrieved from /home/airflow/.local/lib/python3.12/site-packages/airflow/example_dags/example_python_operator.py
[2025-02-01T07:52:31.292+0000] {logging_mixin.py:190} INFO - [2025-02-01T07:52:31.292+0000] {dag.py:3239} INFO - Sync 1 DAGs
[2025-02-01T07:52:31.326+0000] {logging_mixin.py:190} INFO - [2025-02-01T07:52:31.325+0000] {dag.py:4180} INFO - Setting next_dagrun for example_python_operator to None, run_after=None
[2025-02-01T07:52:31.373+0000] {processor.py:208} INFO - Processing /home/airflow/.local/lib/python3.12/site-packages/airflow/example_dags/example_python_operator.py took 0.189 seconds
[2025-02-01T07:53:01.596+0000] {processor.py:186} INFO - Started process (PID=2392) to work on /home/airflow/.local/lib/python3.12/site-packages/airflow/example_dags/example_python_operator.py
[2025-02-01T07:53:01.597+0000] {processor.py:914} INFO - Processing file /home/airflow/.local/lib/python3.12/site-packages/airflow/example_dags/example_python_operator.py for tasks to queue
[2025-02-01T07:53:01.602+0000] {logging_mixin.py:190} INFO - [2025-02-01T07:53:01.601+0000] {dagbag.py:588} INFO - Filling up the DagBag from /home/airflow/.local/lib/python3.12/site-packages/airflow/example_dags/example_python_operator.py
[2025-02-01T07:53:01.623+0000] {processor.py:925} INFO - DAG(s) 'example_python_operator' retrieved from /home/airflow/.local/lib/python3.12/site-packages/airflow/example_dags/example_python_operator.py
[2025-02-01T07:53:01.656+0000] {logging_mixin.py:190} INFO - [2025-02-01T07:53:01.656+0000] {dag.py:3239} INFO - Sync 1 DAGs
[2025-02-01T07:53:01.681+0000] {logging_mixin.py:190} INFO - [2025-02-01T07:53:01.681+0000] {dag.py:4180} INFO - Setting next_dagrun for example_python_operator to None, run_after=None
[2025-02-01T07:53:01.709+0000] {processor.py:208} INFO - Processing /home/airflow/.local/lib/python3.12/site-packages/airflow/example_dags/example_python_operator.py took 0.124 seconds
[2025-02-01T07:53:31.810+0000] {processor.py:186} INFO - Started process (PID=2456) to work on /home/airflow/.local/lib/python3.12/site-packages/airflow/example_dags/example_python_operator.py
[2025-02-01T07:53:31.812+0000] {processor.py:914} INFO - Processing file /home/airflow/.local/lib/python3.12/site-packages/airflow/example_dags/example_python_operator.py for tasks to queue
[2025-02-01T07:53:31.817+0000] {logging_mixin.py:190} INFO - [2025-02-01T07:53:31.817+0000] {dagbag.py:588} INFO - Filling up the DagBag from /home/airflow/.local/lib/python3.12/site-packages/airflow/example_dags/example_python_operator.py
[2025-02-01T07:53:31.840+0000] {processor.py:925} INFO - DAG(s) 'example_python_operator' retrieved from /home/airflow/.local/lib/python3.12/site-packages/airflow/example_dags/example_python_operator.py
[2025-02-01T07:53:31.881+0000] {logging_mixin.py:190} INFO - [2025-02-01T07:53:31.881+0000] {dag.py:3239} INFO - Sync 1 DAGs
[2025-02-01T07:53:31.911+0000] {logging_mixin.py:190} INFO - [2025-02-01T07:53:31.910+0000] {dag.py:4180} INFO - Setting next_dagrun for example_python_operator to None, run_after=None
[2025-02-01T07:53:31.948+0000] {processor.py:208} INFO - Processing /home/airflow/.local/lib/python3.12/site-packages/airflow/example_dags/example_python_operator.py took 0.149 seconds
[2025-02-01T07:54:02.420+0000] {processor.py:186} INFO - Started process (PID=2520) to work on /home/airflow/.local/lib/python3.12/site-packages/airflow/example_dags/example_python_operator.py
[2025-02-01T07:54:02.422+0000] {processor.py:914} INFO - Processing file /home/airflow/.local/lib/python3.12/site-packages/airflow/example_dags/example_python_operator.py for tasks to queue
[2025-02-01T07:54:02.427+0000] {logging_mixin.py:190} INFO - [2025-02-01T07:54:02.426+0000] {dagbag.py:588} INFO - Filling up the DagBag from /home/airflow/.local/lib/python3.12/site-packages/airflow/example_dags/example_python_operator.py
[2025-02-01T07:54:02.454+0000] {processor.py:925} INFO - DAG(s) 'example_python_operator' retrieved from /home/airflow/.local/lib/python3.12/site-packages/airflow/example_dags/example_python_operator.py
[2025-02-01T07:54:02.495+0000] {logging_mixin.py:190} INFO - [2025-02-01T07:54:02.495+0000] {dag.py:3239} INFO - Sync 1 DAGs
[2025-02-01T07:54:02.525+0000] {logging_mixin.py:190} INFO - [2025-02-01T07:54:02.524+0000] {dag.py:4180} INFO - Setting next_dagrun for example_python_operator to None, run_after=None
[2025-02-01T07:54:02.562+0000] {processor.py:208} INFO - Processing /home/airflow/.local/lib/python3.12/site-packages/airflow/example_dags/example_python_operator.py took 0.155 seconds
[2025-02-01T07:54:33.540+0000] {processor.py:186} INFO - Started process (PID=2584) to work on /home/airflow/.local/lib/python3.12/site-packages/airflow/example_dags/example_python_operator.py
[2025-02-01T07:54:33.543+0000] {processor.py:914} INFO - Processing file /home/airflow/.local/lib/python3.12/site-packages/airflow/example_dags/example_python_operator.py for tasks to queue
[2025-02-01T07:54:33.550+0000] {logging_mixin.py:190} INFO - [2025-02-01T07:54:33.549+0000] {dagbag.py:588} INFO - Filling up the DagBag from /home/airflow/.local/lib/python3.12/site-packages/airflow/example_dags/example_python_operator.py
[2025-02-01T07:54:33.592+0000] {processor.py:925} INFO - DAG(s) 'example_python_operator' retrieved from /home/airflow/.local/lib/python3.12/site-packages/airflow/example_dags/example_python_operator.py
[2025-02-01T07:54:33.687+0000] {logging_mixin.py:190} INFO - [2025-02-01T07:54:33.686+0000] {dag.py:3239} INFO - Sync 1 DAGs
[2025-02-01T07:54:33.746+0000] {logging_mixin.py:190} INFO - [2025-02-01T07:54:33.746+0000] {dag.py:4180} INFO - Setting next_dagrun for example_python_operator to None, run_after=None
[2025-02-01T07:54:33.812+0000] {processor.py:208} INFO - Processing /home/airflow/.local/lib/python3.12/site-packages/airflow/example_dags/example_python_operator.py took 0.286 seconds
[2025-02-01T07:55:03.897+0000] {processor.py:186} INFO - Started process (PID=2648) to work on /home/airflow/.local/lib/python3.12/site-packages/airflow/example_dags/example_python_operator.py
[2025-02-01T07:55:03.899+0000] {processor.py:914} INFO - Processing file /home/airflow/.local/lib/python3.12/site-packages/airflow/example_dags/example_python_operator.py for tasks to queue
[2025-02-01T07:55:03.903+0000] {logging_mixin.py:190} INFO - [2025-02-01T07:55:03.902+0000] {dagbag.py:588} INFO - Filling up the DagBag from /home/airflow/.local/lib/python3.12/site-packages/airflow/example_dags/example_python_operator.py
[2025-02-01T07:55:03.923+0000] {processor.py:925} INFO - DAG(s) 'example_python_operator' retrieved from /home/airflow/.local/lib/python3.12/site-packages/airflow/example_dags/example_python_operator.py
[2025-02-01T07:55:03.955+0000] {logging_mixin.py:190} INFO - [2025-02-01T07:55:03.955+0000] {dag.py:3239} INFO - Sync 1 DAGs
[2025-02-01T07:55:03.980+0000] {logging_mixin.py:190} INFO - [2025-02-01T07:55:03.980+0000] {dag.py:4180} INFO - Setting next_dagrun for example_python_operator to None, run_after=None
[2025-02-01T07:55:04.014+0000] {processor.py:208} INFO - Processing /home/airflow/.local/lib/python3.12/site-packages/airflow/example_dags/example_python_operator.py took 0.126 seconds
[2025-02-01T07:55:34.349+0000] {processor.py:186} INFO - Started process (PID=2712) to work on /home/airflow/.local/lib/python3.12/site-packages/airflow/example_dags/example_python_operator.py
[2025-02-01T07:55:34.351+0000] {processor.py:914} INFO - Processing file /home/airflow/.local/lib/python3.12/site-packages/airflow/example_dags/example_python_operator.py for tasks to queue
[2025-02-01T07:55:34.357+0000] {logging_mixin.py:190} INFO - [2025-02-01T07:55:34.356+0000] {dagbag.py:588} INFO - Filling up the DagBag from /home/airflow/.local/lib/python3.12/site-packages/airflow/example_dags/example_python_operator.py
[2025-02-01T07:55:34.390+0000] {processor.py:925} INFO - DAG(s) 'example_python_operator' retrieved from /home/airflow/.local/lib/python3.12/site-packages/airflow/example_dags/example_python_operator.py
[2025-02-01T07:55:34.450+0000] {logging_mixin.py:190} INFO - [2025-02-01T07:55:34.450+0000] {dag.py:3239} INFO - Sync 1 DAGs
[2025-02-01T07:55:34.479+0000] {logging_mixin.py:190} INFO - [2025-02-01T07:55:34.479+0000] {dag.py:4180} INFO - Setting next_dagrun for example_python_operator to None, run_after=None
[2025-02-01T07:55:34.515+0000] {processor.py:208} INFO - Processing /home/airflow/.local/lib/python3.12/site-packages/airflow/example_dags/example_python_operator.py took 0.193 seconds
[2025-02-01T07:56:05.085+0000] {processor.py:186} INFO - Started process (PID=2776) to work on /home/airflow/.local/lib/python3.12/site-packages/airflow/example_dags/example_python_operator.py
[2025-02-01T07:56:05.089+0000] {processor.py:914} INFO - Processing file /home/airflow/.local/lib/python3.12/site-packages/airflow/example_dags/example_python_operator.py for tasks to queue
[2025-02-01T07:56:05.098+0000] {logging_mixin.py:190} INFO - [2025-02-01T07:56:05.097+0000] {dagbag.py:588} INFO - Filling up the DagBag from /home/airflow/.local/lib/python3.12/site-packages/airflow/example_dags/example_python_operator.py
[2025-02-01T07:56:05.140+0000] {processor.py:925} INFO - DAG(s) 'example_python_operator' retrieved from /home/airflow/.local/lib/python3.12/site-packages/airflow/example_dags/example_python_operator.py
[2025-02-01T07:56:05.200+0000] {logging_mixin.py:190} INFO - [2025-02-01T07:56:05.199+0000] {dag.py:3239} INFO - Sync 1 DAGs
[2025-02-01T07:56:05.263+0000] {logging_mixin.py:190} INFO - [2025-02-01T07:56:05.262+0000] {dag.py:4180} INFO - Setting next_dagrun for example_python_operator to None, run_after=None
[2025-02-01T07:56:05.319+0000] {processor.py:208} INFO - Processing /home/airflow/.local/lib/python3.12/site-packages/airflow/example_dags/example_python_operator.py took 0.251 seconds
[2025-02-01T07:56:35.927+0000] {processor.py:186} INFO - Started process (PID=2840) to work on /home/airflow/.local/lib/python3.12/site-packages/airflow/example_dags/example_python_operator.py
[2025-02-01T07:56:35.928+0000] {processor.py:914} INFO - Processing file /home/airflow/.local/lib/python3.12/site-packages/airflow/example_dags/example_python_operator.py for tasks to queue
[2025-02-01T07:56:35.933+0000] {logging_mixin.py:190} INFO - [2025-02-01T07:56:35.933+0000] {dagbag.py:588} INFO - Filling up the DagBag from /home/airflow/.local/lib/python3.12/site-packages/airflow/example_dags/example_python_operator.py
[2025-02-01T07:56:35.953+0000] {processor.py:925} INFO - DAG(s) 'example_python_operator' retrieved from /home/airflow/.local/lib/python3.12/site-packages/airflow/example_dags/example_python_operator.py
[2025-02-01T07:56:35.986+0000] {logging_mixin.py:190} INFO - [2025-02-01T07:56:35.986+0000] {dag.py:3239} INFO - Sync 1 DAGs
[2025-02-01T07:56:36.012+0000] {logging_mixin.py:190} INFO - [2025-02-01T07:56:36.011+0000] {dag.py:4180} INFO - Setting next_dagrun for example_python_operator to None, run_after=None
[2025-02-01T07:56:36.041+0000] {processor.py:208} INFO - Processing /home/airflow/.local/lib/python3.12/site-packages/airflow/example_dags/example_python_operator.py took 0.124 seconds
[2025-02-01T07:57:06.523+0000] {processor.py:186} INFO - Started process (PID=2904) to work on /home/airflow/.local/lib/python3.12/site-packages/airflow/example_dags/example_python_operator.py
[2025-02-01T07:57:06.525+0000] {processor.py:914} INFO - Processing file /home/airflow/.local/lib/python3.12/site-packages/airflow/example_dags/example_python_operator.py for tasks to queue
[2025-02-01T07:57:06.530+0000] {logging_mixin.py:190} INFO - [2025-02-01T07:57:06.530+0000] {dagbag.py:588} INFO - Filling up the DagBag from /home/airflow/.local/lib/python3.12/site-packages/airflow/example_dags/example_python_operator.py
[2025-02-01T07:57:06.557+0000] {processor.py:925} INFO - DAG(s) 'example_python_operator' retrieved from /home/airflow/.local/lib/python3.12/site-packages/airflow/example_dags/example_python_operator.py
[2025-02-01T07:57:06.598+0000] {logging_mixin.py:190} INFO - [2025-02-01T07:57:06.597+0000] {dag.py:3239} INFO - Sync 1 DAGs
[2025-02-01T07:57:06.628+0000] {logging_mixin.py:190} INFO - [2025-02-01T07:57:06.627+0000] {dag.py:4180} INFO - Setting next_dagrun for example_python_operator to None, run_after=None
[2025-02-01T07:57:06.658+0000] {processor.py:208} INFO - Processing /home/airflow/.local/lib/python3.12/site-packages/airflow/example_dags/example_python_operator.py took 0.146 seconds
[2025-02-01T07:57:36.937+0000] {processor.py:186} INFO - Started process (PID=2967) to work on /home/airflow/.local/lib/python3.12/site-packages/airflow/example_dags/example_python_operator.py
[2025-02-01T07:57:36.938+0000] {processor.py:914} INFO - Processing file /home/airflow/.local/lib/python3.12/site-packages/airflow/example_dags/example_python_operator.py for tasks to queue
[2025-02-01T07:57:36.941+0000] {logging_mixin.py:190} INFO - [2025-02-01T07:57:36.940+0000] {dagbag.py:588} INFO - Filling up the DagBag from /home/airflow/.local/lib/python3.12/site-packages/airflow/example_dags/example_python_operator.py
[2025-02-01T07:57:36.954+0000] {processor.py:925} INFO - DAG(s) 'example_python_operator' retrieved from /home/airflow/.local/lib/python3.12/site-packages/airflow/example_dags/example_python_operator.py
[2025-02-01T07:57:36.977+0000] {logging_mixin.py:190} INFO - [2025-02-01T07:57:36.977+0000] {dag.py:3239} INFO - Sync 1 DAGs
[2025-02-01T07:57:36.993+0000] {logging_mixin.py:190} INFO - [2025-02-01T07:57:36.993+0000] {dag.py:4180} INFO - Setting next_dagrun for example_python_operator to None, run_after=None
[2025-02-01T07:57:37.015+0000] {processor.py:208} INFO - Processing /home/airflow/.local/lib/python3.12/site-packages/airflow/example_dags/example_python_operator.py took 0.085 seconds
[2025-02-01T07:58:07.538+0000] {processor.py:186} INFO - Started process (PID=3031) to work on /home/airflow/.local/lib/python3.12/site-packages/airflow/example_dags/example_python_operator.py
[2025-02-01T07:58:07.539+0000] {processor.py:914} INFO - Processing file /home/airflow/.local/lib/python3.12/site-packages/airflow/example_dags/example_python_operator.py for tasks to queue
[2025-02-01T07:58:07.545+0000] {logging_mixin.py:190} INFO - [2025-02-01T07:58:07.543+0000] {dagbag.py:588} INFO - Filling up the DagBag from /home/airflow/.local/lib/python3.12/site-packages/airflow/example_dags/example_python_operator.py
[2025-02-01T07:58:07.570+0000] {processor.py:925} INFO - DAG(s) 'example_python_operator' retrieved from /home/airflow/.local/lib/python3.12/site-packages/airflow/example_dags/example_python_operator.py
[2025-02-01T07:58:07.620+0000] {logging_mixin.py:190} INFO - [2025-02-01T07:58:07.619+0000] {dag.py:3239} INFO - Sync 1 DAGs
[2025-02-01T07:58:07.657+0000] {logging_mixin.py:190} INFO - [2025-02-01T07:58:07.657+0000] {dag.py:4180} INFO - Setting next_dagrun for example_python_operator to None, run_after=None
[2025-02-01T07:58:07.700+0000] {processor.py:208} INFO - Processing /home/airflow/.local/lib/python3.12/site-packages/airflow/example_dags/example_python_operator.py took 0.173 seconds
[2025-02-01T07:58:38.143+0000] {processor.py:186} INFO - Started process (PID=3095) to work on /home/airflow/.local/lib/python3.12/site-packages/airflow/example_dags/example_python_operator.py
[2025-02-01T07:58:38.145+0000] {processor.py:914} INFO - Processing file /home/airflow/.local/lib/python3.12/site-packages/airflow/example_dags/example_python_operator.py for tasks to queue
[2025-02-01T07:58:38.148+0000] {logging_mixin.py:190} INFO - [2025-02-01T07:58:38.148+0000] {dagbag.py:588} INFO - Filling up the DagBag from /home/airflow/.local/lib/python3.12/site-packages/airflow/example_dags/example_python_operator.py
[2025-02-01T07:58:38.171+0000] {processor.py:925} INFO - DAG(s) 'example_python_operator' retrieved from /home/airflow/.local/lib/python3.12/site-packages/airflow/example_dags/example_python_operator.py
[2025-02-01T07:58:38.207+0000] {logging_mixin.py:190} INFO - [2025-02-01T07:58:38.207+0000] {dag.py:3239} INFO - Sync 1 DAGs
[2025-02-01T07:58:38.233+0000] {logging_mixin.py:190} INFO - [2025-02-01T07:58:38.232+0000] {dag.py:4180} INFO - Setting next_dagrun for example_python_operator to None, run_after=None
[2025-02-01T07:58:38.260+0000] {processor.py:208} INFO - Processing /home/airflow/.local/lib/python3.12/site-packages/airflow/example_dags/example_python_operator.py took 0.125 seconds
[2025-02-01T07:59:08.943+0000] {processor.py:186} INFO - Started process (PID=3159) to work on /home/airflow/.local/lib/python3.12/site-packages/airflow/example_dags/example_python_operator.py
[2025-02-01T07:59:08.944+0000] {processor.py:914} INFO - Processing file /home/airflow/.local/lib/python3.12/site-packages/airflow/example_dags/example_python_operator.py for tasks to queue
[2025-02-01T07:59:08.948+0000] {logging_mixin.py:190} INFO - [2025-02-01T07:59:08.947+0000] {dagbag.py:588} INFO - Filling up the DagBag from /home/airflow/.local/lib/python3.12/site-packages/airflow/example_dags/example_python_operator.py
[2025-02-01T07:59:08.961+0000] {processor.py:925} INFO - DAG(s) 'example_python_operator' retrieved from /home/airflow/.local/lib/python3.12/site-packages/airflow/example_dags/example_python_operator.py
[2025-02-01T07:59:08.988+0000] {logging_mixin.py:190} INFO - [2025-02-01T07:59:08.988+0000] {dag.py:3239} INFO - Sync 1 DAGs
[2025-02-01T07:59:09.007+0000] {logging_mixin.py:190} INFO - [2025-02-01T07:59:09.006+0000] {dag.py:4180} INFO - Setting next_dagrun for example_python_operator to None, run_after=None
[2025-02-01T07:59:09.030+0000] {processor.py:208} INFO - Processing /home/airflow/.local/lib/python3.12/site-packages/airflow/example_dags/example_python_operator.py took 0.095 seconds
[2025-02-01T07:59:39.708+0000] {processor.py:186} INFO - Started process (PID=3223) to work on /home/airflow/.local/lib/python3.12/site-packages/airflow/example_dags/example_python_operator.py
[2025-02-01T07:59:39.710+0000] {processor.py:914} INFO - Processing file /home/airflow/.local/lib/python3.12/site-packages/airflow/example_dags/example_python_operator.py for tasks to queue
[2025-02-01T07:59:39.713+0000] {logging_mixin.py:190} INFO - [2025-02-01T07:59:39.713+0000] {dagbag.py:588} INFO - Filling up the DagBag from /home/airflow/.local/lib/python3.12/site-packages/airflow/example_dags/example_python_operator.py
[2025-02-01T07:59:39.730+0000] {processor.py:925} INFO - DAG(s) 'example_python_operator' retrieved from /home/airflow/.local/lib/python3.12/site-packages/airflow/example_dags/example_python_operator.py
[2025-02-01T07:59:39.758+0000] {logging_mixin.py:190} INFO - [2025-02-01T07:59:39.758+0000] {dag.py:3239} INFO - Sync 1 DAGs
[2025-02-01T07:59:39.776+0000] {logging_mixin.py:190} INFO - [2025-02-01T07:59:39.775+0000] {dag.py:4180} INFO - Setting next_dagrun for example_python_operator to None, run_after=None
[2025-02-01T07:59:39.802+0000] {processor.py:208} INFO - Processing /home/airflow/.local/lib/python3.12/site-packages/airflow/example_dags/example_python_operator.py took 0.101 seconds
[2025-02-01T08:00:10.390+0000] {processor.py:186} INFO - Started process (PID=3287) to work on /home/airflow/.local/lib/python3.12/site-packages/airflow/example_dags/example_python_operator.py
[2025-02-01T08:00:10.394+0000] {processor.py:914} INFO - Processing file /home/airflow/.local/lib/python3.12/site-packages/airflow/example_dags/example_python_operator.py for tasks to queue
[2025-02-01T08:00:10.401+0000] {logging_mixin.py:190} INFO - [2025-02-01T08:00:10.400+0000] {dagbag.py:588} INFO - Filling up the DagBag from /home/airflow/.local/lib/python3.12/site-packages/airflow/example_dags/example_python_operator.py
[2025-02-01T08:00:10.463+0000] {processor.py:925} INFO - DAG(s) 'example_python_operator' retrieved from /home/airflow/.local/lib/python3.12/site-packages/airflow/example_dags/example_python_operator.py
[2025-02-01T08:00:10.611+0000] {logging_mixin.py:190} INFO - [2025-02-01T08:00:10.611+0000] {dag.py:3239} INFO - Sync 1 DAGs
[2025-02-01T08:00:10.716+0000] {logging_mixin.py:190} INFO - [2025-02-01T08:00:10.715+0000] {dag.py:4180} INFO - Setting next_dagrun for example_python_operator to None, run_after=None
[2025-02-01T08:00:10.787+0000] {processor.py:208} INFO - Processing /home/airflow/.local/lib/python3.12/site-packages/airflow/example_dags/example_python_operator.py took 0.415 seconds
