[2025-02-01T07:34:26.381+0000] {processor.py:186} INFO - Started process (PID=94) to work on /home/airflow/.local/lib/python3.12/site-packages/airflow/example_dags/example_bash_operator.py
[2025-02-01T07:34:26.391+0000] {processor.py:914} INFO - Processing file /home/airflow/.local/lib/python3.12/site-packages/airflow/example_dags/example_bash_operator.py for tasks to queue
[2025-02-01T07:34:26.401+0000] {logging_mixin.py:190} INFO - [2025-02-01T07:34:26.400+0000] {dagbag.py:588} INFO - Filling up the DagBag from /home/airflow/.local/lib/python3.12/site-packages/airflow/example_dags/example_bash_operator.py
[2025-02-01T07:34:26.450+0000] {processor.py:925} INFO - DAG(s) 'example_bash_operator' retrieved from /home/airflow/.local/lib/python3.12/site-packages/airflow/example_dags/example_bash_operator.py
[2025-02-01T07:34:26.828+0000] {logging_mixin.py:190} INFO - [2025-02-01T07:34:26.826+0000] {override.py:1911} INFO - Created Permission View: can edit on DAG:example_bash_operator
[2025-02-01T07:34:26.855+0000] {logging_mixin.py:190} INFO - [2025-02-01T07:34:26.855+0000] {override.py:1911} INFO - Created Permission View: can delete on DAG:example_bash_operator
[2025-02-01T07:34:26.872+0000] {logging_mixin.py:190} INFO - [2025-02-01T07:34:26.871+0000] {override.py:1911} INFO - Created Permission View: can read on DAG:example_bash_operator
[2025-02-01T07:34:26.891+0000] {logging_mixin.py:190} INFO - [2025-02-01T07:34:26.891+0000] {override.py:1911} INFO - Created Permission View: can create on DAG Run:example_bash_operator
[2025-02-01T07:34:26.914+0000] {logging_mixin.py:190} INFO - [2025-02-01T07:34:26.913+0000] {override.py:1911} INFO - Created Permission View: can delete on DAG Run:example_bash_operator
[2025-02-01T07:34:26.931+0000] {logging_mixin.py:190} INFO - [2025-02-01T07:34:26.930+0000] {override.py:1911} INFO - Created Permission View: menu access on DAG Run:example_bash_operator
[2025-02-01T07:34:26.970+0000] {logging_mixin.py:190} INFO - [2025-02-01T07:34:26.970+0000] {override.py:1911} INFO - Created Permission View: can read on DAG Run:example_bash_operator
[2025-02-01T07:34:26.972+0000] {logging_mixin.py:190} INFO - [2025-02-01T07:34:26.971+0000] {dag.py:3239} INFO - Sync 1 DAGs
[2025-02-01T07:34:27.004+0000] {logging_mixin.py:190} INFO - [2025-02-01T07:34:27.003+0000] {dag.py:3262} INFO - Creating ORM DAG for example_bash_operator
[2025-02-01T07:34:27.034+0000] {logging_mixin.py:190} INFO - [2025-02-01T07:34:27.034+0000] {dag.py:4180} INFO - Setting next_dagrun for example_bash_operator to 2025-01-31 00:00:00+00:00, run_after=2025-02-01 00:00:00+00:00
[2025-02-01T07:34:27.081+0000] {processor.py:208} INFO - Processing /home/airflow/.local/lib/python3.12/site-packages/airflow/example_dags/example_bash_operator.py took 0.723 seconds
[2025-02-01T07:34:57.620+0000] {processor.py:186} INFO - Started process (PID=157) to work on /home/airflow/.local/lib/python3.12/site-packages/airflow/example_dags/example_bash_operator.py
[2025-02-01T07:34:57.622+0000] {processor.py:914} INFO - Processing file /home/airflow/.local/lib/python3.12/site-packages/airflow/example_dags/example_bash_operator.py for tasks to queue
[2025-02-01T07:34:57.625+0000] {logging_mixin.py:190} INFO - [2025-02-01T07:34:57.624+0000] {dagbag.py:588} INFO - Filling up the DagBag from /home/airflow/.local/lib/python3.12/site-packages/airflow/example_dags/example_bash_operator.py
[2025-02-01T07:34:57.645+0000] {processor.py:925} INFO - DAG(s) 'example_bash_operator' retrieved from /home/airflow/.local/lib/python3.12/site-packages/airflow/example_dags/example_bash_operator.py
[2025-02-01T07:34:57.683+0000] {logging_mixin.py:190} INFO - [2025-02-01T07:34:57.682+0000] {dag.py:3239} INFO - Sync 1 DAGs
[2025-02-01T07:34:57.719+0000] {logging_mixin.py:190} INFO - [2025-02-01T07:34:57.719+0000] {dag.py:4180} INFO - Setting next_dagrun for example_bash_operator to 2025-01-31 00:00:00+00:00, run_after=2025-02-01 00:00:00+00:00
[2025-02-01T07:34:57.749+0000] {processor.py:208} INFO - Processing /home/airflow/.local/lib/python3.12/site-packages/airflow/example_dags/example_bash_operator.py took 0.138 seconds
[2025-02-01T07:35:28.318+0000] {processor.py:186} INFO - Started process (PID=220) to work on /home/airflow/.local/lib/python3.12/site-packages/airflow/example_dags/example_bash_operator.py
[2025-02-01T07:35:28.321+0000] {processor.py:914} INFO - Processing file /home/airflow/.local/lib/python3.12/site-packages/airflow/example_dags/example_bash_operator.py for tasks to queue
[2025-02-01T07:35:28.331+0000] {logging_mixin.py:190} INFO - [2025-02-01T07:35:28.330+0000] {dagbag.py:588} INFO - Filling up the DagBag from /home/airflow/.local/lib/python3.12/site-packages/airflow/example_dags/example_bash_operator.py
[2025-02-01T07:35:28.403+0000] {processor.py:925} INFO - DAG(s) 'example_bash_operator' retrieved from /home/airflow/.local/lib/python3.12/site-packages/airflow/example_dags/example_bash_operator.py
[2025-02-01T07:35:28.619+0000] {logging_mixin.py:190} INFO - [2025-02-01T07:35:28.617+0000] {dag.py:3239} INFO - Sync 1 DAGs
[2025-02-01T07:35:28.744+0000] {logging_mixin.py:190} INFO - [2025-02-01T07:35:28.743+0000] {dag.py:4180} INFO - Setting next_dagrun for example_bash_operator to 2025-01-31 00:00:00+00:00, run_after=2025-02-01 00:00:00+00:00
[2025-02-01T07:35:28.840+0000] {processor.py:208} INFO - Processing /home/airflow/.local/lib/python3.12/site-packages/airflow/example_dags/example_bash_operator.py took 0.542 seconds
[2025-02-01T07:35:59.555+0000] {processor.py:186} INFO - Started process (PID=283) to work on /home/airflow/.local/lib/python3.12/site-packages/airflow/example_dags/example_bash_operator.py
[2025-02-01T07:35:59.559+0000] {processor.py:914} INFO - Processing file /home/airflow/.local/lib/python3.12/site-packages/airflow/example_dags/example_bash_operator.py for tasks to queue
[2025-02-01T07:35:59.567+0000] {logging_mixin.py:190} INFO - [2025-02-01T07:35:59.566+0000] {dagbag.py:588} INFO - Filling up the DagBag from /home/airflow/.local/lib/python3.12/site-packages/airflow/example_dags/example_bash_operator.py
[2025-02-01T07:35:59.605+0000] {processor.py:925} INFO - DAG(s) 'example_bash_operator' retrieved from /home/airflow/.local/lib/python3.12/site-packages/airflow/example_dags/example_bash_operator.py
[2025-02-01T07:35:59.725+0000] {logging_mixin.py:190} INFO - [2025-02-01T07:35:59.724+0000] {dag.py:3239} INFO - Sync 1 DAGs
[2025-02-01T07:35:59.843+0000] {logging_mixin.py:190} INFO - [2025-02-01T07:35:59.842+0000] {dag.py:4180} INFO - Setting next_dagrun for example_bash_operator to 2025-01-31 00:00:00+00:00, run_after=2025-02-01 00:00:00+00:00
[2025-02-01T07:35:59.949+0000] {processor.py:208} INFO - Processing /home/airflow/.local/lib/python3.12/site-packages/airflow/example_dags/example_bash_operator.py took 0.415 seconds
[2025-02-01T07:36:30.338+0000] {processor.py:186} INFO - Started process (PID=346) to work on /home/airflow/.local/lib/python3.12/site-packages/airflow/example_dags/example_bash_operator.py
[2025-02-01T07:36:30.340+0000] {processor.py:914} INFO - Processing file /home/airflow/.local/lib/python3.12/site-packages/airflow/example_dags/example_bash_operator.py for tasks to queue
[2025-02-01T07:36:30.344+0000] {logging_mixin.py:190} INFO - [2025-02-01T07:36:30.343+0000] {dagbag.py:588} INFO - Filling up the DagBag from /home/airflow/.local/lib/python3.12/site-packages/airflow/example_dags/example_bash_operator.py
[2025-02-01T07:36:30.367+0000] {processor.py:925} INFO - DAG(s) 'example_bash_operator' retrieved from /home/airflow/.local/lib/python3.12/site-packages/airflow/example_dags/example_bash_operator.py
[2025-02-01T07:36:30.411+0000] {logging_mixin.py:190} INFO - [2025-02-01T07:36:30.411+0000] {dag.py:3239} INFO - Sync 1 DAGs
[2025-02-01T07:36:30.454+0000] {logging_mixin.py:190} INFO - [2025-02-01T07:36:30.454+0000] {dag.py:4180} INFO - Setting next_dagrun for example_bash_operator to 2025-01-31 00:00:00+00:00, run_after=2025-02-01 00:00:00+00:00
[2025-02-01T07:36:30.490+0000] {processor.py:208} INFO - Processing /home/airflow/.local/lib/python3.12/site-packages/airflow/example_dags/example_bash_operator.py took 0.161 seconds
[2025-02-01T07:37:00.649+0000] {processor.py:186} INFO - Started process (PID=409) to work on /home/airflow/.local/lib/python3.12/site-packages/airflow/example_dags/example_bash_operator.py
[2025-02-01T07:37:00.651+0000] {processor.py:914} INFO - Processing file /home/airflow/.local/lib/python3.12/site-packages/airflow/example_dags/example_bash_operator.py for tasks to queue
[2025-02-01T07:37:00.657+0000] {logging_mixin.py:190} INFO - [2025-02-01T07:37:00.656+0000] {dagbag.py:588} INFO - Filling up the DagBag from /home/airflow/.local/lib/python3.12/site-packages/airflow/example_dags/example_bash_operator.py
[2025-02-01T07:37:00.688+0000] {processor.py:925} INFO - DAG(s) 'example_bash_operator' retrieved from /home/airflow/.local/lib/python3.12/site-packages/airflow/example_dags/example_bash_operator.py
[2025-02-01T07:37:00.759+0000] {logging_mixin.py:190} INFO - [2025-02-01T07:37:00.759+0000] {dag.py:3239} INFO - Sync 1 DAGs
[2025-02-01T07:37:00.817+0000] {logging_mixin.py:190} INFO - [2025-02-01T07:37:00.816+0000] {dag.py:4180} INFO - Setting next_dagrun for example_bash_operator to 2025-01-31 00:00:00+00:00, run_after=2025-02-01 00:00:00+00:00
[2025-02-01T07:37:00.860+0000] {processor.py:208} INFO - Processing /home/airflow/.local/lib/python3.12/site-packages/airflow/example_dags/example_bash_operator.py took 0.225 seconds
[2025-02-01T07:37:31.741+0000] {processor.py:186} INFO - Started process (PID=471) to work on /home/airflow/.local/lib/python3.12/site-packages/airflow/example_dags/example_bash_operator.py
[2025-02-01T07:37:31.742+0000] {processor.py:914} INFO - Processing file /home/airflow/.local/lib/python3.12/site-packages/airflow/example_dags/example_bash_operator.py for tasks to queue
[2025-02-01T07:37:31.744+0000] {logging_mixin.py:190} INFO - [2025-02-01T07:37:31.744+0000] {dagbag.py:588} INFO - Filling up the DagBag from /home/airflow/.local/lib/python3.12/site-packages/airflow/example_dags/example_bash_operator.py
[2025-02-01T07:37:31.757+0000] {processor.py:925} INFO - DAG(s) 'example_bash_operator' retrieved from /home/airflow/.local/lib/python3.12/site-packages/airflow/example_dags/example_bash_operator.py
[2025-02-01T07:37:31.790+0000] {logging_mixin.py:190} INFO - [2025-02-01T07:37:31.790+0000] {dag.py:3239} INFO - Sync 1 DAGs
[2025-02-01T07:37:31.815+0000] {logging_mixin.py:190} INFO - [2025-02-01T07:37:31.815+0000] {dag.py:4180} INFO - Setting next_dagrun for example_bash_operator to 2025-01-31 00:00:00+00:00, run_after=2025-02-01 00:00:00+00:00
[2025-02-01T07:37:31.837+0000] {processor.py:208} INFO - Processing /home/airflow/.local/lib/python3.12/site-packages/airflow/example_dags/example_bash_operator.py took 0.102 seconds
[2025-02-01T07:38:02.235+0000] {processor.py:186} INFO - Started process (PID=534) to work on /home/airflow/.local/lib/python3.12/site-packages/airflow/example_dags/example_bash_operator.py
[2025-02-01T07:38:02.236+0000] {processor.py:914} INFO - Processing file /home/airflow/.local/lib/python3.12/site-packages/airflow/example_dags/example_bash_operator.py for tasks to queue
[2025-02-01T07:38:02.238+0000] {logging_mixin.py:190} INFO - [2025-02-01T07:38:02.238+0000] {dagbag.py:588} INFO - Filling up the DagBag from /home/airflow/.local/lib/python3.12/site-packages/airflow/example_dags/example_bash_operator.py
[2025-02-01T07:38:02.250+0000] {processor.py:925} INFO - DAG(s) 'example_bash_operator' retrieved from /home/airflow/.local/lib/python3.12/site-packages/airflow/example_dags/example_bash_operator.py
[2025-02-01T07:38:02.279+0000] {logging_mixin.py:190} INFO - [2025-02-01T07:38:02.278+0000] {dag.py:3239} INFO - Sync 1 DAGs
[2025-02-01T07:38:02.307+0000] {logging_mixin.py:190} INFO - [2025-02-01T07:38:02.306+0000] {dag.py:4180} INFO - Setting next_dagrun for example_bash_operator to 2025-01-31 00:00:00+00:00, run_after=2025-02-01 00:00:00+00:00
[2025-02-01T07:38:02.331+0000] {processor.py:208} INFO - Processing /home/airflow/.local/lib/python3.12/site-packages/airflow/example_dags/example_bash_operator.py took 0.102 seconds
[2025-02-01T07:38:32.636+0000] {processor.py:186} INFO - Started process (PID=597) to work on /home/airflow/.local/lib/python3.12/site-packages/airflow/example_dags/example_bash_operator.py
[2025-02-01T07:38:32.639+0000] {processor.py:914} INFO - Processing file /home/airflow/.local/lib/python3.12/site-packages/airflow/example_dags/example_bash_operator.py for tasks to queue
[2025-02-01T07:38:32.644+0000] {logging_mixin.py:190} INFO - [2025-02-01T07:38:32.643+0000] {dagbag.py:588} INFO - Filling up the DagBag from /home/airflow/.local/lib/python3.12/site-packages/airflow/example_dags/example_bash_operator.py
[2025-02-01T07:38:32.709+0000] {processor.py:925} INFO - DAG(s) 'example_bash_operator' retrieved from /home/airflow/.local/lib/python3.12/site-packages/airflow/example_dags/example_bash_operator.py
[2025-02-01T07:38:32.826+0000] {logging_mixin.py:190} INFO - [2025-02-01T07:38:32.826+0000] {dag.py:3239} INFO - Sync 1 DAGs
[2025-02-01T07:38:32.899+0000] {logging_mixin.py:190} INFO - [2025-02-01T07:38:32.899+0000] {dag.py:4180} INFO - Setting next_dagrun for example_bash_operator to 2025-01-31 00:00:00+00:00, run_after=2025-02-01 00:00:00+00:00
[2025-02-01T07:38:32.961+0000] {processor.py:208} INFO - Processing /home/airflow/.local/lib/python3.12/site-packages/airflow/example_dags/example_bash_operator.py took 0.339 seconds
[2025-02-01T07:39:03.512+0000] {processor.py:186} INFO - Started process (PID=660) to work on /home/airflow/.local/lib/python3.12/site-packages/airflow/example_dags/example_bash_operator.py
[2025-02-01T07:39:03.514+0000] {processor.py:914} INFO - Processing file /home/airflow/.local/lib/python3.12/site-packages/airflow/example_dags/example_bash_operator.py for tasks to queue
[2025-02-01T07:39:03.516+0000] {logging_mixin.py:190} INFO - [2025-02-01T07:39:03.515+0000] {dagbag.py:588} INFO - Filling up the DagBag from /home/airflow/.local/lib/python3.12/site-packages/airflow/example_dags/example_bash_operator.py
[2025-02-01T07:39:03.528+0000] {processor.py:925} INFO - DAG(s) 'example_bash_operator' retrieved from /home/airflow/.local/lib/python3.12/site-packages/airflow/example_dags/example_bash_operator.py
[2025-02-01T07:39:03.556+0000] {logging_mixin.py:190} INFO - [2025-02-01T07:39:03.556+0000] {dag.py:3239} INFO - Sync 1 DAGs
[2025-02-01T07:39:03.579+0000] {logging_mixin.py:190} INFO - [2025-02-01T07:39:03.579+0000] {dag.py:4180} INFO - Setting next_dagrun for example_bash_operator to 2025-01-31 00:00:00+00:00, run_after=2025-02-01 00:00:00+00:00
[2025-02-01T07:39:03.603+0000] {processor.py:208} INFO - Processing /home/airflow/.local/lib/python3.12/site-packages/airflow/example_dags/example_bash_operator.py took 0.097 seconds
[2025-02-01T07:39:34.255+0000] {processor.py:186} INFO - Started process (PID=723) to work on /home/airflow/.local/lib/python3.12/site-packages/airflow/example_dags/example_bash_operator.py
[2025-02-01T07:39:34.258+0000] {processor.py:914} INFO - Processing file /home/airflow/.local/lib/python3.12/site-packages/airflow/example_dags/example_bash_operator.py for tasks to queue
[2025-02-01T07:39:34.273+0000] {logging_mixin.py:190} INFO - [2025-02-01T07:39:34.272+0000] {dagbag.py:588} INFO - Filling up the DagBag from /home/airflow/.local/lib/python3.12/site-packages/airflow/example_dags/example_bash_operator.py
[2025-02-01T07:39:34.386+0000] {processor.py:925} INFO - DAG(s) 'example_bash_operator' retrieved from /home/airflow/.local/lib/python3.12/site-packages/airflow/example_dags/example_bash_operator.py
[2025-02-01T07:39:34.575+0000] {logging_mixin.py:190} INFO - [2025-02-01T07:39:34.574+0000] {dag.py:3239} INFO - Sync 1 DAGs
[2025-02-01T07:39:34.711+0000] {logging_mixin.py:190} INFO - [2025-02-01T07:39:34.710+0000] {dag.py:4180} INFO - Setting next_dagrun for example_bash_operator to 2025-01-31 00:00:00+00:00, run_after=2025-02-01 00:00:00+00:00
[2025-02-01T07:39:34.828+0000] {processor.py:208} INFO - Processing /home/airflow/.local/lib/python3.12/site-packages/airflow/example_dags/example_bash_operator.py took 0.600 seconds
[2025-02-01T07:40:05.524+0000] {processor.py:186} INFO - Started process (PID=785) to work on /home/airflow/.local/lib/python3.12/site-packages/airflow/example_dags/example_bash_operator.py
[2025-02-01T07:40:05.524+0000] {processor.py:914} INFO - Processing file /home/airflow/.local/lib/python3.12/site-packages/airflow/example_dags/example_bash_operator.py for tasks to queue
[2025-02-01T07:40:05.526+0000] {logging_mixin.py:190} INFO - [2025-02-01T07:40:05.526+0000] {dagbag.py:588} INFO - Filling up the DagBag from /home/airflow/.local/lib/python3.12/site-packages/airflow/example_dags/example_bash_operator.py
[2025-02-01T07:40:05.539+0000] {processor.py:925} INFO - DAG(s) 'example_bash_operator' retrieved from /home/airflow/.local/lib/python3.12/site-packages/airflow/example_dags/example_bash_operator.py
[2025-02-01T07:40:05.566+0000] {logging_mixin.py:190} INFO - [2025-02-01T07:40:05.566+0000] {dag.py:3239} INFO - Sync 1 DAGs
[2025-02-01T07:40:05.587+0000] {logging_mixin.py:190} INFO - [2025-02-01T07:40:05.587+0000] {dag.py:4180} INFO - Setting next_dagrun for example_bash_operator to 2025-01-31 00:00:00+00:00, run_after=2025-02-01 00:00:00+00:00
[2025-02-01T07:40:05.608+0000] {processor.py:208} INFO - Processing /home/airflow/.local/lib/python3.12/site-packages/airflow/example_dags/example_bash_operator.py took 0.089 seconds
[2025-02-01T07:40:36.107+0000] {processor.py:186} INFO - Started process (PID=848) to work on /home/airflow/.local/lib/python3.12/site-packages/airflow/example_dags/example_bash_operator.py
[2025-02-01T07:40:36.108+0000] {processor.py:914} INFO - Processing file /home/airflow/.local/lib/python3.12/site-packages/airflow/example_dags/example_bash_operator.py for tasks to queue
[2025-02-01T07:40:36.110+0000] {logging_mixin.py:190} INFO - [2025-02-01T07:40:36.110+0000] {dagbag.py:588} INFO - Filling up the DagBag from /home/airflow/.local/lib/python3.12/site-packages/airflow/example_dags/example_bash_operator.py
[2025-02-01T07:40:36.122+0000] {processor.py:925} INFO - DAG(s) 'example_bash_operator' retrieved from /home/airflow/.local/lib/python3.12/site-packages/airflow/example_dags/example_bash_operator.py
[2025-02-01T07:40:36.146+0000] {logging_mixin.py:190} INFO - [2025-02-01T07:40:36.146+0000] {dag.py:3239} INFO - Sync 1 DAGs
[2025-02-01T07:40:36.168+0000] {logging_mixin.py:190} INFO - [2025-02-01T07:40:36.168+0000] {dag.py:4180} INFO - Setting next_dagrun for example_bash_operator to 2025-01-31 00:00:00+00:00, run_after=2025-02-01 00:00:00+00:00
[2025-02-01T07:40:36.191+0000] {processor.py:208} INFO - Processing /home/airflow/.local/lib/python3.12/site-packages/airflow/example_dags/example_bash_operator.py took 0.089 seconds
[2025-02-01T07:41:06.734+0000] {processor.py:186} INFO - Started process (PID=911) to work on /home/airflow/.local/lib/python3.12/site-packages/airflow/example_dags/example_bash_operator.py
[2025-02-01T07:41:06.738+0000] {processor.py:914} INFO - Processing file /home/airflow/.local/lib/python3.12/site-packages/airflow/example_dags/example_bash_operator.py for tasks to queue
[2025-02-01T07:41:06.743+0000] {logging_mixin.py:190} INFO - [2025-02-01T07:41:06.743+0000] {dagbag.py:588} INFO - Filling up the DagBag from /home/airflow/.local/lib/python3.12/site-packages/airflow/example_dags/example_bash_operator.py
[2025-02-01T07:41:06.769+0000] {processor.py:925} INFO - DAG(s) 'example_bash_operator' retrieved from /home/airflow/.local/lib/python3.12/site-packages/airflow/example_dags/example_bash_operator.py
[2025-02-01T07:41:06.814+0000] {logging_mixin.py:190} INFO - [2025-02-01T07:41:06.814+0000] {dag.py:3239} INFO - Sync 1 DAGs
[2025-02-01T07:41:06.861+0000] {logging_mixin.py:190} INFO - [2025-02-01T07:41:06.860+0000] {dag.py:4180} INFO - Setting next_dagrun for example_bash_operator to 2025-01-31 00:00:00+00:00, run_after=2025-02-01 00:00:00+00:00
[2025-02-01T07:41:06.896+0000] {processor.py:208} INFO - Processing /home/airflow/.local/lib/python3.12/site-packages/airflow/example_dags/example_bash_operator.py took 0.177 seconds
[2025-02-01T07:41:37.422+0000] {processor.py:186} INFO - Started process (PID=974) to work on /home/airflow/.local/lib/python3.12/site-packages/airflow/example_dags/example_bash_operator.py
[2025-02-01T07:41:37.424+0000] {processor.py:914} INFO - Processing file /home/airflow/.local/lib/python3.12/site-packages/airflow/example_dags/example_bash_operator.py for tasks to queue
[2025-02-01T07:41:37.426+0000] {logging_mixin.py:190} INFO - [2025-02-01T07:41:37.426+0000] {dagbag.py:588} INFO - Filling up the DagBag from /home/airflow/.local/lib/python3.12/site-packages/airflow/example_dags/example_bash_operator.py
[2025-02-01T07:41:37.441+0000] {processor.py:925} INFO - DAG(s) 'example_bash_operator' retrieved from /home/airflow/.local/lib/python3.12/site-packages/airflow/example_dags/example_bash_operator.py
[2025-02-01T07:41:37.469+0000] {logging_mixin.py:190} INFO - [2025-02-01T07:41:37.469+0000] {dag.py:3239} INFO - Sync 1 DAGs
[2025-02-01T07:41:37.493+0000] {logging_mixin.py:190} INFO - [2025-02-01T07:41:37.493+0000] {dag.py:4180} INFO - Setting next_dagrun for example_bash_operator to 2025-01-31 00:00:00+00:00, run_after=2025-02-01 00:00:00+00:00
[2025-02-01T07:41:37.517+0000] {processor.py:208} INFO - Processing /home/airflow/.local/lib/python3.12/site-packages/airflow/example_dags/example_bash_operator.py took 0.101 seconds
[2025-02-01T07:42:08.382+0000] {processor.py:186} INFO - Started process (PID=1037) to work on /home/airflow/.local/lib/python3.12/site-packages/airflow/example_dags/example_bash_operator.py
[2025-02-01T07:42:08.383+0000] {processor.py:914} INFO - Processing file /home/airflow/.local/lib/python3.12/site-packages/airflow/example_dags/example_bash_operator.py for tasks to queue
[2025-02-01T07:42:08.385+0000] {logging_mixin.py:190} INFO - [2025-02-01T07:42:08.385+0000] {dagbag.py:588} INFO - Filling up the DagBag from /home/airflow/.local/lib/python3.12/site-packages/airflow/example_dags/example_bash_operator.py
[2025-02-01T07:42:08.399+0000] {processor.py:925} INFO - DAG(s) 'example_bash_operator' retrieved from /home/airflow/.local/lib/python3.12/site-packages/airflow/example_dags/example_bash_operator.py
[2025-02-01T07:42:08.426+0000] {logging_mixin.py:190} INFO - [2025-02-01T07:42:08.426+0000] {dag.py:3239} INFO - Sync 1 DAGs
[2025-02-01T07:42:08.447+0000] {logging_mixin.py:190} INFO - [2025-02-01T07:42:08.447+0000] {dag.py:4180} INFO - Setting next_dagrun for example_bash_operator to 2025-01-31 00:00:00+00:00, run_after=2025-02-01 00:00:00+00:00
[2025-02-01T07:42:08.468+0000] {processor.py:208} INFO - Processing /home/airflow/.local/lib/python3.12/site-packages/airflow/example_dags/example_bash_operator.py took 0.091 seconds
[2025-02-01T07:42:38.830+0000] {processor.py:186} INFO - Started process (PID=1100) to work on /home/airflow/.local/lib/python3.12/site-packages/airflow/example_dags/example_bash_operator.py
[2025-02-01T07:42:38.832+0000] {processor.py:914} INFO - Processing file /home/airflow/.local/lib/python3.12/site-packages/airflow/example_dags/example_bash_operator.py for tasks to queue
[2025-02-01T07:42:38.838+0000] {logging_mixin.py:190} INFO - [2025-02-01T07:42:38.838+0000] {dagbag.py:588} INFO - Filling up the DagBag from /home/airflow/.local/lib/python3.12/site-packages/airflow/example_dags/example_bash_operator.py
[2025-02-01T07:42:38.866+0000] {processor.py:925} INFO - DAG(s) 'example_bash_operator' retrieved from /home/airflow/.local/lib/python3.12/site-packages/airflow/example_dags/example_bash_operator.py
[2025-02-01T07:42:38.935+0000] {logging_mixin.py:190} INFO - [2025-02-01T07:42:38.935+0000] {dag.py:3239} INFO - Sync 1 DAGs
[2025-02-01T07:42:38.986+0000] {logging_mixin.py:190} INFO - [2025-02-01T07:42:38.986+0000] {dag.py:4180} INFO - Setting next_dagrun for example_bash_operator to 2025-01-31 00:00:00+00:00, run_after=2025-02-01 00:00:00+00:00
[2025-02-01T07:42:39.023+0000] {processor.py:208} INFO - Processing /home/airflow/.local/lib/python3.12/site-packages/airflow/example_dags/example_bash_operator.py took 0.207 seconds
[2025-02-01T07:43:09.148+0000] {processor.py:186} INFO - Started process (PID=1163) to work on /home/airflow/.local/lib/python3.12/site-packages/airflow/example_dags/example_bash_operator.py
[2025-02-01T07:43:09.150+0000] {processor.py:914} INFO - Processing file /home/airflow/.local/lib/python3.12/site-packages/airflow/example_dags/example_bash_operator.py for tasks to queue
[2025-02-01T07:43:09.153+0000] {logging_mixin.py:190} INFO - [2025-02-01T07:43:09.153+0000] {dagbag.py:588} INFO - Filling up the DagBag from /home/airflow/.local/lib/python3.12/site-packages/airflow/example_dags/example_bash_operator.py
[2025-02-01T07:43:09.175+0000] {processor.py:925} INFO - DAG(s) 'example_bash_operator' retrieved from /home/airflow/.local/lib/python3.12/site-packages/airflow/example_dags/example_bash_operator.py
[2025-02-01T07:43:09.217+0000] {logging_mixin.py:190} INFO - [2025-02-01T07:43:09.217+0000] {dag.py:3239} INFO - Sync 1 DAGs
[2025-02-01T07:43:09.256+0000] {logging_mixin.py:190} INFO - [2025-02-01T07:43:09.256+0000] {dag.py:4180} INFO - Setting next_dagrun for example_bash_operator to 2025-01-31 00:00:00+00:00, run_after=2025-02-01 00:00:00+00:00
[2025-02-01T07:43:09.292+0000] {processor.py:208} INFO - Processing /home/airflow/.local/lib/python3.12/site-packages/airflow/example_dags/example_bash_operator.py took 0.152 seconds
[2025-02-01T07:43:39.505+0000] {processor.py:186} INFO - Started process (PID=1225) to work on /home/airflow/.local/lib/python3.12/site-packages/airflow/example_dags/example_bash_operator.py
[2025-02-01T07:43:39.507+0000] {processor.py:914} INFO - Processing file /home/airflow/.local/lib/python3.12/site-packages/airflow/example_dags/example_bash_operator.py for tasks to queue
[2025-02-01T07:43:39.512+0000] {logging_mixin.py:190} INFO - [2025-02-01T07:43:39.511+0000] {dagbag.py:588} INFO - Filling up the DagBag from /home/airflow/.local/lib/python3.12/site-packages/airflow/example_dags/example_bash_operator.py
[2025-02-01T07:43:39.540+0000] {processor.py:925} INFO - DAG(s) 'example_bash_operator' retrieved from /home/airflow/.local/lib/python3.12/site-packages/airflow/example_dags/example_bash_operator.py
[2025-02-01T07:43:39.599+0000] {logging_mixin.py:190} INFO - [2025-02-01T07:43:39.599+0000] {dag.py:3239} INFO - Sync 1 DAGs
[2025-02-01T07:43:39.677+0000] {logging_mixin.py:190} INFO - [2025-02-01T07:43:39.677+0000] {dag.py:4180} INFO - Setting next_dagrun for example_bash_operator to 2025-01-31 00:00:00+00:00, run_after=2025-02-01 00:00:00+00:00
[2025-02-01T07:43:39.727+0000] {processor.py:208} INFO - Processing /home/airflow/.local/lib/python3.12/site-packages/airflow/example_dags/example_bash_operator.py took 0.233 seconds
[2025-02-01T07:44:09.830+0000] {processor.py:186} INFO - Started process (PID=1287) to work on /home/airflow/.local/lib/python3.12/site-packages/airflow/example_dags/example_bash_operator.py
[2025-02-01T07:44:09.832+0000] {processor.py:914} INFO - Processing file /home/airflow/.local/lib/python3.12/site-packages/airflow/example_dags/example_bash_operator.py for tasks to queue
[2025-02-01T07:44:09.843+0000] {logging_mixin.py:190} INFO - [2025-02-01T07:44:09.842+0000] {dagbag.py:588} INFO - Filling up the DagBag from /home/airflow/.local/lib/python3.12/site-packages/airflow/example_dags/example_bash_operator.py
[2025-02-01T07:44:09.912+0000] {processor.py:925} INFO - DAG(s) 'example_bash_operator' retrieved from /home/airflow/.local/lib/python3.12/site-packages/airflow/example_dags/example_bash_operator.py
[2025-02-01T07:44:10.067+0000] {logging_mixin.py:190} INFO - [2025-02-01T07:44:10.067+0000] {dag.py:3239} INFO - Sync 1 DAGs
[2025-02-01T07:44:10.240+0000] {logging_mixin.py:190} INFO - [2025-02-01T07:44:10.240+0000] {dag.py:4180} INFO - Setting next_dagrun for example_bash_operator to 2025-01-31 00:00:00+00:00, run_after=2025-02-01 00:00:00+00:00
[2025-02-01T07:44:10.380+0000] {processor.py:208} INFO - Processing /home/airflow/.local/lib/python3.12/site-packages/airflow/example_dags/example_bash_operator.py took 0.566 seconds
[2025-02-01T07:44:40.552+0000] {processor.py:186} INFO - Started process (PID=1351) to work on /home/airflow/.local/lib/python3.12/site-packages/airflow/example_dags/example_bash_operator.py
[2025-02-01T07:44:40.554+0000] {processor.py:914} INFO - Processing file /home/airflow/.local/lib/python3.12/site-packages/airflow/example_dags/example_bash_operator.py for tasks to queue
[2025-02-01T07:44:40.557+0000] {logging_mixin.py:190} INFO - [2025-02-01T07:44:40.557+0000] {dagbag.py:588} INFO - Filling up the DagBag from /home/airflow/.local/lib/python3.12/site-packages/airflow/example_dags/example_bash_operator.py
[2025-02-01T07:44:40.573+0000] {processor.py:925} INFO - DAG(s) 'example_bash_operator' retrieved from /home/airflow/.local/lib/python3.12/site-packages/airflow/example_dags/example_bash_operator.py
[2025-02-01T07:44:40.606+0000] {logging_mixin.py:190} INFO - [2025-02-01T07:44:40.606+0000] {dag.py:3239} INFO - Sync 1 DAGs
[2025-02-01T07:44:40.633+0000] {logging_mixin.py:190} INFO - [2025-02-01T07:44:40.633+0000] {dag.py:4180} INFO - Setting next_dagrun for example_bash_operator to 2025-01-31 00:00:00+00:00, run_after=2025-02-01 00:00:00+00:00
[2025-02-01T07:44:40.659+0000] {processor.py:208} INFO - Processing /home/airflow/.local/lib/python3.12/site-packages/airflow/example_dags/example_bash_operator.py took 0.113 seconds
[2025-02-01T07:45:10.960+0000] {processor.py:186} INFO - Started process (PID=1415) to work on /home/airflow/.local/lib/python3.12/site-packages/airflow/example_dags/example_bash_operator.py
[2025-02-01T07:45:10.961+0000] {processor.py:914} INFO - Processing file /home/airflow/.local/lib/python3.12/site-packages/airflow/example_dags/example_bash_operator.py for tasks to queue
[2025-02-01T07:45:10.964+0000] {logging_mixin.py:190} INFO - [2025-02-01T07:45:10.964+0000] {dagbag.py:588} INFO - Filling up the DagBag from /home/airflow/.local/lib/python3.12/site-packages/airflow/example_dags/example_bash_operator.py
[2025-02-01T07:45:10.983+0000] {processor.py:925} INFO - DAG(s) 'example_bash_operator' retrieved from /home/airflow/.local/lib/python3.12/site-packages/airflow/example_dags/example_bash_operator.py
[2025-02-01T07:45:11.021+0000] {logging_mixin.py:190} INFO - [2025-02-01T07:45:11.021+0000] {dag.py:3239} INFO - Sync 1 DAGs
[2025-02-01T07:45:11.054+0000] {logging_mixin.py:190} INFO - [2025-02-01T07:45:11.053+0000] {dag.py:4180} INFO - Setting next_dagrun for example_bash_operator to 2025-01-31 00:00:00+00:00, run_after=2025-02-01 00:00:00+00:00
[2025-02-01T07:45:11.082+0000] {processor.py:208} INFO - Processing /home/airflow/.local/lib/python3.12/site-packages/airflow/example_dags/example_bash_operator.py took 0.131 seconds
[2025-02-01T07:45:41.650+0000] {processor.py:186} INFO - Started process (PID=1479) to work on /home/airflow/.local/lib/python3.12/site-packages/airflow/example_dags/example_bash_operator.py
[2025-02-01T07:45:41.653+0000] {processor.py:914} INFO - Processing file /home/airflow/.local/lib/python3.12/site-packages/airflow/example_dags/example_bash_operator.py for tasks to queue
[2025-02-01T07:45:41.657+0000] {logging_mixin.py:190} INFO - [2025-02-01T07:45:41.656+0000] {dagbag.py:588} INFO - Filling up the DagBag from /home/airflow/.local/lib/python3.12/site-packages/airflow/example_dags/example_bash_operator.py
[2025-02-01T07:45:41.673+0000] {processor.py:925} INFO - DAG(s) 'example_bash_operator' retrieved from /home/airflow/.local/lib/python3.12/site-packages/airflow/example_dags/example_bash_operator.py
[2025-02-01T07:45:41.708+0000] {logging_mixin.py:190} INFO - [2025-02-01T07:45:41.707+0000] {dag.py:3239} INFO - Sync 1 DAGs
[2025-02-01T07:45:41.738+0000] {logging_mixin.py:190} INFO - [2025-02-01T07:45:41.738+0000] {dag.py:4180} INFO - Setting next_dagrun for example_bash_operator to 2025-01-31 00:00:00+00:00, run_after=2025-02-01 00:00:00+00:00
[2025-02-01T07:45:41.767+0000] {processor.py:208} INFO - Processing /home/airflow/.local/lib/python3.12/site-packages/airflow/example_dags/example_bash_operator.py took 0.131 seconds
[2025-02-01T07:46:11.973+0000] {processor.py:186} INFO - Started process (PID=1539) to work on /home/airflow/.local/lib/python3.12/site-packages/airflow/example_dags/example_bash_operator.py
[2025-02-01T07:46:11.978+0000] {processor.py:914} INFO - Processing file /home/airflow/.local/lib/python3.12/site-packages/airflow/example_dags/example_bash_operator.py for tasks to queue
[2025-02-01T07:46:11.988+0000] {logging_mixin.py:190} INFO - [2025-02-01T07:46:11.988+0000] {dagbag.py:588} INFO - Filling up the DagBag from /home/airflow/.local/lib/python3.12/site-packages/airflow/example_dags/example_bash_operator.py
[2025-02-01T07:46:12.040+0000] {processor.py:925} INFO - DAG(s) 'example_bash_operator' retrieved from /home/airflow/.local/lib/python3.12/site-packages/airflow/example_dags/example_bash_operator.py
[2025-02-01T07:46:12.136+0000] {logging_mixin.py:190} INFO - [2025-02-01T07:46:12.135+0000] {dag.py:3239} INFO - Sync 1 DAGs
[2025-02-01T07:46:12.216+0000] {logging_mixin.py:190} INFO - [2025-02-01T07:46:12.215+0000] {dag.py:4180} INFO - Setting next_dagrun for example_bash_operator to 2025-01-31 00:00:00+00:00, run_after=2025-02-01 00:00:00+00:00
[2025-02-01T07:46:12.275+0000] {processor.py:208} INFO - Processing /home/airflow/.local/lib/python3.12/site-packages/airflow/example_dags/example_bash_operator.py took 0.323 seconds
[2025-02-01T07:46:43.021+0000] {processor.py:186} INFO - Started process (PID=1603) to work on /home/airflow/.local/lib/python3.12/site-packages/airflow/example_dags/example_bash_operator.py
[2025-02-01T07:46:43.023+0000] {processor.py:914} INFO - Processing file /home/airflow/.local/lib/python3.12/site-packages/airflow/example_dags/example_bash_operator.py for tasks to queue
[2025-02-01T07:46:43.028+0000] {logging_mixin.py:190} INFO - [2025-02-01T07:46:43.028+0000] {dagbag.py:588} INFO - Filling up the DagBag from /home/airflow/.local/lib/python3.12/site-packages/airflow/example_dags/example_bash_operator.py
[2025-02-01T07:46:43.072+0000] {processor.py:925} INFO - DAG(s) 'example_bash_operator' retrieved from /home/airflow/.local/lib/python3.12/site-packages/airflow/example_dags/example_bash_operator.py
[2025-02-01T07:46:43.156+0000] {logging_mixin.py:190} INFO - [2025-02-01T07:46:43.155+0000] {dag.py:3239} INFO - Sync 1 DAGs
[2025-02-01T07:46:43.218+0000] {logging_mixin.py:190} INFO - [2025-02-01T07:46:43.217+0000] {dag.py:4180} INFO - Setting next_dagrun for example_bash_operator to 2025-01-31 00:00:00+00:00, run_after=2025-02-01 00:00:00+00:00
[2025-02-01T07:46:43.269+0000] {processor.py:208} INFO - Processing /home/airflow/.local/lib/python3.12/site-packages/airflow/example_dags/example_bash_operator.py took 0.267 seconds
[2025-02-01T07:47:13.523+0000] {processor.py:186} INFO - Started process (PID=1668) to work on /home/airflow/.local/lib/python3.12/site-packages/airflow/example_dags/example_bash_operator.py
[2025-02-01T07:47:13.526+0000] {processor.py:914} INFO - Processing file /home/airflow/.local/lib/python3.12/site-packages/airflow/example_dags/example_bash_operator.py for tasks to queue
[2025-02-01T07:47:13.542+0000] {logging_mixin.py:190} INFO - [2025-02-01T07:47:13.541+0000] {dagbag.py:588} INFO - Filling up the DagBag from /home/airflow/.local/lib/python3.12/site-packages/airflow/example_dags/example_bash_operator.py
[2025-02-01T07:47:13.593+0000] {processor.py:925} INFO - DAG(s) 'example_bash_operator' retrieved from /home/airflow/.local/lib/python3.12/site-packages/airflow/example_dags/example_bash_operator.py
[2025-02-01T07:47:13.736+0000] {logging_mixin.py:190} INFO - [2025-02-01T07:47:13.735+0000] {dag.py:3239} INFO - Sync 1 DAGs
[2025-02-01T07:47:13.879+0000] {logging_mixin.py:190} INFO - [2025-02-01T07:47:13.878+0000] {dag.py:4180} INFO - Setting next_dagrun for example_bash_operator to 2025-01-31 00:00:00+00:00, run_after=2025-02-01 00:00:00+00:00
[2025-02-01T07:47:13.997+0000] {processor.py:208} INFO - Processing /home/airflow/.local/lib/python3.12/site-packages/airflow/example_dags/example_bash_operator.py took 0.506 seconds
[2025-02-01T07:47:44.177+0000] {processor.py:186} INFO - Started process (PID=1734) to work on /home/airflow/.local/lib/python3.12/site-packages/airflow/example_dags/example_bash_operator.py
[2025-02-01T07:47:44.180+0000] {processor.py:914} INFO - Processing file /home/airflow/.local/lib/python3.12/site-packages/airflow/example_dags/example_bash_operator.py for tasks to queue
[2025-02-01T07:47:44.184+0000] {logging_mixin.py:190} INFO - [2025-02-01T07:47:44.183+0000] {dagbag.py:588} INFO - Filling up the DagBag from /home/airflow/.local/lib/python3.12/site-packages/airflow/example_dags/example_bash_operator.py
[2025-02-01T07:47:44.201+0000] {processor.py:925} INFO - DAG(s) 'example_bash_operator' retrieved from /home/airflow/.local/lib/python3.12/site-packages/airflow/example_dags/example_bash_operator.py
[2025-02-01T07:47:44.239+0000] {logging_mixin.py:190} INFO - [2025-02-01T07:47:44.239+0000] {dag.py:3239} INFO - Sync 1 DAGs
[2025-02-01T07:47:44.274+0000] {logging_mixin.py:190} INFO - [2025-02-01T07:47:44.274+0000] {dag.py:4180} INFO - Setting next_dagrun for example_bash_operator to 2025-01-31 00:00:00+00:00, run_after=2025-02-01 00:00:00+00:00
[2025-02-01T07:47:44.307+0000] {processor.py:208} INFO - Processing /home/airflow/.local/lib/python3.12/site-packages/airflow/example_dags/example_bash_operator.py took 0.141 seconds
[2025-02-01T07:48:14.888+0000] {processor.py:186} INFO - Started process (PID=1798) to work on /home/airflow/.local/lib/python3.12/site-packages/airflow/example_dags/example_bash_operator.py
[2025-02-01T07:48:14.889+0000] {processor.py:914} INFO - Processing file /home/airflow/.local/lib/python3.12/site-packages/airflow/example_dags/example_bash_operator.py for tasks to queue
[2025-02-01T07:48:14.893+0000] {logging_mixin.py:190} INFO - [2025-02-01T07:48:14.893+0000] {dagbag.py:588} INFO - Filling up the DagBag from /home/airflow/.local/lib/python3.12/site-packages/airflow/example_dags/example_bash_operator.py
[2025-02-01T07:48:14.916+0000] {processor.py:925} INFO - DAG(s) 'example_bash_operator' retrieved from /home/airflow/.local/lib/python3.12/site-packages/airflow/example_dags/example_bash_operator.py
[2025-02-01T07:48:14.958+0000] {logging_mixin.py:190} INFO - [2025-02-01T07:48:14.958+0000] {dag.py:3239} INFO - Sync 1 DAGs
[2025-02-01T07:48:15.003+0000] {logging_mixin.py:190} INFO - [2025-02-01T07:48:15.003+0000] {dag.py:4180} INFO - Setting next_dagrun for example_bash_operator to 2025-01-31 00:00:00+00:00, run_after=2025-02-01 00:00:00+00:00
[2025-02-01T07:48:15.037+0000] {processor.py:208} INFO - Processing /home/airflow/.local/lib/python3.12/site-packages/airflow/example_dags/example_bash_operator.py took 0.160 seconds
[2025-02-01T07:48:45.301+0000] {processor.py:186} INFO - Started process (PID=1853) to work on /home/airflow/.local/lib/python3.12/site-packages/airflow/example_dags/example_bash_operator.py
[2025-02-01T07:48:45.302+0000] {processor.py:914} INFO - Processing file /home/airflow/.local/lib/python3.12/site-packages/airflow/example_dags/example_bash_operator.py for tasks to queue
[2025-02-01T07:48:45.304+0000] {logging_mixin.py:190} INFO - [2025-02-01T07:48:45.304+0000] {dagbag.py:588} INFO - Filling up the DagBag from /home/airflow/.local/lib/python3.12/site-packages/airflow/example_dags/example_bash_operator.py
[2025-02-01T07:48:45.316+0000] {processor.py:925} INFO - DAG(s) 'example_bash_operator' retrieved from /home/airflow/.local/lib/python3.12/site-packages/airflow/example_dags/example_bash_operator.py
[2025-02-01T07:48:45.340+0000] {logging_mixin.py:190} INFO - [2025-02-01T07:48:45.340+0000] {dag.py:3239} INFO - Sync 1 DAGs
[2025-02-01T07:48:45.361+0000] {logging_mixin.py:190} INFO - [2025-02-01T07:48:45.360+0000] {dag.py:4180} INFO - Setting next_dagrun for example_bash_operator to 2025-01-31 00:00:00+00:00, run_after=2025-02-01 00:00:00+00:00
[2025-02-01T07:48:45.383+0000] {processor.py:208} INFO - Processing /home/airflow/.local/lib/python3.12/site-packages/airflow/example_dags/example_bash_operator.py took 0.087 seconds
[2025-02-01T07:49:15.832+0000] {processor.py:186} INFO - Started process (PID=1917) to work on /home/airflow/.local/lib/python3.12/site-packages/airflow/example_dags/example_bash_operator.py
[2025-02-01T07:49:15.835+0000] {processor.py:914} INFO - Processing file /home/airflow/.local/lib/python3.12/site-packages/airflow/example_dags/example_bash_operator.py for tasks to queue
[2025-02-01T07:49:15.840+0000] {logging_mixin.py:190} INFO - [2025-02-01T07:49:15.839+0000] {dagbag.py:588} INFO - Filling up the DagBag from /home/airflow/.local/lib/python3.12/site-packages/airflow/example_dags/example_bash_operator.py
[2025-02-01T07:49:15.863+0000] {processor.py:925} INFO - DAG(s) 'example_bash_operator' retrieved from /home/airflow/.local/lib/python3.12/site-packages/airflow/example_dags/example_bash_operator.py
[2025-02-01T07:49:15.921+0000] {logging_mixin.py:190} INFO - [2025-02-01T07:49:15.921+0000] {dag.py:3239} INFO - Sync 1 DAGs
[2025-02-01T07:49:15.974+0000] {logging_mixin.py:190} INFO - [2025-02-01T07:49:15.974+0000] {dag.py:4180} INFO - Setting next_dagrun for example_bash_operator to 2025-01-31 00:00:00+00:00, run_after=2025-02-01 00:00:00+00:00
[2025-02-01T07:49:16.016+0000] {processor.py:208} INFO - Processing /home/airflow/.local/lib/python3.12/site-packages/airflow/example_dags/example_bash_operator.py took 0.197 seconds
[2025-02-01T07:49:46.113+0000] {processor.py:186} INFO - Started process (PID=1981) to work on /home/airflow/.local/lib/python3.12/site-packages/airflow/example_dags/example_bash_operator.py
[2025-02-01T07:49:46.114+0000] {processor.py:914} INFO - Processing file /home/airflow/.local/lib/python3.12/site-packages/airflow/example_dags/example_bash_operator.py for tasks to queue
[2025-02-01T07:49:46.117+0000] {logging_mixin.py:190} INFO - [2025-02-01T07:49:46.116+0000] {dagbag.py:588} INFO - Filling up the DagBag from /home/airflow/.local/lib/python3.12/site-packages/airflow/example_dags/example_bash_operator.py
[2025-02-01T07:49:46.131+0000] {processor.py:925} INFO - DAG(s) 'example_bash_operator' retrieved from /home/airflow/.local/lib/python3.12/site-packages/airflow/example_dags/example_bash_operator.py
[2025-02-01T07:49:46.155+0000] {logging_mixin.py:190} INFO - [2025-02-01T07:49:46.154+0000] {dag.py:3239} INFO - Sync 1 DAGs
[2025-02-01T07:49:46.176+0000] {logging_mixin.py:190} INFO - [2025-02-01T07:49:46.176+0000] {dag.py:4180} INFO - Setting next_dagrun for example_bash_operator to 2025-01-31 00:00:00+00:00, run_after=2025-02-01 00:00:00+00:00
[2025-02-01T07:49:46.199+0000] {processor.py:208} INFO - Processing /home/airflow/.local/lib/python3.12/site-packages/airflow/example_dags/example_bash_operator.py took 0.090 seconds
[2025-02-01T07:50:16.320+0000] {processor.py:186} INFO - Started process (PID=2045) to work on /home/airflow/.local/lib/python3.12/site-packages/airflow/example_dags/example_bash_operator.py
[2025-02-01T07:50:16.321+0000] {processor.py:914} INFO - Processing file /home/airflow/.local/lib/python3.12/site-packages/airflow/example_dags/example_bash_operator.py for tasks to queue
[2025-02-01T07:50:16.324+0000] {logging_mixin.py:190} INFO - [2025-02-01T07:50:16.323+0000] {dagbag.py:588} INFO - Filling up the DagBag from /home/airflow/.local/lib/python3.12/site-packages/airflow/example_dags/example_bash_operator.py
[2025-02-01T07:50:16.339+0000] {processor.py:925} INFO - DAG(s) 'example_bash_operator' retrieved from /home/airflow/.local/lib/python3.12/site-packages/airflow/example_dags/example_bash_operator.py
[2025-02-01T07:50:16.371+0000] {logging_mixin.py:190} INFO - [2025-02-01T07:50:16.371+0000] {dag.py:3239} INFO - Sync 1 DAGs
[2025-02-01T07:50:16.398+0000] {logging_mixin.py:190} INFO - [2025-02-01T07:50:16.397+0000] {dag.py:4180} INFO - Setting next_dagrun for example_bash_operator to 2025-01-31 00:00:00+00:00, run_after=2025-02-01 00:00:00+00:00
[2025-02-01T07:50:16.423+0000] {processor.py:208} INFO - Processing /home/airflow/.local/lib/python3.12/site-packages/airflow/example_dags/example_bash_operator.py took 0.110 seconds
[2025-02-01T07:50:47.211+0000] {processor.py:186} INFO - Started process (PID=2115) to work on /home/airflow/.local/lib/python3.12/site-packages/airflow/example_dags/example_bash_operator.py
[2025-02-01T07:50:47.213+0000] {processor.py:914} INFO - Processing file /home/airflow/.local/lib/python3.12/site-packages/airflow/example_dags/example_bash_operator.py for tasks to queue
[2025-02-01T07:50:47.217+0000] {logging_mixin.py:190} INFO - [2025-02-01T07:50:47.216+0000] {dagbag.py:588} INFO - Filling up the DagBag from /home/airflow/.local/lib/python3.12/site-packages/airflow/example_dags/example_bash_operator.py
[2025-02-01T07:50:47.234+0000] {processor.py:925} INFO - DAG(s) 'example_bash_operator' retrieved from /home/airflow/.local/lib/python3.12/site-packages/airflow/example_dags/example_bash_operator.py
[2025-02-01T07:50:47.273+0000] {logging_mixin.py:190} INFO - [2025-02-01T07:50:47.272+0000] {dag.py:3239} INFO - Sync 1 DAGs
[2025-02-01T07:50:47.303+0000] {logging_mixin.py:190} INFO - [2025-02-01T07:50:47.302+0000] {dag.py:4180} INFO - Setting next_dagrun for example_bash_operator to 2025-01-31 00:00:00+00:00, run_after=2025-02-01 00:00:00+00:00
[2025-02-01T07:50:47.334+0000] {processor.py:208} INFO - Processing /home/airflow/.local/lib/python3.12/site-packages/airflow/example_dags/example_bash_operator.py took 0.130 seconds
[2025-02-01T07:51:17.437+0000] {processor.py:186} INFO - Started process (PID=2179) to work on /home/airflow/.local/lib/python3.12/site-packages/airflow/example_dags/example_bash_operator.py
[2025-02-01T07:51:17.439+0000] {processor.py:914} INFO - Processing file /home/airflow/.local/lib/python3.12/site-packages/airflow/example_dags/example_bash_operator.py for tasks to queue
[2025-02-01T07:51:17.443+0000] {logging_mixin.py:190} INFO - [2025-02-01T07:51:17.443+0000] {dagbag.py:588} INFO - Filling up the DagBag from /home/airflow/.local/lib/python3.12/site-packages/airflow/example_dags/example_bash_operator.py
[2025-02-01T07:51:17.479+0000] {processor.py:925} INFO - DAG(s) 'example_bash_operator' retrieved from /home/airflow/.local/lib/python3.12/site-packages/airflow/example_dags/example_bash_operator.py
[2025-02-01T07:51:17.597+0000] {logging_mixin.py:190} INFO - [2025-02-01T07:51:17.597+0000] {dag.py:3239} INFO - Sync 1 DAGs
[2025-02-01T07:51:17.654+0000] {logging_mixin.py:190} INFO - [2025-02-01T07:51:17.653+0000] {dag.py:4180} INFO - Setting next_dagrun for example_bash_operator to 2025-01-31 00:00:00+00:00, run_after=2025-02-01 00:00:00+00:00
[2025-02-01T07:51:17.700+0000] {processor.py:208} INFO - Processing /home/airflow/.local/lib/python3.12/site-packages/airflow/example_dags/example_bash_operator.py took 0.274 seconds
[2025-02-01T07:51:47.799+0000] {processor.py:186} INFO - Started process (PID=2242) to work on /home/airflow/.local/lib/python3.12/site-packages/airflow/example_dags/example_bash_operator.py
[2025-02-01T07:51:47.800+0000] {processor.py:914} INFO - Processing file /home/airflow/.local/lib/python3.12/site-packages/airflow/example_dags/example_bash_operator.py for tasks to queue
[2025-02-01T07:51:47.803+0000] {logging_mixin.py:190} INFO - [2025-02-01T07:51:47.803+0000] {dagbag.py:588} INFO - Filling up the DagBag from /home/airflow/.local/lib/python3.12/site-packages/airflow/example_dags/example_bash_operator.py
[2025-02-01T07:51:47.818+0000] {processor.py:925} INFO - DAG(s) 'example_bash_operator' retrieved from /home/airflow/.local/lib/python3.12/site-packages/airflow/example_dags/example_bash_operator.py
[2025-02-01T07:51:47.849+0000] {logging_mixin.py:190} INFO - [2025-02-01T07:51:47.849+0000] {dag.py:3239} INFO - Sync 1 DAGs
[2025-02-01T07:51:47.880+0000] {logging_mixin.py:190} INFO - [2025-02-01T07:51:47.880+0000] {dag.py:4180} INFO - Setting next_dagrun for example_bash_operator to 2025-01-31 00:00:00+00:00, run_after=2025-02-01 00:00:00+00:00
[2025-02-01T07:51:47.905+0000] {processor.py:208} INFO - Processing /home/airflow/.local/lib/python3.12/site-packages/airflow/example_dags/example_bash_operator.py took 0.113 seconds
[2025-02-01T07:52:18.021+0000] {processor.py:186} INFO - Started process (PID=2306) to work on /home/airflow/.local/lib/python3.12/site-packages/airflow/example_dags/example_bash_operator.py
[2025-02-01T07:52:18.023+0000] {processor.py:914} INFO - Processing file /home/airflow/.local/lib/python3.12/site-packages/airflow/example_dags/example_bash_operator.py for tasks to queue
[2025-02-01T07:52:18.026+0000] {logging_mixin.py:190} INFO - [2025-02-01T07:52:18.025+0000] {dagbag.py:588} INFO - Filling up the DagBag from /home/airflow/.local/lib/python3.12/site-packages/airflow/example_dags/example_bash_operator.py
[2025-02-01T07:52:18.040+0000] {processor.py:925} INFO - DAG(s) 'example_bash_operator' retrieved from /home/airflow/.local/lib/python3.12/site-packages/airflow/example_dags/example_bash_operator.py
[2025-02-01T07:52:18.074+0000] {logging_mixin.py:190} INFO - [2025-02-01T07:52:18.073+0000] {dag.py:3239} INFO - Sync 1 DAGs
[2025-02-01T07:52:18.100+0000] {logging_mixin.py:190} INFO - [2025-02-01T07:52:18.100+0000] {dag.py:4180} INFO - Setting next_dagrun for example_bash_operator to 2025-01-31 00:00:00+00:00, run_after=2025-02-01 00:00:00+00:00
[2025-02-01T07:52:18.125+0000] {processor.py:208} INFO - Processing /home/airflow/.local/lib/python3.12/site-packages/airflow/example_dags/example_bash_operator.py took 0.110 seconds
[2025-02-01T07:52:48.985+0000] {processor.py:186} INFO - Started process (PID=2370) to work on /home/airflow/.local/lib/python3.12/site-packages/airflow/example_dags/example_bash_operator.py
[2025-02-01T07:52:48.988+0000] {processor.py:914} INFO - Processing file /home/airflow/.local/lib/python3.12/site-packages/airflow/example_dags/example_bash_operator.py for tasks to queue
[2025-02-01T07:52:48.995+0000] {logging_mixin.py:190} INFO - [2025-02-01T07:52:48.994+0000] {dagbag.py:588} INFO - Filling up the DagBag from /home/airflow/.local/lib/python3.12/site-packages/airflow/example_dags/example_bash_operator.py
[2025-02-01T07:52:49.026+0000] {processor.py:925} INFO - DAG(s) 'example_bash_operator' retrieved from /home/airflow/.local/lib/python3.12/site-packages/airflow/example_dags/example_bash_operator.py
[2025-02-01T07:52:49.103+0000] {logging_mixin.py:190} INFO - [2025-02-01T07:52:49.102+0000] {dag.py:3239} INFO - Sync 1 DAGs
[2025-02-01T07:52:49.174+0000] {logging_mixin.py:190} INFO - [2025-02-01T07:52:49.173+0000] {dag.py:4180} INFO - Setting next_dagrun for example_bash_operator to 2025-01-31 00:00:00+00:00, run_after=2025-02-01 00:00:00+00:00
[2025-02-01T07:52:49.223+0000] {processor.py:208} INFO - Processing /home/airflow/.local/lib/python3.12/site-packages/airflow/example_dags/example_bash_operator.py took 0.253 seconds
[2025-02-01T07:53:19.372+0000] {processor.py:186} INFO - Started process (PID=2434) to work on /home/airflow/.local/lib/python3.12/site-packages/airflow/example_dags/example_bash_operator.py
[2025-02-01T07:53:19.374+0000] {processor.py:914} INFO - Processing file /home/airflow/.local/lib/python3.12/site-packages/airflow/example_dags/example_bash_operator.py for tasks to queue
[2025-02-01T07:53:19.387+0000] {logging_mixin.py:190} INFO - [2025-02-01T07:53:19.386+0000] {dagbag.py:588} INFO - Filling up the DagBag from /home/airflow/.local/lib/python3.12/site-packages/airflow/example_dags/example_bash_operator.py
[2025-02-01T07:53:19.425+0000] {processor.py:925} INFO - DAG(s) 'example_bash_operator' retrieved from /home/airflow/.local/lib/python3.12/site-packages/airflow/example_dags/example_bash_operator.py
[2025-02-01T07:53:19.491+0000] {logging_mixin.py:190} INFO - [2025-02-01T07:53:19.490+0000] {dag.py:3239} INFO - Sync 1 DAGs
[2025-02-01T07:53:19.543+0000] {logging_mixin.py:190} INFO - [2025-02-01T07:53:19.542+0000] {dag.py:4180} INFO - Setting next_dagrun for example_bash_operator to 2025-01-31 00:00:00+00:00, run_after=2025-02-01 00:00:00+00:00
[2025-02-01T07:53:19.583+0000] {processor.py:208} INFO - Processing /home/airflow/.local/lib/python3.12/site-packages/airflow/example_dags/example_bash_operator.py took 0.232 seconds
[2025-02-01T07:53:49.696+0000] {processor.py:186} INFO - Started process (PID=2498) to work on /home/airflow/.local/lib/python3.12/site-packages/airflow/example_dags/example_bash_operator.py
[2025-02-01T07:53:49.699+0000] {processor.py:914} INFO - Processing file /home/airflow/.local/lib/python3.12/site-packages/airflow/example_dags/example_bash_operator.py for tasks to queue
[2025-02-01T07:53:49.703+0000] {logging_mixin.py:190} INFO - [2025-02-01T07:53:49.703+0000] {dagbag.py:588} INFO - Filling up the DagBag from /home/airflow/.local/lib/python3.12/site-packages/airflow/example_dags/example_bash_operator.py
[2025-02-01T07:53:49.726+0000] {processor.py:925} INFO - DAG(s) 'example_bash_operator' retrieved from /home/airflow/.local/lib/python3.12/site-packages/airflow/example_dags/example_bash_operator.py
[2025-02-01T07:53:49.770+0000] {logging_mixin.py:190} INFO - [2025-02-01T07:53:49.770+0000] {dag.py:3239} INFO - Sync 1 DAGs
[2025-02-01T07:53:49.814+0000] {logging_mixin.py:190} INFO - [2025-02-01T07:53:49.814+0000] {dag.py:4180} INFO - Setting next_dagrun for example_bash_operator to 2025-01-31 00:00:00+00:00, run_after=2025-02-01 00:00:00+00:00
[2025-02-01T07:53:49.852+0000] {processor.py:208} INFO - Processing /home/airflow/.local/lib/python3.12/site-packages/airflow/example_dags/example_bash_operator.py took 0.167 seconds
[2025-02-01T07:54:20.176+0000] {processor.py:186} INFO - Started process (PID=2562) to work on /home/airflow/.local/lib/python3.12/site-packages/airflow/example_dags/example_bash_operator.py
[2025-02-01T07:54:20.178+0000] {processor.py:914} INFO - Processing file /home/airflow/.local/lib/python3.12/site-packages/airflow/example_dags/example_bash_operator.py for tasks to queue
[2025-02-01T07:54:20.182+0000] {logging_mixin.py:190} INFO - [2025-02-01T07:54:20.182+0000] {dagbag.py:588} INFO - Filling up the DagBag from /home/airflow/.local/lib/python3.12/site-packages/airflow/example_dags/example_bash_operator.py
[2025-02-01T07:54:20.203+0000] {processor.py:925} INFO - DAG(s) 'example_bash_operator' retrieved from /home/airflow/.local/lib/python3.12/site-packages/airflow/example_dags/example_bash_operator.py
[2025-02-01T07:54:20.253+0000] {logging_mixin.py:190} INFO - [2025-02-01T07:54:20.253+0000] {dag.py:3239} INFO - Sync 1 DAGs
[2025-02-01T07:54:20.296+0000] {logging_mixin.py:190} INFO - [2025-02-01T07:54:20.295+0000] {dag.py:4180} INFO - Setting next_dagrun for example_bash_operator to 2025-01-31 00:00:00+00:00, run_after=2025-02-01 00:00:00+00:00
[2025-02-01T07:54:20.329+0000] {processor.py:208} INFO - Processing /home/airflow/.local/lib/python3.12/site-packages/airflow/example_dags/example_bash_operator.py took 0.162 seconds
[2025-02-01T07:54:51.408+0000] {processor.py:186} INFO - Started process (PID=2626) to work on /home/airflow/.local/lib/python3.12/site-packages/airflow/example_dags/example_bash_operator.py
[2025-02-01T07:54:51.411+0000] {processor.py:914} INFO - Processing file /home/airflow/.local/lib/python3.12/site-packages/airflow/example_dags/example_bash_operator.py for tasks to queue
[2025-02-01T07:54:51.415+0000] {logging_mixin.py:190} INFO - [2025-02-01T07:54:51.414+0000] {dagbag.py:588} INFO - Filling up the DagBag from /home/airflow/.local/lib/python3.12/site-packages/airflow/example_dags/example_bash_operator.py
[2025-02-01T07:54:51.444+0000] {processor.py:925} INFO - DAG(s) 'example_bash_operator' retrieved from /home/airflow/.local/lib/python3.12/site-packages/airflow/example_dags/example_bash_operator.py
[2025-02-01T07:54:51.521+0000] {logging_mixin.py:190} INFO - [2025-02-01T07:54:51.519+0000] {dag.py:3239} INFO - Sync 1 DAGs
[2025-02-01T07:54:51.585+0000] {logging_mixin.py:190} INFO - [2025-02-01T07:54:51.585+0000] {dag.py:4180} INFO - Setting next_dagrun for example_bash_operator to 2025-01-31 00:00:00+00:00, run_after=2025-02-01 00:00:00+00:00
[2025-02-01T07:54:51.633+0000] {processor.py:208} INFO - Processing /home/airflow/.local/lib/python3.12/site-packages/airflow/example_dags/example_bash_operator.py took 0.238 seconds
[2025-02-01T07:55:22.212+0000] {processor.py:186} INFO - Started process (PID=2689) to work on /home/airflow/.local/lib/python3.12/site-packages/airflow/example_dags/example_bash_operator.py
[2025-02-01T07:55:22.215+0000] {processor.py:914} INFO - Processing file /home/airflow/.local/lib/python3.12/site-packages/airflow/example_dags/example_bash_operator.py for tasks to queue
[2025-02-01T07:55:22.221+0000] {logging_mixin.py:190} INFO - [2025-02-01T07:55:22.221+0000] {dagbag.py:588} INFO - Filling up the DagBag from /home/airflow/.local/lib/python3.12/site-packages/airflow/example_dags/example_bash_operator.py
[2025-02-01T07:55:22.249+0000] {processor.py:925} INFO - DAG(s) 'example_bash_operator' retrieved from /home/airflow/.local/lib/python3.12/site-packages/airflow/example_dags/example_bash_operator.py
[2025-02-01T07:55:22.301+0000] {logging_mixin.py:190} INFO - [2025-02-01T07:55:22.300+0000] {dag.py:3239} INFO - Sync 1 DAGs
[2025-02-01T07:55:22.346+0000] {logging_mixin.py:190} INFO - [2025-02-01T07:55:22.346+0000] {dag.py:4180} INFO - Setting next_dagrun for example_bash_operator to 2025-01-31 00:00:00+00:00, run_after=2025-02-01 00:00:00+00:00
[2025-02-01T07:55:22.380+0000] {processor.py:208} INFO - Processing /home/airflow/.local/lib/python3.12/site-packages/airflow/example_dags/example_bash_operator.py took 0.183 seconds
[2025-02-01T07:55:52.640+0000] {processor.py:186} INFO - Started process (PID=2752) to work on /home/airflow/.local/lib/python3.12/site-packages/airflow/example_dags/example_bash_operator.py
[2025-02-01T07:55:52.642+0000] {processor.py:914} INFO - Processing file /home/airflow/.local/lib/python3.12/site-packages/airflow/example_dags/example_bash_operator.py for tasks to queue
[2025-02-01T07:55:52.645+0000] {logging_mixin.py:190} INFO - [2025-02-01T07:55:52.645+0000] {dagbag.py:588} INFO - Filling up the DagBag from /home/airflow/.local/lib/python3.12/site-packages/airflow/example_dags/example_bash_operator.py
[2025-02-01T07:55:52.661+0000] {processor.py:925} INFO - DAG(s) 'example_bash_operator' retrieved from /home/airflow/.local/lib/python3.12/site-packages/airflow/example_dags/example_bash_operator.py
[2025-02-01T07:55:52.695+0000] {logging_mixin.py:190} INFO - [2025-02-01T07:55:52.695+0000] {dag.py:3239} INFO - Sync 1 DAGs
[2025-02-01T07:55:52.725+0000] {logging_mixin.py:190} INFO - [2025-02-01T07:55:52.725+0000] {dag.py:4180} INFO - Setting next_dagrun for example_bash_operator to 2025-01-31 00:00:00+00:00, run_after=2025-02-01 00:00:00+00:00
[2025-02-01T07:55:52.750+0000] {processor.py:208} INFO - Processing /home/airflow/.local/lib/python3.12/site-packages/airflow/example_dags/example_bash_operator.py took 0.118 seconds
[2025-02-01T07:56:23.506+0000] {processor.py:186} INFO - Started process (PID=2815) to work on /home/airflow/.local/lib/python3.12/site-packages/airflow/example_dags/example_bash_operator.py
[2025-02-01T07:56:23.507+0000] {processor.py:914} INFO - Processing file /home/airflow/.local/lib/python3.12/site-packages/airflow/example_dags/example_bash_operator.py for tasks to queue
[2025-02-01T07:56:23.518+0000] {logging_mixin.py:190} INFO - [2025-02-01T07:56:23.517+0000] {dagbag.py:588} INFO - Filling up the DagBag from /home/airflow/.local/lib/python3.12/site-packages/airflow/example_dags/example_bash_operator.py
[2025-02-01T07:56:23.549+0000] {processor.py:925} INFO - DAG(s) 'example_bash_operator' retrieved from /home/airflow/.local/lib/python3.12/site-packages/airflow/example_dags/example_bash_operator.py
[2025-02-01T07:56:23.594+0000] {logging_mixin.py:190} INFO - [2025-02-01T07:56:23.593+0000] {dag.py:3239} INFO - Sync 1 DAGs
[2025-02-01T07:56:23.636+0000] {logging_mixin.py:190} INFO - [2025-02-01T07:56:23.636+0000] {dag.py:4180} INFO - Setting next_dagrun for example_bash_operator to 2025-01-31 00:00:00+00:00, run_after=2025-02-01 00:00:00+00:00
[2025-02-01T07:56:23.668+0000] {processor.py:208} INFO - Processing /home/airflow/.local/lib/python3.12/site-packages/airflow/example_dags/example_bash_operator.py took 0.175 seconds
[2025-02-01T07:56:54.619+0000] {processor.py:186} INFO - Started process (PID=2879) to work on /home/airflow/.local/lib/python3.12/site-packages/airflow/example_dags/example_bash_operator.py
[2025-02-01T07:56:54.621+0000] {processor.py:914} INFO - Processing file /home/airflow/.local/lib/python3.12/site-packages/airflow/example_dags/example_bash_operator.py for tasks to queue
[2025-02-01T07:56:54.626+0000] {logging_mixin.py:190} INFO - [2025-02-01T07:56:54.626+0000] {dagbag.py:588} INFO - Filling up the DagBag from /home/airflow/.local/lib/python3.12/site-packages/airflow/example_dags/example_bash_operator.py
[2025-02-01T07:56:54.660+0000] {processor.py:925} INFO - DAG(s) 'example_bash_operator' retrieved from /home/airflow/.local/lib/python3.12/site-packages/airflow/example_dags/example_bash_operator.py
[2025-02-01T07:56:54.723+0000] {logging_mixin.py:190} INFO - [2025-02-01T07:56:54.722+0000] {dag.py:3239} INFO - Sync 1 DAGs
[2025-02-01T07:56:54.796+0000] {logging_mixin.py:190} INFO - [2025-02-01T07:56:54.796+0000] {dag.py:4180} INFO - Setting next_dagrun for example_bash_operator to 2025-01-31 00:00:00+00:00, run_after=2025-02-01 00:00:00+00:00
[2025-02-01T07:56:54.847+0000] {processor.py:208} INFO - Processing /home/airflow/.local/lib/python3.12/site-packages/airflow/example_dags/example_bash_operator.py took 0.241 seconds
[2025-02-01T07:57:24.999+0000] {processor.py:186} INFO - Started process (PID=2942) to work on /home/airflow/.local/lib/python3.12/site-packages/airflow/example_dags/example_bash_operator.py
[2025-02-01T07:57:25.000+0000] {processor.py:914} INFO - Processing file /home/airflow/.local/lib/python3.12/site-packages/airflow/example_dags/example_bash_operator.py for tasks to queue
[2025-02-01T07:57:25.003+0000] {logging_mixin.py:190} INFO - [2025-02-01T07:57:25.003+0000] {dagbag.py:588} INFO - Filling up the DagBag from /home/airflow/.local/lib/python3.12/site-packages/airflow/example_dags/example_bash_operator.py
[2025-02-01T07:57:25.020+0000] {processor.py:925} INFO - DAG(s) 'example_bash_operator' retrieved from /home/airflow/.local/lib/python3.12/site-packages/airflow/example_dags/example_bash_operator.py
[2025-02-01T07:57:25.053+0000] {logging_mixin.py:190} INFO - [2025-02-01T07:57:25.053+0000] {dag.py:3239} INFO - Sync 1 DAGs
[2025-02-01T07:57:25.084+0000] {logging_mixin.py:190} INFO - [2025-02-01T07:57:25.084+0000] {dag.py:4180} INFO - Setting next_dagrun for example_bash_operator to 2025-01-31 00:00:00+00:00, run_after=2025-02-01 00:00:00+00:00
[2025-02-01T07:57:25.106+0000] {processor.py:208} INFO - Processing /home/airflow/.local/lib/python3.12/site-packages/airflow/example_dags/example_bash_operator.py took 0.115 seconds
[2025-02-01T07:57:55.428+0000] {processor.py:186} INFO - Started process (PID=3006) to work on /home/airflow/.local/lib/python3.12/site-packages/airflow/example_dags/example_bash_operator.py
[2025-02-01T07:57:55.429+0000] {processor.py:914} INFO - Processing file /home/airflow/.local/lib/python3.12/site-packages/airflow/example_dags/example_bash_operator.py for tasks to queue
[2025-02-01T07:57:55.434+0000] {logging_mixin.py:190} INFO - [2025-02-01T07:57:55.434+0000] {dagbag.py:588} INFO - Filling up the DagBag from /home/airflow/.local/lib/python3.12/site-packages/airflow/example_dags/example_bash_operator.py
[2025-02-01T07:57:55.458+0000] {processor.py:925} INFO - DAG(s) 'example_bash_operator' retrieved from /home/airflow/.local/lib/python3.12/site-packages/airflow/example_dags/example_bash_operator.py
[2025-02-01T07:57:55.497+0000] {logging_mixin.py:190} INFO - [2025-02-01T07:57:55.497+0000] {dag.py:3239} INFO - Sync 1 DAGs
[2025-02-01T07:57:55.535+0000] {logging_mixin.py:190} INFO - [2025-02-01T07:57:55.534+0000] {dag.py:4180} INFO - Setting next_dagrun for example_bash_operator to 2025-01-31 00:00:00+00:00, run_after=2025-02-01 00:00:00+00:00
[2025-02-01T07:57:55.565+0000] {processor.py:208} INFO - Processing /home/airflow/.local/lib/python3.12/site-packages/airflow/example_dags/example_bash_operator.py took 0.148 seconds
[2025-02-01T07:58:25.703+0000] {processor.py:186} INFO - Started process (PID=3070) to work on /home/airflow/.local/lib/python3.12/site-packages/airflow/example_dags/example_bash_operator.py
[2025-02-01T07:58:25.705+0000] {processor.py:914} INFO - Processing file /home/airflow/.local/lib/python3.12/site-packages/airflow/example_dags/example_bash_operator.py for tasks to queue
[2025-02-01T07:58:25.710+0000] {logging_mixin.py:190} INFO - [2025-02-01T07:58:25.709+0000] {dagbag.py:588} INFO - Filling up the DagBag from /home/airflow/.local/lib/python3.12/site-packages/airflow/example_dags/example_bash_operator.py
[2025-02-01T07:58:25.741+0000] {processor.py:925} INFO - DAG(s) 'example_bash_operator' retrieved from /home/airflow/.local/lib/python3.12/site-packages/airflow/example_dags/example_bash_operator.py
[2025-02-01T07:58:25.790+0000] {logging_mixin.py:190} INFO - [2025-02-01T07:58:25.789+0000] {dag.py:3239} INFO - Sync 1 DAGs
[2025-02-01T07:58:25.837+0000] {logging_mixin.py:190} INFO - [2025-02-01T07:58:25.837+0000] {dag.py:4180} INFO - Setting next_dagrun for example_bash_operator to 2025-01-31 00:00:00+00:00, run_after=2025-02-01 00:00:00+00:00
[2025-02-01T07:58:25.878+0000] {processor.py:208} INFO - Processing /home/airflow/.local/lib/python3.12/site-packages/airflow/example_dags/example_bash_operator.py took 0.185 seconds
[2025-02-01T07:58:56.223+0000] {processor.py:186} INFO - Started process (PID=3134) to work on /home/airflow/.local/lib/python3.12/site-packages/airflow/example_dags/example_bash_operator.py
[2025-02-01T07:58:56.224+0000] {processor.py:914} INFO - Processing file /home/airflow/.local/lib/python3.12/site-packages/airflow/example_dags/example_bash_operator.py for tasks to queue
[2025-02-01T07:58:56.228+0000] {logging_mixin.py:190} INFO - [2025-02-01T07:58:56.227+0000] {dagbag.py:588} INFO - Filling up the DagBag from /home/airflow/.local/lib/python3.12/site-packages/airflow/example_dags/example_bash_operator.py
[2025-02-01T07:58:56.243+0000] {processor.py:925} INFO - DAG(s) 'example_bash_operator' retrieved from /home/airflow/.local/lib/python3.12/site-packages/airflow/example_dags/example_bash_operator.py
[2025-02-01T07:58:56.280+0000] {logging_mixin.py:190} INFO - [2025-02-01T07:58:56.280+0000] {dag.py:3239} INFO - Sync 1 DAGs
[2025-02-01T07:58:56.314+0000] {logging_mixin.py:190} INFO - [2025-02-01T07:58:56.313+0000] {dag.py:4180} INFO - Setting next_dagrun for example_bash_operator to 2025-01-31 00:00:00+00:00, run_after=2025-02-01 00:00:00+00:00
[2025-02-01T07:58:56.340+0000] {processor.py:208} INFO - Processing /home/airflow/.local/lib/python3.12/site-packages/airflow/example_dags/example_bash_operator.py took 0.126 seconds
[2025-02-01T07:59:27.964+0000] {processor.py:186} INFO - Started process (PID=3198) to work on /home/airflow/.local/lib/python3.12/site-packages/airflow/example_dags/example_bash_operator.py
[2025-02-01T07:59:27.966+0000] {processor.py:914} INFO - Processing file /home/airflow/.local/lib/python3.12/site-packages/airflow/example_dags/example_bash_operator.py for tasks to queue
[2025-02-01T07:59:27.971+0000] {logging_mixin.py:190} INFO - [2025-02-01T07:59:27.970+0000] {dagbag.py:588} INFO - Filling up the DagBag from /home/airflow/.local/lib/python3.12/site-packages/airflow/example_dags/example_bash_operator.py
[2025-02-01T07:59:27.995+0000] {processor.py:925} INFO - DAG(s) 'example_bash_operator' retrieved from /home/airflow/.local/lib/python3.12/site-packages/airflow/example_dags/example_bash_operator.py
[2025-02-01T07:59:28.047+0000] {logging_mixin.py:190} INFO - [2025-02-01T07:59:28.047+0000] {dag.py:3239} INFO - Sync 1 DAGs
[2025-02-01T07:59:28.124+0000] {logging_mixin.py:190} INFO - [2025-02-01T07:59:28.123+0000] {dag.py:4180} INFO - Setting next_dagrun for example_bash_operator to 2025-01-31 00:00:00+00:00, run_after=2025-02-01 00:00:00+00:00
[2025-02-01T07:59:28.211+0000] {processor.py:208} INFO - Processing /home/airflow/.local/lib/python3.12/site-packages/airflow/example_dags/example_bash_operator.py took 0.260 seconds
[2025-02-01T07:59:58.426+0000] {processor.py:186} INFO - Started process (PID=3261) to work on /home/airflow/.local/lib/python3.12/site-packages/airflow/example_dags/example_bash_operator.py
[2025-02-01T07:59:58.427+0000] {processor.py:914} INFO - Processing file /home/airflow/.local/lib/python3.12/site-packages/airflow/example_dags/example_bash_operator.py for tasks to queue
[2025-02-01T07:59:58.432+0000] {logging_mixin.py:190} INFO - [2025-02-01T07:59:58.431+0000] {dagbag.py:588} INFO - Filling up the DagBag from /home/airflow/.local/lib/python3.12/site-packages/airflow/example_dags/example_bash_operator.py
[2025-02-01T07:59:58.454+0000] {processor.py:925} INFO - DAG(s) 'example_bash_operator' retrieved from /home/airflow/.local/lib/python3.12/site-packages/airflow/example_dags/example_bash_operator.py
[2025-02-01T07:59:58.502+0000] {logging_mixin.py:190} INFO - [2025-02-01T07:59:58.502+0000] {dag.py:3239} INFO - Sync 1 DAGs
[2025-02-01T07:59:58.772+0000] {logging_mixin.py:190} INFO - [2025-02-01T07:59:58.772+0000] {dag.py:4180} INFO - Setting next_dagrun for example_bash_operator to 2025-01-31 00:00:00+00:00, run_after=2025-02-01 00:00:00+00:00
[2025-02-01T07:59:58.805+0000] {processor.py:208} INFO - Processing /home/airflow/.local/lib/python3.12/site-packages/airflow/example_dags/example_bash_operator.py took 0.390 seconds
