[2025-02-01T07:34:48.311+0000] {processor.py:186} INFO - Started process (PID=140) to work on /home/airflow/.local/lib/python3.12/site-packages/airflow/example_dags/example_nested_branch_dag.py
[2025-02-01T07:34:48.314+0000] {processor.py:914} INFO - Processing file /home/airflow/.local/lib/python3.12/site-packages/airflow/example_dags/example_nested_branch_dag.py for tasks to queue
[2025-02-01T07:34:48.322+0000] {logging_mixin.py:190} INFO - [2025-02-01T07:34:48.321+0000] {dagbag.py:588} INFO - Filling up the DagBag from /home/airflow/.local/lib/python3.12/site-packages/airflow/example_dags/example_nested_branch_dag.py
[2025-02-01T07:34:48.373+0000] {processor.py:925} INFO - DAG(s) 'example_nested_branch_dag' retrieved from /home/airflow/.local/lib/python3.12/site-packages/airflow/example_dags/example_nested_branch_dag.py
[2025-02-01T07:34:48.997+0000] {logging_mixin.py:190} INFO - [2025-02-01T07:34:48.995+0000] {override.py:1911} INFO - Created Permission View: can edit on DAG:example_nested_branch_dag
[2025-02-01T07:34:49.041+0000] {logging_mixin.py:190} INFO - [2025-02-01T07:34:49.040+0000] {override.py:1911} INFO - Created Permission View: can delete on DAG:example_nested_branch_dag
[2025-02-01T07:34:49.068+0000] {logging_mixin.py:190} INFO - [2025-02-01T07:34:49.067+0000] {override.py:1911} INFO - Created Permission View: can read on DAG:example_nested_branch_dag
[2025-02-01T07:34:49.097+0000] {logging_mixin.py:190} INFO - [2025-02-01T07:34:49.096+0000] {override.py:1911} INFO - Created Permission View: can create on DAG Run:example_nested_branch_dag
[2025-02-01T07:34:49.127+0000] {logging_mixin.py:190} INFO - [2025-02-01T07:34:49.127+0000] {override.py:1911} INFO - Created Permission View: can delete on DAG Run:example_nested_branch_dag
[2025-02-01T07:34:49.155+0000] {logging_mixin.py:190} INFO - [2025-02-01T07:34:49.155+0000] {override.py:1911} INFO - Created Permission View: menu access on DAG Run:example_nested_branch_dag
[2025-02-01T07:34:49.185+0000] {logging_mixin.py:190} INFO - [2025-02-01T07:34:49.184+0000] {override.py:1911} INFO - Created Permission View: can read on DAG Run:example_nested_branch_dag
[2025-02-01T07:34:49.192+0000] {logging_mixin.py:190} INFO - [2025-02-01T07:34:49.191+0000] {dag.py:3239} INFO - Sync 1 DAGs
[2025-02-01T07:34:49.239+0000] {logging_mixin.py:190} INFO - [2025-02-01T07:34:49.238+0000] {dag.py:3262} INFO - Creating ORM DAG for example_nested_branch_dag
[2025-02-01T07:34:49.275+0000] {logging_mixin.py:190} INFO - [2025-02-01T07:34:49.275+0000] {dag.py:4180} INFO - Setting next_dagrun for example_nested_branch_dag to 2025-01-31 00:00:00+00:00, run_after=2025-02-01 00:00:00+00:00
[2025-02-01T07:34:49.325+0000] {processor.py:208} INFO - Processing /home/airflow/.local/lib/python3.12/site-packages/airflow/example_dags/example_nested_branch_dag.py took 1.035 seconds
[2025-02-01T07:35:19.659+0000] {processor.py:186} INFO - Started process (PID=203) to work on /home/airflow/.local/lib/python3.12/site-packages/airflow/example_dags/example_nested_branch_dag.py
[2025-02-01T07:35:19.661+0000] {processor.py:914} INFO - Processing file /home/airflow/.local/lib/python3.12/site-packages/airflow/example_dags/example_nested_branch_dag.py for tasks to queue
[2025-02-01T07:35:19.667+0000] {logging_mixin.py:190} INFO - [2025-02-01T07:35:19.666+0000] {dagbag.py:588} INFO - Filling up the DagBag from /home/airflow/.local/lib/python3.12/site-packages/airflow/example_dags/example_nested_branch_dag.py
[2025-02-01T07:35:19.687+0000] {processor.py:925} INFO - DAG(s) 'example_nested_branch_dag' retrieved from /home/airflow/.local/lib/python3.12/site-packages/airflow/example_dags/example_nested_branch_dag.py
[2025-02-01T07:35:19.722+0000] {logging_mixin.py:190} INFO - [2025-02-01T07:35:19.722+0000] {dag.py:3239} INFO - Sync 1 DAGs
[2025-02-01T07:35:19.774+0000] {logging_mixin.py:190} INFO - [2025-02-01T07:35:19.774+0000] {dag.py:4180} INFO - Setting next_dagrun for example_nested_branch_dag to 2025-01-31 00:00:00+00:00, run_after=2025-02-01 00:00:00+00:00
[2025-02-01T07:35:19.813+0000] {processor.py:208} INFO - Processing /home/airflow/.local/lib/python3.12/site-packages/airflow/example_dags/example_nested_branch_dag.py took 0.164 seconds
[2025-02-01T07:35:51.183+0000] {processor.py:186} INFO - Started process (PID=267) to work on /home/airflow/.local/lib/python3.12/site-packages/airflow/example_dags/example_nested_branch_dag.py
[2025-02-01T07:35:51.185+0000] {processor.py:914} INFO - Processing file /home/airflow/.local/lib/python3.12/site-packages/airflow/example_dags/example_nested_branch_dag.py for tasks to queue
[2025-02-01T07:35:51.192+0000] {logging_mixin.py:190} INFO - [2025-02-01T07:35:51.191+0000] {dagbag.py:588} INFO - Filling up the DagBag from /home/airflow/.local/lib/python3.12/site-packages/airflow/example_dags/example_nested_branch_dag.py
[2025-02-01T07:35:51.234+0000] {processor.py:925} INFO - DAG(s) 'example_nested_branch_dag' retrieved from /home/airflow/.local/lib/python3.12/site-packages/airflow/example_dags/example_nested_branch_dag.py
[2025-02-01T07:35:51.306+0000] {logging_mixin.py:190} INFO - [2025-02-01T07:35:51.305+0000] {dag.py:3239} INFO - Sync 1 DAGs
[2025-02-01T07:35:51.427+0000] {logging_mixin.py:190} INFO - [2025-02-01T07:35:51.426+0000] {dag.py:4180} INFO - Setting next_dagrun for example_nested_branch_dag to 2025-01-31 00:00:00+00:00, run_after=2025-02-01 00:00:00+00:00
[2025-02-01T07:35:51.625+0000] {processor.py:208} INFO - Processing /home/airflow/.local/lib/python3.12/site-packages/airflow/example_dags/example_nested_branch_dag.py took 0.486 seconds
[2025-02-01T07:36:21.838+0000] {processor.py:186} INFO - Started process (PID=329) to work on /home/airflow/.local/lib/python3.12/site-packages/airflow/example_dags/example_nested_branch_dag.py
[2025-02-01T07:36:21.840+0000] {processor.py:914} INFO - Processing file /home/airflow/.local/lib/python3.12/site-packages/airflow/example_dags/example_nested_branch_dag.py for tasks to queue
[2025-02-01T07:36:21.844+0000] {logging_mixin.py:190} INFO - [2025-02-01T07:36:21.843+0000] {dagbag.py:588} INFO - Filling up the DagBag from /home/airflow/.local/lib/python3.12/site-packages/airflow/example_dags/example_nested_branch_dag.py
[2025-02-01T07:36:21.859+0000] {processor.py:925} INFO - DAG(s) 'example_nested_branch_dag' retrieved from /home/airflow/.local/lib/python3.12/site-packages/airflow/example_dags/example_nested_branch_dag.py
[2025-02-01T07:36:21.885+0000] {logging_mixin.py:190} INFO - [2025-02-01T07:36:21.885+0000] {dag.py:3239} INFO - Sync 1 DAGs
[2025-02-01T07:36:21.913+0000] {logging_mixin.py:190} INFO - [2025-02-01T07:36:21.913+0000] {dag.py:4180} INFO - Setting next_dagrun for example_nested_branch_dag to 2025-01-31 00:00:00+00:00, run_after=2025-02-01 00:00:00+00:00
[2025-02-01T07:36:21.940+0000] {processor.py:208} INFO - Processing /home/airflow/.local/lib/python3.12/site-packages/airflow/example_dags/example_nested_branch_dag.py took 0.109 seconds
[2025-02-01T07:36:52.659+0000] {processor.py:186} INFO - Started process (PID=392) to work on /home/airflow/.local/lib/python3.12/site-packages/airflow/example_dags/example_nested_branch_dag.py
[2025-02-01T07:36:52.660+0000] {processor.py:914} INFO - Processing file /home/airflow/.local/lib/python3.12/site-packages/airflow/example_dags/example_nested_branch_dag.py for tasks to queue
[2025-02-01T07:36:52.663+0000] {logging_mixin.py:190} INFO - [2025-02-01T07:36:52.662+0000] {dagbag.py:588} INFO - Filling up the DagBag from /home/airflow/.local/lib/python3.12/site-packages/airflow/example_dags/example_nested_branch_dag.py
[2025-02-01T07:36:52.678+0000] {processor.py:925} INFO - DAG(s) 'example_nested_branch_dag' retrieved from /home/airflow/.local/lib/python3.12/site-packages/airflow/example_dags/example_nested_branch_dag.py
[2025-02-01T07:36:52.704+0000] {logging_mixin.py:190} INFO - [2025-02-01T07:36:52.704+0000] {dag.py:3239} INFO - Sync 1 DAGs
[2025-02-01T07:36:52.735+0000] {logging_mixin.py:190} INFO - [2025-02-01T07:36:52.734+0000] {dag.py:4180} INFO - Setting next_dagrun for example_nested_branch_dag to 2025-01-31 00:00:00+00:00, run_after=2025-02-01 00:00:00+00:00
[2025-02-01T07:36:52.757+0000] {processor.py:208} INFO - Processing /home/airflow/.local/lib/python3.12/site-packages/airflow/example_dags/example_nested_branch_dag.py took 0.104 seconds
[2025-02-01T07:37:22.929+0000] {processor.py:186} INFO - Started process (PID=455) to work on /home/airflow/.local/lib/python3.12/site-packages/airflow/example_dags/example_nested_branch_dag.py
[2025-02-01T07:37:22.930+0000] {processor.py:914} INFO - Processing file /home/airflow/.local/lib/python3.12/site-packages/airflow/example_dags/example_nested_branch_dag.py for tasks to queue
[2025-02-01T07:37:22.932+0000] {logging_mixin.py:190} INFO - [2025-02-01T07:37:22.932+0000] {dagbag.py:588} INFO - Filling up the DagBag from /home/airflow/.local/lib/python3.12/site-packages/airflow/example_dags/example_nested_branch_dag.py
[2025-02-01T07:37:22.944+0000] {processor.py:925} INFO - DAG(s) 'example_nested_branch_dag' retrieved from /home/airflow/.local/lib/python3.12/site-packages/airflow/example_dags/example_nested_branch_dag.py
[2025-02-01T07:37:22.968+0000] {logging_mixin.py:190} INFO - [2025-02-01T07:37:22.967+0000] {dag.py:3239} INFO - Sync 1 DAGs
[2025-02-01T07:37:22.995+0000] {logging_mixin.py:190} INFO - [2025-02-01T07:37:22.995+0000] {dag.py:4180} INFO - Setting next_dagrun for example_nested_branch_dag to 2025-01-31 00:00:00+00:00, run_after=2025-02-01 00:00:00+00:00
[2025-02-01T07:37:23.020+0000] {processor.py:208} INFO - Processing /home/airflow/.local/lib/python3.12/site-packages/airflow/example_dags/example_nested_branch_dag.py took 0.097 seconds
[2025-02-01T07:37:53.405+0000] {processor.py:186} INFO - Started process (PID=518) to work on /home/airflow/.local/lib/python3.12/site-packages/airflow/example_dags/example_nested_branch_dag.py
[2025-02-01T07:37:53.407+0000] {processor.py:914} INFO - Processing file /home/airflow/.local/lib/python3.12/site-packages/airflow/example_dags/example_nested_branch_dag.py for tasks to queue
[2025-02-01T07:37:53.410+0000] {logging_mixin.py:190} INFO - [2025-02-01T07:37:53.409+0000] {dagbag.py:588} INFO - Filling up the DagBag from /home/airflow/.local/lib/python3.12/site-packages/airflow/example_dags/example_nested_branch_dag.py
[2025-02-01T07:37:53.425+0000] {processor.py:925} INFO - DAG(s) 'example_nested_branch_dag' retrieved from /home/airflow/.local/lib/python3.12/site-packages/airflow/example_dags/example_nested_branch_dag.py
[2025-02-01T07:37:53.458+0000] {logging_mixin.py:190} INFO - [2025-02-01T07:37:53.458+0000] {dag.py:3239} INFO - Sync 1 DAGs
[2025-02-01T07:37:53.484+0000] {logging_mixin.py:190} INFO - [2025-02-01T07:37:53.484+0000] {dag.py:4180} INFO - Setting next_dagrun for example_nested_branch_dag to 2025-01-31 00:00:00+00:00, run_after=2025-02-01 00:00:00+00:00
[2025-02-01T07:37:53.507+0000] {processor.py:208} INFO - Processing /home/airflow/.local/lib/python3.12/site-packages/airflow/example_dags/example_nested_branch_dag.py took 0.111 seconds
[2025-02-01T07:38:24.444+0000] {processor.py:186} INFO - Started process (PID=581) to work on /home/airflow/.local/lib/python3.12/site-packages/airflow/example_dags/example_nested_branch_dag.py
[2025-02-01T07:38:24.446+0000] {processor.py:914} INFO - Processing file /home/airflow/.local/lib/python3.12/site-packages/airflow/example_dags/example_nested_branch_dag.py for tasks to queue
[2025-02-01T07:38:24.448+0000] {logging_mixin.py:190} INFO - [2025-02-01T07:38:24.448+0000] {dagbag.py:588} INFO - Filling up the DagBag from /home/airflow/.local/lib/python3.12/site-packages/airflow/example_dags/example_nested_branch_dag.py
[2025-02-01T07:38:24.467+0000] {processor.py:925} INFO - DAG(s) 'example_nested_branch_dag' retrieved from /home/airflow/.local/lib/python3.12/site-packages/airflow/example_dags/example_nested_branch_dag.py
[2025-02-01T07:38:24.491+0000] {logging_mixin.py:190} INFO - [2025-02-01T07:38:24.491+0000] {dag.py:3239} INFO - Sync 1 DAGs
[2025-02-01T07:38:24.520+0000] {logging_mixin.py:190} INFO - [2025-02-01T07:38:24.520+0000] {dag.py:4180} INFO - Setting next_dagrun for example_nested_branch_dag to 2025-01-31 00:00:00+00:00, run_after=2025-02-01 00:00:00+00:00
[2025-02-01T07:38:24.550+0000] {processor.py:208} INFO - Processing /home/airflow/.local/lib/python3.12/site-packages/airflow/example_dags/example_nested_branch_dag.py took 0.112 seconds
[2025-02-01T07:38:56.896+0000] {processor.py:186} INFO - Started process (PID=644) to work on /home/airflow/.local/lib/python3.12/site-packages/airflow/example_dags/example_nested_branch_dag.py
[2025-02-01T07:38:56.899+0000] {processor.py:914} INFO - Processing file /home/airflow/.local/lib/python3.12/site-packages/airflow/example_dags/example_nested_branch_dag.py for tasks to queue
[2025-02-01T07:38:56.912+0000] {logging_mixin.py:190} INFO - [2025-02-01T07:38:56.911+0000] {dagbag.py:588} INFO - Filling up the DagBag from /home/airflow/.local/lib/python3.12/site-packages/airflow/example_dags/example_nested_branch_dag.py
[2025-02-01T07:38:56.960+0000] {processor.py:925} INFO - DAG(s) 'example_nested_branch_dag' retrieved from /home/airflow/.local/lib/python3.12/site-packages/airflow/example_dags/example_nested_branch_dag.py
[2025-02-01T07:38:57.032+0000] {logging_mixin.py:190} INFO - [2025-02-01T07:38:57.031+0000] {dag.py:3239} INFO - Sync 1 DAGs
[2025-02-01T07:38:57.148+0000] {logging_mixin.py:190} INFO - [2025-02-01T07:38:57.147+0000] {dag.py:4180} INFO - Setting next_dagrun for example_nested_branch_dag to 2025-01-31 00:00:00+00:00, run_after=2025-02-01 00:00:00+00:00
[2025-02-01T07:38:57.206+0000] {processor.py:208} INFO - Processing /home/airflow/.local/lib/python3.12/site-packages/airflow/example_dags/example_nested_branch_dag.py took 0.332 seconds
[2025-02-01T07:39:27.348+0000] {processor.py:186} INFO - Started process (PID=707) to work on /home/airflow/.local/lib/python3.12/site-packages/airflow/example_dags/example_nested_branch_dag.py
[2025-02-01T07:39:27.351+0000] {processor.py:914} INFO - Processing file /home/airflow/.local/lib/python3.12/site-packages/airflow/example_dags/example_nested_branch_dag.py for tasks to queue
[2025-02-01T07:39:27.359+0000] {logging_mixin.py:190} INFO - [2025-02-01T07:39:27.358+0000] {dagbag.py:588} INFO - Filling up the DagBag from /home/airflow/.local/lib/python3.12/site-packages/airflow/example_dags/example_nested_branch_dag.py
[2025-02-01T07:39:27.403+0000] {processor.py:925} INFO - DAG(s) 'example_nested_branch_dag' retrieved from /home/airflow/.local/lib/python3.12/site-packages/airflow/example_dags/example_nested_branch_dag.py
[2025-02-01T07:39:27.487+0000] {logging_mixin.py:190} INFO - [2025-02-01T07:39:27.486+0000] {dag.py:3239} INFO - Sync 1 DAGs
[2025-02-01T07:39:27.565+0000] {logging_mixin.py:190} INFO - [2025-02-01T07:39:27.564+0000] {dag.py:4180} INFO - Setting next_dagrun for example_nested_branch_dag to 2025-01-31 00:00:00+00:00, run_after=2025-02-01 00:00:00+00:00
[2025-02-01T07:39:27.637+0000] {processor.py:208} INFO - Processing /home/airflow/.local/lib/python3.12/site-packages/airflow/example_dags/example_nested_branch_dag.py took 0.312 seconds
[2025-02-01T07:39:59.054+0000] {processor.py:186} INFO - Started process (PID=771) to work on /home/airflow/.local/lib/python3.12/site-packages/airflow/example_dags/example_nested_branch_dag.py
[2025-02-01T07:39:59.056+0000] {processor.py:914} INFO - Processing file /home/airflow/.local/lib/python3.12/site-packages/airflow/example_dags/example_nested_branch_dag.py for tasks to queue
[2025-02-01T07:39:59.061+0000] {logging_mixin.py:190} INFO - [2025-02-01T07:39:59.060+0000] {dagbag.py:588} INFO - Filling up the DagBag from /home/airflow/.local/lib/python3.12/site-packages/airflow/example_dags/example_nested_branch_dag.py
[2025-02-01T07:39:59.083+0000] {processor.py:925} INFO - DAG(s) 'example_nested_branch_dag' retrieved from /home/airflow/.local/lib/python3.12/site-packages/airflow/example_dags/example_nested_branch_dag.py
[2025-02-01T07:39:59.119+0000] {logging_mixin.py:190} INFO - [2025-02-01T07:39:59.118+0000] {dag.py:3239} INFO - Sync 1 DAGs
[2025-02-01T07:39:59.172+0000] {logging_mixin.py:190} INFO - [2025-02-01T07:39:59.172+0000] {dag.py:4180} INFO - Setting next_dagrun for example_nested_branch_dag to 2025-01-31 00:00:00+00:00, run_after=2025-02-01 00:00:00+00:00
[2025-02-01T07:39:59.209+0000] {processor.py:208} INFO - Processing /home/airflow/.local/lib/python3.12/site-packages/airflow/example_dags/example_nested_branch_dag.py took 0.167 seconds
[2025-02-01T07:40:30.860+0000] {processor.py:186} INFO - Started process (PID=837) to work on /home/airflow/.local/lib/python3.12/site-packages/airflow/example_dags/example_nested_branch_dag.py
[2025-02-01T07:40:30.862+0000] {processor.py:914} INFO - Processing file /home/airflow/.local/lib/python3.12/site-packages/airflow/example_dags/example_nested_branch_dag.py for tasks to queue
[2025-02-01T07:40:30.867+0000] {logging_mixin.py:190} INFO - [2025-02-01T07:40:30.866+0000] {dagbag.py:588} INFO - Filling up the DagBag from /home/airflow/.local/lib/python3.12/site-packages/airflow/example_dags/example_nested_branch_dag.py
[2025-02-01T07:40:30.890+0000] {processor.py:925} INFO - DAG(s) 'example_nested_branch_dag' retrieved from /home/airflow/.local/lib/python3.12/site-packages/airflow/example_dags/example_nested_branch_dag.py
[2025-02-01T07:40:30.947+0000] {logging_mixin.py:190} INFO - [2025-02-01T07:40:30.946+0000] {dag.py:3239} INFO - Sync 1 DAGs
[2025-02-01T07:40:31.000+0000] {logging_mixin.py:190} INFO - [2025-02-01T07:40:30.999+0000] {dag.py:4180} INFO - Setting next_dagrun for example_nested_branch_dag to 2025-01-31 00:00:00+00:00, run_after=2025-02-01 00:00:00+00:00
[2025-02-01T07:40:31.037+0000] {processor.py:208} INFO - Processing /home/airflow/.local/lib/python3.12/site-packages/airflow/example_dags/example_nested_branch_dag.py took 0.189 seconds
[2025-02-01T07:41:04.151+0000] {processor.py:186} INFO - Started process (PID=905) to work on /home/airflow/.local/lib/python3.12/site-packages/airflow/example_dags/example_nested_branch_dag.py
[2025-02-01T07:41:04.153+0000] {processor.py:914} INFO - Processing file /home/airflow/.local/lib/python3.12/site-packages/airflow/example_dags/example_nested_branch_dag.py for tasks to queue
[2025-02-01T07:41:04.160+0000] {logging_mixin.py:190} INFO - [2025-02-01T07:41:04.160+0000] {dagbag.py:588} INFO - Filling up the DagBag from /home/airflow/.local/lib/python3.12/site-packages/airflow/example_dags/example_nested_branch_dag.py
[2025-02-01T07:41:04.189+0000] {processor.py:925} INFO - DAG(s) 'example_nested_branch_dag' retrieved from /home/airflow/.local/lib/python3.12/site-packages/airflow/example_dags/example_nested_branch_dag.py
[2025-02-01T07:41:04.232+0000] {logging_mixin.py:190} INFO - [2025-02-01T07:41:04.232+0000] {dag.py:3239} INFO - Sync 1 DAGs
[2025-02-01T07:41:04.291+0000] {logging_mixin.py:190} INFO - [2025-02-01T07:41:04.290+0000] {dag.py:4180} INFO - Setting next_dagrun for example_nested_branch_dag to 2025-01-31 00:00:00+00:00, run_after=2025-02-01 00:00:00+00:00
[2025-02-01T07:41:04.351+0000] {processor.py:208} INFO - Processing /home/airflow/.local/lib/python3.12/site-packages/airflow/example_dags/example_nested_branch_dag.py took 0.215 seconds
[2025-02-01T07:41:34.808+0000] {processor.py:186} INFO - Started process (PID=968) to work on /home/airflow/.local/lib/python3.12/site-packages/airflow/example_dags/example_nested_branch_dag.py
[2025-02-01T07:41:34.810+0000] {processor.py:914} INFO - Processing file /home/airflow/.local/lib/python3.12/site-packages/airflow/example_dags/example_nested_branch_dag.py for tasks to queue
[2025-02-01T07:41:34.816+0000] {logging_mixin.py:190} INFO - [2025-02-01T07:41:34.815+0000] {dagbag.py:588} INFO - Filling up the DagBag from /home/airflow/.local/lib/python3.12/site-packages/airflow/example_dags/example_nested_branch_dag.py
[2025-02-01T07:41:34.845+0000] {processor.py:925} INFO - DAG(s) 'example_nested_branch_dag' retrieved from /home/airflow/.local/lib/python3.12/site-packages/airflow/example_dags/example_nested_branch_dag.py
[2025-02-01T07:41:34.884+0000] {logging_mixin.py:190} INFO - [2025-02-01T07:41:34.883+0000] {dag.py:3239} INFO - Sync 1 DAGs
[2025-02-01T07:41:34.932+0000] {logging_mixin.py:190} INFO - [2025-02-01T07:41:34.931+0000] {dag.py:4180} INFO - Setting next_dagrun for example_nested_branch_dag to 2025-01-31 00:00:00+00:00, run_after=2025-02-01 00:00:00+00:00
[2025-02-01T07:41:34.966+0000] {processor.py:208} INFO - Processing /home/airflow/.local/lib/python3.12/site-packages/airflow/example_dags/example_nested_branch_dag.py took 0.171 seconds
[2025-02-01T07:42:05.778+0000] {processor.py:186} INFO - Started process (PID=1031) to work on /home/airflow/.local/lib/python3.12/site-packages/airflow/example_dags/example_nested_branch_dag.py
[2025-02-01T07:42:05.781+0000] {processor.py:914} INFO - Processing file /home/airflow/.local/lib/python3.12/site-packages/airflow/example_dags/example_nested_branch_dag.py for tasks to queue
[2025-02-01T07:42:05.784+0000] {logging_mixin.py:190} INFO - [2025-02-01T07:42:05.784+0000] {dagbag.py:588} INFO - Filling up the DagBag from /home/airflow/.local/lib/python3.12/site-packages/airflow/example_dags/example_nested_branch_dag.py
[2025-02-01T07:42:05.805+0000] {processor.py:925} INFO - DAG(s) 'example_nested_branch_dag' retrieved from /home/airflow/.local/lib/python3.12/site-packages/airflow/example_dags/example_nested_branch_dag.py
[2025-02-01T07:42:05.838+0000] {logging_mixin.py:190} INFO - [2025-02-01T07:42:05.838+0000] {dag.py:3239} INFO - Sync 1 DAGs
[2025-02-01T07:42:05.890+0000] {logging_mixin.py:190} INFO - [2025-02-01T07:42:05.890+0000] {dag.py:4180} INFO - Setting next_dagrun for example_nested_branch_dag to 2025-01-31 00:00:00+00:00, run_after=2025-02-01 00:00:00+00:00
[2025-02-01T07:42:05.941+0000] {processor.py:208} INFO - Processing /home/airflow/.local/lib/python3.12/site-packages/airflow/example_dags/example_nested_branch_dag.py took 0.172 seconds
[2025-02-01T07:42:36.886+0000] {processor.py:186} INFO - Started process (PID=1093) to work on /home/airflow/.local/lib/python3.12/site-packages/airflow/example_dags/example_nested_branch_dag.py
[2025-02-01T07:42:36.889+0000] {processor.py:914} INFO - Processing file /home/airflow/.local/lib/python3.12/site-packages/airflow/example_dags/example_nested_branch_dag.py for tasks to queue
[2025-02-01T07:42:36.896+0000] {logging_mixin.py:190} INFO - [2025-02-01T07:42:36.895+0000] {dagbag.py:588} INFO - Filling up the DagBag from /home/airflow/.local/lib/python3.12/site-packages/airflow/example_dags/example_nested_branch_dag.py
[2025-02-01T07:42:36.938+0000] {processor.py:925} INFO - DAG(s) 'example_nested_branch_dag' retrieved from /home/airflow/.local/lib/python3.12/site-packages/airflow/example_dags/example_nested_branch_dag.py
[2025-02-01T07:42:37.007+0000] {logging_mixin.py:190} INFO - [2025-02-01T07:42:37.006+0000] {dag.py:3239} INFO - Sync 1 DAGs
[2025-02-01T07:42:37.097+0000] {logging_mixin.py:190} INFO - [2025-02-01T07:42:37.096+0000] {dag.py:4180} INFO - Setting next_dagrun for example_nested_branch_dag to 2025-01-31 00:00:00+00:00, run_after=2025-02-01 00:00:00+00:00
[2025-02-01T07:42:37.146+0000] {processor.py:208} INFO - Processing /home/airflow/.local/lib/python3.12/site-packages/airflow/example_dags/example_nested_branch_dag.py took 0.281 seconds
[2025-02-01T07:43:07.524+0000] {processor.py:186} INFO - Started process (PID=1156) to work on /home/airflow/.local/lib/python3.12/site-packages/airflow/example_dags/example_nested_branch_dag.py
[2025-02-01T07:43:07.525+0000] {processor.py:914} INFO - Processing file /home/airflow/.local/lib/python3.12/site-packages/airflow/example_dags/example_nested_branch_dag.py for tasks to queue
[2025-02-01T07:43:07.528+0000] {logging_mixin.py:190} INFO - [2025-02-01T07:43:07.528+0000] {dagbag.py:588} INFO - Filling up the DagBag from /home/airflow/.local/lib/python3.12/site-packages/airflow/example_dags/example_nested_branch_dag.py
[2025-02-01T07:43:07.545+0000] {processor.py:925} INFO - DAG(s) 'example_nested_branch_dag' retrieved from /home/airflow/.local/lib/python3.12/site-packages/airflow/example_dags/example_nested_branch_dag.py
[2025-02-01T07:43:07.574+0000] {logging_mixin.py:190} INFO - [2025-02-01T07:43:07.574+0000] {dag.py:3239} INFO - Sync 1 DAGs
[2025-02-01T07:43:07.608+0000] {logging_mixin.py:190} INFO - [2025-02-01T07:43:07.607+0000] {dag.py:4180} INFO - Setting next_dagrun for example_nested_branch_dag to 2025-01-31 00:00:00+00:00, run_after=2025-02-01 00:00:00+00:00
[2025-02-01T07:43:07.639+0000] {processor.py:208} INFO - Processing /home/airflow/.local/lib/python3.12/site-packages/airflow/example_dags/example_nested_branch_dag.py took 0.122 seconds
[2025-02-01T07:43:38.169+0000] {processor.py:186} INFO - Started process (PID=1218) to work on /home/airflow/.local/lib/python3.12/site-packages/airflow/example_dags/example_nested_branch_dag.py
[2025-02-01T07:43:38.171+0000] {processor.py:914} INFO - Processing file /home/airflow/.local/lib/python3.12/site-packages/airflow/example_dags/example_nested_branch_dag.py for tasks to queue
[2025-02-01T07:43:38.174+0000] {logging_mixin.py:190} INFO - [2025-02-01T07:43:38.174+0000] {dagbag.py:588} INFO - Filling up the DagBag from /home/airflow/.local/lib/python3.12/site-packages/airflow/example_dags/example_nested_branch_dag.py
[2025-02-01T07:43:38.192+0000] {processor.py:925} INFO - DAG(s) 'example_nested_branch_dag' retrieved from /home/airflow/.local/lib/python3.12/site-packages/airflow/example_dags/example_nested_branch_dag.py
[2025-02-01T07:43:38.226+0000] {logging_mixin.py:190} INFO - [2025-02-01T07:43:38.226+0000] {dag.py:3239} INFO - Sync 1 DAGs
[2025-02-01T07:43:38.271+0000] {logging_mixin.py:190} INFO - [2025-02-01T07:43:38.270+0000] {dag.py:4180} INFO - Setting next_dagrun for example_nested_branch_dag to 2025-01-31 00:00:00+00:00, run_after=2025-02-01 00:00:00+00:00
[2025-02-01T07:43:38.303+0000] {processor.py:208} INFO - Processing /home/airflow/.local/lib/python3.12/site-packages/airflow/example_dags/example_nested_branch_dag.py took 0.145 seconds
[2025-02-01T07:44:08.386+0000] {processor.py:186} INFO - Started process (PID=1281) to work on /home/airflow/.local/lib/python3.12/site-packages/airflow/example_dags/example_nested_branch_dag.py
[2025-02-01T07:44:08.388+0000] {processor.py:914} INFO - Processing file /home/airflow/.local/lib/python3.12/site-packages/airflow/example_dags/example_nested_branch_dag.py for tasks to queue
[2025-02-01T07:44:08.392+0000] {logging_mixin.py:190} INFO - [2025-02-01T07:44:08.392+0000] {dagbag.py:588} INFO - Filling up the DagBag from /home/airflow/.local/lib/python3.12/site-packages/airflow/example_dags/example_nested_branch_dag.py
[2025-02-01T07:44:08.410+0000] {processor.py:925} INFO - DAG(s) 'example_nested_branch_dag' retrieved from /home/airflow/.local/lib/python3.12/site-packages/airflow/example_dags/example_nested_branch_dag.py
[2025-02-01T07:44:08.446+0000] {logging_mixin.py:190} INFO - [2025-02-01T07:44:08.446+0000] {dag.py:3239} INFO - Sync 1 DAGs
[2025-02-01T07:44:08.491+0000] {logging_mixin.py:190} INFO - [2025-02-01T07:44:08.490+0000] {dag.py:4180} INFO - Setting next_dagrun for example_nested_branch_dag to 2025-01-31 00:00:00+00:00, run_after=2025-02-01 00:00:00+00:00
[2025-02-01T07:44:08.527+0000] {processor.py:208} INFO - Processing /home/airflow/.local/lib/python3.12/site-packages/airflow/example_dags/example_nested_branch_dag.py took 0.150 seconds
[2025-02-01T07:44:39.191+0000] {processor.py:186} INFO - Started process (PID=1345) to work on /home/airflow/.local/lib/python3.12/site-packages/airflow/example_dags/example_nested_branch_dag.py
[2025-02-01T07:44:39.192+0000] {processor.py:914} INFO - Processing file /home/airflow/.local/lib/python3.12/site-packages/airflow/example_dags/example_nested_branch_dag.py for tasks to queue
[2025-02-01T07:44:39.197+0000] {logging_mixin.py:190} INFO - [2025-02-01T07:44:39.196+0000] {dagbag.py:588} INFO - Filling up the DagBag from /home/airflow/.local/lib/python3.12/site-packages/airflow/example_dags/example_nested_branch_dag.py
[2025-02-01T07:44:39.221+0000] {processor.py:925} INFO - DAG(s) 'example_nested_branch_dag' retrieved from /home/airflow/.local/lib/python3.12/site-packages/airflow/example_dags/example_nested_branch_dag.py
[2025-02-01T07:44:39.261+0000] {logging_mixin.py:190} INFO - [2025-02-01T07:44:39.261+0000] {dag.py:3239} INFO - Sync 1 DAGs
[2025-02-01T07:44:39.302+0000] {logging_mixin.py:190} INFO - [2025-02-01T07:44:39.302+0000] {dag.py:4180} INFO - Setting next_dagrun for example_nested_branch_dag to 2025-01-31 00:00:00+00:00, run_after=2025-02-01 00:00:00+00:00
[2025-02-01T07:44:39.337+0000] {processor.py:208} INFO - Processing /home/airflow/.local/lib/python3.12/site-packages/airflow/example_dags/example_nested_branch_dag.py took 0.159 seconds
[2025-02-01T07:45:09.665+0000] {processor.py:186} INFO - Started process (PID=1409) to work on /home/airflow/.local/lib/python3.12/site-packages/airflow/example_dags/example_nested_branch_dag.py
[2025-02-01T07:45:09.666+0000] {processor.py:914} INFO - Processing file /home/airflow/.local/lib/python3.12/site-packages/airflow/example_dags/example_nested_branch_dag.py for tasks to queue
[2025-02-01T07:45:09.669+0000] {logging_mixin.py:190} INFO - [2025-02-01T07:45:09.669+0000] {dagbag.py:588} INFO - Filling up the DagBag from /home/airflow/.local/lib/python3.12/site-packages/airflow/example_dags/example_nested_branch_dag.py
[2025-02-01T07:45:09.684+0000] {processor.py:925} INFO - DAG(s) 'example_nested_branch_dag' retrieved from /home/airflow/.local/lib/python3.12/site-packages/airflow/example_dags/example_nested_branch_dag.py
[2025-02-01T07:45:09.715+0000] {logging_mixin.py:190} INFO - [2025-02-01T07:45:09.715+0000] {dag.py:3239} INFO - Sync 1 DAGs
[2025-02-01T07:45:09.755+0000] {logging_mixin.py:190} INFO - [2025-02-01T07:45:09.755+0000] {dag.py:4180} INFO - Setting next_dagrun for example_nested_branch_dag to 2025-01-31 00:00:00+00:00, run_after=2025-02-01 00:00:00+00:00
[2025-02-01T07:45:09.783+0000] {processor.py:208} INFO - Processing /home/airflow/.local/lib/python3.12/site-packages/airflow/example_dags/example_nested_branch_dag.py took 0.126 seconds
[2025-02-01T07:45:40.235+0000] {processor.py:186} INFO - Started process (PID=1473) to work on /home/airflow/.local/lib/python3.12/site-packages/airflow/example_dags/example_nested_branch_dag.py
[2025-02-01T07:45:40.238+0000] {processor.py:914} INFO - Processing file /home/airflow/.local/lib/python3.12/site-packages/airflow/example_dags/example_nested_branch_dag.py for tasks to queue
[2025-02-01T07:45:40.246+0000] {logging_mixin.py:190} INFO - [2025-02-01T07:45:40.243+0000] {dagbag.py:588} INFO - Filling up the DagBag from /home/airflow/.local/lib/python3.12/site-packages/airflow/example_dags/example_nested_branch_dag.py
[2025-02-01T07:45:40.271+0000] {processor.py:925} INFO - DAG(s) 'example_nested_branch_dag' retrieved from /home/airflow/.local/lib/python3.12/site-packages/airflow/example_dags/example_nested_branch_dag.py
[2025-02-01T07:45:40.315+0000] {logging_mixin.py:190} INFO - [2025-02-01T07:45:40.315+0000] {dag.py:3239} INFO - Sync 1 DAGs
[2025-02-01T07:45:40.363+0000] {logging_mixin.py:190} INFO - [2025-02-01T07:45:40.362+0000] {dag.py:4180} INFO - Setting next_dagrun for example_nested_branch_dag to 2025-01-31 00:00:00+00:00, run_after=2025-02-01 00:00:00+00:00
[2025-02-01T07:45:40.400+0000] {processor.py:208} INFO - Processing /home/airflow/.local/lib/python3.12/site-packages/airflow/example_dags/example_nested_branch_dag.py took 0.180 seconds
[2025-02-01T07:46:11.511+0000] {processor.py:186} INFO - Started process (PID=1537) to work on /home/airflow/.local/lib/python3.12/site-packages/airflow/example_dags/example_nested_branch_dag.py
[2025-02-01T07:46:11.513+0000] {processor.py:914} INFO - Processing file /home/airflow/.local/lib/python3.12/site-packages/airflow/example_dags/example_nested_branch_dag.py for tasks to queue
[2025-02-01T07:46:11.518+0000] {logging_mixin.py:190} INFO - [2025-02-01T07:46:11.518+0000] {dagbag.py:588} INFO - Filling up the DagBag from /home/airflow/.local/lib/python3.12/site-packages/airflow/example_dags/example_nested_branch_dag.py
[2025-02-01T07:46:11.548+0000] {processor.py:925} INFO - DAG(s) 'example_nested_branch_dag' retrieved from /home/airflow/.local/lib/python3.12/site-packages/airflow/example_dags/example_nested_branch_dag.py
[2025-02-01T07:46:11.599+0000] {logging_mixin.py:190} INFO - [2025-02-01T07:46:11.598+0000] {dag.py:3239} INFO - Sync 1 DAGs
[2025-02-01T07:46:11.694+0000] {logging_mixin.py:190} INFO - [2025-02-01T07:46:11.693+0000] {dag.py:4180} INFO - Setting next_dagrun for example_nested_branch_dag to 2025-01-31 00:00:00+00:00, run_after=2025-02-01 00:00:00+00:00
[2025-02-01T07:46:11.828+0000] {processor.py:208} INFO - Processing /home/airflow/.local/lib/python3.12/site-packages/airflow/example_dags/example_nested_branch_dag.py took 0.332 seconds
[2025-02-01T07:46:41.982+0000] {processor.py:186} INFO - Started process (PID=1602) to work on /home/airflow/.local/lib/python3.12/site-packages/airflow/example_dags/example_nested_branch_dag.py
[2025-02-01T07:46:41.983+0000] {processor.py:914} INFO - Processing file /home/airflow/.local/lib/python3.12/site-packages/airflow/example_dags/example_nested_branch_dag.py for tasks to queue
[2025-02-01T07:46:41.987+0000] {logging_mixin.py:190} INFO - [2025-02-01T07:46:41.987+0000] {dagbag.py:588} INFO - Filling up the DagBag from /home/airflow/.local/lib/python3.12/site-packages/airflow/example_dags/example_nested_branch_dag.py
[2025-02-01T07:46:42.002+0000] {processor.py:925} INFO - DAG(s) 'example_nested_branch_dag' retrieved from /home/airflow/.local/lib/python3.12/site-packages/airflow/example_dags/example_nested_branch_dag.py
[2025-02-01T07:46:42.029+0000] {logging_mixin.py:190} INFO - [2025-02-01T07:46:42.029+0000] {dag.py:3239} INFO - Sync 1 DAGs
[2025-02-01T07:46:42.059+0000] {logging_mixin.py:190} INFO - [2025-02-01T07:46:42.059+0000] {dag.py:4180} INFO - Setting next_dagrun for example_nested_branch_dag to 2025-01-31 00:00:00+00:00, run_after=2025-02-01 00:00:00+00:00
[2025-02-01T07:46:42.087+0000] {processor.py:208} INFO - Processing /home/airflow/.local/lib/python3.12/site-packages/airflow/example_dags/example_nested_branch_dag.py took 0.113 seconds
[2025-02-01T07:47:12.946+0000] {processor.py:186} INFO - Started process (PID=1666) to work on /home/airflow/.local/lib/python3.12/site-packages/airflow/example_dags/example_nested_branch_dag.py
[2025-02-01T07:47:12.948+0000] {processor.py:914} INFO - Processing file /home/airflow/.local/lib/python3.12/site-packages/airflow/example_dags/example_nested_branch_dag.py for tasks to queue
[2025-02-01T07:47:12.955+0000] {logging_mixin.py:190} INFO - [2025-02-01T07:47:12.954+0000] {dagbag.py:588} INFO - Filling up the DagBag from /home/airflow/.local/lib/python3.12/site-packages/airflow/example_dags/example_nested_branch_dag.py
[2025-02-01T07:47:12.979+0000] {processor.py:925} INFO - DAG(s) 'example_nested_branch_dag' retrieved from /home/airflow/.local/lib/python3.12/site-packages/airflow/example_dags/example_nested_branch_dag.py
[2025-02-01T07:47:13.040+0000] {logging_mixin.py:190} INFO - [2025-02-01T07:47:13.040+0000] {dag.py:3239} INFO - Sync 1 DAGs
[2025-02-01T07:47:13.120+0000] {logging_mixin.py:190} INFO - [2025-02-01T07:47:13.119+0000] {dag.py:4180} INFO - Setting next_dagrun for example_nested_branch_dag to 2025-01-31 00:00:00+00:00, run_after=2025-02-01 00:00:00+00:00
[2025-02-01T07:47:13.186+0000] {processor.py:208} INFO - Processing /home/airflow/.local/lib/python3.12/site-packages/airflow/example_dags/example_nested_branch_dag.py took 0.252 seconds
[2025-02-01T07:47:43.747+0000] {processor.py:186} INFO - Started process (PID=1729) to work on /home/airflow/.local/lib/python3.12/site-packages/airflow/example_dags/example_nested_branch_dag.py
[2025-02-01T07:47:43.748+0000] {processor.py:914} INFO - Processing file /home/airflow/.local/lib/python3.12/site-packages/airflow/example_dags/example_nested_branch_dag.py for tasks to queue
[2025-02-01T07:47:43.751+0000] {logging_mixin.py:190} INFO - [2025-02-01T07:47:43.750+0000] {dagbag.py:588} INFO - Filling up the DagBag from /home/airflow/.local/lib/python3.12/site-packages/airflow/example_dags/example_nested_branch_dag.py
[2025-02-01T07:47:43.764+0000] {processor.py:925} INFO - DAG(s) 'example_nested_branch_dag' retrieved from /home/airflow/.local/lib/python3.12/site-packages/airflow/example_dags/example_nested_branch_dag.py
[2025-02-01T07:47:43.791+0000] {logging_mixin.py:190} INFO - [2025-02-01T07:47:43.791+0000] {dag.py:3239} INFO - Sync 1 DAGs
[2025-02-01T07:47:43.821+0000] {logging_mixin.py:190} INFO - [2025-02-01T07:47:43.820+0000] {dag.py:4180} INFO - Setting next_dagrun for example_nested_branch_dag to 2025-01-31 00:00:00+00:00, run_after=2025-02-01 00:00:00+00:00
[2025-02-01T07:47:43.852+0000] {processor.py:208} INFO - Processing /home/airflow/.local/lib/python3.12/site-packages/airflow/example_dags/example_nested_branch_dag.py took 0.112 seconds
[2025-02-01T07:48:14.525+0000] {processor.py:186} INFO - Started process (PID=1793) to work on /home/airflow/.local/lib/python3.12/site-packages/airflow/example_dags/example_nested_branch_dag.py
[2025-02-01T07:48:14.526+0000] {processor.py:914} INFO - Processing file /home/airflow/.local/lib/python3.12/site-packages/airflow/example_dags/example_nested_branch_dag.py for tasks to queue
[2025-02-01T07:48:14.529+0000] {logging_mixin.py:190} INFO - [2025-02-01T07:48:14.529+0000] {dagbag.py:588} INFO - Filling up the DagBag from /home/airflow/.local/lib/python3.12/site-packages/airflow/example_dags/example_nested_branch_dag.py
[2025-02-01T07:48:14.543+0000] {processor.py:925} INFO - DAG(s) 'example_nested_branch_dag' retrieved from /home/airflow/.local/lib/python3.12/site-packages/airflow/example_dags/example_nested_branch_dag.py
[2025-02-01T07:48:14.568+0000] {logging_mixin.py:190} INFO - [2025-02-01T07:48:14.568+0000] {dag.py:3239} INFO - Sync 1 DAGs
[2025-02-01T07:48:14.599+0000] {logging_mixin.py:190} INFO - [2025-02-01T07:48:14.598+0000] {dag.py:4180} INFO - Setting next_dagrun for example_nested_branch_dag to 2025-01-31 00:00:00+00:00, run_after=2025-02-01 00:00:00+00:00
[2025-02-01T07:48:14.635+0000] {processor.py:208} INFO - Processing /home/airflow/.local/lib/python3.12/site-packages/airflow/example_dags/example_nested_branch_dag.py took 0.118 seconds
[2025-02-01T07:48:45.523+0000] {processor.py:186} INFO - Started process (PID=1858) to work on /home/airflow/.local/lib/python3.12/site-packages/airflow/example_dags/example_nested_branch_dag.py
[2025-02-01T07:48:45.525+0000] {processor.py:914} INFO - Processing file /home/airflow/.local/lib/python3.12/site-packages/airflow/example_dags/example_nested_branch_dag.py for tasks to queue
[2025-02-01T07:48:45.527+0000] {logging_mixin.py:190} INFO - [2025-02-01T07:48:45.527+0000] {dagbag.py:588} INFO - Filling up the DagBag from /home/airflow/.local/lib/python3.12/site-packages/airflow/example_dags/example_nested_branch_dag.py
[2025-02-01T07:48:45.539+0000] {processor.py:925} INFO - DAG(s) 'example_nested_branch_dag' retrieved from /home/airflow/.local/lib/python3.12/site-packages/airflow/example_dags/example_nested_branch_dag.py
[2025-02-01T07:48:45.563+0000] {logging_mixin.py:190} INFO - [2025-02-01T07:48:45.563+0000] {dag.py:3239} INFO - Sync 1 DAGs
[2025-02-01T07:48:45.588+0000] {logging_mixin.py:190} INFO - [2025-02-01T07:48:45.588+0000] {dag.py:4180} INFO - Setting next_dagrun for example_nested_branch_dag to 2025-01-31 00:00:00+00:00, run_after=2025-02-01 00:00:00+00:00
[2025-02-01T07:48:45.613+0000] {processor.py:208} INFO - Processing /home/airflow/.local/lib/python3.12/site-packages/airflow/example_dags/example_nested_branch_dag.py took 0.096 seconds
[2025-02-01T07:49:16.324+0000] {processor.py:186} INFO - Started process (PID=1922) to work on /home/airflow/.local/lib/python3.12/site-packages/airflow/example_dags/example_nested_branch_dag.py
[2025-02-01T07:49:16.327+0000] {processor.py:914} INFO - Processing file /home/airflow/.local/lib/python3.12/site-packages/airflow/example_dags/example_nested_branch_dag.py for tasks to queue
[2025-02-01T07:49:16.335+0000] {logging_mixin.py:190} INFO - [2025-02-01T07:49:16.334+0000] {dagbag.py:588} INFO - Filling up the DagBag from /home/airflow/.local/lib/python3.12/site-packages/airflow/example_dags/example_nested_branch_dag.py
[2025-02-01T07:49:16.365+0000] {processor.py:925} INFO - DAG(s) 'example_nested_branch_dag' retrieved from /home/airflow/.local/lib/python3.12/site-packages/airflow/example_dags/example_nested_branch_dag.py
[2025-02-01T07:49:16.416+0000] {logging_mixin.py:190} INFO - [2025-02-01T07:49:16.416+0000] {dag.py:3239} INFO - Sync 1 DAGs
[2025-02-01T07:49:16.500+0000] {logging_mixin.py:190} INFO - [2025-02-01T07:49:16.498+0000] {dag.py:4180} INFO - Setting next_dagrun for example_nested_branch_dag to 2025-01-31 00:00:00+00:00, run_after=2025-02-01 00:00:00+00:00
[2025-02-01T07:49:16.549+0000] {processor.py:208} INFO - Processing /home/airflow/.local/lib/python3.12/site-packages/airflow/example_dags/example_nested_branch_dag.py took 0.245 seconds
[2025-02-01T07:49:47.355+0000] {processor.py:186} INFO - Started process (PID=1992) to work on /home/airflow/.local/lib/python3.12/site-packages/airflow/example_dags/example_nested_branch_dag.py
[2025-02-01T07:49:47.356+0000] {processor.py:914} INFO - Processing file /home/airflow/.local/lib/python3.12/site-packages/airflow/example_dags/example_nested_branch_dag.py for tasks to queue
[2025-02-01T07:49:47.359+0000] {logging_mixin.py:190} INFO - [2025-02-01T07:49:47.359+0000] {dagbag.py:588} INFO - Filling up the DagBag from /home/airflow/.local/lib/python3.12/site-packages/airflow/example_dags/example_nested_branch_dag.py
[2025-02-01T07:49:47.375+0000] {processor.py:925} INFO - DAG(s) 'example_nested_branch_dag' retrieved from /home/airflow/.local/lib/python3.12/site-packages/airflow/example_dags/example_nested_branch_dag.py
[2025-02-01T07:49:47.407+0000] {logging_mixin.py:190} INFO - [2025-02-01T07:49:47.406+0000] {dag.py:3239} INFO - Sync 1 DAGs
[2025-02-01T07:49:47.445+0000] {logging_mixin.py:190} INFO - [2025-02-01T07:49:47.444+0000] {dag.py:4180} INFO - Setting next_dagrun for example_nested_branch_dag to 2025-01-31 00:00:00+00:00, run_after=2025-02-01 00:00:00+00:00
[2025-02-01T07:49:47.473+0000] {processor.py:208} INFO - Processing /home/airflow/.local/lib/python3.12/site-packages/airflow/example_dags/example_nested_branch_dag.py took 0.126 seconds
[2025-02-01T07:50:17.579+0000] {processor.py:186} INFO - Started process (PID=2056) to work on /home/airflow/.local/lib/python3.12/site-packages/airflow/example_dags/example_nested_branch_dag.py
[2025-02-01T07:50:17.580+0000] {processor.py:914} INFO - Processing file /home/airflow/.local/lib/python3.12/site-packages/airflow/example_dags/example_nested_branch_dag.py for tasks to queue
[2025-02-01T07:50:17.582+0000] {logging_mixin.py:190} INFO - [2025-02-01T07:50:17.582+0000] {dagbag.py:588} INFO - Filling up the DagBag from /home/airflow/.local/lib/python3.12/site-packages/airflow/example_dags/example_nested_branch_dag.py
[2025-02-01T07:50:17.592+0000] {processor.py:925} INFO - DAG(s) 'example_nested_branch_dag' retrieved from /home/airflow/.local/lib/python3.12/site-packages/airflow/example_dags/example_nested_branch_dag.py
[2025-02-01T07:50:17.612+0000] {logging_mixin.py:190} INFO - [2025-02-01T07:50:17.611+0000] {dag.py:3239} INFO - Sync 1 DAGs
[2025-02-01T07:50:17.639+0000] {logging_mixin.py:190} INFO - [2025-02-01T07:50:17.639+0000] {dag.py:4180} INFO - Setting next_dagrun for example_nested_branch_dag to 2025-01-31 00:00:00+00:00, run_after=2025-02-01 00:00:00+00:00
[2025-02-01T07:50:17.664+0000] {processor.py:208} INFO - Processing /home/airflow/.local/lib/python3.12/site-packages/airflow/example_dags/example_nested_branch_dag.py took 0.090 seconds
[2025-02-01T07:50:48.542+0000] {processor.py:186} INFO - Started process (PID=2120) to work on /home/airflow/.local/lib/python3.12/site-packages/airflow/example_dags/example_nested_branch_dag.py
[2025-02-01T07:50:48.543+0000] {processor.py:914} INFO - Processing file /home/airflow/.local/lib/python3.12/site-packages/airflow/example_dags/example_nested_branch_dag.py for tasks to queue
[2025-02-01T07:50:48.545+0000] {logging_mixin.py:190} INFO - [2025-02-01T07:50:48.545+0000] {dagbag.py:588} INFO - Filling up the DagBag from /home/airflow/.local/lib/python3.12/site-packages/airflow/example_dags/example_nested_branch_dag.py
[2025-02-01T07:50:48.556+0000] {processor.py:925} INFO - DAG(s) 'example_nested_branch_dag' retrieved from /home/airflow/.local/lib/python3.12/site-packages/airflow/example_dags/example_nested_branch_dag.py
[2025-02-01T07:50:48.576+0000] {logging_mixin.py:190} INFO - [2025-02-01T07:50:48.576+0000] {dag.py:3239} INFO - Sync 1 DAGs
[2025-02-01T07:50:48.602+0000] {logging_mixin.py:190} INFO - [2025-02-01T07:50:48.602+0000] {dag.py:4180} INFO - Setting next_dagrun for example_nested_branch_dag to 2025-01-31 00:00:00+00:00, run_after=2025-02-01 00:00:00+00:00
[2025-02-01T07:50:48.628+0000] {processor.py:208} INFO - Processing /home/airflow/.local/lib/python3.12/site-packages/airflow/example_dags/example_nested_branch_dag.py took 0.091 seconds
[2025-02-01T07:51:19.241+0000] {processor.py:186} INFO - Started process (PID=2184) to work on /home/airflow/.local/lib/python3.12/site-packages/airflow/example_dags/example_nested_branch_dag.py
[2025-02-01T07:51:19.243+0000] {processor.py:914} INFO - Processing file /home/airflow/.local/lib/python3.12/site-packages/airflow/example_dags/example_nested_branch_dag.py for tasks to queue
[2025-02-01T07:51:19.250+0000] {logging_mixin.py:190} INFO - [2025-02-01T07:51:19.249+0000] {dagbag.py:588} INFO - Filling up the DagBag from /home/airflow/.local/lib/python3.12/site-packages/airflow/example_dags/example_nested_branch_dag.py
[2025-02-01T07:51:19.277+0000] {processor.py:925} INFO - DAG(s) 'example_nested_branch_dag' retrieved from /home/airflow/.local/lib/python3.12/site-packages/airflow/example_dags/example_nested_branch_dag.py
[2025-02-01T07:51:19.346+0000] {logging_mixin.py:190} INFO - [2025-02-01T07:51:19.346+0000] {dag.py:3239} INFO - Sync 1 DAGs
[2025-02-01T07:51:19.449+0000] {logging_mixin.py:190} INFO - [2025-02-01T07:51:19.448+0000] {dag.py:4180} INFO - Setting next_dagrun for example_nested_branch_dag to 2025-01-31 00:00:00+00:00, run_after=2025-02-01 00:00:00+00:00
[2025-02-01T07:51:19.528+0000] {processor.py:208} INFO - Processing /home/airflow/.local/lib/python3.12/site-packages/airflow/example_dags/example_nested_branch_dag.py took 0.302 seconds
[2025-02-01T07:51:50.208+0000] {processor.py:186} INFO - Started process (PID=2248) to work on /home/airflow/.local/lib/python3.12/site-packages/airflow/example_dags/example_nested_branch_dag.py
[2025-02-01T07:51:50.210+0000] {processor.py:914} INFO - Processing file /home/airflow/.local/lib/python3.12/site-packages/airflow/example_dags/example_nested_branch_dag.py for tasks to queue
[2025-02-01T07:51:50.214+0000] {logging_mixin.py:190} INFO - [2025-02-01T07:51:50.214+0000] {dagbag.py:588} INFO - Filling up the DagBag from /home/airflow/.local/lib/python3.12/site-packages/airflow/example_dags/example_nested_branch_dag.py
[2025-02-01T07:51:50.240+0000] {processor.py:925} INFO - DAG(s) 'example_nested_branch_dag' retrieved from /home/airflow/.local/lib/python3.12/site-packages/airflow/example_dags/example_nested_branch_dag.py
[2025-02-01T07:51:50.288+0000] {logging_mixin.py:190} INFO - [2025-02-01T07:51:50.286+0000] {dag.py:3239} INFO - Sync 1 DAGs
[2025-02-01T07:51:50.356+0000] {logging_mixin.py:190} INFO - [2025-02-01T07:51:50.356+0000] {dag.py:4180} INFO - Setting next_dagrun for example_nested_branch_dag to 2025-01-31 00:00:00+00:00, run_after=2025-02-01 00:00:00+00:00
[2025-02-01T07:51:50.411+0000] {processor.py:208} INFO - Processing /home/airflow/.local/lib/python3.12/site-packages/airflow/example_dags/example_nested_branch_dag.py took 0.215 seconds
[2025-02-01T07:52:21.097+0000] {processor.py:186} INFO - Started process (PID=2311) to work on /home/airflow/.local/lib/python3.12/site-packages/airflow/example_dags/example_nested_branch_dag.py
[2025-02-01T07:52:21.098+0000] {processor.py:914} INFO - Processing file /home/airflow/.local/lib/python3.12/site-packages/airflow/example_dags/example_nested_branch_dag.py for tasks to queue
[2025-02-01T07:52:21.102+0000] {logging_mixin.py:190} INFO - [2025-02-01T07:52:21.102+0000] {dagbag.py:588} INFO - Filling up the DagBag from /home/airflow/.local/lib/python3.12/site-packages/airflow/example_dags/example_nested_branch_dag.py
[2025-02-01T07:52:21.126+0000] {processor.py:925} INFO - DAG(s) 'example_nested_branch_dag' retrieved from /home/airflow/.local/lib/python3.12/site-packages/airflow/example_dags/example_nested_branch_dag.py
[2025-02-01T07:52:21.168+0000] {logging_mixin.py:190} INFO - [2025-02-01T07:52:21.167+0000] {dag.py:3239} INFO - Sync 1 DAGs
[2025-02-01T07:52:21.208+0000] {logging_mixin.py:190} INFO - [2025-02-01T07:52:21.208+0000] {dag.py:4180} INFO - Setting next_dagrun for example_nested_branch_dag to 2025-01-31 00:00:00+00:00, run_after=2025-02-01 00:00:00+00:00
[2025-02-01T07:52:21.241+0000] {processor.py:208} INFO - Processing /home/airflow/.local/lib/python3.12/site-packages/airflow/example_dags/example_nested_branch_dag.py took 0.157 seconds
[2025-02-01T07:52:51.370+0000] {processor.py:186} INFO - Started process (PID=2375) to work on /home/airflow/.local/lib/python3.12/site-packages/airflow/example_dags/example_nested_branch_dag.py
[2025-02-01T07:52:51.372+0000] {processor.py:914} INFO - Processing file /home/airflow/.local/lib/python3.12/site-packages/airflow/example_dags/example_nested_branch_dag.py for tasks to queue
[2025-02-01T07:52:51.378+0000] {logging_mixin.py:190} INFO - [2025-02-01T07:52:51.377+0000] {dagbag.py:588} INFO - Filling up the DagBag from /home/airflow/.local/lib/python3.12/site-packages/airflow/example_dags/example_nested_branch_dag.py
[2025-02-01T07:52:51.400+0000] {processor.py:925} INFO - DAG(s) 'example_nested_branch_dag' retrieved from /home/airflow/.local/lib/python3.12/site-packages/airflow/example_dags/example_nested_branch_dag.py
[2025-02-01T07:52:51.443+0000] {logging_mixin.py:190} INFO - [2025-02-01T07:52:51.442+0000] {dag.py:3239} INFO - Sync 1 DAGs
[2025-02-01T07:52:51.490+0000] {logging_mixin.py:190} INFO - [2025-02-01T07:52:51.490+0000] {dag.py:4180} INFO - Setting next_dagrun for example_nested_branch_dag to 2025-01-31 00:00:00+00:00, run_after=2025-02-01 00:00:00+00:00
[2025-02-01T07:52:51.524+0000] {processor.py:208} INFO - Processing /home/airflow/.local/lib/python3.12/site-packages/airflow/example_dags/example_nested_branch_dag.py took 0.166 seconds
[2025-02-01T07:53:21.669+0000] {processor.py:186} INFO - Started process (PID=2439) to work on /home/airflow/.local/lib/python3.12/site-packages/airflow/example_dags/example_nested_branch_dag.py
[2025-02-01T07:53:21.672+0000] {processor.py:914} INFO - Processing file /home/airflow/.local/lib/python3.12/site-packages/airflow/example_dags/example_nested_branch_dag.py for tasks to queue
[2025-02-01T07:53:21.679+0000] {logging_mixin.py:190} INFO - [2025-02-01T07:53:21.678+0000] {dagbag.py:588} INFO - Filling up the DagBag from /home/airflow/.local/lib/python3.12/site-packages/airflow/example_dags/example_nested_branch_dag.py
[2025-02-01T07:53:21.702+0000] {processor.py:925} INFO - DAG(s) 'example_nested_branch_dag' retrieved from /home/airflow/.local/lib/python3.12/site-packages/airflow/example_dags/example_nested_branch_dag.py
[2025-02-01T07:53:21.755+0000] {logging_mixin.py:190} INFO - [2025-02-01T07:53:21.754+0000] {dag.py:3239} INFO - Sync 1 DAGs
[2025-02-01T07:53:21.821+0000] {logging_mixin.py:190} INFO - [2025-02-01T07:53:21.821+0000] {dag.py:4180} INFO - Setting next_dagrun for example_nested_branch_dag to 2025-01-31 00:00:00+00:00, run_after=2025-02-01 00:00:00+00:00
[2025-02-01T07:53:21.876+0000] {processor.py:208} INFO - Processing /home/airflow/.local/lib/python3.12/site-packages/airflow/example_dags/example_nested_branch_dag.py took 0.220 seconds
[2025-02-01T07:53:52.739+0000] {processor.py:186} INFO - Started process (PID=2503) to work on /home/airflow/.local/lib/python3.12/site-packages/airflow/example_dags/example_nested_branch_dag.py
[2025-02-01T07:53:52.741+0000] {processor.py:914} INFO - Processing file /home/airflow/.local/lib/python3.12/site-packages/airflow/example_dags/example_nested_branch_dag.py for tasks to queue
[2025-02-01T07:53:52.746+0000] {logging_mixin.py:190} INFO - [2025-02-01T07:53:52.746+0000] {dagbag.py:588} INFO - Filling up the DagBag from /home/airflow/.local/lib/python3.12/site-packages/airflow/example_dags/example_nested_branch_dag.py
[2025-02-01T07:53:52.765+0000] {processor.py:925} INFO - DAG(s) 'example_nested_branch_dag' retrieved from /home/airflow/.local/lib/python3.12/site-packages/airflow/example_dags/example_nested_branch_dag.py
[2025-02-01T07:53:52.797+0000] {logging_mixin.py:190} INFO - [2025-02-01T07:53:52.797+0000] {dag.py:3239} INFO - Sync 1 DAGs
[2025-02-01T07:53:52.841+0000] {logging_mixin.py:190} INFO - [2025-02-01T07:53:52.840+0000] {dag.py:4180} INFO - Setting next_dagrun for example_nested_branch_dag to 2025-01-31 00:00:00+00:00, run_after=2025-02-01 00:00:00+00:00
[2025-02-01T07:53:52.880+0000] {processor.py:208} INFO - Processing /home/airflow/.local/lib/python3.12/site-packages/airflow/example_dags/example_nested_branch_dag.py took 0.152 seconds
[2025-02-01T07:54:23.210+0000] {processor.py:186} INFO - Started process (PID=2567) to work on /home/airflow/.local/lib/python3.12/site-packages/airflow/example_dags/example_nested_branch_dag.py
[2025-02-01T07:54:23.211+0000] {processor.py:914} INFO - Processing file /home/airflow/.local/lib/python3.12/site-packages/airflow/example_dags/example_nested_branch_dag.py for tasks to queue
[2025-02-01T07:54:23.214+0000] {logging_mixin.py:190} INFO - [2025-02-01T07:54:23.214+0000] {dagbag.py:588} INFO - Filling up the DagBag from /home/airflow/.local/lib/python3.12/site-packages/airflow/example_dags/example_nested_branch_dag.py
[2025-02-01T07:54:23.226+0000] {processor.py:925} INFO - DAG(s) 'example_nested_branch_dag' retrieved from /home/airflow/.local/lib/python3.12/site-packages/airflow/example_dags/example_nested_branch_dag.py
[2025-02-01T07:54:23.251+0000] {logging_mixin.py:190} INFO - [2025-02-01T07:54:23.251+0000] {dag.py:3239} INFO - Sync 1 DAGs
[2025-02-01T07:54:23.279+0000] {logging_mixin.py:190} INFO - [2025-02-01T07:54:23.279+0000] {dag.py:4180} INFO - Setting next_dagrun for example_nested_branch_dag to 2025-01-31 00:00:00+00:00, run_after=2025-02-01 00:00:00+00:00
[2025-02-01T07:54:23.316+0000] {processor.py:208} INFO - Processing /home/airflow/.local/lib/python3.12/site-packages/airflow/example_dags/example_nested_branch_dag.py took 0.112 seconds
[2025-02-01T07:54:54.020+0000] {processor.py:186} INFO - Started process (PID=2631) to work on /home/airflow/.local/lib/python3.12/site-packages/airflow/example_dags/example_nested_branch_dag.py
[2025-02-01T07:54:54.022+0000] {processor.py:914} INFO - Processing file /home/airflow/.local/lib/python3.12/site-packages/airflow/example_dags/example_nested_branch_dag.py for tasks to queue
[2025-02-01T07:54:54.029+0000] {logging_mixin.py:190} INFO - [2025-02-01T07:54:54.028+0000] {dagbag.py:588} INFO - Filling up the DagBag from /home/airflow/.local/lib/python3.12/site-packages/airflow/example_dags/example_nested_branch_dag.py
[2025-02-01T07:54:54.063+0000] {processor.py:925} INFO - DAG(s) 'example_nested_branch_dag' retrieved from /home/airflow/.local/lib/python3.12/site-packages/airflow/example_dags/example_nested_branch_dag.py
[2025-02-01T07:54:54.125+0000] {logging_mixin.py:190} INFO - [2025-02-01T07:54:54.124+0000] {dag.py:3239} INFO - Sync 1 DAGs
[2025-02-01T07:54:54.196+0000] {logging_mixin.py:190} INFO - [2025-02-01T07:54:54.195+0000] {dag.py:4180} INFO - Setting next_dagrun for example_nested_branch_dag to 2025-01-31 00:00:00+00:00, run_after=2025-02-01 00:00:00+00:00
[2025-02-01T07:54:54.244+0000] {processor.py:208} INFO - Processing /home/airflow/.local/lib/python3.12/site-packages/airflow/example_dags/example_nested_branch_dag.py took 0.236 seconds
[2025-02-01T07:55:24.553+0000] {processor.py:186} INFO - Started process (PID=2695) to work on /home/airflow/.local/lib/python3.12/site-packages/airflow/example_dags/example_nested_branch_dag.py
[2025-02-01T07:55:24.554+0000] {processor.py:914} INFO - Processing file /home/airflow/.local/lib/python3.12/site-packages/airflow/example_dags/example_nested_branch_dag.py for tasks to queue
[2025-02-01T07:55:24.560+0000] {logging_mixin.py:190} INFO - [2025-02-01T07:55:24.559+0000] {dagbag.py:588} INFO - Filling up the DagBag from /home/airflow/.local/lib/python3.12/site-packages/airflow/example_dags/example_nested_branch_dag.py
[2025-02-01T07:55:24.586+0000] {processor.py:925} INFO - DAG(s) 'example_nested_branch_dag' retrieved from /home/airflow/.local/lib/python3.12/site-packages/airflow/example_dags/example_nested_branch_dag.py
[2025-02-01T07:55:24.678+0000] {logging_mixin.py:190} INFO - [2025-02-01T07:55:24.677+0000] {dag.py:3239} INFO - Sync 1 DAGs
[2025-02-01T07:55:24.806+0000] {logging_mixin.py:190} INFO - [2025-02-01T07:55:24.805+0000] {dag.py:4180} INFO - Setting next_dagrun for example_nested_branch_dag to 2025-01-31 00:00:00+00:00, run_after=2025-02-01 00:00:00+00:00
[2025-02-01T07:55:24.926+0000] {processor.py:208} INFO - Processing /home/airflow/.local/lib/python3.12/site-packages/airflow/example_dags/example_nested_branch_dag.py took 0.393 seconds
[2025-02-01T07:55:56.006+0000] {processor.py:186} INFO - Started process (PID=2759) to work on /home/airflow/.local/lib/python3.12/site-packages/airflow/example_dags/example_nested_branch_dag.py
[2025-02-01T07:55:56.009+0000] {processor.py:914} INFO - Processing file /home/airflow/.local/lib/python3.12/site-packages/airflow/example_dags/example_nested_branch_dag.py for tasks to queue
[2025-02-01T07:55:56.015+0000] {logging_mixin.py:190} INFO - [2025-02-01T07:55:56.014+0000] {dagbag.py:588} INFO - Filling up the DagBag from /home/airflow/.local/lib/python3.12/site-packages/airflow/example_dags/example_nested_branch_dag.py
[2025-02-01T07:55:56.042+0000] {processor.py:925} INFO - DAG(s) 'example_nested_branch_dag' retrieved from /home/airflow/.local/lib/python3.12/site-packages/airflow/example_dags/example_nested_branch_dag.py
[2025-02-01T07:55:56.093+0000] {logging_mixin.py:190} INFO - [2025-02-01T07:55:56.093+0000] {dag.py:3239} INFO - Sync 1 DAGs
[2025-02-01T07:55:56.157+0000] {logging_mixin.py:190} INFO - [2025-02-01T07:55:56.157+0000] {dag.py:4180} INFO - Setting next_dagrun for example_nested_branch_dag to 2025-01-31 00:00:00+00:00, run_after=2025-02-01 00:00:00+00:00
[2025-02-01T07:55:56.198+0000] {processor.py:208} INFO - Processing /home/airflow/.local/lib/python3.12/site-packages/airflow/example_dags/example_nested_branch_dag.py took 0.206 seconds
[2025-02-01T07:56:26.932+0000] {processor.py:186} INFO - Started process (PID=2823) to work on /home/airflow/.local/lib/python3.12/site-packages/airflow/example_dags/example_nested_branch_dag.py
[2025-02-01T07:56:26.934+0000] {processor.py:914} INFO - Processing file /home/airflow/.local/lib/python3.12/site-packages/airflow/example_dags/example_nested_branch_dag.py for tasks to queue
[2025-02-01T07:56:26.937+0000] {logging_mixin.py:190} INFO - [2025-02-01T07:56:26.936+0000] {dagbag.py:588} INFO - Filling up the DagBag from /home/airflow/.local/lib/python3.12/site-packages/airflow/example_dags/example_nested_branch_dag.py
[2025-02-01T07:56:26.951+0000] {processor.py:925} INFO - DAG(s) 'example_nested_branch_dag' retrieved from /home/airflow/.local/lib/python3.12/site-packages/airflow/example_dags/example_nested_branch_dag.py
[2025-02-01T07:56:26.986+0000] {logging_mixin.py:190} INFO - [2025-02-01T07:56:26.985+0000] {dag.py:3239} INFO - Sync 1 DAGs
[2025-02-01T07:56:27.016+0000] {logging_mixin.py:190} INFO - [2025-02-01T07:56:27.016+0000] {dag.py:4180} INFO - Setting next_dagrun for example_nested_branch_dag to 2025-01-31 00:00:00+00:00, run_after=2025-02-01 00:00:00+00:00
[2025-02-01T07:56:27.045+0000] {processor.py:208} INFO - Processing /home/airflow/.local/lib/python3.12/site-packages/airflow/example_dags/example_nested_branch_dag.py took 0.120 seconds
[2025-02-01T07:56:57.866+0000] {processor.py:186} INFO - Started process (PID=2887) to work on /home/airflow/.local/lib/python3.12/site-packages/airflow/example_dags/example_nested_branch_dag.py
[2025-02-01T07:56:57.869+0000] {processor.py:914} INFO - Processing file /home/airflow/.local/lib/python3.12/site-packages/airflow/example_dags/example_nested_branch_dag.py for tasks to queue
[2025-02-01T07:56:57.878+0000] {logging_mixin.py:190} INFO - [2025-02-01T07:56:57.877+0000] {dagbag.py:588} INFO - Filling up the DagBag from /home/airflow/.local/lib/python3.12/site-packages/airflow/example_dags/example_nested_branch_dag.py
[2025-02-01T07:56:57.913+0000] {processor.py:925} INFO - DAG(s) 'example_nested_branch_dag' retrieved from /home/airflow/.local/lib/python3.12/site-packages/airflow/example_dags/example_nested_branch_dag.py
[2025-02-01T07:56:57.968+0000] {logging_mixin.py:190} INFO - [2025-02-01T07:56:57.968+0000] {dag.py:3239} INFO - Sync 1 DAGs
[2025-02-01T07:56:58.036+0000] {logging_mixin.py:190} INFO - [2025-02-01T07:56:58.036+0000] {dag.py:4180} INFO - Setting next_dagrun for example_nested_branch_dag to 2025-01-31 00:00:00+00:00, run_after=2025-02-01 00:00:00+00:00
[2025-02-01T07:56:58.080+0000] {processor.py:208} INFO - Processing /home/airflow/.local/lib/python3.12/site-packages/airflow/example_dags/example_nested_branch_dag.py took 0.228 seconds
[2025-02-01T07:57:28.498+0000] {processor.py:186} INFO - Started process (PID=2951) to work on /home/airflow/.local/lib/python3.12/site-packages/airflow/example_dags/example_nested_branch_dag.py
[2025-02-01T07:57:28.498+0000] {processor.py:914} INFO - Processing file /home/airflow/.local/lib/python3.12/site-packages/airflow/example_dags/example_nested_branch_dag.py for tasks to queue
[2025-02-01T07:57:28.501+0000] {logging_mixin.py:190} INFO - [2025-02-01T07:57:28.500+0000] {dagbag.py:588} INFO - Filling up the DagBag from /home/airflow/.local/lib/python3.12/site-packages/airflow/example_dags/example_nested_branch_dag.py
[2025-02-01T07:57:28.513+0000] {processor.py:925} INFO - DAG(s) 'example_nested_branch_dag' retrieved from /home/airflow/.local/lib/python3.12/site-packages/airflow/example_dags/example_nested_branch_dag.py
[2025-02-01T07:57:28.538+0000] {logging_mixin.py:190} INFO - [2025-02-01T07:57:28.537+0000] {dag.py:3239} INFO - Sync 1 DAGs
[2025-02-01T07:57:28.563+0000] {logging_mixin.py:190} INFO - [2025-02-01T07:57:28.562+0000] {dag.py:4180} INFO - Setting next_dagrun for example_nested_branch_dag to 2025-01-31 00:00:00+00:00, run_after=2025-02-01 00:00:00+00:00
[2025-02-01T07:57:28.585+0000] {processor.py:208} INFO - Processing /home/airflow/.local/lib/python3.12/site-packages/airflow/example_dags/example_nested_branch_dag.py took 0.094 seconds
[2025-02-01T07:57:59.504+0000] {processor.py:186} INFO - Started process (PID=3016) to work on /home/airflow/.local/lib/python3.12/site-packages/airflow/example_dags/example_nested_branch_dag.py
[2025-02-01T07:57:59.506+0000] {processor.py:914} INFO - Processing file /home/airflow/.local/lib/python3.12/site-packages/airflow/example_dags/example_nested_branch_dag.py for tasks to queue
[2025-02-01T07:57:59.511+0000] {logging_mixin.py:190} INFO - [2025-02-01T07:57:59.510+0000] {dagbag.py:588} INFO - Filling up the DagBag from /home/airflow/.local/lib/python3.12/site-packages/airflow/example_dags/example_nested_branch_dag.py
[2025-02-01T07:57:59.535+0000] {processor.py:925} INFO - DAG(s) 'example_nested_branch_dag' retrieved from /home/airflow/.local/lib/python3.12/site-packages/airflow/example_dags/example_nested_branch_dag.py
[2025-02-01T07:57:59.573+0000] {logging_mixin.py:190} INFO - [2025-02-01T07:57:59.573+0000] {dag.py:3239} INFO - Sync 1 DAGs
[2025-02-01T07:57:59.619+0000] {logging_mixin.py:190} INFO - [2025-02-01T07:57:59.619+0000] {dag.py:4180} INFO - Setting next_dagrun for example_nested_branch_dag to 2025-01-31 00:00:00+00:00, run_after=2025-02-01 00:00:00+00:00
[2025-02-01T07:57:59.656+0000] {processor.py:208} INFO - Processing /home/airflow/.local/lib/python3.12/site-packages/airflow/example_dags/example_nested_branch_dag.py took 0.162 seconds
[2025-02-01T07:58:30.599+0000] {processor.py:186} INFO - Started process (PID=3080) to work on /home/airflow/.local/lib/python3.12/site-packages/airflow/example_dags/example_nested_branch_dag.py
[2025-02-01T07:58:30.601+0000] {processor.py:914} INFO - Processing file /home/airflow/.local/lib/python3.12/site-packages/airflow/example_dags/example_nested_branch_dag.py for tasks to queue
[2025-02-01T07:58:30.603+0000] {logging_mixin.py:190} INFO - [2025-02-01T07:58:30.603+0000] {dagbag.py:588} INFO - Filling up the DagBag from /home/airflow/.local/lib/python3.12/site-packages/airflow/example_dags/example_nested_branch_dag.py
[2025-02-01T07:58:30.620+0000] {processor.py:925} INFO - DAG(s) 'example_nested_branch_dag' retrieved from /home/airflow/.local/lib/python3.12/site-packages/airflow/example_dags/example_nested_branch_dag.py
[2025-02-01T07:58:30.660+0000] {logging_mixin.py:190} INFO - [2025-02-01T07:58:30.660+0000] {dag.py:3239} INFO - Sync 1 DAGs
[2025-02-01T07:58:30.700+0000] {logging_mixin.py:190} INFO - [2025-02-01T07:58:30.698+0000] {dag.py:4180} INFO - Setting next_dagrun for example_nested_branch_dag to 2025-01-31 00:00:00+00:00, run_after=2025-02-01 00:00:00+00:00
[2025-02-01T07:58:30.733+0000] {processor.py:208} INFO - Processing /home/airflow/.local/lib/python3.12/site-packages/airflow/example_dags/example_nested_branch_dag.py took 0.142 seconds
[2025-02-01T07:59:01.077+0000] {processor.py:186} INFO - Started process (PID=3143) to work on /home/airflow/.local/lib/python3.12/site-packages/airflow/example_dags/example_nested_branch_dag.py
[2025-02-01T07:59:01.080+0000] {processor.py:914} INFO - Processing file /home/airflow/.local/lib/python3.12/site-packages/airflow/example_dags/example_nested_branch_dag.py for tasks to queue
[2025-02-01T07:59:01.086+0000] {logging_mixin.py:190} INFO - [2025-02-01T07:59:01.085+0000] {dagbag.py:588} INFO - Filling up the DagBag from /home/airflow/.local/lib/python3.12/site-packages/airflow/example_dags/example_nested_branch_dag.py
[2025-02-01T07:59:01.112+0000] {processor.py:925} INFO - DAG(s) 'example_nested_branch_dag' retrieved from /home/airflow/.local/lib/python3.12/site-packages/airflow/example_dags/example_nested_branch_dag.py
[2025-02-01T07:59:01.153+0000] {logging_mixin.py:190} INFO - [2025-02-01T07:59:01.152+0000] {dag.py:3239} INFO - Sync 1 DAGs
[2025-02-01T07:59:01.218+0000] {logging_mixin.py:190} INFO - [2025-02-01T07:59:01.218+0000] {dag.py:4180} INFO - Setting next_dagrun for example_nested_branch_dag to 2025-01-31 00:00:00+00:00, run_after=2025-02-01 00:00:00+00:00
[2025-02-01T07:59:01.264+0000] {processor.py:208} INFO - Processing /home/airflow/.local/lib/python3.12/site-packages/airflow/example_dags/example_nested_branch_dag.py took 0.200 seconds
[2025-02-01T07:59:31.498+0000] {processor.py:186} INFO - Started process (PID=3207) to work on /home/airflow/.local/lib/python3.12/site-packages/airflow/example_dags/example_nested_branch_dag.py
[2025-02-01T07:59:31.499+0000] {processor.py:914} INFO - Processing file /home/airflow/.local/lib/python3.12/site-packages/airflow/example_dags/example_nested_branch_dag.py for tasks to queue
[2025-02-01T07:59:31.502+0000] {logging_mixin.py:190} INFO - [2025-02-01T07:59:31.502+0000] {dagbag.py:588} INFO - Filling up the DagBag from /home/airflow/.local/lib/python3.12/site-packages/airflow/example_dags/example_nested_branch_dag.py
[2025-02-01T07:59:31.520+0000] {processor.py:925} INFO - DAG(s) 'example_nested_branch_dag' retrieved from /home/airflow/.local/lib/python3.12/site-packages/airflow/example_dags/example_nested_branch_dag.py
[2025-02-01T07:59:31.548+0000] {logging_mixin.py:190} INFO - [2025-02-01T07:59:31.548+0000] {dag.py:3239} INFO - Sync 1 DAGs
[2025-02-01T07:59:31.577+0000] {logging_mixin.py:190} INFO - [2025-02-01T07:59:31.577+0000] {dag.py:4180} INFO - Setting next_dagrun for example_nested_branch_dag to 2025-01-31 00:00:00+00:00, run_after=2025-02-01 00:00:00+00:00
[2025-02-01T07:59:31.600+0000] {processor.py:208} INFO - Processing /home/airflow/.local/lib/python3.12/site-packages/airflow/example_dags/example_nested_branch_dag.py took 0.109 seconds
[2025-02-01T08:00:02.060+0000] {processor.py:186} INFO - Started process (PID=3270) to work on /home/airflow/.local/lib/python3.12/site-packages/airflow/example_dags/example_nested_branch_dag.py
[2025-02-01T08:00:02.063+0000] {processor.py:914} INFO - Processing file /home/airflow/.local/lib/python3.12/site-packages/airflow/example_dags/example_nested_branch_dag.py for tasks to queue
[2025-02-01T08:00:02.069+0000] {logging_mixin.py:190} INFO - [2025-02-01T08:00:02.068+0000] {dagbag.py:588} INFO - Filling up the DagBag from /home/airflow/.local/lib/python3.12/site-packages/airflow/example_dags/example_nested_branch_dag.py
[2025-02-01T08:00:02.102+0000] {processor.py:925} INFO - DAG(s) 'example_nested_branch_dag' retrieved from /home/airflow/.local/lib/python3.12/site-packages/airflow/example_dags/example_nested_branch_dag.py
[2025-02-01T08:00:02.157+0000] {logging_mixin.py:190} INFO - [2025-02-01T08:00:02.156+0000] {dag.py:3239} INFO - Sync 1 DAGs
[2025-02-01T08:00:02.591+0000] {logging_mixin.py:190} INFO - [2025-02-01T08:00:02.591+0000] {dag.py:4180} INFO - Setting next_dagrun for example_nested_branch_dag to 2025-01-31 00:00:00+00:00, run_after=2025-02-01 00:00:00+00:00
[2025-02-01T08:00:02.678+0000] {processor.py:208} INFO - Processing /home/airflow/.local/lib/python3.12/site-packages/airflow/example_dags/example_nested_branch_dag.py took 0.631 seconds
