[2025-02-01T07:34:35.778+0000] {processor.py:186} INFO - Started process (PID=105) to work on /home/airflow/.local/lib/python3.12/site-packages/airflow/example_dags/example_latest_only_with_trigger.py
[2025-02-01T07:34:35.780+0000] {processor.py:914} INFO - Processing file /home/airflow/.local/lib/python3.12/site-packages/airflow/example_dags/example_latest_only_with_trigger.py for tasks to queue
[2025-02-01T07:34:35.788+0000] {logging_mixin.py:190} INFO - [2025-02-01T07:34:35.787+0000] {dagbag.py:588} INFO - Filling up the DagBag from /home/airflow/.local/lib/python3.12/site-packages/airflow/example_dags/example_latest_only_with_trigger.py
[2025-02-01T07:34:35.819+0000] {processor.py:925} INFO - DAG(s) 'latest_only_with_trigger' retrieved from /home/airflow/.local/lib/python3.12/site-packages/airflow/example_dags/example_latest_only_with_trigger.py
[2025-02-01T07:34:36.124+0000] {logging_mixin.py:190} INFO - [2025-02-01T07:34:36.123+0000] {override.py:1911} INFO - Created Permission View: can edit on DAG:latest_only_with_trigger
[2025-02-01T07:34:36.161+0000] {logging_mixin.py:190} INFO - [2025-02-01T07:34:36.160+0000] {override.py:1911} INFO - Created Permission View: can delete on DAG:latest_only_with_trigger
[2025-02-01T07:34:36.189+0000] {logging_mixin.py:190} INFO - [2025-02-01T07:34:36.188+0000] {override.py:1911} INFO - Created Permission View: can read on DAG:latest_only_with_trigger
[2025-02-01T07:34:36.226+0000] {logging_mixin.py:190} INFO - [2025-02-01T07:34:36.224+0000] {override.py:1911} INFO - Created Permission View: can create on DAG Run:latest_only_with_trigger
[2025-02-01T07:34:36.249+0000] {logging_mixin.py:190} INFO - [2025-02-01T07:34:36.248+0000] {override.py:1911} INFO - Created Permission View: can delete on DAG Run:latest_only_with_trigger
[2025-02-01T07:34:36.272+0000] {logging_mixin.py:190} INFO - [2025-02-01T07:34:36.271+0000] {override.py:1911} INFO - Created Permission View: menu access on DAG Run:latest_only_with_trigger
[2025-02-01T07:34:36.309+0000] {logging_mixin.py:190} INFO - [2025-02-01T07:34:36.302+0000] {override.py:1911} INFO - Created Permission View: can read on DAG Run:latest_only_with_trigger
[2025-02-01T07:34:36.312+0000] {logging_mixin.py:190} INFO - [2025-02-01T07:34:36.312+0000] {dag.py:3239} INFO - Sync 1 DAGs
[2025-02-01T07:34:36.359+0000] {logging_mixin.py:190} INFO - [2025-02-01T07:34:36.359+0000] {dag.py:3262} INFO - Creating ORM DAG for latest_only_with_trigger
[2025-02-01T07:34:36.392+0000] {logging_mixin.py:190} INFO - [2025-02-01T07:34:36.392+0000] {dag.py:4180} INFO - Setting next_dagrun for latest_only_with_trigger to 2025-02-01 00:00:00+00:00, run_after=2025-02-01 04:00:00+00:00
[2025-02-01T07:34:36.446+0000] {processor.py:208} INFO - Processing /home/airflow/.local/lib/python3.12/site-packages/airflow/example_dags/example_latest_only_with_trigger.py took 0.685 seconds
[2025-02-01T07:35:08.319+0000] {processor.py:186} INFO - Started process (PID=168) to work on /home/airflow/.local/lib/python3.12/site-packages/airflow/example_dags/example_latest_only_with_trigger.py
[2025-02-01T07:35:08.326+0000] {processor.py:914} INFO - Processing file /home/airflow/.local/lib/python3.12/site-packages/airflow/example_dags/example_latest_only_with_trigger.py for tasks to queue
[2025-02-01T07:35:08.333+0000] {logging_mixin.py:190} INFO - [2025-02-01T07:35:08.332+0000] {dagbag.py:588} INFO - Filling up the DagBag from /home/airflow/.local/lib/python3.12/site-packages/airflow/example_dags/example_latest_only_with_trigger.py
[2025-02-01T07:35:08.354+0000] {processor.py:925} INFO - DAG(s) 'latest_only_with_trigger' retrieved from /home/airflow/.local/lib/python3.12/site-packages/airflow/example_dags/example_latest_only_with_trigger.py
[2025-02-01T07:35:08.413+0000] {logging_mixin.py:190} INFO - [2025-02-01T07:35:08.413+0000] {dag.py:3239} INFO - Sync 1 DAGs
[2025-02-01T07:35:08.510+0000] {logging_mixin.py:190} INFO - [2025-02-01T07:35:08.510+0000] {dag.py:4180} INFO - Setting next_dagrun for latest_only_with_trigger to 2025-02-01 00:00:00+00:00, run_after=2025-02-01 04:00:00+00:00
[2025-02-01T07:35:08.578+0000] {processor.py:208} INFO - Processing /home/airflow/.local/lib/python3.12/site-packages/airflow/example_dags/example_latest_only_with_trigger.py took 0.282 seconds
[2025-02-01T07:35:38.808+0000] {processor.py:186} INFO - Started process (PID=230) to work on /home/airflow/.local/lib/python3.12/site-packages/airflow/example_dags/example_latest_only_with_trigger.py
[2025-02-01T07:35:38.824+0000] {processor.py:914} INFO - Processing file /home/airflow/.local/lib/python3.12/site-packages/airflow/example_dags/example_latest_only_with_trigger.py for tasks to queue
[2025-02-01T07:35:38.840+0000] {logging_mixin.py:190} INFO - [2025-02-01T07:35:38.840+0000] {dagbag.py:588} INFO - Filling up the DagBag from /home/airflow/.local/lib/python3.12/site-packages/airflow/example_dags/example_latest_only_with_trigger.py
[2025-02-01T07:35:38.872+0000] {processor.py:925} INFO - DAG(s) 'latest_only_with_trigger' retrieved from /home/airflow/.local/lib/python3.12/site-packages/airflow/example_dags/example_latest_only_with_trigger.py
[2025-02-01T07:35:38.931+0000] {logging_mixin.py:190} INFO - [2025-02-01T07:35:38.931+0000] {dag.py:3239} INFO - Sync 1 DAGs
[2025-02-01T07:35:39.023+0000] {logging_mixin.py:190} INFO - [2025-02-01T07:35:39.022+0000] {dag.py:4180} INFO - Setting next_dagrun for latest_only_with_trigger to 2025-02-01 00:00:00+00:00, run_after=2025-02-01 04:00:00+00:00
[2025-02-01T07:35:39.119+0000] {processor.py:208} INFO - Processing /home/airflow/.local/lib/python3.12/site-packages/airflow/example_dags/example_latest_only_with_trigger.py took 0.347 seconds
[2025-02-01T07:36:09.783+0000] {processor.py:186} INFO - Started process (PID=293) to work on /home/airflow/.local/lib/python3.12/site-packages/airflow/example_dags/example_latest_only_with_trigger.py
[2025-02-01T07:36:09.785+0000] {processor.py:914} INFO - Processing file /home/airflow/.local/lib/python3.12/site-packages/airflow/example_dags/example_latest_only_with_trigger.py for tasks to queue
[2025-02-01T07:36:09.791+0000] {logging_mixin.py:190} INFO - [2025-02-01T07:36:09.790+0000] {dagbag.py:588} INFO - Filling up the DagBag from /home/airflow/.local/lib/python3.12/site-packages/airflow/example_dags/example_latest_only_with_trigger.py
[2025-02-01T07:36:09.808+0000] {processor.py:925} INFO - DAG(s) 'latest_only_with_trigger' retrieved from /home/airflow/.local/lib/python3.12/site-packages/airflow/example_dags/example_latest_only_with_trigger.py
[2025-02-01T07:36:09.873+0000] {logging_mixin.py:190} INFO - [2025-02-01T07:36:09.872+0000] {dag.py:3239} INFO - Sync 1 DAGs
[2025-02-01T07:36:09.929+0000] {logging_mixin.py:190} INFO - [2025-02-01T07:36:09.928+0000] {dag.py:4180} INFO - Setting next_dagrun for latest_only_with_trigger to 2025-02-01 00:00:00+00:00, run_after=2025-02-01 04:00:00+00:00
[2025-02-01T07:36:09.989+0000] {processor.py:208} INFO - Processing /home/airflow/.local/lib/python3.12/site-packages/airflow/example_dags/example_latest_only_with_trigger.py took 0.224 seconds
[2025-02-01T07:36:40.900+0000] {processor.py:186} INFO - Started process (PID=356) to work on /home/airflow/.local/lib/python3.12/site-packages/airflow/example_dags/example_latest_only_with_trigger.py
[2025-02-01T07:36:40.901+0000] {processor.py:914} INFO - Processing file /home/airflow/.local/lib/python3.12/site-packages/airflow/example_dags/example_latest_only_with_trigger.py for tasks to queue
[2025-02-01T07:36:40.904+0000] {logging_mixin.py:190} INFO - [2025-02-01T07:36:40.903+0000] {dagbag.py:588} INFO - Filling up the DagBag from /home/airflow/.local/lib/python3.12/site-packages/airflow/example_dags/example_latest_only_with_trigger.py
[2025-02-01T07:36:40.911+0000] {processor.py:925} INFO - DAG(s) 'latest_only_with_trigger' retrieved from /home/airflow/.local/lib/python3.12/site-packages/airflow/example_dags/example_latest_only_with_trigger.py
[2025-02-01T07:36:40.932+0000] {logging_mixin.py:190} INFO - [2025-02-01T07:36:40.932+0000] {dag.py:3239} INFO - Sync 1 DAGs
[2025-02-01T07:36:40.957+0000] {logging_mixin.py:190} INFO - [2025-02-01T07:36:40.957+0000] {dag.py:4180} INFO - Setting next_dagrun for latest_only_with_trigger to 2025-02-01 00:00:00+00:00, run_after=2025-02-01 04:00:00+00:00
[2025-02-01T07:36:40.986+0000] {processor.py:208} INFO - Processing /home/airflow/.local/lib/python3.12/site-packages/airflow/example_dags/example_latest_only_with_trigger.py took 0.092 seconds
[2025-02-01T07:37:11.143+0000] {processor.py:186} INFO - Started process (PID=419) to work on /home/airflow/.local/lib/python3.12/site-packages/airflow/example_dags/example_latest_only_with_trigger.py
[2025-02-01T07:37:11.144+0000] {processor.py:914} INFO - Processing file /home/airflow/.local/lib/python3.12/site-packages/airflow/example_dags/example_latest_only_with_trigger.py for tasks to queue
[2025-02-01T07:37:11.147+0000] {logging_mixin.py:190} INFO - [2025-02-01T07:37:11.147+0000] {dagbag.py:588} INFO - Filling up the DagBag from /home/airflow/.local/lib/python3.12/site-packages/airflow/example_dags/example_latest_only_with_trigger.py
[2025-02-01T07:37:11.155+0000] {processor.py:925} INFO - DAG(s) 'latest_only_with_trigger' retrieved from /home/airflow/.local/lib/python3.12/site-packages/airflow/example_dags/example_latest_only_with_trigger.py
[2025-02-01T07:37:11.177+0000] {logging_mixin.py:190} INFO - [2025-02-01T07:37:11.176+0000] {dag.py:3239} INFO - Sync 1 DAGs
[2025-02-01T07:37:11.200+0000] {logging_mixin.py:190} INFO - [2025-02-01T07:37:11.200+0000] {dag.py:4180} INFO - Setting next_dagrun for latest_only_with_trigger to 2025-02-01 00:00:00+00:00, run_after=2025-02-01 04:00:00+00:00
[2025-02-01T07:37:11.223+0000] {processor.py:208} INFO - Processing /home/airflow/.local/lib/python3.12/site-packages/airflow/example_dags/example_latest_only_with_trigger.py took 0.086 seconds
[2025-02-01T07:37:41.788+0000] {processor.py:186} INFO - Started process (PID=482) to work on /home/airflow/.local/lib/python3.12/site-packages/airflow/example_dags/example_latest_only_with_trigger.py
[2025-02-01T07:37:41.789+0000] {processor.py:914} INFO - Processing file /home/airflow/.local/lib/python3.12/site-packages/airflow/example_dags/example_latest_only_with_trigger.py for tasks to queue
[2025-02-01T07:37:41.792+0000] {logging_mixin.py:190} INFO - [2025-02-01T07:37:41.792+0000] {dagbag.py:588} INFO - Filling up the DagBag from /home/airflow/.local/lib/python3.12/site-packages/airflow/example_dags/example_latest_only_with_trigger.py
[2025-02-01T07:37:41.801+0000] {processor.py:925} INFO - DAG(s) 'latest_only_with_trigger' retrieved from /home/airflow/.local/lib/python3.12/site-packages/airflow/example_dags/example_latest_only_with_trigger.py
[2025-02-01T07:37:41.825+0000] {logging_mixin.py:190} INFO - [2025-02-01T07:37:41.825+0000] {dag.py:3239} INFO - Sync 1 DAGs
[2025-02-01T07:37:41.851+0000] {logging_mixin.py:190} INFO - [2025-02-01T07:37:41.851+0000] {dag.py:4180} INFO - Setting next_dagrun for latest_only_with_trigger to 2025-02-01 00:00:00+00:00, run_after=2025-02-01 04:00:00+00:00
[2025-02-01T07:37:41.876+0000] {processor.py:208} INFO - Processing /home/airflow/.local/lib/python3.12/site-packages/airflow/example_dags/example_latest_only_with_trigger.py took 0.095 seconds
[2025-02-01T07:38:12.140+0000] {processor.py:186} INFO - Started process (PID=545) to work on /home/airflow/.local/lib/python3.12/site-packages/airflow/example_dags/example_latest_only_with_trigger.py
[2025-02-01T07:38:12.141+0000] {processor.py:914} INFO - Processing file /home/airflow/.local/lib/python3.12/site-packages/airflow/example_dags/example_latest_only_with_trigger.py for tasks to queue
[2025-02-01T07:38:12.145+0000] {logging_mixin.py:190} INFO - [2025-02-01T07:38:12.145+0000] {dagbag.py:588} INFO - Filling up the DagBag from /home/airflow/.local/lib/python3.12/site-packages/airflow/example_dags/example_latest_only_with_trigger.py
[2025-02-01T07:38:12.159+0000] {processor.py:925} INFO - DAG(s) 'latest_only_with_trigger' retrieved from /home/airflow/.local/lib/python3.12/site-packages/airflow/example_dags/example_latest_only_with_trigger.py
[2025-02-01T07:38:12.195+0000] {logging_mixin.py:190} INFO - [2025-02-01T07:38:12.194+0000] {dag.py:3239} INFO - Sync 1 DAGs
[2025-02-01T07:38:12.242+0000] {logging_mixin.py:190} INFO - [2025-02-01T07:38:12.242+0000] {dag.py:4180} INFO - Setting next_dagrun for latest_only_with_trigger to 2025-02-01 00:00:00+00:00, run_after=2025-02-01 04:00:00+00:00
[2025-02-01T07:38:12.289+0000] {processor.py:208} INFO - Processing /home/airflow/.local/lib/python3.12/site-packages/airflow/example_dags/example_latest_only_with_trigger.py took 0.159 seconds
[2025-02-01T07:38:42.645+0000] {processor.py:186} INFO - Started process (PID=608) to work on /home/airflow/.local/lib/python3.12/site-packages/airflow/example_dags/example_latest_only_with_trigger.py
[2025-02-01T07:38:42.647+0000] {processor.py:914} INFO - Processing file /home/airflow/.local/lib/python3.12/site-packages/airflow/example_dags/example_latest_only_with_trigger.py for tasks to queue
[2025-02-01T07:38:42.652+0000] {logging_mixin.py:190} INFO - [2025-02-01T07:38:42.651+0000] {dagbag.py:588} INFO - Filling up the DagBag from /home/airflow/.local/lib/python3.12/site-packages/airflow/example_dags/example_latest_only_with_trigger.py
[2025-02-01T07:38:42.668+0000] {processor.py:925} INFO - DAG(s) 'latest_only_with_trigger' retrieved from /home/airflow/.local/lib/python3.12/site-packages/airflow/example_dags/example_latest_only_with_trigger.py
[2025-02-01T07:38:42.715+0000] {logging_mixin.py:190} INFO - [2025-02-01T07:38:42.713+0000] {dag.py:3239} INFO - Sync 1 DAGs
[2025-02-01T07:38:42.778+0000] {logging_mixin.py:190} INFO - [2025-02-01T07:38:42.777+0000] {dag.py:4180} INFO - Setting next_dagrun for latest_only_with_trigger to 2025-02-01 00:00:00+00:00, run_after=2025-02-01 04:00:00+00:00
[2025-02-01T07:38:42.839+0000] {processor.py:208} INFO - Processing /home/airflow/.local/lib/python3.12/site-packages/airflow/example_dags/example_latest_only_with_trigger.py took 0.207 seconds
[2025-02-01T07:39:13.099+0000] {processor.py:186} INFO - Started process (PID=671) to work on /home/airflow/.local/lib/python3.12/site-packages/airflow/example_dags/example_latest_only_with_trigger.py
[2025-02-01T07:39:13.101+0000] {processor.py:914} INFO - Processing file /home/airflow/.local/lib/python3.12/site-packages/airflow/example_dags/example_latest_only_with_trigger.py for tasks to queue
[2025-02-01T07:39:13.107+0000] {logging_mixin.py:190} INFO - [2025-02-01T07:39:13.107+0000] {dagbag.py:588} INFO - Filling up the DagBag from /home/airflow/.local/lib/python3.12/site-packages/airflow/example_dags/example_latest_only_with_trigger.py
[2025-02-01T07:39:13.125+0000] {processor.py:925} INFO - DAG(s) 'latest_only_with_trigger' retrieved from /home/airflow/.local/lib/python3.12/site-packages/airflow/example_dags/example_latest_only_with_trigger.py
[2025-02-01T07:39:13.195+0000] {logging_mixin.py:190} INFO - [2025-02-01T07:39:13.194+0000] {dag.py:3239} INFO - Sync 1 DAGs
[2025-02-01T07:39:13.262+0000] {logging_mixin.py:190} INFO - [2025-02-01T07:39:13.262+0000] {dag.py:4180} INFO - Setting next_dagrun for latest_only_with_trigger to 2025-02-01 00:00:00+00:00, run_after=2025-02-01 04:00:00+00:00
[2025-02-01T07:39:13.305+0000] {processor.py:208} INFO - Processing /home/airflow/.local/lib/python3.12/site-packages/airflow/example_dags/example_latest_only_with_trigger.py took 0.220 seconds
[2025-02-01T07:39:44.109+0000] {processor.py:186} INFO - Started process (PID=734) to work on /home/airflow/.local/lib/python3.12/site-packages/airflow/example_dags/example_latest_only_with_trigger.py
[2025-02-01T07:39:44.110+0000] {processor.py:914} INFO - Processing file /home/airflow/.local/lib/python3.12/site-packages/airflow/example_dags/example_latest_only_with_trigger.py for tasks to queue
[2025-02-01T07:39:44.112+0000] {logging_mixin.py:190} INFO - [2025-02-01T07:39:44.112+0000] {dagbag.py:588} INFO - Filling up the DagBag from /home/airflow/.local/lib/python3.12/site-packages/airflow/example_dags/example_latest_only_with_trigger.py
[2025-02-01T07:39:44.119+0000] {processor.py:925} INFO - DAG(s) 'latest_only_with_trigger' retrieved from /home/airflow/.local/lib/python3.12/site-packages/airflow/example_dags/example_latest_only_with_trigger.py
[2025-02-01T07:39:44.140+0000] {logging_mixin.py:190} INFO - [2025-02-01T07:39:44.140+0000] {dag.py:3239} INFO - Sync 1 DAGs
[2025-02-01T07:39:44.165+0000] {logging_mixin.py:190} INFO - [2025-02-01T07:39:44.165+0000] {dag.py:4180} INFO - Setting next_dagrun for latest_only_with_trigger to 2025-02-01 00:00:00+00:00, run_after=2025-02-01 04:00:00+00:00
[2025-02-01T07:39:44.187+0000] {processor.py:208} INFO - Processing /home/airflow/.local/lib/python3.12/site-packages/airflow/example_dags/example_latest_only_with_trigger.py took 0.084 seconds
[2025-02-01T07:40:14.652+0000] {processor.py:186} INFO - Started process (PID=796) to work on /home/airflow/.local/lib/python3.12/site-packages/airflow/example_dags/example_latest_only_with_trigger.py
[2025-02-01T07:40:14.653+0000] {processor.py:914} INFO - Processing file /home/airflow/.local/lib/python3.12/site-packages/airflow/example_dags/example_latest_only_with_trigger.py for tasks to queue
[2025-02-01T07:40:14.655+0000] {logging_mixin.py:190} INFO - [2025-02-01T07:40:14.655+0000] {dagbag.py:588} INFO - Filling up the DagBag from /home/airflow/.local/lib/python3.12/site-packages/airflow/example_dags/example_latest_only_with_trigger.py
[2025-02-01T07:40:14.661+0000] {processor.py:925} INFO - DAG(s) 'latest_only_with_trigger' retrieved from /home/airflow/.local/lib/python3.12/site-packages/airflow/example_dags/example_latest_only_with_trigger.py
[2025-02-01T07:40:14.680+0000] {logging_mixin.py:190} INFO - [2025-02-01T07:40:14.679+0000] {dag.py:3239} INFO - Sync 1 DAGs
[2025-02-01T07:40:14.700+0000] {logging_mixin.py:190} INFO - [2025-02-01T07:40:14.699+0000] {dag.py:4180} INFO - Setting next_dagrun for latest_only_with_trigger to 2025-02-01 00:00:00+00:00, run_after=2025-02-01 04:00:00+00:00
[2025-02-01T07:40:14.722+0000] {processor.py:208} INFO - Processing /home/airflow/.local/lib/python3.12/site-packages/airflow/example_dags/example_latest_only_with_trigger.py took 0.075 seconds
[2025-02-01T07:40:45.068+0000] {processor.py:186} INFO - Started process (PID=859) to work on /home/airflow/.local/lib/python3.12/site-packages/airflow/example_dags/example_latest_only_with_trigger.py
[2025-02-01T07:40:45.073+0000] {processor.py:914} INFO - Processing file /home/airflow/.local/lib/python3.12/site-packages/airflow/example_dags/example_latest_only_with_trigger.py for tasks to queue
[2025-02-01T07:40:45.079+0000] {logging_mixin.py:190} INFO - [2025-02-01T07:40:45.078+0000] {dagbag.py:588} INFO - Filling up the DagBag from /home/airflow/.local/lib/python3.12/site-packages/airflow/example_dags/example_latest_only_with_trigger.py
[2025-02-01T07:40:45.092+0000] {processor.py:925} INFO - DAG(s) 'latest_only_with_trigger' retrieved from /home/airflow/.local/lib/python3.12/site-packages/airflow/example_dags/example_latest_only_with_trigger.py
[2025-02-01T07:40:45.130+0000] {logging_mixin.py:190} INFO - [2025-02-01T07:40:45.129+0000] {dag.py:3239} INFO - Sync 1 DAGs
[2025-02-01T07:40:45.180+0000] {logging_mixin.py:190} INFO - [2025-02-01T07:40:45.179+0000] {dag.py:4180} INFO - Setting next_dagrun for latest_only_with_trigger to 2025-02-01 00:00:00+00:00, run_after=2025-02-01 04:00:00+00:00
[2025-02-01T07:40:45.215+0000] {processor.py:208} INFO - Processing /home/airflow/.local/lib/python3.12/site-packages/airflow/example_dags/example_latest_only_with_trigger.py took 0.162 seconds
[2025-02-01T07:41:15.986+0000] {processor.py:186} INFO - Started process (PID=928) to work on /home/airflow/.local/lib/python3.12/site-packages/airflow/example_dags/example_latest_only_with_trigger.py
[2025-02-01T07:41:15.989+0000] {processor.py:914} INFO - Processing file /home/airflow/.local/lib/python3.12/site-packages/airflow/example_dags/example_latest_only_with_trigger.py for tasks to queue
[2025-02-01T07:41:15.993+0000] {logging_mixin.py:190} INFO - [2025-02-01T07:41:15.993+0000] {dagbag.py:588} INFO - Filling up the DagBag from /home/airflow/.local/lib/python3.12/site-packages/airflow/example_dags/example_latest_only_with_trigger.py
[2025-02-01T07:41:16.007+0000] {processor.py:925} INFO - DAG(s) 'latest_only_with_trigger' retrieved from /home/airflow/.local/lib/python3.12/site-packages/airflow/example_dags/example_latest_only_with_trigger.py
[2025-02-01T07:41:16.041+0000] {logging_mixin.py:190} INFO - [2025-02-01T07:41:16.040+0000] {dag.py:3239} INFO - Sync 1 DAGs
[2025-02-01T07:41:16.084+0000] {logging_mixin.py:190} INFO - [2025-02-01T07:41:16.084+0000] {dag.py:4180} INFO - Setting next_dagrun for latest_only_with_trigger to 2025-02-01 00:00:00+00:00, run_after=2025-02-01 04:00:00+00:00
[2025-02-01T07:41:16.118+0000] {processor.py:208} INFO - Processing /home/airflow/.local/lib/python3.12/site-packages/airflow/example_dags/example_latest_only_with_trigger.py took 0.143 seconds
[2025-02-01T07:41:46.364+0000] {processor.py:186} INFO - Started process (PID=991) to work on /home/airflow/.local/lib/python3.12/site-packages/airflow/example_dags/example_latest_only_with_trigger.py
[2025-02-01T07:41:46.365+0000] {processor.py:914} INFO - Processing file /home/airflow/.local/lib/python3.12/site-packages/airflow/example_dags/example_latest_only_with_trigger.py for tasks to queue
[2025-02-01T07:41:46.368+0000] {logging_mixin.py:190} INFO - [2025-02-01T07:41:46.367+0000] {dagbag.py:588} INFO - Filling up the DagBag from /home/airflow/.local/lib/python3.12/site-packages/airflow/example_dags/example_latest_only_with_trigger.py
[2025-02-01T07:41:46.378+0000] {processor.py:925} INFO - DAG(s) 'latest_only_with_trigger' retrieved from /home/airflow/.local/lib/python3.12/site-packages/airflow/example_dags/example_latest_only_with_trigger.py
[2025-02-01T07:41:46.403+0000] {logging_mixin.py:190} INFO - [2025-02-01T07:41:46.403+0000] {dag.py:3239} INFO - Sync 1 DAGs
[2025-02-01T07:41:46.430+0000] {logging_mixin.py:190} INFO - [2025-02-01T07:41:46.430+0000] {dag.py:4180} INFO - Setting next_dagrun for latest_only_with_trigger to 2025-02-01 00:00:00+00:00, run_after=2025-02-01 04:00:00+00:00
[2025-02-01T07:41:46.455+0000] {processor.py:208} INFO - Processing /home/airflow/.local/lib/python3.12/site-packages/airflow/example_dags/example_latest_only_with_trigger.py took 0.099 seconds
[2025-02-01T07:42:16.793+0000] {processor.py:186} INFO - Started process (PID=1054) to work on /home/airflow/.local/lib/python3.12/site-packages/airflow/example_dags/example_latest_only_with_trigger.py
[2025-02-01T07:42:16.794+0000] {processor.py:914} INFO - Processing file /home/airflow/.local/lib/python3.12/site-packages/airflow/example_dags/example_latest_only_with_trigger.py for tasks to queue
[2025-02-01T07:42:16.797+0000] {logging_mixin.py:190} INFO - [2025-02-01T07:42:16.796+0000] {dagbag.py:588} INFO - Filling up the DagBag from /home/airflow/.local/lib/python3.12/site-packages/airflow/example_dags/example_latest_only_with_trigger.py
[2025-02-01T07:42:16.805+0000] {processor.py:925} INFO - DAG(s) 'latest_only_with_trigger' retrieved from /home/airflow/.local/lib/python3.12/site-packages/airflow/example_dags/example_latest_only_with_trigger.py
[2025-02-01T07:42:16.831+0000] {logging_mixin.py:190} INFO - [2025-02-01T07:42:16.831+0000] {dag.py:3239} INFO - Sync 1 DAGs
[2025-02-01T07:42:16.859+0000] {logging_mixin.py:190} INFO - [2025-02-01T07:42:16.859+0000] {dag.py:4180} INFO - Setting next_dagrun for latest_only_with_trigger to 2025-02-01 00:00:00+00:00, run_after=2025-02-01 04:00:00+00:00
[2025-02-01T07:42:16.885+0000] {processor.py:208} INFO - Processing /home/airflow/.local/lib/python3.12/site-packages/airflow/example_dags/example_latest_only_with_trigger.py took 0.099 seconds
[2025-02-01T07:42:47.219+0000] {processor.py:186} INFO - Started process (PID=1117) to work on /home/airflow/.local/lib/python3.12/site-packages/airflow/example_dags/example_latest_only_with_trigger.py
[2025-02-01T07:42:47.221+0000] {processor.py:914} INFO - Processing file /home/airflow/.local/lib/python3.12/site-packages/airflow/example_dags/example_latest_only_with_trigger.py for tasks to queue
[2025-02-01T07:42:47.224+0000] {logging_mixin.py:190} INFO - [2025-02-01T07:42:47.224+0000] {dagbag.py:588} INFO - Filling up the DagBag from /home/airflow/.local/lib/python3.12/site-packages/airflow/example_dags/example_latest_only_with_trigger.py
[2025-02-01T07:42:47.234+0000] {processor.py:925} INFO - DAG(s) 'latest_only_with_trigger' retrieved from /home/airflow/.local/lib/python3.12/site-packages/airflow/example_dags/example_latest_only_with_trigger.py
[2025-02-01T07:42:47.262+0000] {logging_mixin.py:190} INFO - [2025-02-01T07:42:47.261+0000] {dag.py:3239} INFO - Sync 1 DAGs
[2025-02-01T07:42:47.291+0000] {logging_mixin.py:190} INFO - [2025-02-01T07:42:47.291+0000] {dag.py:4180} INFO - Setting next_dagrun for latest_only_with_trigger to 2025-02-01 00:00:00+00:00, run_after=2025-02-01 04:00:00+00:00
[2025-02-01T07:42:47.320+0000] {processor.py:208} INFO - Processing /home/airflow/.local/lib/python3.12/site-packages/airflow/example_dags/example_latest_only_with_trigger.py took 0.108 seconds
[2025-02-01T07:43:17.440+0000] {processor.py:186} INFO - Started process (PID=1179) to work on /home/airflow/.local/lib/python3.12/site-packages/airflow/example_dags/example_latest_only_with_trigger.py
[2025-02-01T07:43:17.444+0000] {processor.py:914} INFO - Processing file /home/airflow/.local/lib/python3.12/site-packages/airflow/example_dags/example_latest_only_with_trigger.py for tasks to queue
[2025-02-01T07:43:17.448+0000] {logging_mixin.py:190} INFO - [2025-02-01T07:43:17.447+0000] {dagbag.py:588} INFO - Filling up the DagBag from /home/airflow/.local/lib/python3.12/site-packages/airflow/example_dags/example_latest_only_with_trigger.py
[2025-02-01T07:43:17.461+0000] {processor.py:925} INFO - DAG(s) 'latest_only_with_trigger' retrieved from /home/airflow/.local/lib/python3.12/site-packages/airflow/example_dags/example_latest_only_with_trigger.py
[2025-02-01T07:43:17.496+0000] {logging_mixin.py:190} INFO - [2025-02-01T07:43:17.495+0000] {dag.py:3239} INFO - Sync 1 DAGs
[2025-02-01T07:43:17.539+0000] {logging_mixin.py:190} INFO - [2025-02-01T07:43:17.538+0000] {dag.py:4180} INFO - Setting next_dagrun for latest_only_with_trigger to 2025-02-01 00:00:00+00:00, run_after=2025-02-01 04:00:00+00:00
[2025-02-01T07:43:17.577+0000] {processor.py:208} INFO - Processing /home/airflow/.local/lib/python3.12/site-packages/airflow/example_dags/example_latest_only_with_trigger.py took 0.149 seconds
[2025-02-01T07:43:47.821+0000] {processor.py:186} INFO - Started process (PID=1242) to work on /home/airflow/.local/lib/python3.12/site-packages/airflow/example_dags/example_latest_only_with_trigger.py
[2025-02-01T07:43:47.823+0000] {processor.py:914} INFO - Processing file /home/airflow/.local/lib/python3.12/site-packages/airflow/example_dags/example_latest_only_with_trigger.py for tasks to queue
[2025-02-01T07:43:47.828+0000] {logging_mixin.py:190} INFO - [2025-02-01T07:43:47.827+0000] {dagbag.py:588} INFO - Filling up the DagBag from /home/airflow/.local/lib/python3.12/site-packages/airflow/example_dags/example_latest_only_with_trigger.py
[2025-02-01T07:43:47.858+0000] {processor.py:925} INFO - DAG(s) 'latest_only_with_trigger' retrieved from /home/airflow/.local/lib/python3.12/site-packages/airflow/example_dags/example_latest_only_with_trigger.py
[2025-02-01T07:43:47.901+0000] {logging_mixin.py:190} INFO - [2025-02-01T07:43:47.901+0000] {dag.py:3239} INFO - Sync 1 DAGs
[2025-02-01T07:43:47.958+0000] {logging_mixin.py:190} INFO - [2025-02-01T07:43:47.958+0000] {dag.py:4180} INFO - Setting next_dagrun for latest_only_with_trigger to 2025-02-01 00:00:00+00:00, run_after=2025-02-01 04:00:00+00:00
[2025-02-01T07:43:48.028+0000] {processor.py:208} INFO - Processing /home/airflow/.local/lib/python3.12/site-packages/airflow/example_dags/example_latest_only_with_trigger.py took 0.219 seconds
[2025-02-01T07:44:18.567+0000] {processor.py:186} INFO - Started process (PID=1306) to work on /home/airflow/.local/lib/python3.12/site-packages/airflow/example_dags/example_latest_only_with_trigger.py
[2025-02-01T07:44:18.569+0000] {processor.py:914} INFO - Processing file /home/airflow/.local/lib/python3.12/site-packages/airflow/example_dags/example_latest_only_with_trigger.py for tasks to queue
[2025-02-01T07:44:18.572+0000] {logging_mixin.py:190} INFO - [2025-02-01T07:44:18.572+0000] {dagbag.py:588} INFO - Filling up the DagBag from /home/airflow/.local/lib/python3.12/site-packages/airflow/example_dags/example_latest_only_with_trigger.py
[2025-02-01T07:44:18.582+0000] {processor.py:925} INFO - DAG(s) 'latest_only_with_trigger' retrieved from /home/airflow/.local/lib/python3.12/site-packages/airflow/example_dags/example_latest_only_with_trigger.py
[2025-02-01T07:44:18.610+0000] {logging_mixin.py:190} INFO - [2025-02-01T07:44:18.610+0000] {dag.py:3239} INFO - Sync 1 DAGs
[2025-02-01T07:44:18.642+0000] {logging_mixin.py:190} INFO - [2025-02-01T07:44:18.641+0000] {dag.py:4180} INFO - Setting next_dagrun for latest_only_with_trigger to 2025-02-01 00:00:00+00:00, run_after=2025-02-01 04:00:00+00:00
[2025-02-01T07:44:18.670+0000] {processor.py:208} INFO - Processing /home/airflow/.local/lib/python3.12/site-packages/airflow/example_dags/example_latest_only_with_trigger.py took 0.110 seconds
[2025-02-01T07:44:48.923+0000] {processor.py:186} INFO - Started process (PID=1370) to work on /home/airflow/.local/lib/python3.12/site-packages/airflow/example_dags/example_latest_only_with_trigger.py
[2025-02-01T07:44:48.926+0000] {processor.py:914} INFO - Processing file /home/airflow/.local/lib/python3.12/site-packages/airflow/example_dags/example_latest_only_with_trigger.py for tasks to queue
[2025-02-01T07:44:48.932+0000] {logging_mixin.py:190} INFO - [2025-02-01T07:44:48.931+0000] {dagbag.py:588} INFO - Filling up the DagBag from /home/airflow/.local/lib/python3.12/site-packages/airflow/example_dags/example_latest_only_with_trigger.py
[2025-02-01T07:44:48.957+0000] {processor.py:925} INFO - DAG(s) 'latest_only_with_trigger' retrieved from /home/airflow/.local/lib/python3.12/site-packages/airflow/example_dags/example_latest_only_with_trigger.py
[2025-02-01T07:44:49.015+0000] {logging_mixin.py:190} INFO - [2025-02-01T07:44:49.014+0000] {dag.py:3239} INFO - Sync 1 DAGs
[2025-02-01T07:44:49.093+0000] {logging_mixin.py:190} INFO - [2025-02-01T07:44:49.093+0000] {dag.py:4180} INFO - Setting next_dagrun for latest_only_with_trigger to 2025-02-01 00:00:00+00:00, run_after=2025-02-01 04:00:00+00:00
[2025-02-01T07:44:49.137+0000] {processor.py:208} INFO - Processing /home/airflow/.local/lib/python3.12/site-packages/airflow/example_dags/example_latest_only_with_trigger.py took 0.227 seconds
[2025-02-01T07:45:19.979+0000] {processor.py:186} INFO - Started process (PID=1433) to work on /home/airflow/.local/lib/python3.12/site-packages/airflow/example_dags/example_latest_only_with_trigger.py
[2025-02-01T07:45:19.981+0000] {processor.py:914} INFO - Processing file /home/airflow/.local/lib/python3.12/site-packages/airflow/example_dags/example_latest_only_with_trigger.py for tasks to queue
[2025-02-01T07:45:19.987+0000] {logging_mixin.py:190} INFO - [2025-02-01T07:45:19.987+0000] {dagbag.py:588} INFO - Filling up the DagBag from /home/airflow/.local/lib/python3.12/site-packages/airflow/example_dags/example_latest_only_with_trigger.py
[2025-02-01T07:45:20.000+0000] {processor.py:925} INFO - DAG(s) 'latest_only_with_trigger' retrieved from /home/airflow/.local/lib/python3.12/site-packages/airflow/example_dags/example_latest_only_with_trigger.py
[2025-02-01T07:45:20.038+0000] {logging_mixin.py:190} INFO - [2025-02-01T07:45:20.037+0000] {dag.py:3239} INFO - Sync 1 DAGs
[2025-02-01T07:45:20.086+0000] {logging_mixin.py:190} INFO - [2025-02-01T07:45:20.085+0000] {dag.py:4180} INFO - Setting next_dagrun for latest_only_with_trigger to 2025-02-01 00:00:00+00:00, run_after=2025-02-01 04:00:00+00:00
[2025-02-01T07:45:20.211+0000] {processor.py:208} INFO - Processing /home/airflow/.local/lib/python3.12/site-packages/airflow/example_dags/example_latest_only_with_trigger.py took 0.245 seconds
[2025-02-01T07:45:50.516+0000] {processor.py:186} INFO - Started process (PID=1497) to work on /home/airflow/.local/lib/python3.12/site-packages/airflow/example_dags/example_latest_only_with_trigger.py
[2025-02-01T07:45:50.517+0000] {processor.py:914} INFO - Processing file /home/airflow/.local/lib/python3.12/site-packages/airflow/example_dags/example_latest_only_with_trigger.py for tasks to queue
[2025-02-01T07:45:50.522+0000] {logging_mixin.py:190} INFO - [2025-02-01T07:45:50.521+0000] {dagbag.py:588} INFO - Filling up the DagBag from /home/airflow/.local/lib/python3.12/site-packages/airflow/example_dags/example_latest_only_with_trigger.py
[2025-02-01T07:45:50.533+0000] {processor.py:925} INFO - DAG(s) 'latest_only_with_trigger' retrieved from /home/airflow/.local/lib/python3.12/site-packages/airflow/example_dags/example_latest_only_with_trigger.py
[2025-02-01T07:45:50.565+0000] {logging_mixin.py:190} INFO - [2025-02-01T07:45:50.564+0000] {dag.py:3239} INFO - Sync 1 DAGs
[2025-02-01T07:45:50.599+0000] {logging_mixin.py:190} INFO - [2025-02-01T07:45:50.598+0000] {dag.py:4180} INFO - Setting next_dagrun for latest_only_with_trigger to 2025-02-01 00:00:00+00:00, run_after=2025-02-01 04:00:00+00:00
[2025-02-01T07:45:50.630+0000] {processor.py:208} INFO - Processing /home/airflow/.local/lib/python3.12/site-packages/airflow/example_dags/example_latest_only_with_trigger.py took 0.131 seconds
[2025-02-01T07:46:21.310+0000] {processor.py:186} INFO - Started process (PID=1561) to work on /home/airflow/.local/lib/python3.12/site-packages/airflow/example_dags/example_latest_only_with_trigger.py
[2025-02-01T07:46:21.312+0000] {processor.py:914} INFO - Processing file /home/airflow/.local/lib/python3.12/site-packages/airflow/example_dags/example_latest_only_with_trigger.py for tasks to queue
[2025-02-01T07:46:21.315+0000] {logging_mixin.py:190} INFO - [2025-02-01T07:46:21.315+0000] {dagbag.py:588} INFO - Filling up the DagBag from /home/airflow/.local/lib/python3.12/site-packages/airflow/example_dags/example_latest_only_with_trigger.py
[2025-02-01T07:46:21.327+0000] {processor.py:925} INFO - DAG(s) 'latest_only_with_trigger' retrieved from /home/airflow/.local/lib/python3.12/site-packages/airflow/example_dags/example_latest_only_with_trigger.py
[2025-02-01T07:46:21.363+0000] {logging_mixin.py:190} INFO - [2025-02-01T07:46:21.363+0000] {dag.py:3239} INFO - Sync 1 DAGs
[2025-02-01T07:46:21.404+0000] {logging_mixin.py:190} INFO - [2025-02-01T07:46:21.404+0000] {dag.py:4180} INFO - Setting next_dagrun for latest_only_with_trigger to 2025-02-01 00:00:00+00:00, run_after=2025-02-01 04:00:00+00:00
[2025-02-01T07:46:21.443+0000] {processor.py:208} INFO - Processing /home/airflow/.local/lib/python3.12/site-packages/airflow/example_dags/example_latest_only_with_trigger.py took 0.142 seconds
[2025-02-01T07:46:52.508+0000] {processor.py:186} INFO - Started process (PID=1625) to work on /home/airflow/.local/lib/python3.12/site-packages/airflow/example_dags/example_latest_only_with_trigger.py
[2025-02-01T07:46:52.511+0000] {processor.py:914} INFO - Processing file /home/airflow/.local/lib/python3.12/site-packages/airflow/example_dags/example_latest_only_with_trigger.py for tasks to queue
[2025-02-01T07:46:52.517+0000] {logging_mixin.py:190} INFO - [2025-02-01T07:46:52.516+0000] {dagbag.py:588} INFO - Filling up the DagBag from /home/airflow/.local/lib/python3.12/site-packages/airflow/example_dags/example_latest_only_with_trigger.py
[2025-02-01T07:46:52.541+0000] {processor.py:925} INFO - DAG(s) 'latest_only_with_trigger' retrieved from /home/airflow/.local/lib/python3.12/site-packages/airflow/example_dags/example_latest_only_with_trigger.py
[2025-02-01T07:46:52.594+0000] {logging_mixin.py:190} INFO - [2025-02-01T07:46:52.594+0000] {dag.py:3239} INFO - Sync 1 DAGs
[2025-02-01T07:46:52.660+0000] {logging_mixin.py:190} INFO - [2025-02-01T07:46:52.660+0000] {dag.py:4180} INFO - Setting next_dagrun for latest_only_with_trigger to 2025-02-01 00:00:00+00:00, run_after=2025-02-01 04:00:00+00:00
[2025-02-01T07:46:52.718+0000] {processor.py:208} INFO - Processing /home/airflow/.local/lib/python3.12/site-packages/airflow/example_dags/example_latest_only_with_trigger.py took 0.230 seconds
[2025-02-01T07:47:23.634+0000] {processor.py:186} INFO - Started process (PID=1689) to work on /home/airflow/.local/lib/python3.12/site-packages/airflow/example_dags/example_latest_only_with_trigger.py
[2025-02-01T07:47:23.636+0000] {processor.py:914} INFO - Processing file /home/airflow/.local/lib/python3.12/site-packages/airflow/example_dags/example_latest_only_with_trigger.py for tasks to queue
[2025-02-01T07:47:23.639+0000] {logging_mixin.py:190} INFO - [2025-02-01T07:47:23.639+0000] {dagbag.py:588} INFO - Filling up the DagBag from /home/airflow/.local/lib/python3.12/site-packages/airflow/example_dags/example_latest_only_with_trigger.py
[2025-02-01T07:47:23.652+0000] {processor.py:925} INFO - DAG(s) 'latest_only_with_trigger' retrieved from /home/airflow/.local/lib/python3.12/site-packages/airflow/example_dags/example_latest_only_with_trigger.py
[2025-02-01T07:47:23.683+0000] {logging_mixin.py:190} INFO - [2025-02-01T07:47:23.683+0000] {dag.py:3239} INFO - Sync 1 DAGs
[2025-02-01T07:47:23.721+0000] {logging_mixin.py:190} INFO - [2025-02-01T07:47:23.720+0000] {dag.py:4180} INFO - Setting next_dagrun for latest_only_with_trigger to 2025-02-01 00:00:00+00:00, run_after=2025-02-01 04:00:00+00:00
[2025-02-01T07:47:23.754+0000] {processor.py:208} INFO - Processing /home/airflow/.local/lib/python3.12/site-packages/airflow/example_dags/example_latest_only_with_trigger.py took 0.129 seconds
[2025-02-01T07:47:54.194+0000] {processor.py:186} INFO - Started process (PID=1752) to work on /home/airflow/.local/lib/python3.12/site-packages/airflow/example_dags/example_latest_only_with_trigger.py
[2025-02-01T07:47:54.196+0000] {processor.py:914} INFO - Processing file /home/airflow/.local/lib/python3.12/site-packages/airflow/example_dags/example_latest_only_with_trigger.py for tasks to queue
[2025-02-01T07:47:54.202+0000] {logging_mixin.py:190} INFO - [2025-02-01T07:47:54.201+0000] {dagbag.py:588} INFO - Filling up the DagBag from /home/airflow/.local/lib/python3.12/site-packages/airflow/example_dags/example_latest_only_with_trigger.py
[2025-02-01T07:47:54.212+0000] {processor.py:925} INFO - DAG(s) 'latest_only_with_trigger' retrieved from /home/airflow/.local/lib/python3.12/site-packages/airflow/example_dags/example_latest_only_with_trigger.py
[2025-02-01T07:47:54.245+0000] {logging_mixin.py:190} INFO - [2025-02-01T07:47:54.245+0000] {dag.py:3239} INFO - Sync 1 DAGs
[2025-02-01T07:47:54.279+0000] {logging_mixin.py:190} INFO - [2025-02-01T07:47:54.278+0000] {dag.py:4180} INFO - Setting next_dagrun for latest_only_with_trigger to 2025-02-01 00:00:00+00:00, run_after=2025-02-01 04:00:00+00:00
[2025-02-01T07:47:54.311+0000] {processor.py:208} INFO - Processing /home/airflow/.local/lib/python3.12/site-packages/airflow/example_dags/example_latest_only_with_trigger.py took 0.125 seconds
[2025-02-01T07:48:26.141+0000] {processor.py:186} INFO - Started process (PID=1816) to work on /home/airflow/.local/lib/python3.12/site-packages/airflow/example_dags/example_latest_only_with_trigger.py
[2025-02-01T07:48:26.143+0000] {processor.py:914} INFO - Processing file /home/airflow/.local/lib/python3.12/site-packages/airflow/example_dags/example_latest_only_with_trigger.py for tasks to queue
[2025-02-01T07:48:26.150+0000] {logging_mixin.py:190} INFO - [2025-02-01T07:48:26.149+0000] {dagbag.py:588} INFO - Filling up the DagBag from /home/airflow/.local/lib/python3.12/site-packages/airflow/example_dags/example_latest_only_with_trigger.py
[2025-02-01T07:48:26.174+0000] {processor.py:925} INFO - DAG(s) 'latest_only_with_trigger' retrieved from /home/airflow/.local/lib/python3.12/site-packages/airflow/example_dags/example_latest_only_with_trigger.py
[2025-02-01T07:48:26.239+0000] {logging_mixin.py:190} INFO - [2025-02-01T07:48:26.238+0000] {dag.py:3239} INFO - Sync 1 DAGs
[2025-02-01T07:48:26.377+0000] {logging_mixin.py:190} INFO - [2025-02-01T07:48:26.376+0000] {dag.py:4180} INFO - Setting next_dagrun for latest_only_with_trigger to 2025-02-01 00:00:00+00:00, run_after=2025-02-01 04:00:00+00:00
[2025-02-01T07:48:26.492+0000] {processor.py:208} INFO - Processing /home/airflow/.local/lib/python3.12/site-packages/airflow/example_dags/example_latest_only_with_trigger.py took 0.371 seconds
[2025-02-01T07:48:57.218+0000] {processor.py:186} INFO - Started process (PID=1880) to work on /home/airflow/.local/lib/python3.12/site-packages/airflow/example_dags/example_latest_only_with_trigger.py
[2025-02-01T07:48:57.219+0000] {processor.py:914} INFO - Processing file /home/airflow/.local/lib/python3.12/site-packages/airflow/example_dags/example_latest_only_with_trigger.py for tasks to queue
[2025-02-01T07:48:57.221+0000] {logging_mixin.py:190} INFO - [2025-02-01T07:48:57.221+0000] {dagbag.py:588} INFO - Filling up the DagBag from /home/airflow/.local/lib/python3.12/site-packages/airflow/example_dags/example_latest_only_with_trigger.py
[2025-02-01T07:48:57.228+0000] {processor.py:925} INFO - DAG(s) 'latest_only_with_trigger' retrieved from /home/airflow/.local/lib/python3.12/site-packages/airflow/example_dags/example_latest_only_with_trigger.py
[2025-02-01T07:48:57.246+0000] {logging_mixin.py:190} INFO - [2025-02-01T07:48:57.246+0000] {dag.py:3239} INFO - Sync 1 DAGs
[2025-02-01T07:48:57.267+0000] {logging_mixin.py:190} INFO - [2025-02-01T07:48:57.267+0000] {dag.py:4180} INFO - Setting next_dagrun for latest_only_with_trigger to 2025-02-01 00:00:00+00:00, run_after=2025-02-01 04:00:00+00:00
[2025-02-01T07:48:57.289+0000] {processor.py:208} INFO - Processing /home/airflow/.local/lib/python3.12/site-packages/airflow/example_dags/example_latest_only_with_trigger.py took 0.075 seconds
[2025-02-01T07:49:27.460+0000] {processor.py:186} INFO - Started process (PID=1943) to work on /home/airflow/.local/lib/python3.12/site-packages/airflow/example_dags/example_latest_only_with_trigger.py
[2025-02-01T07:49:27.461+0000] {processor.py:914} INFO - Processing file /home/airflow/.local/lib/python3.12/site-packages/airflow/example_dags/example_latest_only_with_trigger.py for tasks to queue
[2025-02-01T07:49:27.463+0000] {logging_mixin.py:190} INFO - [2025-02-01T07:49:27.463+0000] {dagbag.py:588} INFO - Filling up the DagBag from /home/airflow/.local/lib/python3.12/site-packages/airflow/example_dags/example_latest_only_with_trigger.py
[2025-02-01T07:49:27.473+0000] {processor.py:925} INFO - DAG(s) 'latest_only_with_trigger' retrieved from /home/airflow/.local/lib/python3.12/site-packages/airflow/example_dags/example_latest_only_with_trigger.py
[2025-02-01T07:49:27.497+0000] {logging_mixin.py:190} INFO - [2025-02-01T07:49:27.497+0000] {dag.py:3239} INFO - Sync 1 DAGs
[2025-02-01T07:49:27.524+0000] {logging_mixin.py:190} INFO - [2025-02-01T07:49:27.524+0000] {dag.py:4180} INFO - Setting next_dagrun for latest_only_with_trigger to 2025-02-01 00:00:00+00:00, run_after=2025-02-01 04:00:00+00:00
[2025-02-01T07:49:27.551+0000] {processor.py:208} INFO - Processing /home/airflow/.local/lib/python3.12/site-packages/airflow/example_dags/example_latest_only_with_trigger.py took 0.097 seconds
[2025-02-01T07:49:58.248+0000] {processor.py:186} INFO - Started process (PID=2007) to work on /home/airflow/.local/lib/python3.12/site-packages/airflow/example_dags/example_latest_only_with_trigger.py
[2025-02-01T07:49:58.248+0000] {processor.py:914} INFO - Processing file /home/airflow/.local/lib/python3.12/site-packages/airflow/example_dags/example_latest_only_with_trigger.py for tasks to queue
[2025-02-01T07:49:58.250+0000] {logging_mixin.py:190} INFO - [2025-02-01T07:49:58.250+0000] {dagbag.py:588} INFO - Filling up the DagBag from /home/airflow/.local/lib/python3.12/site-packages/airflow/example_dags/example_latest_only_with_trigger.py
[2025-02-01T07:49:58.256+0000] {processor.py:925} INFO - DAG(s) 'latest_only_with_trigger' retrieved from /home/airflow/.local/lib/python3.12/site-packages/airflow/example_dags/example_latest_only_with_trigger.py
[2025-02-01T07:49:58.274+0000] {logging_mixin.py:190} INFO - [2025-02-01T07:49:58.274+0000] {dag.py:3239} INFO - Sync 1 DAGs
[2025-02-01T07:49:58.292+0000] {logging_mixin.py:190} INFO - [2025-02-01T07:49:58.291+0000] {dag.py:4180} INFO - Setting next_dagrun for latest_only_with_trigger to 2025-02-01 00:00:00+00:00, run_after=2025-02-01 04:00:00+00:00
[2025-02-01T07:49:58.315+0000] {processor.py:208} INFO - Processing /home/airflow/.local/lib/python3.12/site-packages/airflow/example_dags/example_latest_only_with_trigger.py took 0.072 seconds
[2025-02-01T07:50:28.402+0000] {processor.py:186} INFO - Started process (PID=2071) to work on /home/airflow/.local/lib/python3.12/site-packages/airflow/example_dags/example_latest_only_with_trigger.py
[2025-02-01T07:50:28.403+0000] {processor.py:914} INFO - Processing file /home/airflow/.local/lib/python3.12/site-packages/airflow/example_dags/example_latest_only_with_trigger.py for tasks to queue
[2025-02-01T07:50:28.405+0000] {logging_mixin.py:190} INFO - [2025-02-01T07:50:28.405+0000] {dagbag.py:588} INFO - Filling up the DagBag from /home/airflow/.local/lib/python3.12/site-packages/airflow/example_dags/example_latest_only_with_trigger.py
[2025-02-01T07:50:28.412+0000] {processor.py:925} INFO - DAG(s) 'latest_only_with_trigger' retrieved from /home/airflow/.local/lib/python3.12/site-packages/airflow/example_dags/example_latest_only_with_trigger.py
[2025-02-01T07:50:28.433+0000] {logging_mixin.py:190} INFO - [2025-02-01T07:50:28.432+0000] {dag.py:3239} INFO - Sync 1 DAGs
[2025-02-01T07:50:28.456+0000] {logging_mixin.py:190} INFO - [2025-02-01T07:50:28.456+0000] {dag.py:4180} INFO - Setting next_dagrun for latest_only_with_trigger to 2025-02-01 00:00:00+00:00, run_after=2025-02-01 04:00:00+00:00
[2025-02-01T07:50:28.479+0000] {processor.py:208} INFO - Processing /home/airflow/.local/lib/python3.12/site-packages/airflow/example_dags/example_latest_only_with_trigger.py took 0.083 seconds
[2025-02-01T07:50:58.538+0000] {processor.py:186} INFO - Started process (PID=2135) to work on /home/airflow/.local/lib/python3.12/site-packages/airflow/example_dags/example_latest_only_with_trigger.py
[2025-02-01T07:50:58.539+0000] {processor.py:914} INFO - Processing file /home/airflow/.local/lib/python3.12/site-packages/airflow/example_dags/example_latest_only_with_trigger.py for tasks to queue
[2025-02-01T07:50:58.542+0000] {logging_mixin.py:190} INFO - [2025-02-01T07:50:58.542+0000] {dagbag.py:588} INFO - Filling up the DagBag from /home/airflow/.local/lib/python3.12/site-packages/airflow/example_dags/example_latest_only_with_trigger.py
[2025-02-01T07:50:58.552+0000] {processor.py:925} INFO - DAG(s) 'latest_only_with_trigger' retrieved from /home/airflow/.local/lib/python3.12/site-packages/airflow/example_dags/example_latest_only_with_trigger.py
[2025-02-01T07:50:58.578+0000] {logging_mixin.py:190} INFO - [2025-02-01T07:50:58.577+0000] {dag.py:3239} INFO - Sync 1 DAGs
[2025-02-01T07:50:58.609+0000] {logging_mixin.py:190} INFO - [2025-02-01T07:50:58.609+0000] {dag.py:4180} INFO - Setting next_dagrun for latest_only_with_trigger to 2025-02-01 00:00:00+00:00, run_after=2025-02-01 04:00:00+00:00
[2025-02-01T07:50:58.636+0000] {processor.py:208} INFO - Processing /home/airflow/.local/lib/python3.12/site-packages/airflow/example_dags/example_latest_only_with_trigger.py took 0.106 seconds
[2025-02-01T07:51:29.496+0000] {processor.py:186} INFO - Started process (PID=2199) to work on /home/airflow/.local/lib/python3.12/site-packages/airflow/example_dags/example_latest_only_with_trigger.py
[2025-02-01T07:51:29.508+0000] {processor.py:914} INFO - Processing file /home/airflow/.local/lib/python3.12/site-packages/airflow/example_dags/example_latest_only_with_trigger.py for tasks to queue
[2025-02-01T07:51:29.514+0000] {logging_mixin.py:190} INFO - [2025-02-01T07:51:29.513+0000] {dagbag.py:588} INFO - Filling up the DagBag from /home/airflow/.local/lib/python3.12/site-packages/airflow/example_dags/example_latest_only_with_trigger.py
[2025-02-01T07:51:29.533+0000] {processor.py:925} INFO - DAG(s) 'latest_only_with_trigger' retrieved from /home/airflow/.local/lib/python3.12/site-packages/airflow/example_dags/example_latest_only_with_trigger.py
[2025-02-01T07:51:29.586+0000] {logging_mixin.py:190} INFO - [2025-02-01T07:51:29.585+0000] {dag.py:3239} INFO - Sync 1 DAGs
[2025-02-01T07:51:29.652+0000] {logging_mixin.py:190} INFO - [2025-02-01T07:51:29.652+0000] {dag.py:4180} INFO - Setting next_dagrun for latest_only_with_trigger to 2025-02-01 00:00:00+00:00, run_after=2025-02-01 04:00:00+00:00
[2025-02-01T07:51:29.707+0000] {processor.py:208} INFO - Processing /home/airflow/.local/lib/python3.12/site-packages/airflow/example_dags/example_latest_only_with_trigger.py took 0.232 seconds
[2025-02-01T07:51:59.899+0000] {processor.py:186} INFO - Started process (PID=2263) to work on /home/airflow/.local/lib/python3.12/site-packages/airflow/example_dags/example_latest_only_with_trigger.py
[2025-02-01T07:51:59.901+0000] {processor.py:914} INFO - Processing file /home/airflow/.local/lib/python3.12/site-packages/airflow/example_dags/example_latest_only_with_trigger.py for tasks to queue
[2025-02-01T07:51:59.905+0000] {logging_mixin.py:190} INFO - [2025-02-01T07:51:59.905+0000] {dagbag.py:588} INFO - Filling up the DagBag from /home/airflow/.local/lib/python3.12/site-packages/airflow/example_dags/example_latest_only_with_trigger.py
[2025-02-01T07:51:59.917+0000] {processor.py:925} INFO - DAG(s) 'latest_only_with_trigger' retrieved from /home/airflow/.local/lib/python3.12/site-packages/airflow/example_dags/example_latest_only_with_trigger.py
[2025-02-01T07:51:59.943+0000] {logging_mixin.py:190} INFO - [2025-02-01T07:51:59.942+0000] {dag.py:3239} INFO - Sync 1 DAGs
[2025-02-01T07:51:59.977+0000] {logging_mixin.py:190} INFO - [2025-02-01T07:51:59.977+0000] {dag.py:4180} INFO - Setting next_dagrun for latest_only_with_trigger to 2025-02-01 00:00:00+00:00, run_after=2025-02-01 04:00:00+00:00
[2025-02-01T07:52:00.006+0000] {processor.py:208} INFO - Processing /home/airflow/.local/lib/python3.12/site-packages/airflow/example_dags/example_latest_only_with_trigger.py took 0.116 seconds
[2025-02-01T07:52:31.011+0000] {processor.py:186} INFO - Started process (PID=2327) to work on /home/airflow/.local/lib/python3.12/site-packages/airflow/example_dags/example_latest_only_with_trigger.py
[2025-02-01T07:52:31.014+0000] {processor.py:914} INFO - Processing file /home/airflow/.local/lib/python3.12/site-packages/airflow/example_dags/example_latest_only_with_trigger.py for tasks to queue
[2025-02-01T07:52:31.021+0000] {logging_mixin.py:190} INFO - [2025-02-01T07:52:31.020+0000] {dagbag.py:588} INFO - Filling up the DagBag from /home/airflow/.local/lib/python3.12/site-packages/airflow/example_dags/example_latest_only_with_trigger.py
[2025-02-01T07:52:31.042+0000] {processor.py:925} INFO - DAG(s) 'latest_only_with_trigger' retrieved from /home/airflow/.local/lib/python3.12/site-packages/airflow/example_dags/example_latest_only_with_trigger.py
[2025-02-01T07:52:31.086+0000] {logging_mixin.py:190} INFO - [2025-02-01T07:52:31.085+0000] {dag.py:3239} INFO - Sync 1 DAGs
[2025-02-01T07:52:31.151+0000] {logging_mixin.py:190} INFO - [2025-02-01T07:52:31.151+0000] {dag.py:4180} INFO - Setting next_dagrun for latest_only_with_trigger to 2025-02-01 00:00:00+00:00, run_after=2025-02-01 04:00:00+00:00
[2025-02-01T07:52:31.198+0000] {processor.py:208} INFO - Processing /home/airflow/.local/lib/python3.12/site-packages/airflow/example_dags/example_latest_only_with_trigger.py took 0.205 seconds
[2025-02-01T07:53:01.443+0000] {processor.py:186} INFO - Started process (PID=2391) to work on /home/airflow/.local/lib/python3.12/site-packages/airflow/example_dags/example_latest_only_with_trigger.py
[2025-02-01T07:53:01.445+0000] {processor.py:914} INFO - Processing file /home/airflow/.local/lib/python3.12/site-packages/airflow/example_dags/example_latest_only_with_trigger.py for tasks to queue
[2025-02-01T07:53:01.450+0000] {logging_mixin.py:190} INFO - [2025-02-01T07:53:01.450+0000] {dagbag.py:588} INFO - Filling up the DagBag from /home/airflow/.local/lib/python3.12/site-packages/airflow/example_dags/example_latest_only_with_trigger.py
[2025-02-01T07:53:01.461+0000] {processor.py:925} INFO - DAG(s) 'latest_only_with_trigger' retrieved from /home/airflow/.local/lib/python3.12/site-packages/airflow/example_dags/example_latest_only_with_trigger.py
[2025-02-01T07:53:01.492+0000] {logging_mixin.py:190} INFO - [2025-02-01T07:53:01.491+0000] {dag.py:3239} INFO - Sync 1 DAGs
[2025-02-01T07:53:01.536+0000] {logging_mixin.py:190} INFO - [2025-02-01T07:53:01.535+0000] {dag.py:4180} INFO - Setting next_dagrun for latest_only_with_trigger to 2025-02-01 00:00:00+00:00, run_after=2025-02-01 04:00:00+00:00
[2025-02-01T07:53:01.568+0000] {processor.py:208} INFO - Processing /home/airflow/.local/lib/python3.12/site-packages/airflow/example_dags/example_latest_only_with_trigger.py took 0.134 seconds
[2025-02-01T07:53:31.778+0000] {processor.py:186} INFO - Started process (PID=2455) to work on /home/airflow/.local/lib/python3.12/site-packages/airflow/example_dags/example_latest_only_with_trigger.py
[2025-02-01T07:53:31.779+0000] {processor.py:914} INFO - Processing file /home/airflow/.local/lib/python3.12/site-packages/airflow/example_dags/example_latest_only_with_trigger.py for tasks to queue
[2025-02-01T07:53:31.785+0000] {logging_mixin.py:190} INFO - [2025-02-01T07:53:31.785+0000] {dagbag.py:588} INFO - Filling up the DagBag from /home/airflow/.local/lib/python3.12/site-packages/airflow/example_dags/example_latest_only_with_trigger.py
[2025-02-01T07:53:31.800+0000] {processor.py:925} INFO - DAG(s) 'latest_only_with_trigger' retrieved from /home/airflow/.local/lib/python3.12/site-packages/airflow/example_dags/example_latest_only_with_trigger.py
[2025-02-01T07:53:31.831+0000] {logging_mixin.py:190} INFO - [2025-02-01T07:53:31.830+0000] {dag.py:3239} INFO - Sync 1 DAGs
[2025-02-01T07:53:31.880+0000] {logging_mixin.py:190} INFO - [2025-02-01T07:53:31.880+0000] {dag.py:4180} INFO - Setting next_dagrun for latest_only_with_trigger to 2025-02-01 00:00:00+00:00, run_after=2025-02-01 04:00:00+00:00
[2025-02-01T07:53:31.915+0000] {processor.py:208} INFO - Processing /home/airflow/.local/lib/python3.12/site-packages/airflow/example_dags/example_latest_only_with_trigger.py took 0.149 seconds
[2025-02-01T07:54:02.249+0000] {processor.py:186} INFO - Started process (PID=2519) to work on /home/airflow/.local/lib/python3.12/site-packages/airflow/example_dags/example_latest_only_with_trigger.py
[2025-02-01T07:54:02.251+0000] {processor.py:914} INFO - Processing file /home/airflow/.local/lib/python3.12/site-packages/airflow/example_dags/example_latest_only_with_trigger.py for tasks to queue
[2025-02-01T07:54:02.255+0000] {logging_mixin.py:190} INFO - [2025-02-01T07:54:02.255+0000] {dagbag.py:588} INFO - Filling up the DagBag from /home/airflow/.local/lib/python3.12/site-packages/airflow/example_dags/example_latest_only_with_trigger.py
[2025-02-01T07:54:02.270+0000] {processor.py:925} INFO - DAG(s) 'latest_only_with_trigger' retrieved from /home/airflow/.local/lib/python3.12/site-packages/airflow/example_dags/example_latest_only_with_trigger.py
[2025-02-01T07:54:02.318+0000] {logging_mixin.py:190} INFO - [2025-02-01T07:54:02.318+0000] {dag.py:3239} INFO - Sync 1 DAGs
[2025-02-01T07:54:02.362+0000] {logging_mixin.py:190} INFO - [2025-02-01T07:54:02.362+0000] {dag.py:4180} INFO - Setting next_dagrun for latest_only_with_trigger to 2025-02-01 00:00:00+00:00, run_after=2025-02-01 04:00:00+00:00
[2025-02-01T07:54:02.402+0000] {processor.py:208} INFO - Processing /home/airflow/.local/lib/python3.12/site-packages/airflow/example_dags/example_latest_only_with_trigger.py took 0.167 seconds
[2025-02-01T07:54:33.238+0000] {processor.py:186} INFO - Started process (PID=2583) to work on /home/airflow/.local/lib/python3.12/site-packages/airflow/example_dags/example_latest_only_with_trigger.py
[2025-02-01T07:54:33.241+0000] {processor.py:914} INFO - Processing file /home/airflow/.local/lib/python3.12/site-packages/airflow/example_dags/example_latest_only_with_trigger.py for tasks to queue
[2025-02-01T07:54:33.246+0000] {logging_mixin.py:190} INFO - [2025-02-01T07:54:33.246+0000] {dagbag.py:588} INFO - Filling up the DagBag from /home/airflow/.local/lib/python3.12/site-packages/airflow/example_dags/example_latest_only_with_trigger.py
[2025-02-01T07:54:33.266+0000] {processor.py:925} INFO - DAG(s) 'latest_only_with_trigger' retrieved from /home/airflow/.local/lib/python3.12/site-packages/airflow/example_dags/example_latest_only_with_trigger.py
[2025-02-01T07:54:33.313+0000] {logging_mixin.py:190} INFO - [2025-02-01T07:54:33.313+0000] {dag.py:3239} INFO - Sync 1 DAGs
[2025-02-01T07:54:33.412+0000] {logging_mixin.py:190} INFO - [2025-02-01T07:54:33.412+0000] {dag.py:4180} INFO - Setting next_dagrun for latest_only_with_trigger to 2025-02-01 00:00:00+00:00, run_after=2025-02-01 04:00:00+00:00
[2025-02-01T07:54:33.483+0000] {processor.py:208} INFO - Processing /home/airflow/.local/lib/python3.12/site-packages/airflow/example_dags/example_latest_only_with_trigger.py took 0.259 seconds
[2025-02-01T07:55:03.733+0000] {processor.py:186} INFO - Started process (PID=2647) to work on /home/airflow/.local/lib/python3.12/site-packages/airflow/example_dags/example_latest_only_with_trigger.py
[2025-02-01T07:55:03.735+0000] {processor.py:914} INFO - Processing file /home/airflow/.local/lib/python3.12/site-packages/airflow/example_dags/example_latest_only_with_trigger.py for tasks to queue
[2025-02-01T07:55:03.739+0000] {logging_mixin.py:190} INFO - [2025-02-01T07:55:03.739+0000] {dagbag.py:588} INFO - Filling up the DagBag from /home/airflow/.local/lib/python3.12/site-packages/airflow/example_dags/example_latest_only_with_trigger.py
[2025-02-01T07:55:03.750+0000] {processor.py:925} INFO - DAG(s) 'latest_only_with_trigger' retrieved from /home/airflow/.local/lib/python3.12/site-packages/airflow/example_dags/example_latest_only_with_trigger.py
[2025-02-01T07:55:03.780+0000] {logging_mixin.py:190} INFO - [2025-02-01T07:55:03.780+0000] {dag.py:3239} INFO - Sync 1 DAGs
[2025-02-01T07:55:03.812+0000] {logging_mixin.py:190} INFO - [2025-02-01T07:55:03.812+0000] {dag.py:4180} INFO - Setting next_dagrun for latest_only_with_trigger to 2025-02-01 00:00:00+00:00, run_after=2025-02-01 04:00:00+00:00
[2025-02-01T07:55:03.841+0000] {processor.py:208} INFO - Processing /home/airflow/.local/lib/python3.12/site-packages/airflow/example_dags/example_latest_only_with_trigger.py took 0.117 seconds
[2025-02-01T07:55:34.045+0000] {processor.py:186} INFO - Started process (PID=2711) to work on /home/airflow/.local/lib/python3.12/site-packages/airflow/example_dags/example_latest_only_with_trigger.py
[2025-02-01T07:55:34.056+0000] {processor.py:914} INFO - Processing file /home/airflow/.local/lib/python3.12/site-packages/airflow/example_dags/example_latest_only_with_trigger.py for tasks to queue
[2025-02-01T07:55:34.061+0000] {logging_mixin.py:190} INFO - [2025-02-01T07:55:34.061+0000] {dagbag.py:588} INFO - Filling up the DagBag from /home/airflow/.local/lib/python3.12/site-packages/airflow/example_dags/example_latest_only_with_trigger.py
[2025-02-01T07:55:34.085+0000] {processor.py:925} INFO - DAG(s) 'latest_only_with_trigger' retrieved from /home/airflow/.local/lib/python3.12/site-packages/airflow/example_dags/example_latest_only_with_trigger.py
[2025-02-01T07:55:34.126+0000] {logging_mixin.py:190} INFO - [2025-02-01T07:55:34.126+0000] {dag.py:3239} INFO - Sync 1 DAGs
[2025-02-01T07:55:34.170+0000] {logging_mixin.py:190} INFO - [2025-02-01T07:55:34.170+0000] {dag.py:4180} INFO - Setting next_dagrun for latest_only_with_trigger to 2025-02-01 00:00:00+00:00, run_after=2025-02-01 04:00:00+00:00
[2025-02-01T07:55:34.231+0000] {processor.py:208} INFO - Processing /home/airflow/.local/lib/python3.12/site-packages/airflow/example_dags/example_latest_only_with_trigger.py took 0.202 seconds
[2025-02-01T07:56:04.823+0000] {processor.py:186} INFO - Started process (PID=2775) to work on /home/airflow/.local/lib/python3.12/site-packages/airflow/example_dags/example_latest_only_with_trigger.py
[2025-02-01T07:56:04.826+0000] {processor.py:914} INFO - Processing file /home/airflow/.local/lib/python3.12/site-packages/airflow/example_dags/example_latest_only_with_trigger.py for tasks to queue
[2025-02-01T07:56:04.839+0000] {logging_mixin.py:190} INFO - [2025-02-01T07:56:04.838+0000] {dagbag.py:588} INFO - Filling up the DagBag from /home/airflow/.local/lib/python3.12/site-packages/airflow/example_dags/example_latest_only_with_trigger.py
[2025-02-01T07:56:04.875+0000] {processor.py:925} INFO - DAG(s) 'latest_only_with_trigger' retrieved from /home/airflow/.local/lib/python3.12/site-packages/airflow/example_dags/example_latest_only_with_trigger.py
[2025-02-01T07:56:04.943+0000] {logging_mixin.py:190} INFO - [2025-02-01T07:56:04.943+0000] {dag.py:3239} INFO - Sync 1 DAGs
[2025-02-01T07:56:05.004+0000] {logging_mixin.py:190} INFO - [2025-02-01T07:56:05.003+0000] {dag.py:4180} INFO - Setting next_dagrun for latest_only_with_trigger to 2025-02-01 00:00:00+00:00, run_after=2025-02-01 04:00:00+00:00
[2025-02-01T07:56:05.066+0000] {processor.py:208} INFO - Processing /home/airflow/.local/lib/python3.12/site-packages/airflow/example_dags/example_latest_only_with_trigger.py took 0.266 seconds
[2025-02-01T07:56:35.756+0000] {processor.py:186} INFO - Started process (PID=2839) to work on /home/airflow/.local/lib/python3.12/site-packages/airflow/example_dags/example_latest_only_with_trigger.py
[2025-02-01T07:56:35.758+0000] {processor.py:914} INFO - Processing file /home/airflow/.local/lib/python3.12/site-packages/airflow/example_dags/example_latest_only_with_trigger.py for tasks to queue
[2025-02-01T07:56:35.761+0000] {logging_mixin.py:190} INFO - [2025-02-01T07:56:35.761+0000] {dagbag.py:588} INFO - Filling up the DagBag from /home/airflow/.local/lib/python3.12/site-packages/airflow/example_dags/example_latest_only_with_trigger.py
[2025-02-01T07:56:35.772+0000] {processor.py:925} INFO - DAG(s) 'latest_only_with_trigger' retrieved from /home/airflow/.local/lib/python3.12/site-packages/airflow/example_dags/example_latest_only_with_trigger.py
[2025-02-01T07:56:35.804+0000] {logging_mixin.py:190} INFO - [2025-02-01T07:56:35.804+0000] {dag.py:3239} INFO - Sync 1 DAGs
[2025-02-01T07:56:35.844+0000] {logging_mixin.py:190} INFO - [2025-02-01T07:56:35.843+0000] {dag.py:4180} INFO - Setting next_dagrun for latest_only_with_trigger to 2025-02-01 00:00:00+00:00, run_after=2025-02-01 04:00:00+00:00
[2025-02-01T07:56:35.874+0000] {processor.py:208} INFO - Processing /home/airflow/.local/lib/python3.12/site-packages/airflow/example_dags/example_latest_only_with_trigger.py took 0.126 seconds
[2025-02-01T07:57:06.362+0000] {processor.py:186} INFO - Started process (PID=2903) to work on /home/airflow/.local/lib/python3.12/site-packages/airflow/example_dags/example_latest_only_with_trigger.py
[2025-02-01T07:57:06.364+0000] {processor.py:914} INFO - Processing file /home/airflow/.local/lib/python3.12/site-packages/airflow/example_dags/example_latest_only_with_trigger.py for tasks to queue
[2025-02-01T07:57:06.368+0000] {logging_mixin.py:190} INFO - [2025-02-01T07:57:06.367+0000] {dagbag.py:588} INFO - Filling up the DagBag from /home/airflow/.local/lib/python3.12/site-packages/airflow/example_dags/example_latest_only_with_trigger.py
[2025-02-01T07:57:06.379+0000] {processor.py:925} INFO - DAG(s) 'latest_only_with_trigger' retrieved from /home/airflow/.local/lib/python3.12/site-packages/airflow/example_dags/example_latest_only_with_trigger.py
[2025-02-01T07:57:06.408+0000] {logging_mixin.py:190} INFO - [2025-02-01T07:57:06.407+0000] {dag.py:3239} INFO - Sync 1 DAGs
[2025-02-01T07:57:06.442+0000] {logging_mixin.py:190} INFO - [2025-02-01T07:57:06.442+0000] {dag.py:4180} INFO - Setting next_dagrun for latest_only_with_trigger to 2025-02-01 00:00:00+00:00, run_after=2025-02-01 04:00:00+00:00
[2025-02-01T07:57:06.473+0000] {processor.py:208} INFO - Processing /home/airflow/.local/lib/python3.12/site-packages/airflow/example_dags/example_latest_only_with_trigger.py took 0.119 seconds
[2025-02-01T07:57:36.807+0000] {processor.py:186} INFO - Started process (PID=2966) to work on /home/airflow/.local/lib/python3.12/site-packages/airflow/example_dags/example_latest_only_with_trigger.py
[2025-02-01T07:57:36.808+0000] {processor.py:914} INFO - Processing file /home/airflow/.local/lib/python3.12/site-packages/airflow/example_dags/example_latest_only_with_trigger.py for tasks to queue
[2025-02-01T07:57:36.810+0000] {logging_mixin.py:190} INFO - [2025-02-01T07:57:36.810+0000] {dagbag.py:588} INFO - Filling up the DagBag from /home/airflow/.local/lib/python3.12/site-packages/airflow/example_dags/example_latest_only_with_trigger.py
[2025-02-01T07:57:36.818+0000] {processor.py:925} INFO - DAG(s) 'latest_only_with_trigger' retrieved from /home/airflow/.local/lib/python3.12/site-packages/airflow/example_dags/example_latest_only_with_trigger.py
[2025-02-01T07:57:36.840+0000] {logging_mixin.py:190} INFO - [2025-02-01T07:57:36.840+0000] {dag.py:3239} INFO - Sync 1 DAGs
[2025-02-01T07:57:36.864+0000] {logging_mixin.py:190} INFO - [2025-02-01T07:57:36.864+0000] {dag.py:4180} INFO - Setting next_dagrun for latest_only_with_trigger to 2025-02-01 00:00:00+00:00, run_after=2025-02-01 04:00:00+00:00
[2025-02-01T07:57:36.891+0000] {processor.py:208} INFO - Processing /home/airflow/.local/lib/python3.12/site-packages/airflow/example_dags/example_latest_only_with_trigger.py took 0.089 seconds
[2025-02-01T07:58:06.981+0000] {processor.py:186} INFO - Started process (PID=3030) to work on /home/airflow/.local/lib/python3.12/site-packages/airflow/example_dags/example_latest_only_with_trigger.py
[2025-02-01T07:58:06.983+0000] {processor.py:914} INFO - Processing file /home/airflow/.local/lib/python3.12/site-packages/airflow/example_dags/example_latest_only_with_trigger.py for tasks to queue
[2025-02-01T07:58:06.988+0000] {logging_mixin.py:190} INFO - [2025-02-01T07:58:06.987+0000] {dagbag.py:588} INFO - Filling up the DagBag from /home/airflow/.local/lib/python3.12/site-packages/airflow/example_dags/example_latest_only_with_trigger.py
[2025-02-01T07:58:07.009+0000] {processor.py:925} INFO - DAG(s) 'latest_only_with_trigger' retrieved from /home/airflow/.local/lib/python3.12/site-packages/airflow/example_dags/example_latest_only_with_trigger.py
[2025-02-01T07:58:07.056+0000] {logging_mixin.py:190} INFO - [2025-02-01T07:58:07.055+0000] {dag.py:3239} INFO - Sync 1 DAGs
[2025-02-01T07:58:07.108+0000] {logging_mixin.py:190} INFO - [2025-02-01T07:58:07.107+0000] {dag.py:4180} INFO - Setting next_dagrun for latest_only_with_trigger to 2025-02-01 00:00:00+00:00, run_after=2025-02-01 04:00:00+00:00
[2025-02-01T07:58:07.442+0000] {processor.py:208} INFO - Processing /home/airflow/.local/lib/python3.12/site-packages/airflow/example_dags/example_latest_only_with_trigger.py took 0.475 seconds
[2025-02-01T07:58:37.978+0000] {processor.py:186} INFO - Started process (PID=3094) to work on /home/airflow/.local/lib/python3.12/site-packages/airflow/example_dags/example_latest_only_with_trigger.py
[2025-02-01T07:58:37.980+0000] {processor.py:914} INFO - Processing file /home/airflow/.local/lib/python3.12/site-packages/airflow/example_dags/example_latest_only_with_trigger.py for tasks to queue
[2025-02-01T07:58:37.983+0000] {logging_mixin.py:190} INFO - [2025-02-01T07:58:37.982+0000] {dagbag.py:588} INFO - Filling up the DagBag from /home/airflow/.local/lib/python3.12/site-packages/airflow/example_dags/example_latest_only_with_trigger.py
[2025-02-01T07:58:37.994+0000] {processor.py:925} INFO - DAG(s) 'latest_only_with_trigger' retrieved from /home/airflow/.local/lib/python3.12/site-packages/airflow/example_dags/example_latest_only_with_trigger.py
[2025-02-01T07:58:38.022+0000] {logging_mixin.py:190} INFO - [2025-02-01T07:58:38.022+0000] {dag.py:3239} INFO - Sync 1 DAGs
[2025-02-01T07:58:38.054+0000] {logging_mixin.py:190} INFO - [2025-02-01T07:58:38.054+0000] {dag.py:4180} INFO - Setting next_dagrun for latest_only_with_trigger to 2025-02-01 00:00:00+00:00, run_after=2025-02-01 04:00:00+00:00
[2025-02-01T07:58:38.080+0000] {processor.py:208} INFO - Processing /home/airflow/.local/lib/python3.12/site-packages/airflow/example_dags/example_latest_only_with_trigger.py took 0.110 seconds
[2025-02-01T07:59:08.805+0000] {processor.py:186} INFO - Started process (PID=3158) to work on /home/airflow/.local/lib/python3.12/site-packages/airflow/example_dags/example_latest_only_with_trigger.py
[2025-02-01T07:59:08.806+0000] {processor.py:914} INFO - Processing file /home/airflow/.local/lib/python3.12/site-packages/airflow/example_dags/example_latest_only_with_trigger.py for tasks to queue
[2025-02-01T07:59:08.809+0000] {logging_mixin.py:190} INFO - [2025-02-01T07:59:08.808+0000] {dagbag.py:588} INFO - Filling up the DagBag from /home/airflow/.local/lib/python3.12/site-packages/airflow/example_dags/example_latest_only_with_trigger.py
[2025-02-01T07:59:08.817+0000] {processor.py:925} INFO - DAG(s) 'latest_only_with_trigger' retrieved from /home/airflow/.local/lib/python3.12/site-packages/airflow/example_dags/example_latest_only_with_trigger.py
[2025-02-01T07:59:08.843+0000] {logging_mixin.py:190} INFO - [2025-02-01T07:59:08.843+0000] {dag.py:3239} INFO - Sync 1 DAGs
[2025-02-01T07:59:08.869+0000] {logging_mixin.py:190} INFO - [2025-02-01T07:59:08.869+0000] {dag.py:4180} INFO - Setting next_dagrun for latest_only_with_trigger to 2025-02-01 00:00:00+00:00, run_after=2025-02-01 04:00:00+00:00
[2025-02-01T07:59:08.892+0000] {processor.py:208} INFO - Processing /home/airflow/.local/lib/python3.12/site-packages/airflow/example_dags/example_latest_only_with_trigger.py took 0.094 seconds
[2025-02-01T07:59:39.556+0000] {processor.py:186} INFO - Started process (PID=3222) to work on /home/airflow/.local/lib/python3.12/site-packages/airflow/example_dags/example_latest_only_with_trigger.py
[2025-02-01T07:59:39.557+0000] {processor.py:914} INFO - Processing file /home/airflow/.local/lib/python3.12/site-packages/airflow/example_dags/example_latest_only_with_trigger.py for tasks to queue
[2025-02-01T07:59:39.560+0000] {logging_mixin.py:190} INFO - [2025-02-01T07:59:39.560+0000] {dagbag.py:588} INFO - Filling up the DagBag from /home/airflow/.local/lib/python3.12/site-packages/airflow/example_dags/example_latest_only_with_trigger.py
[2025-02-01T07:59:39.572+0000] {processor.py:925} INFO - DAG(s) 'latest_only_with_trigger' retrieved from /home/airflow/.local/lib/python3.12/site-packages/airflow/example_dags/example_latest_only_with_trigger.py
[2025-02-01T07:59:39.599+0000] {logging_mixin.py:190} INFO - [2025-02-01T07:59:39.599+0000] {dag.py:3239} INFO - Sync 1 DAGs
[2025-02-01T07:59:39.628+0000] {logging_mixin.py:190} INFO - [2025-02-01T07:59:39.628+0000] {dag.py:4180} INFO - Setting next_dagrun for latest_only_with_trigger to 2025-02-01 00:00:00+00:00, run_after=2025-02-01 04:00:00+00:00
[2025-02-01T07:59:39.654+0000] {processor.py:208} INFO - Processing /home/airflow/.local/lib/python3.12/site-packages/airflow/example_dags/example_latest_only_with_trigger.py took 0.106 seconds
[2025-02-01T08:00:10.321+0000] {processor.py:186} INFO - Started process (PID=3286) to work on /home/airflow/.local/lib/python3.12/site-packages/airflow/example_dags/example_latest_only_with_trigger.py
[2025-02-01T08:00:10.324+0000] {processor.py:914} INFO - Processing file /home/airflow/.local/lib/python3.12/site-packages/airflow/example_dags/example_latest_only_with_trigger.py for tasks to queue
[2025-02-01T08:00:10.338+0000] {logging_mixin.py:190} INFO - [2025-02-01T08:00:10.337+0000] {dagbag.py:588} INFO - Filling up the DagBag from /home/airflow/.local/lib/python3.12/site-packages/airflow/example_dags/example_latest_only_with_trigger.py
[2025-02-01T08:00:10.371+0000] {processor.py:925} INFO - DAG(s) 'latest_only_with_trigger' retrieved from /home/airflow/.local/lib/python3.12/site-packages/airflow/example_dags/example_latest_only_with_trigger.py
[2025-02-01T08:00:10.456+0000] {logging_mixin.py:190} INFO - [2025-02-01T08:00:10.456+0000] {dag.py:3239} INFO - Sync 1 DAGs
[2025-02-01T08:00:10.634+0000] {logging_mixin.py:190} INFO - [2025-02-01T08:00:10.633+0000] {dag.py:4180} INFO - Setting next_dagrun for latest_only_with_trigger to 2025-02-01 04:00:00+00:00, run_after=2025-02-01 08:00:00+00:00
[2025-02-01T08:00:10.757+0000] {processor.py:208} INFO - Processing /home/airflow/.local/lib/python3.12/site-packages/airflow/example_dags/example_latest_only_with_trigger.py took 0.457 seconds
