[2025-02-01T07:34:39.096+0000] {processor.py:186} INFO - Started process (PID=113) to work on /home/airflow/.local/lib/python3.12/site-packages/airflow/example_dags/example_branch_operator_decorator.py
[2025-02-01T07:34:39.099+0000] {processor.py:914} INFO - Processing file /home/airflow/.local/lib/python3.12/site-packages/airflow/example_dags/example_branch_operator_decorator.py for tasks to queue
[2025-02-01T07:34:39.107+0000] {logging_mixin.py:190} INFO - [2025-02-01T07:34:39.106+0000] {dagbag.py:588} INFO - Filling up the DagBag from /home/airflow/.local/lib/python3.12/site-packages/airflow/example_dags/example_branch_operator_decorator.py
[2025-02-01T07:34:39.164+0000] {processor.py:925} INFO - DAG(s) 'example_branch_python_operator_decorator' retrieved from /home/airflow/.local/lib/python3.12/site-packages/airflow/example_dags/example_branch_operator_decorator.py
[2025-02-01T07:34:39.424+0000] {logging_mixin.py:190} INFO - [2025-02-01T07:34:39.422+0000] {override.py:1911} INFO - Created Permission View: can edit on DAG:example_branch_python_operator_decorator
[2025-02-01T07:34:39.448+0000] {logging_mixin.py:190} INFO - [2025-02-01T07:34:39.446+0000] {override.py:1911} INFO - Created Permission View: can delete on DAG:example_branch_python_operator_decorator
[2025-02-01T07:34:39.468+0000] {logging_mixin.py:190} INFO - [2025-02-01T07:34:39.467+0000] {override.py:1911} INFO - Created Permission View: can read on DAG:example_branch_python_operator_decorator
[2025-02-01T07:34:39.491+0000] {logging_mixin.py:190} INFO - [2025-02-01T07:34:39.490+0000] {override.py:1911} INFO - Created Permission View: can create on DAG Run:example_branch_python_operator_decorator
[2025-02-01T07:34:39.509+0000] {logging_mixin.py:190} INFO - [2025-02-01T07:34:39.509+0000] {override.py:1911} INFO - Created Permission View: can delete on DAG Run:example_branch_python_operator_decorator
[2025-02-01T07:34:39.530+0000] {logging_mixin.py:190} INFO - [2025-02-01T07:34:39.529+0000] {override.py:1911} INFO - Created Permission View: menu access on DAG Run:example_branch_python_operator_decorator
[2025-02-01T07:34:39.549+0000] {logging_mixin.py:190} INFO - [2025-02-01T07:34:39.548+0000] {override.py:1911} INFO - Created Permission View: can read on DAG Run:example_branch_python_operator_decorator
[2025-02-01T07:34:39.550+0000] {logging_mixin.py:190} INFO - [2025-02-01T07:34:39.550+0000] {dag.py:3239} INFO - Sync 1 DAGs
[2025-02-01T07:34:39.598+0000] {logging_mixin.py:190} INFO - [2025-02-01T07:34:39.597+0000] {dag.py:3262} INFO - Creating ORM DAG for example_branch_python_operator_decorator
[2025-02-01T07:34:39.639+0000] {logging_mixin.py:190} INFO - [2025-02-01T07:34:39.635+0000] {dag.py:4180} INFO - Setting next_dagrun for example_branch_python_operator_decorator to 2025-01-31 00:00:00+00:00, run_after=2025-02-01 00:00:00+00:00
[2025-02-01T07:34:39.698+0000] {processor.py:208} INFO - Processing /home/airflow/.local/lib/python3.12/site-packages/airflow/example_dags/example_branch_operator_decorator.py took 0.616 seconds
[2025-02-01T07:35:10.930+0000] {processor.py:186} INFO - Started process (PID=176) to work on /home/airflow/.local/lib/python3.12/site-packages/airflow/example_dags/example_branch_operator_decorator.py
[2025-02-01T07:35:10.932+0000] {processor.py:914} INFO - Processing file /home/airflow/.local/lib/python3.12/site-packages/airflow/example_dags/example_branch_operator_decorator.py for tasks to queue
[2025-02-01T07:35:10.939+0000] {logging_mixin.py:190} INFO - [2025-02-01T07:35:10.938+0000] {dagbag.py:588} INFO - Filling up the DagBag from /home/airflow/.local/lib/python3.12/site-packages/airflow/example_dags/example_branch_operator_decorator.py
[2025-02-01T07:35:11.057+0000] {processor.py:925} INFO - DAG(s) 'example_branch_python_operator_decorator' retrieved from /home/airflow/.local/lib/python3.12/site-packages/airflow/example_dags/example_branch_operator_decorator.py
[2025-02-01T07:35:11.190+0000] {logging_mixin.py:190} INFO - [2025-02-01T07:35:11.189+0000] {dag.py:3239} INFO - Sync 1 DAGs
[2025-02-01T07:35:11.275+0000] {logging_mixin.py:190} INFO - [2025-02-01T07:35:11.274+0000] {dag.py:4180} INFO - Setting next_dagrun for example_branch_python_operator_decorator to 2025-01-31 00:00:00+00:00, run_after=2025-02-01 00:00:00+00:00
[2025-02-01T07:35:11.342+0000] {processor.py:208} INFO - Processing /home/airflow/.local/lib/python3.12/site-packages/airflow/example_dags/example_branch_operator_decorator.py took 0.432 seconds
[2025-02-01T07:35:43.547+0000] {processor.py:186} INFO - Started process (PID=239) to work on /home/airflow/.local/lib/python3.12/site-packages/airflow/example_dags/example_branch_operator_decorator.py
[2025-02-01T07:35:43.550+0000] {processor.py:914} INFO - Processing file /home/airflow/.local/lib/python3.12/site-packages/airflow/example_dags/example_branch_operator_decorator.py for tasks to queue
[2025-02-01T07:35:43.556+0000] {logging_mixin.py:190} INFO - [2025-02-01T07:35:43.555+0000] {dagbag.py:588} INFO - Filling up the DagBag from /home/airflow/.local/lib/python3.12/site-packages/airflow/example_dags/example_branch_operator_decorator.py
[2025-02-01T07:35:43.661+0000] {processor.py:925} INFO - DAG(s) 'example_branch_python_operator_decorator' retrieved from /home/airflow/.local/lib/python3.12/site-packages/airflow/example_dags/example_branch_operator_decorator.py
[2025-02-01T07:35:43.786+0000] {logging_mixin.py:190} INFO - [2025-02-01T07:35:43.785+0000] {dag.py:3239} INFO - Sync 1 DAGs
[2025-02-01T07:35:43.897+0000] {logging_mixin.py:190} INFO - [2025-02-01T07:35:43.896+0000] {dag.py:4180} INFO - Setting next_dagrun for example_branch_python_operator_decorator to 2025-01-31 00:00:00+00:00, run_after=2025-02-01 00:00:00+00:00
[2025-02-01T07:35:43.971+0000] {processor.py:208} INFO - Processing /home/airflow/.local/lib/python3.12/site-packages/airflow/example_dags/example_branch_operator_decorator.py took 0.442 seconds
[2025-02-01T07:36:14.580+0000] {processor.py:186} INFO - Started process (PID=303) to work on /home/airflow/.local/lib/python3.12/site-packages/airflow/example_dags/example_branch_operator_decorator.py
[2025-02-01T07:36:14.582+0000] {processor.py:914} INFO - Processing file /home/airflow/.local/lib/python3.12/site-packages/airflow/example_dags/example_branch_operator_decorator.py for tasks to queue
[2025-02-01T07:36:14.585+0000] {logging_mixin.py:190} INFO - [2025-02-01T07:36:14.585+0000] {dagbag.py:588} INFO - Filling up the DagBag from /home/airflow/.local/lib/python3.12/site-packages/airflow/example_dags/example_branch_operator_decorator.py
[2025-02-01T07:36:14.621+0000] {processor.py:925} INFO - DAG(s) 'example_branch_python_operator_decorator' retrieved from /home/airflow/.local/lib/python3.12/site-packages/airflow/example_dags/example_branch_operator_decorator.py
[2025-02-01T07:36:14.665+0000] {logging_mixin.py:190} INFO - [2025-02-01T07:36:14.665+0000] {dag.py:3239} INFO - Sync 1 DAGs
[2025-02-01T07:36:14.703+0000] {logging_mixin.py:190} INFO - [2025-02-01T07:36:14.703+0000] {dag.py:4180} INFO - Setting next_dagrun for example_branch_python_operator_decorator to 2025-01-31 00:00:00+00:00, run_after=2025-02-01 00:00:00+00:00
[2025-02-01T07:36:14.742+0000] {processor.py:208} INFO - Processing /home/airflow/.local/lib/python3.12/site-packages/airflow/example_dags/example_branch_operator_decorator.py took 0.171 seconds
[2025-02-01T07:36:44.952+0000] {processor.py:186} INFO - Started process (PID=366) to work on /home/airflow/.local/lib/python3.12/site-packages/airflow/example_dags/example_branch_operator_decorator.py
[2025-02-01T07:36:44.953+0000] {processor.py:914} INFO - Processing file /home/airflow/.local/lib/python3.12/site-packages/airflow/example_dags/example_branch_operator_decorator.py for tasks to queue
[2025-02-01T07:36:44.958+0000] {logging_mixin.py:190} INFO - [2025-02-01T07:36:44.957+0000] {dagbag.py:588} INFO - Filling up the DagBag from /home/airflow/.local/lib/python3.12/site-packages/airflow/example_dags/example_branch_operator_decorator.py
[2025-02-01T07:36:44.996+0000] {processor.py:925} INFO - DAG(s) 'example_branch_python_operator_decorator' retrieved from /home/airflow/.local/lib/python3.12/site-packages/airflow/example_dags/example_branch_operator_decorator.py
[2025-02-01T07:36:45.048+0000] {logging_mixin.py:190} INFO - [2025-02-01T07:36:45.047+0000] {dag.py:3239} INFO - Sync 1 DAGs
[2025-02-01T07:36:45.091+0000] {logging_mixin.py:190} INFO - [2025-02-01T07:36:45.090+0000] {dag.py:4180} INFO - Setting next_dagrun for example_branch_python_operator_decorator to 2025-01-31 00:00:00+00:00, run_after=2025-02-01 00:00:00+00:00
[2025-02-01T07:36:45.126+0000] {processor.py:208} INFO - Processing /home/airflow/.local/lib/python3.12/site-packages/airflow/example_dags/example_branch_operator_decorator.py took 0.183 seconds
[2025-02-01T07:37:15.862+0000] {processor.py:186} INFO - Started process (PID=434) to work on /home/airflow/.local/lib/python3.12/site-packages/airflow/example_dags/example_branch_operator_decorator.py
[2025-02-01T07:37:15.863+0000] {processor.py:914} INFO - Processing file /home/airflow/.local/lib/python3.12/site-packages/airflow/example_dags/example_branch_operator_decorator.py for tasks to queue
[2025-02-01T07:37:15.867+0000] {logging_mixin.py:190} INFO - [2025-02-01T07:37:15.866+0000] {dagbag.py:588} INFO - Filling up the DagBag from /home/airflow/.local/lib/python3.12/site-packages/airflow/example_dags/example_branch_operator_decorator.py
[2025-02-01T07:37:15.897+0000] {processor.py:925} INFO - DAG(s) 'example_branch_python_operator_decorator' retrieved from /home/airflow/.local/lib/python3.12/site-packages/airflow/example_dags/example_branch_operator_decorator.py
[2025-02-01T07:37:15.937+0000] {logging_mixin.py:190} INFO - [2025-02-01T07:37:15.937+0000] {dag.py:3239} INFO - Sync 1 DAGs
[2025-02-01T07:37:15.973+0000] {logging_mixin.py:190} INFO - [2025-02-01T07:37:15.973+0000] {dag.py:4180} INFO - Setting next_dagrun for example_branch_python_operator_decorator to 2025-01-31 00:00:00+00:00, run_after=2025-02-01 00:00:00+00:00
[2025-02-01T07:37:16.005+0000] {processor.py:208} INFO - Processing /home/airflow/.local/lib/python3.12/site-packages/airflow/example_dags/example_branch_operator_decorator.py took 0.151 seconds
[2025-02-01T07:37:46.365+0000] {processor.py:186} INFO - Started process (PID=496) to work on /home/airflow/.local/lib/python3.12/site-packages/airflow/example_dags/example_branch_operator_decorator.py
[2025-02-01T07:37:46.366+0000] {processor.py:914} INFO - Processing file /home/airflow/.local/lib/python3.12/site-packages/airflow/example_dags/example_branch_operator_decorator.py for tasks to queue
[2025-02-01T07:37:46.368+0000] {logging_mixin.py:190} INFO - [2025-02-01T07:37:46.368+0000] {dagbag.py:588} INFO - Filling up the DagBag from /home/airflow/.local/lib/python3.12/site-packages/airflow/example_dags/example_branch_operator_decorator.py
[2025-02-01T07:37:46.389+0000] {processor.py:925} INFO - DAG(s) 'example_branch_python_operator_decorator' retrieved from /home/airflow/.local/lib/python3.12/site-packages/airflow/example_dags/example_branch_operator_decorator.py
[2025-02-01T07:37:46.419+0000] {logging_mixin.py:190} INFO - [2025-02-01T07:37:46.419+0000] {dag.py:3239} INFO - Sync 1 DAGs
[2025-02-01T07:37:46.443+0000] {logging_mixin.py:190} INFO - [2025-02-01T07:37:46.443+0000] {dag.py:4180} INFO - Setting next_dagrun for example_branch_python_operator_decorator to 2025-01-31 00:00:00+00:00, run_after=2025-02-01 00:00:00+00:00
[2025-02-01T07:37:46.466+0000] {processor.py:208} INFO - Processing /home/airflow/.local/lib/python3.12/site-packages/airflow/example_dags/example_branch_operator_decorator.py took 0.107 seconds
[2025-02-01T07:38:16.950+0000] {processor.py:186} INFO - Started process (PID=559) to work on /home/airflow/.local/lib/python3.12/site-packages/airflow/example_dags/example_branch_operator_decorator.py
[2025-02-01T07:38:16.954+0000] {processor.py:914} INFO - Processing file /home/airflow/.local/lib/python3.12/site-packages/airflow/example_dags/example_branch_operator_decorator.py for tasks to queue
[2025-02-01T07:38:16.958+0000] {logging_mixin.py:190} INFO - [2025-02-01T07:38:16.958+0000] {dagbag.py:588} INFO - Filling up the DagBag from /home/airflow/.local/lib/python3.12/site-packages/airflow/example_dags/example_branch_operator_decorator.py
[2025-02-01T07:38:17.001+0000] {processor.py:925} INFO - DAG(s) 'example_branch_python_operator_decorator' retrieved from /home/airflow/.local/lib/python3.12/site-packages/airflow/example_dags/example_branch_operator_decorator.py
[2025-02-01T07:38:17.049+0000] {logging_mixin.py:190} INFO - [2025-02-01T07:38:17.048+0000] {dag.py:3239} INFO - Sync 1 DAGs
[2025-02-01T07:38:17.087+0000] {logging_mixin.py:190} INFO - [2025-02-01T07:38:17.086+0000] {dag.py:4180} INFO - Setting next_dagrun for example_branch_python_operator_decorator to 2025-01-31 00:00:00+00:00, run_after=2025-02-01 00:00:00+00:00
[2025-02-01T07:38:17.120+0000] {processor.py:208} INFO - Processing /home/airflow/.local/lib/python3.12/site-packages/airflow/example_dags/example_branch_operator_decorator.py took 0.178 seconds
[2025-02-01T07:38:47.608+0000] {processor.py:186} INFO - Started process (PID=622) to work on /home/airflow/.local/lib/python3.12/site-packages/airflow/example_dags/example_branch_operator_decorator.py
[2025-02-01T07:38:47.611+0000] {processor.py:914} INFO - Processing file /home/airflow/.local/lib/python3.12/site-packages/airflow/example_dags/example_branch_operator_decorator.py for tasks to queue
[2025-02-01T07:38:47.618+0000] {logging_mixin.py:190} INFO - [2025-02-01T07:38:47.617+0000] {dagbag.py:588} INFO - Filling up the DagBag from /home/airflow/.local/lib/python3.12/site-packages/airflow/example_dags/example_branch_operator_decorator.py
[2025-02-01T07:38:47.724+0000] {processor.py:925} INFO - DAG(s) 'example_branch_python_operator_decorator' retrieved from /home/airflow/.local/lib/python3.12/site-packages/airflow/example_dags/example_branch_operator_decorator.py
[2025-02-01T07:38:47.831+0000] {logging_mixin.py:190} INFO - [2025-02-01T07:38:47.830+0000] {dag.py:3239} INFO - Sync 1 DAGs
[2025-02-01T07:38:47.922+0000] {logging_mixin.py:190} INFO - [2025-02-01T07:38:47.922+0000] {dag.py:4180} INFO - Setting next_dagrun for example_branch_python_operator_decorator to 2025-01-31 00:00:00+00:00, run_after=2025-02-01 00:00:00+00:00
[2025-02-01T07:38:47.985+0000] {processor.py:208} INFO - Processing /home/airflow/.local/lib/python3.12/site-packages/airflow/example_dags/example_branch_operator_decorator.py took 0.401 seconds
[2025-02-01T07:39:18.186+0000] {processor.py:186} INFO - Started process (PID=685) to work on /home/airflow/.local/lib/python3.12/site-packages/airflow/example_dags/example_branch_operator_decorator.py
[2025-02-01T07:39:18.188+0000] {processor.py:914} INFO - Processing file /home/airflow/.local/lib/python3.12/site-packages/airflow/example_dags/example_branch_operator_decorator.py for tasks to queue
[2025-02-01T07:39:18.193+0000] {logging_mixin.py:190} INFO - [2025-02-01T07:39:18.192+0000] {dagbag.py:588} INFO - Filling up the DagBag from /home/airflow/.local/lib/python3.12/site-packages/airflow/example_dags/example_branch_operator_decorator.py
[2025-02-01T07:39:18.236+0000] {processor.py:925} INFO - DAG(s) 'example_branch_python_operator_decorator' retrieved from /home/airflow/.local/lib/python3.12/site-packages/airflow/example_dags/example_branch_operator_decorator.py
[2025-02-01T07:39:18.293+0000] {logging_mixin.py:190} INFO - [2025-02-01T07:39:18.293+0000] {dag.py:3239} INFO - Sync 1 DAGs
[2025-02-01T07:39:18.365+0000] {logging_mixin.py:190} INFO - [2025-02-01T07:39:18.364+0000] {dag.py:4180} INFO - Setting next_dagrun for example_branch_python_operator_decorator to 2025-01-31 00:00:00+00:00, run_after=2025-02-01 00:00:00+00:00
[2025-02-01T07:39:18.412+0000] {processor.py:208} INFO - Processing /home/airflow/.local/lib/python3.12/site-packages/airflow/example_dags/example_branch_operator_decorator.py took 0.240 seconds
[2025-02-01T07:39:49.311+0000] {processor.py:186} INFO - Started process (PID=748) to work on /home/airflow/.local/lib/python3.12/site-packages/airflow/example_dags/example_branch_operator_decorator.py
[2025-02-01T07:39:49.321+0000] {processor.py:914} INFO - Processing file /home/airflow/.local/lib/python3.12/site-packages/airflow/example_dags/example_branch_operator_decorator.py for tasks to queue
[2025-02-01T07:39:49.325+0000] {logging_mixin.py:190} INFO - [2025-02-01T07:39:49.325+0000] {dagbag.py:588} INFO - Filling up the DagBag from /home/airflow/.local/lib/python3.12/site-packages/airflow/example_dags/example_branch_operator_decorator.py
[2025-02-01T07:39:49.354+0000] {processor.py:925} INFO - DAG(s) 'example_branch_python_operator_decorator' retrieved from /home/airflow/.local/lib/python3.12/site-packages/airflow/example_dags/example_branch_operator_decorator.py
[2025-02-01T07:39:49.388+0000] {logging_mixin.py:190} INFO - [2025-02-01T07:39:49.388+0000] {dag.py:3239} INFO - Sync 1 DAGs
[2025-02-01T07:39:49.420+0000] {logging_mixin.py:190} INFO - [2025-02-01T07:39:49.420+0000] {dag.py:4180} INFO - Setting next_dagrun for example_branch_python_operator_decorator to 2025-01-31 00:00:00+00:00, run_after=2025-02-01 00:00:00+00:00
[2025-02-01T07:39:49.447+0000] {processor.py:208} INFO - Processing /home/airflow/.local/lib/python3.12/site-packages/airflow/example_dags/example_branch_operator_decorator.py took 0.146 seconds
[2025-02-01T07:40:20.030+0000] {processor.py:186} INFO - Started process (PID=811) to work on /home/airflow/.local/lib/python3.12/site-packages/airflow/example_dags/example_branch_operator_decorator.py
[2025-02-01T07:40:20.032+0000] {processor.py:914} INFO - Processing file /home/airflow/.local/lib/python3.12/site-packages/airflow/example_dags/example_branch_operator_decorator.py for tasks to queue
[2025-02-01T07:40:20.035+0000] {logging_mixin.py:190} INFO - [2025-02-01T07:40:20.035+0000] {dagbag.py:588} INFO - Filling up the DagBag from /home/airflow/.local/lib/python3.12/site-packages/airflow/example_dags/example_branch_operator_decorator.py
[2025-02-01T07:40:20.064+0000] {processor.py:925} INFO - DAG(s) 'example_branch_python_operator_decorator' retrieved from /home/airflow/.local/lib/python3.12/site-packages/airflow/example_dags/example_branch_operator_decorator.py
[2025-02-01T07:40:20.103+0000] {logging_mixin.py:190} INFO - [2025-02-01T07:40:20.103+0000] {dag.py:3239} INFO - Sync 1 DAGs
[2025-02-01T07:40:20.136+0000] {logging_mixin.py:190} INFO - [2025-02-01T07:40:20.136+0000] {dag.py:4180} INFO - Setting next_dagrun for example_branch_python_operator_decorator to 2025-01-31 00:00:00+00:00, run_after=2025-02-01 00:00:00+00:00
[2025-02-01T07:40:20.164+0000] {processor.py:208} INFO - Processing /home/airflow/.local/lib/python3.12/site-packages/airflow/example_dags/example_branch_operator_decorator.py took 0.144 seconds
[2025-02-01T07:40:50.724+0000] {processor.py:186} INFO - Started process (PID=874) to work on /home/airflow/.local/lib/python3.12/site-packages/airflow/example_dags/example_branch_operator_decorator.py
[2025-02-01T07:40:50.726+0000] {processor.py:914} INFO - Processing file /home/airflow/.local/lib/python3.12/site-packages/airflow/example_dags/example_branch_operator_decorator.py for tasks to queue
[2025-02-01T07:40:50.730+0000] {logging_mixin.py:190} INFO - [2025-02-01T07:40:50.730+0000] {dagbag.py:588} INFO - Filling up the DagBag from /home/airflow/.local/lib/python3.12/site-packages/airflow/example_dags/example_branch_operator_decorator.py
[2025-02-01T07:40:50.766+0000] {processor.py:925} INFO - DAG(s) 'example_branch_python_operator_decorator' retrieved from /home/airflow/.local/lib/python3.12/site-packages/airflow/example_dags/example_branch_operator_decorator.py
[2025-02-01T07:40:50.812+0000] {logging_mixin.py:190} INFO - [2025-02-01T07:40:50.812+0000] {dag.py:3239} INFO - Sync 1 DAGs
[2025-02-01T07:40:50.851+0000] {logging_mixin.py:190} INFO - [2025-02-01T07:40:50.850+0000] {dag.py:4180} INFO - Setting next_dagrun for example_branch_python_operator_decorator to 2025-01-31 00:00:00+00:00, run_after=2025-02-01 00:00:00+00:00
[2025-02-01T07:40:50.906+0000] {processor.py:208} INFO - Processing /home/airflow/.local/lib/python3.12/site-packages/airflow/example_dags/example_branch_operator_decorator.py took 0.193 seconds
[2025-02-01T07:41:21.209+0000] {processor.py:186} INFO - Started process (PID=937) to work on /home/airflow/.local/lib/python3.12/site-packages/airflow/example_dags/example_branch_operator_decorator.py
[2025-02-01T07:41:21.213+0000] {processor.py:914} INFO - Processing file /home/airflow/.local/lib/python3.12/site-packages/airflow/example_dags/example_branch_operator_decorator.py for tasks to queue
[2025-02-01T07:41:21.218+0000] {logging_mixin.py:190} INFO - [2025-02-01T07:41:21.218+0000] {dagbag.py:588} INFO - Filling up the DagBag from /home/airflow/.local/lib/python3.12/site-packages/airflow/example_dags/example_branch_operator_decorator.py
[2025-02-01T07:41:21.279+0000] {processor.py:925} INFO - DAG(s) 'example_branch_python_operator_decorator' retrieved from /home/airflow/.local/lib/python3.12/site-packages/airflow/example_dags/example_branch_operator_decorator.py
[2025-02-01T07:41:21.361+0000] {logging_mixin.py:190} INFO - [2025-02-01T07:41:21.360+0000] {dag.py:3239} INFO - Sync 1 DAGs
[2025-02-01T07:41:21.426+0000] {logging_mixin.py:190} INFO - [2025-02-01T07:41:21.425+0000] {dag.py:4180} INFO - Setting next_dagrun for example_branch_python_operator_decorator to 2025-01-31 00:00:00+00:00, run_after=2025-02-01 00:00:00+00:00
[2025-02-01T07:41:21.523+0000] {processor.py:208} INFO - Processing /home/airflow/.local/lib/python3.12/site-packages/airflow/example_dags/example_branch_operator_decorator.py took 0.332 seconds
[2025-02-01T07:41:52.091+0000] {processor.py:186} INFO - Started process (PID=1000) to work on /home/airflow/.local/lib/python3.12/site-packages/airflow/example_dags/example_branch_operator_decorator.py
[2025-02-01T07:41:52.093+0000] {processor.py:914} INFO - Processing file /home/airflow/.local/lib/python3.12/site-packages/airflow/example_dags/example_branch_operator_decorator.py for tasks to queue
[2025-02-01T07:41:52.098+0000] {logging_mixin.py:190} INFO - [2025-02-01T07:41:52.097+0000] {dagbag.py:588} INFO - Filling up the DagBag from /home/airflow/.local/lib/python3.12/site-packages/airflow/example_dags/example_branch_operator_decorator.py
[2025-02-01T07:41:52.142+0000] {processor.py:925} INFO - DAG(s) 'example_branch_python_operator_decorator' retrieved from /home/airflow/.local/lib/python3.12/site-packages/airflow/example_dags/example_branch_operator_decorator.py
[2025-02-01T07:41:52.202+0000] {logging_mixin.py:190} INFO - [2025-02-01T07:41:52.202+0000] {dag.py:3239} INFO - Sync 1 DAGs
[2025-02-01T07:41:52.259+0000] {logging_mixin.py:190} INFO - [2025-02-01T07:41:52.258+0000] {dag.py:4180} INFO - Setting next_dagrun for example_branch_python_operator_decorator to 2025-01-31 00:00:00+00:00, run_after=2025-02-01 00:00:00+00:00
[2025-02-01T07:41:52.295+0000] {processor.py:208} INFO - Processing /home/airflow/.local/lib/python3.12/site-packages/airflow/example_dags/example_branch_operator_decorator.py took 0.216 seconds
[2025-02-01T07:42:22.429+0000] {processor.py:186} INFO - Started process (PID=1062) to work on /home/airflow/.local/lib/python3.12/site-packages/airflow/example_dags/example_branch_operator_decorator.py
[2025-02-01T07:42:22.431+0000] {processor.py:914} INFO - Processing file /home/airflow/.local/lib/python3.12/site-packages/airflow/example_dags/example_branch_operator_decorator.py for tasks to queue
[2025-02-01T07:42:22.434+0000] {logging_mixin.py:190} INFO - [2025-02-01T07:42:22.434+0000] {dagbag.py:588} INFO - Filling up the DagBag from /home/airflow/.local/lib/python3.12/site-packages/airflow/example_dags/example_branch_operator_decorator.py
[2025-02-01T07:42:22.460+0000] {processor.py:925} INFO - DAG(s) 'example_branch_python_operator_decorator' retrieved from /home/airflow/.local/lib/python3.12/site-packages/airflow/example_dags/example_branch_operator_decorator.py
[2025-02-01T07:42:22.504+0000] {logging_mixin.py:190} INFO - [2025-02-01T07:42:22.504+0000] {dag.py:3239} INFO - Sync 1 DAGs
[2025-02-01T07:42:22.537+0000] {logging_mixin.py:190} INFO - [2025-02-01T07:42:22.536+0000] {dag.py:4180} INFO - Setting next_dagrun for example_branch_python_operator_decorator to 2025-01-31 00:00:00+00:00, run_after=2025-02-01 00:00:00+00:00
[2025-02-01T07:42:22.567+0000] {processor.py:208} INFO - Processing /home/airflow/.local/lib/python3.12/site-packages/airflow/example_dags/example_branch_operator_decorator.py took 0.145 seconds
[2025-02-01T07:42:52.660+0000] {processor.py:186} INFO - Started process (PID=1125) to work on /home/airflow/.local/lib/python3.12/site-packages/airflow/example_dags/example_branch_operator_decorator.py
[2025-02-01T07:42:52.662+0000] {processor.py:914} INFO - Processing file /home/airflow/.local/lib/python3.12/site-packages/airflow/example_dags/example_branch_operator_decorator.py for tasks to queue
[2025-02-01T07:42:52.666+0000] {logging_mixin.py:190} INFO - [2025-02-01T07:42:52.665+0000] {dagbag.py:588} INFO - Filling up the DagBag from /home/airflow/.local/lib/python3.12/site-packages/airflow/example_dags/example_branch_operator_decorator.py
[2025-02-01T07:42:52.689+0000] {processor.py:925} INFO - DAG(s) 'example_branch_python_operator_decorator' retrieved from /home/airflow/.local/lib/python3.12/site-packages/airflow/example_dags/example_branch_operator_decorator.py
[2025-02-01T07:42:52.722+0000] {logging_mixin.py:190} INFO - [2025-02-01T07:42:52.722+0000] {dag.py:3239} INFO - Sync 1 DAGs
[2025-02-01T07:42:52.748+0000] {logging_mixin.py:190} INFO - [2025-02-01T07:42:52.747+0000] {dag.py:4180} INFO - Setting next_dagrun for example_branch_python_operator_decorator to 2025-01-31 00:00:00+00:00, run_after=2025-02-01 00:00:00+00:00
[2025-02-01T07:42:52.775+0000] {processor.py:208} INFO - Processing /home/airflow/.local/lib/python3.12/site-packages/airflow/example_dags/example_branch_operator_decorator.py took 0.120 seconds
[2025-02-01T07:43:22.849+0000] {processor.py:186} INFO - Started process (PID=1188) to work on /home/airflow/.local/lib/python3.12/site-packages/airflow/example_dags/example_branch_operator_decorator.py
[2025-02-01T07:43:22.851+0000] {processor.py:914} INFO - Processing file /home/airflow/.local/lib/python3.12/site-packages/airflow/example_dags/example_branch_operator_decorator.py for tasks to queue
[2025-02-01T07:43:22.854+0000] {logging_mixin.py:190} INFO - [2025-02-01T07:43:22.854+0000] {dagbag.py:588} INFO - Filling up the DagBag from /home/airflow/.local/lib/python3.12/site-packages/airflow/example_dags/example_branch_operator_decorator.py
[2025-02-01T07:43:22.888+0000] {processor.py:925} INFO - DAG(s) 'example_branch_python_operator_decorator' retrieved from /home/airflow/.local/lib/python3.12/site-packages/airflow/example_dags/example_branch_operator_decorator.py
[2025-02-01T07:43:22.932+0000] {logging_mixin.py:190} INFO - [2025-02-01T07:43:22.932+0000] {dag.py:3239} INFO - Sync 1 DAGs
[2025-02-01T07:43:22.969+0000] {logging_mixin.py:190} INFO - [2025-02-01T07:43:22.969+0000] {dag.py:4180} INFO - Setting next_dagrun for example_branch_python_operator_decorator to 2025-01-31 00:00:00+00:00, run_after=2025-02-01 00:00:00+00:00
[2025-02-01T07:43:23.000+0000] {processor.py:208} INFO - Processing /home/airflow/.local/lib/python3.12/site-packages/airflow/example_dags/example_branch_operator_decorator.py took 0.159 seconds
[2025-02-01T07:43:53.531+0000] {processor.py:186} INFO - Started process (PID=1251) to work on /home/airflow/.local/lib/python3.12/site-packages/airflow/example_dags/example_branch_operator_decorator.py
[2025-02-01T07:43:53.533+0000] {processor.py:914} INFO - Processing file /home/airflow/.local/lib/python3.12/site-packages/airflow/example_dags/example_branch_operator_decorator.py for tasks to queue
[2025-02-01T07:43:53.541+0000] {logging_mixin.py:190} INFO - [2025-02-01T07:43:53.538+0000] {dagbag.py:588} INFO - Filling up the DagBag from /home/airflow/.local/lib/python3.12/site-packages/airflow/example_dags/example_branch_operator_decorator.py
[2025-02-01T07:43:53.607+0000] {processor.py:925} INFO - DAG(s) 'example_branch_python_operator_decorator' retrieved from /home/airflow/.local/lib/python3.12/site-packages/airflow/example_dags/example_branch_operator_decorator.py
[2025-02-01T07:43:53.677+0000] {logging_mixin.py:190} INFO - [2025-02-01T07:43:53.677+0000] {dag.py:3239} INFO - Sync 1 DAGs
[2025-02-01T07:43:53.733+0000] {logging_mixin.py:190} INFO - [2025-02-01T07:43:53.733+0000] {dag.py:4180} INFO - Setting next_dagrun for example_branch_python_operator_decorator to 2025-01-31 00:00:00+00:00, run_after=2025-02-01 00:00:00+00:00
[2025-02-01T07:43:53.778+0000] {processor.py:208} INFO - Processing /home/airflow/.local/lib/python3.12/site-packages/airflow/example_dags/example_branch_operator_decorator.py took 0.262 seconds
[2025-02-01T07:44:23.957+0000] {processor.py:186} INFO - Started process (PID=1315) to work on /home/airflow/.local/lib/python3.12/site-packages/airflow/example_dags/example_branch_operator_decorator.py
[2025-02-01T07:44:23.959+0000] {processor.py:914} INFO - Processing file /home/airflow/.local/lib/python3.12/site-packages/airflow/example_dags/example_branch_operator_decorator.py for tasks to queue
[2025-02-01T07:44:23.967+0000] {logging_mixin.py:190} INFO - [2025-02-01T07:44:23.966+0000] {dagbag.py:588} INFO - Filling up the DagBag from /home/airflow/.local/lib/python3.12/site-packages/airflow/example_dags/example_branch_operator_decorator.py
[2025-02-01T07:44:24.010+0000] {processor.py:925} INFO - DAG(s) 'example_branch_python_operator_decorator' retrieved from /home/airflow/.local/lib/python3.12/site-packages/airflow/example_dags/example_branch_operator_decorator.py
[2025-02-01T07:44:24.063+0000] {logging_mixin.py:190} INFO - [2025-02-01T07:44:24.062+0000] {dag.py:3239} INFO - Sync 1 DAGs
[2025-02-01T07:44:24.112+0000] {logging_mixin.py:190} INFO - [2025-02-01T07:44:24.112+0000] {dag.py:4180} INFO - Setting next_dagrun for example_branch_python_operator_decorator to 2025-01-31 00:00:00+00:00, run_after=2025-02-01 00:00:00+00:00
[2025-02-01T07:44:24.148+0000] {processor.py:208} INFO - Processing /home/airflow/.local/lib/python3.12/site-packages/airflow/example_dags/example_branch_operator_decorator.py took 0.203 seconds
[2025-02-01T07:44:55.066+0000] {processor.py:186} INFO - Started process (PID=1379) to work on /home/airflow/.local/lib/python3.12/site-packages/airflow/example_dags/example_branch_operator_decorator.py
[2025-02-01T07:44:55.070+0000] {processor.py:914} INFO - Processing file /home/airflow/.local/lib/python3.12/site-packages/airflow/example_dags/example_branch_operator_decorator.py for tasks to queue
[2025-02-01T07:44:55.075+0000] {logging_mixin.py:190} INFO - [2025-02-01T07:44:55.074+0000] {dagbag.py:588} INFO - Filling up the DagBag from /home/airflow/.local/lib/python3.12/site-packages/airflow/example_dags/example_branch_operator_decorator.py
[2025-02-01T07:44:55.126+0000] {processor.py:925} INFO - DAG(s) 'example_branch_python_operator_decorator' retrieved from /home/airflow/.local/lib/python3.12/site-packages/airflow/example_dags/example_branch_operator_decorator.py
[2025-02-01T07:44:55.204+0000] {logging_mixin.py:190} INFO - [2025-02-01T07:44:55.204+0000] {dag.py:3239} INFO - Sync 1 DAGs
[2025-02-01T07:44:55.256+0000] {logging_mixin.py:190} INFO - [2025-02-01T07:44:55.256+0000] {dag.py:4180} INFO - Setting next_dagrun for example_branch_python_operator_decorator to 2025-01-31 00:00:00+00:00, run_after=2025-02-01 00:00:00+00:00
[2025-02-01T07:44:55.310+0000] {processor.py:208} INFO - Processing /home/airflow/.local/lib/python3.12/site-packages/airflow/example_dags/example_branch_operator_decorator.py took 0.259 seconds
[2025-02-01T07:45:26.003+0000] {processor.py:186} INFO - Started process (PID=1443) to work on /home/airflow/.local/lib/python3.12/site-packages/airflow/example_dags/example_branch_operator_decorator.py
[2025-02-01T07:45:26.005+0000] {processor.py:914} INFO - Processing file /home/airflow/.local/lib/python3.12/site-packages/airflow/example_dags/example_branch_operator_decorator.py for tasks to queue
[2025-02-01T07:45:26.010+0000] {logging_mixin.py:190} INFO - [2025-02-01T07:45:26.009+0000] {dagbag.py:588} INFO - Filling up the DagBag from /home/airflow/.local/lib/python3.12/site-packages/airflow/example_dags/example_branch_operator_decorator.py
[2025-02-01T07:45:26.069+0000] {processor.py:925} INFO - DAG(s) 'example_branch_python_operator_decorator' retrieved from /home/airflow/.local/lib/python3.12/site-packages/airflow/example_dags/example_branch_operator_decorator.py
[2025-02-01T07:45:26.135+0000] {logging_mixin.py:190} INFO - [2025-02-01T07:45:26.135+0000] {dag.py:3239} INFO - Sync 1 DAGs
[2025-02-01T07:45:26.199+0000] {logging_mixin.py:190} INFO - [2025-02-01T07:45:26.198+0000] {dag.py:4180} INFO - Setting next_dagrun for example_branch_python_operator_decorator to 2025-01-31 00:00:00+00:00, run_after=2025-02-01 00:00:00+00:00
[2025-02-01T07:45:26.240+0000] {processor.py:208} INFO - Processing /home/airflow/.local/lib/python3.12/site-packages/airflow/example_dags/example_branch_operator_decorator.py took 0.249 seconds
[2025-02-01T07:45:57.244+0000] {processor.py:186} INFO - Started process (PID=1507) to work on /home/airflow/.local/lib/python3.12/site-packages/airflow/example_dags/example_branch_operator_decorator.py
[2025-02-01T07:45:57.245+0000] {processor.py:914} INFO - Processing file /home/airflow/.local/lib/python3.12/site-packages/airflow/example_dags/example_branch_operator_decorator.py for tasks to queue
[2025-02-01T07:45:57.248+0000] {logging_mixin.py:190} INFO - [2025-02-01T07:45:57.248+0000] {dagbag.py:588} INFO - Filling up the DagBag from /home/airflow/.local/lib/python3.12/site-packages/airflow/example_dags/example_branch_operator_decorator.py
[2025-02-01T07:45:57.274+0000] {processor.py:925} INFO - DAG(s) 'example_branch_python_operator_decorator' retrieved from /home/airflow/.local/lib/python3.12/site-packages/airflow/example_dags/example_branch_operator_decorator.py
[2025-02-01T07:45:57.310+0000] {logging_mixin.py:190} INFO - [2025-02-01T07:45:57.310+0000] {dag.py:3239} INFO - Sync 1 DAGs
[2025-02-01T07:45:57.336+0000] {logging_mixin.py:190} INFO - [2025-02-01T07:45:57.336+0000] {dag.py:4180} INFO - Setting next_dagrun for example_branch_python_operator_decorator to 2025-01-31 00:00:00+00:00, run_after=2025-02-01 00:00:00+00:00
[2025-02-01T07:45:57.367+0000] {processor.py:208} INFO - Processing /home/airflow/.local/lib/python3.12/site-packages/airflow/example_dags/example_branch_operator_decorator.py took 0.128 seconds
[2025-02-01T07:46:27.814+0000] {processor.py:186} INFO - Started process (PID=1570) to work on /home/airflow/.local/lib/python3.12/site-packages/airflow/example_dags/example_branch_operator_decorator.py
[2025-02-01T07:46:27.815+0000] {processor.py:914} INFO - Processing file /home/airflow/.local/lib/python3.12/site-packages/airflow/example_dags/example_branch_operator_decorator.py for tasks to queue
[2025-02-01T07:46:27.818+0000] {logging_mixin.py:190} INFO - [2025-02-01T07:46:27.818+0000] {dagbag.py:588} INFO - Filling up the DagBag from /home/airflow/.local/lib/python3.12/site-packages/airflow/example_dags/example_branch_operator_decorator.py
[2025-02-01T07:46:27.847+0000] {processor.py:925} INFO - DAG(s) 'example_branch_python_operator_decorator' retrieved from /home/airflow/.local/lib/python3.12/site-packages/airflow/example_dags/example_branch_operator_decorator.py
[2025-02-01T07:46:27.882+0000] {logging_mixin.py:190} INFO - [2025-02-01T07:46:27.882+0000] {dag.py:3239} INFO - Sync 1 DAGs
[2025-02-01T07:46:27.916+0000] {logging_mixin.py:190} INFO - [2025-02-01T07:46:27.915+0000] {dag.py:4180} INFO - Setting next_dagrun for example_branch_python_operator_decorator to 2025-01-31 00:00:00+00:00, run_after=2025-02-01 00:00:00+00:00
[2025-02-01T07:46:27.945+0000] {processor.py:208} INFO - Processing /home/airflow/.local/lib/python3.12/site-packages/airflow/example_dags/example_branch_operator_decorator.py took 0.138 seconds
[2025-02-01T07:46:58.326+0000] {processor.py:186} INFO - Started process (PID=1634) to work on /home/airflow/.local/lib/python3.12/site-packages/airflow/example_dags/example_branch_operator_decorator.py
[2025-02-01T07:46:58.327+0000] {processor.py:914} INFO - Processing file /home/airflow/.local/lib/python3.12/site-packages/airflow/example_dags/example_branch_operator_decorator.py for tasks to queue
[2025-02-01T07:46:58.331+0000] {logging_mixin.py:190} INFO - [2025-02-01T07:46:58.330+0000] {dagbag.py:588} INFO - Filling up the DagBag from /home/airflow/.local/lib/python3.12/site-packages/airflow/example_dags/example_branch_operator_decorator.py
[2025-02-01T07:46:58.358+0000] {processor.py:925} INFO - DAG(s) 'example_branch_python_operator_decorator' retrieved from /home/airflow/.local/lib/python3.12/site-packages/airflow/example_dags/example_branch_operator_decorator.py
[2025-02-01T07:46:58.394+0000] {logging_mixin.py:190} INFO - [2025-02-01T07:46:58.394+0000] {dag.py:3239} INFO - Sync 1 DAGs
[2025-02-01T07:46:58.426+0000] {logging_mixin.py:190} INFO - [2025-02-01T07:46:58.426+0000] {dag.py:4180} INFO - Setting next_dagrun for example_branch_python_operator_decorator to 2025-01-31 00:00:00+00:00, run_after=2025-02-01 00:00:00+00:00
[2025-02-01T07:46:58.456+0000] {processor.py:208} INFO - Processing /home/airflow/.local/lib/python3.12/site-packages/airflow/example_dags/example_branch_operator_decorator.py took 0.138 seconds
[2025-02-01T07:47:28.746+0000] {processor.py:186} INFO - Started process (PID=1699) to work on /home/airflow/.local/lib/python3.12/site-packages/airflow/example_dags/example_branch_operator_decorator.py
[2025-02-01T07:47:28.749+0000] {processor.py:914} INFO - Processing file /home/airflow/.local/lib/python3.12/site-packages/airflow/example_dags/example_branch_operator_decorator.py for tasks to queue
[2025-02-01T07:47:28.757+0000] {logging_mixin.py:190} INFO - [2025-02-01T07:47:28.756+0000] {dagbag.py:588} INFO - Filling up the DagBag from /home/airflow/.local/lib/python3.12/site-packages/airflow/example_dags/example_branch_operator_decorator.py
[2025-02-01T07:47:28.825+0000] {processor.py:925} INFO - DAG(s) 'example_branch_python_operator_decorator' retrieved from /home/airflow/.local/lib/python3.12/site-packages/airflow/example_dags/example_branch_operator_decorator.py
[2025-02-01T07:47:28.907+0000] {logging_mixin.py:190} INFO - [2025-02-01T07:47:28.906+0000] {dag.py:3239} INFO - Sync 1 DAGs
[2025-02-01T07:47:28.983+0000] {logging_mixin.py:190} INFO - [2025-02-01T07:47:28.982+0000] {dag.py:4180} INFO - Setting next_dagrun for example_branch_python_operator_decorator to 2025-01-31 00:00:00+00:00, run_after=2025-02-01 00:00:00+00:00
[2025-02-01T07:47:29.038+0000] {processor.py:208} INFO - Processing /home/airflow/.local/lib/python3.12/site-packages/airflow/example_dags/example_branch_operator_decorator.py took 0.308 seconds
[2025-02-01T07:47:59.113+0000] {processor.py:186} INFO - Started process (PID=1761) to work on /home/airflow/.local/lib/python3.12/site-packages/airflow/example_dags/example_branch_operator_decorator.py
[2025-02-01T07:47:59.115+0000] {processor.py:914} INFO - Processing file /home/airflow/.local/lib/python3.12/site-packages/airflow/example_dags/example_branch_operator_decorator.py for tasks to queue
[2025-02-01T07:47:59.118+0000] {logging_mixin.py:190} INFO - [2025-02-01T07:47:59.117+0000] {dagbag.py:588} INFO - Filling up the DagBag from /home/airflow/.local/lib/python3.12/site-packages/airflow/example_dags/example_branch_operator_decorator.py
[2025-02-01T07:47:59.146+0000] {processor.py:925} INFO - DAG(s) 'example_branch_python_operator_decorator' retrieved from /home/airflow/.local/lib/python3.12/site-packages/airflow/example_dags/example_branch_operator_decorator.py
[2025-02-01T07:47:59.183+0000] {logging_mixin.py:190} INFO - [2025-02-01T07:47:59.182+0000] {dag.py:3239} INFO - Sync 1 DAGs
[2025-02-01T07:47:59.215+0000] {logging_mixin.py:190} INFO - [2025-02-01T07:47:59.214+0000] {dag.py:4180} INFO - Setting next_dagrun for example_branch_python_operator_decorator to 2025-01-31 00:00:00+00:00, run_after=2025-02-01 00:00:00+00:00
[2025-02-01T07:47:59.241+0000] {processor.py:208} INFO - Processing /home/airflow/.local/lib/python3.12/site-packages/airflow/example_dags/example_branch_operator_decorator.py took 0.135 seconds
[2025-02-01T07:48:30.228+0000] {processor.py:186} INFO - Started process (PID=1825) to work on /home/airflow/.local/lib/python3.12/site-packages/airflow/example_dags/example_branch_operator_decorator.py
[2025-02-01T07:48:30.236+0000] {processor.py:914} INFO - Processing file /home/airflow/.local/lib/python3.12/site-packages/airflow/example_dags/example_branch_operator_decorator.py for tasks to queue
[2025-02-01T07:48:30.250+0000] {logging_mixin.py:190} INFO - [2025-02-01T07:48:30.249+0000] {dagbag.py:588} INFO - Filling up the DagBag from /home/airflow/.local/lib/python3.12/site-packages/airflow/example_dags/example_branch_operator_decorator.py
[2025-02-01T07:48:30.373+0000] {processor.py:925} INFO - DAG(s) 'example_branch_python_operator_decorator' retrieved from /home/airflow/.local/lib/python3.12/site-packages/airflow/example_dags/example_branch_operator_decorator.py
[2025-02-01T07:48:30.526+0000] {logging_mixin.py:190} INFO - [2025-02-01T07:48:30.525+0000] {dag.py:3239} INFO - Sync 1 DAGs
[2025-02-01T07:48:30.679+0000] {logging_mixin.py:190} INFO - [2025-02-01T07:48:30.678+0000] {dag.py:4180} INFO - Setting next_dagrun for example_branch_python_operator_decorator to 2025-01-31 00:00:00+00:00, run_after=2025-02-01 00:00:00+00:00
[2025-02-01T07:48:30.812+0000] {processor.py:208} INFO - Processing /home/airflow/.local/lib/python3.12/site-packages/airflow/example_dags/example_branch_operator_decorator.py took 0.609 seconds
[2025-02-01T07:49:01.111+0000] {processor.py:186} INFO - Started process (PID=1890) to work on /home/airflow/.local/lib/python3.12/site-packages/airflow/example_dags/example_branch_operator_decorator.py
[2025-02-01T07:49:01.113+0000] {processor.py:914} INFO - Processing file /home/airflow/.local/lib/python3.12/site-packages/airflow/example_dags/example_branch_operator_decorator.py for tasks to queue
[2025-02-01T07:49:01.117+0000] {logging_mixin.py:190} INFO - [2025-02-01T07:49:01.117+0000] {dagbag.py:588} INFO - Filling up the DagBag from /home/airflow/.local/lib/python3.12/site-packages/airflow/example_dags/example_branch_operator_decorator.py
[2025-02-01T07:49:01.161+0000] {processor.py:925} INFO - DAG(s) 'example_branch_python_operator_decorator' retrieved from /home/airflow/.local/lib/python3.12/site-packages/airflow/example_dags/example_branch_operator_decorator.py
[2025-02-01T07:49:01.224+0000] {logging_mixin.py:190} INFO - [2025-02-01T07:49:01.224+0000] {dag.py:3239} INFO - Sync 1 DAGs
[2025-02-01T07:49:01.274+0000] {logging_mixin.py:190} INFO - [2025-02-01T07:49:01.273+0000] {dag.py:4180} INFO - Setting next_dagrun for example_branch_python_operator_decorator to 2025-01-31 00:00:00+00:00, run_after=2025-02-01 00:00:00+00:00
[2025-02-01T07:49:01.315+0000] {processor.py:208} INFO - Processing /home/airflow/.local/lib/python3.12/site-packages/airflow/example_dags/example_branch_operator_decorator.py took 0.217 seconds
[2025-02-01T07:49:31.627+0000] {processor.py:186} INFO - Started process (PID=1953) to work on /home/airflow/.local/lib/python3.12/site-packages/airflow/example_dags/example_branch_operator_decorator.py
[2025-02-01T07:49:31.628+0000] {processor.py:914} INFO - Processing file /home/airflow/.local/lib/python3.12/site-packages/airflow/example_dags/example_branch_operator_decorator.py for tasks to queue
[2025-02-01T07:49:31.632+0000] {logging_mixin.py:190} INFO - [2025-02-01T07:49:31.631+0000] {dagbag.py:588} INFO - Filling up the DagBag from /home/airflow/.local/lib/python3.12/site-packages/airflow/example_dags/example_branch_operator_decorator.py
[2025-02-01T07:49:31.663+0000] {processor.py:925} INFO - DAG(s) 'example_branch_python_operator_decorator' retrieved from /home/airflow/.local/lib/python3.12/site-packages/airflow/example_dags/example_branch_operator_decorator.py
[2025-02-01T07:49:31.704+0000] {logging_mixin.py:190} INFO - [2025-02-01T07:49:31.703+0000] {dag.py:3239} INFO - Sync 1 DAGs
[2025-02-01T07:49:31.740+0000] {logging_mixin.py:190} INFO - [2025-02-01T07:49:31.739+0000] {dag.py:4180} INFO - Setting next_dagrun for example_branch_python_operator_decorator to 2025-01-31 00:00:00+00:00, run_after=2025-02-01 00:00:00+00:00
[2025-02-01T07:49:31.769+0000] {processor.py:208} INFO - Processing /home/airflow/.local/lib/python3.12/site-packages/airflow/example_dags/example_branch_operator_decorator.py took 0.150 seconds
[2025-02-01T07:50:02.113+0000] {processor.py:186} INFO - Started process (PID=2017) to work on /home/airflow/.local/lib/python3.12/site-packages/airflow/example_dags/example_branch_operator_decorator.py
[2025-02-01T07:50:02.114+0000] {processor.py:914} INFO - Processing file /home/airflow/.local/lib/python3.12/site-packages/airflow/example_dags/example_branch_operator_decorator.py for tasks to queue
[2025-02-01T07:50:02.117+0000] {logging_mixin.py:190} INFO - [2025-02-01T07:50:02.117+0000] {dagbag.py:588} INFO - Filling up the DagBag from /home/airflow/.local/lib/python3.12/site-packages/airflow/example_dags/example_branch_operator_decorator.py
[2025-02-01T07:50:02.140+0000] {processor.py:925} INFO - DAG(s) 'example_branch_python_operator_decorator' retrieved from /home/airflow/.local/lib/python3.12/site-packages/airflow/example_dags/example_branch_operator_decorator.py
[2025-02-01T07:50:02.174+0000] {logging_mixin.py:190} INFO - [2025-02-01T07:50:02.174+0000] {dag.py:3239} INFO - Sync 1 DAGs
[2025-02-01T07:50:02.200+0000] {logging_mixin.py:190} INFO - [2025-02-01T07:50:02.199+0000] {dag.py:4180} INFO - Setting next_dagrun for example_branch_python_operator_decorator to 2025-01-31 00:00:00+00:00, run_after=2025-02-01 00:00:00+00:00
[2025-02-01T07:50:02.224+0000] {processor.py:208} INFO - Processing /home/airflow/.local/lib/python3.12/site-packages/airflow/example_dags/example_branch_operator_decorator.py took 0.116 seconds
[2025-02-01T07:50:32.390+0000] {processor.py:186} INFO - Started process (PID=2080) to work on /home/airflow/.local/lib/python3.12/site-packages/airflow/example_dags/example_branch_operator_decorator.py
[2025-02-01T07:50:32.392+0000] {processor.py:914} INFO - Processing file /home/airflow/.local/lib/python3.12/site-packages/airflow/example_dags/example_branch_operator_decorator.py for tasks to queue
[2025-02-01T07:50:32.395+0000] {logging_mixin.py:190} INFO - [2025-02-01T07:50:32.394+0000] {dagbag.py:588} INFO - Filling up the DagBag from /home/airflow/.local/lib/python3.12/site-packages/airflow/example_dags/example_branch_operator_decorator.py
[2025-02-01T07:50:32.426+0000] {processor.py:925} INFO - DAG(s) 'example_branch_python_operator_decorator' retrieved from /home/airflow/.local/lib/python3.12/site-packages/airflow/example_dags/example_branch_operator_decorator.py
[2025-02-01T07:50:32.461+0000] {logging_mixin.py:190} INFO - [2025-02-01T07:50:32.461+0000] {dag.py:3239} INFO - Sync 1 DAGs
[2025-02-01T07:50:32.492+0000] {logging_mixin.py:190} INFO - [2025-02-01T07:50:32.491+0000] {dag.py:4180} INFO - Setting next_dagrun for example_branch_python_operator_decorator to 2025-01-31 00:00:00+00:00, run_after=2025-02-01 00:00:00+00:00
[2025-02-01T07:50:32.519+0000] {processor.py:208} INFO - Processing /home/airflow/.local/lib/python3.12/site-packages/airflow/example_dags/example_branch_operator_decorator.py took 0.138 seconds
[2025-02-01T07:51:02.962+0000] {processor.py:186} INFO - Started process (PID=2144) to work on /home/airflow/.local/lib/python3.12/site-packages/airflow/example_dags/example_branch_operator_decorator.py
[2025-02-01T07:51:02.964+0000] {processor.py:914} INFO - Processing file /home/airflow/.local/lib/python3.12/site-packages/airflow/example_dags/example_branch_operator_decorator.py for tasks to queue
[2025-02-01T07:51:02.968+0000] {logging_mixin.py:190} INFO - [2025-02-01T07:51:02.968+0000] {dagbag.py:588} INFO - Filling up the DagBag from /home/airflow/.local/lib/python3.12/site-packages/airflow/example_dags/example_branch_operator_decorator.py
[2025-02-01T07:51:03.007+0000] {processor.py:925} INFO - DAG(s) 'example_branch_python_operator_decorator' retrieved from /home/airflow/.local/lib/python3.12/site-packages/airflow/example_dags/example_branch_operator_decorator.py
[2025-02-01T07:51:03.088+0000] {logging_mixin.py:190} INFO - [2025-02-01T07:51:03.088+0000] {dag.py:3239} INFO - Sync 1 DAGs
[2025-02-01T07:51:03.148+0000] {logging_mixin.py:190} INFO - [2025-02-01T07:51:03.148+0000] {dag.py:4180} INFO - Setting next_dagrun for example_branch_python_operator_decorator to 2025-01-31 00:00:00+00:00, run_after=2025-02-01 00:00:00+00:00
[2025-02-01T07:51:03.186+0000] {processor.py:208} INFO - Processing /home/airflow/.local/lib/python3.12/site-packages/airflow/example_dags/example_branch_operator_decorator.py took 0.235 seconds
[2025-02-01T07:51:33.688+0000] {processor.py:186} INFO - Started process (PID=2208) to work on /home/airflow/.local/lib/python3.12/site-packages/airflow/example_dags/example_branch_operator_decorator.py
[2025-02-01T07:51:33.690+0000] {processor.py:914} INFO - Processing file /home/airflow/.local/lib/python3.12/site-packages/airflow/example_dags/example_branch_operator_decorator.py for tasks to queue
[2025-02-01T07:51:33.695+0000] {logging_mixin.py:190} INFO - [2025-02-01T07:51:33.694+0000] {dagbag.py:588} INFO - Filling up the DagBag from /home/airflow/.local/lib/python3.12/site-packages/airflow/example_dags/example_branch_operator_decorator.py
[2025-02-01T07:51:33.736+0000] {processor.py:925} INFO - DAG(s) 'example_branch_python_operator_decorator' retrieved from /home/airflow/.local/lib/python3.12/site-packages/airflow/example_dags/example_branch_operator_decorator.py
[2025-02-01T07:51:33.799+0000] {logging_mixin.py:190} INFO - [2025-02-01T07:51:33.799+0000] {dag.py:3239} INFO - Sync 1 DAGs
[2025-02-01T07:51:33.854+0000] {logging_mixin.py:190} INFO - [2025-02-01T07:51:33.854+0000] {dag.py:4180} INFO - Setting next_dagrun for example_branch_python_operator_decorator to 2025-01-31 00:00:00+00:00, run_after=2025-02-01 00:00:00+00:00
[2025-02-01T07:51:33.901+0000] {processor.py:208} INFO - Processing /home/airflow/.local/lib/python3.12/site-packages/airflow/example_dags/example_branch_operator_decorator.py took 0.225 seconds
[2025-02-01T07:52:04.400+0000] {processor.py:186} INFO - Started process (PID=2271) to work on /home/airflow/.local/lib/python3.12/site-packages/airflow/example_dags/example_branch_operator_decorator.py
[2025-02-01T07:52:04.401+0000] {processor.py:914} INFO - Processing file /home/airflow/.local/lib/python3.12/site-packages/airflow/example_dags/example_branch_operator_decorator.py for tasks to queue
[2025-02-01T07:52:04.403+0000] {logging_mixin.py:190} INFO - [2025-02-01T07:52:04.403+0000] {dagbag.py:588} INFO - Filling up the DagBag from /home/airflow/.local/lib/python3.12/site-packages/airflow/example_dags/example_branch_operator_decorator.py
[2025-02-01T07:52:04.424+0000] {processor.py:925} INFO - DAG(s) 'example_branch_python_operator_decorator' retrieved from /home/airflow/.local/lib/python3.12/site-packages/airflow/example_dags/example_branch_operator_decorator.py
[2025-02-01T07:52:04.452+0000] {logging_mixin.py:190} INFO - [2025-02-01T07:52:04.451+0000] {dag.py:3239} INFO - Sync 1 DAGs
[2025-02-01T07:52:04.475+0000] {logging_mixin.py:190} INFO - [2025-02-01T07:52:04.475+0000] {dag.py:4180} INFO - Setting next_dagrun for example_branch_python_operator_decorator to 2025-01-31 00:00:00+00:00, run_after=2025-02-01 00:00:00+00:00
[2025-02-01T07:52:04.496+0000] {processor.py:208} INFO - Processing /home/airflow/.local/lib/python3.12/site-packages/airflow/example_dags/example_branch_operator_decorator.py took 0.101 seconds
[2025-02-01T07:52:34.931+0000] {processor.py:186} INFO - Started process (PID=2335) to work on /home/airflow/.local/lib/python3.12/site-packages/airflow/example_dags/example_branch_operator_decorator.py
[2025-02-01T07:52:34.932+0000] {processor.py:914} INFO - Processing file /home/airflow/.local/lib/python3.12/site-packages/airflow/example_dags/example_branch_operator_decorator.py for tasks to queue
[2025-02-01T07:52:34.937+0000] {logging_mixin.py:190} INFO - [2025-02-01T07:52:34.936+0000] {dagbag.py:588} INFO - Filling up the DagBag from /home/airflow/.local/lib/python3.12/site-packages/airflow/example_dags/example_branch_operator_decorator.py
[2025-02-01T07:52:34.971+0000] {processor.py:925} INFO - DAG(s) 'example_branch_python_operator_decorator' retrieved from /home/airflow/.local/lib/python3.12/site-packages/airflow/example_dags/example_branch_operator_decorator.py
[2025-02-01T07:52:35.014+0000] {logging_mixin.py:190} INFO - [2025-02-01T07:52:35.013+0000] {dag.py:3239} INFO - Sync 1 DAGs
[2025-02-01T07:52:35.046+0000] {logging_mixin.py:190} INFO - [2025-02-01T07:52:35.046+0000] {dag.py:4180} INFO - Setting next_dagrun for example_branch_python_operator_decorator to 2025-01-31 00:00:00+00:00, run_after=2025-02-01 00:00:00+00:00
[2025-02-01T07:52:35.082+0000] {processor.py:208} INFO - Processing /home/airflow/.local/lib/python3.12/site-packages/airflow/example_dags/example_branch_operator_decorator.py took 0.160 seconds
[2025-02-01T07:53:05.250+0000] {processor.py:186} INFO - Started process (PID=2399) to work on /home/airflow/.local/lib/python3.12/site-packages/airflow/example_dags/example_branch_operator_decorator.py
[2025-02-01T07:53:05.251+0000] {processor.py:914} INFO - Processing file /home/airflow/.local/lib/python3.12/site-packages/airflow/example_dags/example_branch_operator_decorator.py for tasks to queue
[2025-02-01T07:53:05.254+0000] {logging_mixin.py:190} INFO - [2025-02-01T07:53:05.254+0000] {dagbag.py:588} INFO - Filling up the DagBag from /home/airflow/.local/lib/python3.12/site-packages/airflow/example_dags/example_branch_operator_decorator.py
[2025-02-01T07:53:05.283+0000] {processor.py:925} INFO - DAG(s) 'example_branch_python_operator_decorator' retrieved from /home/airflow/.local/lib/python3.12/site-packages/airflow/example_dags/example_branch_operator_decorator.py
[2025-02-01T07:53:05.327+0000] {logging_mixin.py:190} INFO - [2025-02-01T07:53:05.327+0000] {dag.py:3239} INFO - Sync 1 DAGs
[2025-02-01T07:53:05.364+0000] {logging_mixin.py:190} INFO - [2025-02-01T07:53:05.363+0000] {dag.py:4180} INFO - Setting next_dagrun for example_branch_python_operator_decorator to 2025-01-31 00:00:00+00:00, run_after=2025-02-01 00:00:00+00:00
[2025-02-01T07:53:05.393+0000] {processor.py:208} INFO - Processing /home/airflow/.local/lib/python3.12/site-packages/airflow/example_dags/example_branch_operator_decorator.py took 0.151 seconds
[2025-02-01T07:53:35.558+0000] {processor.py:186} INFO - Started process (PID=2463) to work on /home/airflow/.local/lib/python3.12/site-packages/airflow/example_dags/example_branch_operator_decorator.py
[2025-02-01T07:53:35.559+0000] {processor.py:914} INFO - Processing file /home/airflow/.local/lib/python3.12/site-packages/airflow/example_dags/example_branch_operator_decorator.py for tasks to queue
[2025-02-01T07:53:35.562+0000] {logging_mixin.py:190} INFO - [2025-02-01T07:53:35.562+0000] {dagbag.py:588} INFO - Filling up the DagBag from /home/airflow/.local/lib/python3.12/site-packages/airflow/example_dags/example_branch_operator_decorator.py
[2025-02-01T07:53:35.587+0000] {processor.py:925} INFO - DAG(s) 'example_branch_python_operator_decorator' retrieved from /home/airflow/.local/lib/python3.12/site-packages/airflow/example_dags/example_branch_operator_decorator.py
[2025-02-01T07:53:35.626+0000] {logging_mixin.py:190} INFO - [2025-02-01T07:53:35.625+0000] {dag.py:3239} INFO - Sync 1 DAGs
[2025-02-01T07:53:35.657+0000] {logging_mixin.py:190} INFO - [2025-02-01T07:53:35.657+0000] {dag.py:4180} INFO - Setting next_dagrun for example_branch_python_operator_decorator to 2025-01-31 00:00:00+00:00, run_after=2025-02-01 00:00:00+00:00
[2025-02-01T07:53:35.684+0000] {processor.py:208} INFO - Processing /home/airflow/.local/lib/python3.12/site-packages/airflow/example_dags/example_branch_operator_decorator.py took 0.133 seconds
[2025-02-01T07:54:06.218+0000] {processor.py:186} INFO - Started process (PID=2527) to work on /home/airflow/.local/lib/python3.12/site-packages/airflow/example_dags/example_branch_operator_decorator.py
[2025-02-01T07:54:06.219+0000] {processor.py:914} INFO - Processing file /home/airflow/.local/lib/python3.12/site-packages/airflow/example_dags/example_branch_operator_decorator.py for tasks to queue
[2025-02-01T07:54:06.222+0000] {logging_mixin.py:190} INFO - [2025-02-01T07:54:06.222+0000] {dagbag.py:588} INFO - Filling up the DagBag from /home/airflow/.local/lib/python3.12/site-packages/airflow/example_dags/example_branch_operator_decorator.py
[2025-02-01T07:54:06.242+0000] {processor.py:925} INFO - DAG(s) 'example_branch_python_operator_decorator' retrieved from /home/airflow/.local/lib/python3.12/site-packages/airflow/example_dags/example_branch_operator_decorator.py
[2025-02-01T07:54:06.274+0000] {logging_mixin.py:190} INFO - [2025-02-01T07:54:06.273+0000] {dag.py:3239} INFO - Sync 1 DAGs
[2025-02-01T07:54:06.301+0000] {logging_mixin.py:190} INFO - [2025-02-01T07:54:06.301+0000] {dag.py:4180} INFO - Setting next_dagrun for example_branch_python_operator_decorator to 2025-01-31 00:00:00+00:00, run_after=2025-02-01 00:00:00+00:00
[2025-02-01T07:54:06.326+0000] {processor.py:208} INFO - Processing /home/airflow/.local/lib/python3.12/site-packages/airflow/example_dags/example_branch_operator_decorator.py took 0.116 seconds
[2025-02-01T07:54:36.956+0000] {processor.py:186} INFO - Started process (PID=2591) to work on /home/airflow/.local/lib/python3.12/site-packages/airflow/example_dags/example_branch_operator_decorator.py
[2025-02-01T07:54:36.958+0000] {processor.py:914} INFO - Processing file /home/airflow/.local/lib/python3.12/site-packages/airflow/example_dags/example_branch_operator_decorator.py for tasks to queue
[2025-02-01T07:54:36.963+0000] {logging_mixin.py:190} INFO - [2025-02-01T07:54:36.962+0000] {dagbag.py:588} INFO - Filling up the DagBag from /home/airflow/.local/lib/python3.12/site-packages/airflow/example_dags/example_branch_operator_decorator.py
[2025-02-01T07:54:37.009+0000] {processor.py:925} INFO - DAG(s) 'example_branch_python_operator_decorator' retrieved from /home/airflow/.local/lib/python3.12/site-packages/airflow/example_dags/example_branch_operator_decorator.py
[2025-02-01T07:54:37.057+0000] {logging_mixin.py:190} INFO - [2025-02-01T07:54:37.056+0000] {dag.py:3239} INFO - Sync 1 DAGs
[2025-02-01T07:54:37.104+0000] {logging_mixin.py:190} INFO - [2025-02-01T07:54:37.103+0000] {dag.py:4180} INFO - Setting next_dagrun for example_branch_python_operator_decorator to 2025-01-31 00:00:00+00:00, run_after=2025-02-01 00:00:00+00:00
[2025-02-01T07:54:37.142+0000] {processor.py:208} INFO - Processing /home/airflow/.local/lib/python3.12/site-packages/airflow/example_dags/example_branch_operator_decorator.py took 0.196 seconds
[2025-02-01T07:55:07.443+0000] {processor.py:186} INFO - Started process (PID=2655) to work on /home/airflow/.local/lib/python3.12/site-packages/airflow/example_dags/example_branch_operator_decorator.py
[2025-02-01T07:55:07.445+0000] {processor.py:914} INFO - Processing file /home/airflow/.local/lib/python3.12/site-packages/airflow/example_dags/example_branch_operator_decorator.py for tasks to queue
[2025-02-01T07:55:07.448+0000] {logging_mixin.py:190} INFO - [2025-02-01T07:55:07.447+0000] {dagbag.py:588} INFO - Filling up the DagBag from /home/airflow/.local/lib/python3.12/site-packages/airflow/example_dags/example_branch_operator_decorator.py
[2025-02-01T07:55:07.471+0000] {processor.py:925} INFO - DAG(s) 'example_branch_python_operator_decorator' retrieved from /home/airflow/.local/lib/python3.12/site-packages/airflow/example_dags/example_branch_operator_decorator.py
[2025-02-01T07:55:07.503+0000] {logging_mixin.py:190} INFO - [2025-02-01T07:55:07.503+0000] {dag.py:3239} INFO - Sync 1 DAGs
[2025-02-01T07:55:07.533+0000] {logging_mixin.py:190} INFO - [2025-02-01T07:55:07.533+0000] {dag.py:4180} INFO - Setting next_dagrun for example_branch_python_operator_decorator to 2025-01-31 00:00:00+00:00, run_after=2025-02-01 00:00:00+00:00
[2025-02-01T07:55:07.559+0000] {processor.py:208} INFO - Processing /home/airflow/.local/lib/python3.12/site-packages/airflow/example_dags/example_branch_operator_decorator.py took 0.121 seconds
[2025-02-01T07:55:37.697+0000] {processor.py:186} INFO - Started process (PID=2719) to work on /home/airflow/.local/lib/python3.12/site-packages/airflow/example_dags/example_branch_operator_decorator.py
[2025-02-01T07:55:37.699+0000] {processor.py:914} INFO - Processing file /home/airflow/.local/lib/python3.12/site-packages/airflow/example_dags/example_branch_operator_decorator.py for tasks to queue
[2025-02-01T07:55:37.703+0000] {logging_mixin.py:190} INFO - [2025-02-01T07:55:37.702+0000] {dagbag.py:588} INFO - Filling up the DagBag from /home/airflow/.local/lib/python3.12/site-packages/airflow/example_dags/example_branch_operator_decorator.py
[2025-02-01T07:55:37.733+0000] {processor.py:925} INFO - DAG(s) 'example_branch_python_operator_decorator' retrieved from /home/airflow/.local/lib/python3.12/site-packages/airflow/example_dags/example_branch_operator_decorator.py
[2025-02-01T07:55:37.775+0000] {logging_mixin.py:190} INFO - [2025-02-01T07:55:37.774+0000] {dag.py:3239} INFO - Sync 1 DAGs
[2025-02-01T07:55:37.805+0000] {logging_mixin.py:190} INFO - [2025-02-01T07:55:37.805+0000] {dag.py:4180} INFO - Setting next_dagrun for example_branch_python_operator_decorator to 2025-01-31 00:00:00+00:00, run_after=2025-02-01 00:00:00+00:00
[2025-02-01T07:55:37.832+0000] {processor.py:208} INFO - Processing /home/airflow/.local/lib/python3.12/site-packages/airflow/example_dags/example_branch_operator_decorator.py took 0.141 seconds
[2025-02-01T07:56:07.935+0000] {processor.py:186} INFO - Started process (PID=2783) to work on /home/airflow/.local/lib/python3.12/site-packages/airflow/example_dags/example_branch_operator_decorator.py
[2025-02-01T07:56:07.937+0000] {processor.py:914} INFO - Processing file /home/airflow/.local/lib/python3.12/site-packages/airflow/example_dags/example_branch_operator_decorator.py for tasks to queue
[2025-02-01T07:56:07.941+0000] {logging_mixin.py:190} INFO - [2025-02-01T07:56:07.940+0000] {dagbag.py:588} INFO - Filling up the DagBag from /home/airflow/.local/lib/python3.12/site-packages/airflow/example_dags/example_branch_operator_decorator.py
[2025-02-01T07:56:07.974+0000] {processor.py:925} INFO - DAG(s) 'example_branch_python_operator_decorator' retrieved from /home/airflow/.local/lib/python3.12/site-packages/airflow/example_dags/example_branch_operator_decorator.py
[2025-02-01T07:56:08.016+0000] {logging_mixin.py:190} INFO - [2025-02-01T07:56:08.016+0000] {dag.py:3239} INFO - Sync 1 DAGs
[2025-02-01T07:56:08.054+0000] {logging_mixin.py:190} INFO - [2025-02-01T07:56:08.054+0000] {dag.py:4180} INFO - Setting next_dagrun for example_branch_python_operator_decorator to 2025-01-31 00:00:00+00:00, run_after=2025-02-01 00:00:00+00:00
[2025-02-01T07:56:08.086+0000] {processor.py:208} INFO - Processing /home/airflow/.local/lib/python3.12/site-packages/airflow/example_dags/example_branch_operator_decorator.py took 0.161 seconds
[2025-02-01T07:56:38.297+0000] {processor.py:186} INFO - Started process (PID=2847) to work on /home/airflow/.local/lib/python3.12/site-packages/airflow/example_dags/example_branch_operator_decorator.py
[2025-02-01T07:56:38.300+0000] {processor.py:914} INFO - Processing file /home/airflow/.local/lib/python3.12/site-packages/airflow/example_dags/example_branch_operator_decorator.py for tasks to queue
[2025-02-01T07:56:38.304+0000] {logging_mixin.py:190} INFO - [2025-02-01T07:56:38.303+0000] {dagbag.py:588} INFO - Filling up the DagBag from /home/airflow/.local/lib/python3.12/site-packages/airflow/example_dags/example_branch_operator_decorator.py
[2025-02-01T07:56:38.338+0000] {processor.py:925} INFO - DAG(s) 'example_branch_python_operator_decorator' retrieved from /home/airflow/.local/lib/python3.12/site-packages/airflow/example_dags/example_branch_operator_decorator.py
[2025-02-01T07:56:38.384+0000] {logging_mixin.py:190} INFO - [2025-02-01T07:56:38.384+0000] {dag.py:3239} INFO - Sync 1 DAGs
[2025-02-01T07:56:38.429+0000] {logging_mixin.py:190} INFO - [2025-02-01T07:56:38.428+0000] {dag.py:4180} INFO - Setting next_dagrun for example_branch_python_operator_decorator to 2025-01-31 00:00:00+00:00, run_after=2025-02-01 00:00:00+00:00
[2025-02-01T07:56:38.466+0000] {processor.py:208} INFO - Processing /home/airflow/.local/lib/python3.12/site-packages/airflow/example_dags/example_branch_operator_decorator.py took 0.178 seconds
[2025-02-01T07:57:08.627+0000] {processor.py:186} INFO - Started process (PID=2911) to work on /home/airflow/.local/lib/python3.12/site-packages/airflow/example_dags/example_branch_operator_decorator.py
[2025-02-01T07:57:08.628+0000] {processor.py:914} INFO - Processing file /home/airflow/.local/lib/python3.12/site-packages/airflow/example_dags/example_branch_operator_decorator.py for tasks to queue
[2025-02-01T07:57:08.631+0000] {logging_mixin.py:190} INFO - [2025-02-01T07:57:08.631+0000] {dagbag.py:588} INFO - Filling up the DagBag from /home/airflow/.local/lib/python3.12/site-packages/airflow/example_dags/example_branch_operator_decorator.py
[2025-02-01T07:57:08.651+0000] {processor.py:925} INFO - DAG(s) 'example_branch_python_operator_decorator' retrieved from /home/airflow/.local/lib/python3.12/site-packages/airflow/example_dags/example_branch_operator_decorator.py
[2025-02-01T07:57:08.681+0000] {logging_mixin.py:190} INFO - [2025-02-01T07:57:08.681+0000] {dag.py:3239} INFO - Sync 1 DAGs
[2025-02-01T07:57:08.705+0000] {logging_mixin.py:190} INFO - [2025-02-01T07:57:08.705+0000] {dag.py:4180} INFO - Setting next_dagrun for example_branch_python_operator_decorator to 2025-01-31 00:00:00+00:00, run_after=2025-02-01 00:00:00+00:00
[2025-02-01T07:57:08.729+0000] {processor.py:208} INFO - Processing /home/airflow/.local/lib/python3.12/site-packages/airflow/example_dags/example_branch_operator_decorator.py took 0.108 seconds
[2025-02-01T07:57:38.881+0000] {processor.py:186} INFO - Started process (PID=2976) to work on /home/airflow/.local/lib/python3.12/site-packages/airflow/example_dags/example_branch_operator_decorator.py
[2025-02-01T07:57:38.883+0000] {processor.py:914} INFO - Processing file /home/airflow/.local/lib/python3.12/site-packages/airflow/example_dags/example_branch_operator_decorator.py for tasks to queue
[2025-02-01T07:57:38.886+0000] {logging_mixin.py:190} INFO - [2025-02-01T07:57:38.886+0000] {dagbag.py:588} INFO - Filling up the DagBag from /home/airflow/.local/lib/python3.12/site-packages/airflow/example_dags/example_branch_operator_decorator.py
[2025-02-01T07:57:38.916+0000] {processor.py:925} INFO - DAG(s) 'example_branch_python_operator_decorator' retrieved from /home/airflow/.local/lib/python3.12/site-packages/airflow/example_dags/example_branch_operator_decorator.py
[2025-02-01T07:57:38.956+0000] {logging_mixin.py:190} INFO - [2025-02-01T07:57:38.956+0000] {dag.py:3239} INFO - Sync 1 DAGs
[2025-02-01T07:57:38.991+0000] {logging_mixin.py:190} INFO - [2025-02-01T07:57:38.991+0000] {dag.py:4180} INFO - Setting next_dagrun for example_branch_python_operator_decorator to 2025-01-31 00:00:00+00:00, run_after=2025-02-01 00:00:00+00:00
[2025-02-01T07:57:39.015+0000] {processor.py:208} INFO - Processing /home/airflow/.local/lib/python3.12/site-packages/airflow/example_dags/example_branch_operator_decorator.py took 0.142 seconds
[2025-02-01T07:58:10.921+0000] {processor.py:186} INFO - Started process (PID=3039) to work on /home/airflow/.local/lib/python3.12/site-packages/airflow/example_dags/example_branch_operator_decorator.py
[2025-02-01T07:58:10.928+0000] {processor.py:914} INFO - Processing file /home/airflow/.local/lib/python3.12/site-packages/airflow/example_dags/example_branch_operator_decorator.py for tasks to queue
[2025-02-01T07:58:10.936+0000] {logging_mixin.py:190} INFO - [2025-02-01T07:58:10.935+0000] {dagbag.py:588} INFO - Filling up the DagBag from /home/airflow/.local/lib/python3.12/site-packages/airflow/example_dags/example_branch_operator_decorator.py
[2025-02-01T07:58:11.009+0000] {processor.py:925} INFO - DAG(s) 'example_branch_python_operator_decorator' retrieved from /home/airflow/.local/lib/python3.12/site-packages/airflow/example_dags/example_branch_operator_decorator.py
[2025-02-01T07:58:11.126+0000] {logging_mixin.py:190} INFO - [2025-02-01T07:58:11.126+0000] {dag.py:3239} INFO - Sync 1 DAGs
[2025-02-01T07:58:11.217+0000] {logging_mixin.py:190} INFO - [2025-02-01T07:58:11.217+0000] {dag.py:4180} INFO - Setting next_dagrun for example_branch_python_operator_decorator to 2025-01-31 00:00:00+00:00, run_after=2025-02-01 00:00:00+00:00
[2025-02-01T07:58:11.278+0000] {processor.py:208} INFO - Processing /home/airflow/.local/lib/python3.12/site-packages/airflow/example_dags/example_branch_operator_decorator.py took 0.395 seconds
[2025-02-01T07:58:42.071+0000] {processor.py:186} INFO - Started process (PID=3102) to work on /home/airflow/.local/lib/python3.12/site-packages/airflow/example_dags/example_branch_operator_decorator.py
[2025-02-01T07:58:42.072+0000] {processor.py:914} INFO - Processing file /home/airflow/.local/lib/python3.12/site-packages/airflow/example_dags/example_branch_operator_decorator.py for tasks to queue
[2025-02-01T07:58:42.075+0000] {logging_mixin.py:190} INFO - [2025-02-01T07:58:42.074+0000] {dagbag.py:588} INFO - Filling up the DagBag from /home/airflow/.local/lib/python3.12/site-packages/airflow/example_dags/example_branch_operator_decorator.py
[2025-02-01T07:58:42.105+0000] {processor.py:925} INFO - DAG(s) 'example_branch_python_operator_decorator' retrieved from /home/airflow/.local/lib/python3.12/site-packages/airflow/example_dags/example_branch_operator_decorator.py
[2025-02-01T07:58:42.138+0000] {logging_mixin.py:190} INFO - [2025-02-01T07:58:42.137+0000] {dag.py:3239} INFO - Sync 1 DAGs
[2025-02-01T07:58:42.366+0000] {logging_mixin.py:190} INFO - [2025-02-01T07:58:42.366+0000] {dag.py:4180} INFO - Setting next_dagrun for example_branch_python_operator_decorator to 2025-01-31 00:00:00+00:00, run_after=2025-02-01 00:00:00+00:00
[2025-02-01T07:58:42.390+0000] {processor.py:208} INFO - Processing /home/airflow/.local/lib/python3.12/site-packages/airflow/example_dags/example_branch_operator_decorator.py took 0.328 seconds
[2025-02-01T07:59:12.447+0000] {processor.py:186} INFO - Started process (PID=3167) to work on /home/airflow/.local/lib/python3.12/site-packages/airflow/example_dags/example_branch_operator_decorator.py
[2025-02-01T07:59:12.449+0000] {processor.py:914} INFO - Processing file /home/airflow/.local/lib/python3.12/site-packages/airflow/example_dags/example_branch_operator_decorator.py for tasks to queue
[2025-02-01T07:59:12.452+0000] {logging_mixin.py:190} INFO - [2025-02-01T07:59:12.452+0000] {dagbag.py:588} INFO - Filling up the DagBag from /home/airflow/.local/lib/python3.12/site-packages/airflow/example_dags/example_branch_operator_decorator.py
[2025-02-01T07:59:12.479+0000] {processor.py:925} INFO - DAG(s) 'example_branch_python_operator_decorator' retrieved from /home/airflow/.local/lib/python3.12/site-packages/airflow/example_dags/example_branch_operator_decorator.py
[2025-02-01T07:59:12.520+0000] {logging_mixin.py:190} INFO - [2025-02-01T07:59:12.520+0000] {dag.py:3239} INFO - Sync 1 DAGs
[2025-02-01T07:59:12.765+0000] {logging_mixin.py:190} INFO - [2025-02-01T07:59:12.765+0000] {dag.py:4180} INFO - Setting next_dagrun for example_branch_python_operator_decorator to 2025-01-31 00:00:00+00:00, run_after=2025-02-01 00:00:00+00:00
[2025-02-01T07:59:12.809+0000] {processor.py:208} INFO - Processing /home/airflow/.local/lib/python3.12/site-packages/airflow/example_dags/example_branch_operator_decorator.py took 0.369 seconds
[2025-02-01T07:59:43.097+0000] {processor.py:186} INFO - Started process (PID=3230) to work on /home/airflow/.local/lib/python3.12/site-packages/airflow/example_dags/example_branch_operator_decorator.py
[2025-02-01T07:59:43.099+0000] {processor.py:914} INFO - Processing file /home/airflow/.local/lib/python3.12/site-packages/airflow/example_dags/example_branch_operator_decorator.py for tasks to queue
[2025-02-01T07:59:43.102+0000] {logging_mixin.py:190} INFO - [2025-02-01T07:59:43.102+0000] {dagbag.py:588} INFO - Filling up the DagBag from /home/airflow/.local/lib/python3.12/site-packages/airflow/example_dags/example_branch_operator_decorator.py
[2025-02-01T07:59:43.125+0000] {processor.py:925} INFO - DAG(s) 'example_branch_python_operator_decorator' retrieved from /home/airflow/.local/lib/python3.12/site-packages/airflow/example_dags/example_branch_operator_decorator.py
[2025-02-01T07:59:43.159+0000] {logging_mixin.py:190} INFO - [2025-02-01T07:59:43.158+0000] {dag.py:3239} INFO - Sync 1 DAGs
[2025-02-01T07:59:43.192+0000] {logging_mixin.py:190} INFO - [2025-02-01T07:59:43.191+0000] {dag.py:4180} INFO - Setting next_dagrun for example_branch_python_operator_decorator to 2025-01-31 00:00:00+00:00, run_after=2025-02-01 00:00:00+00:00
[2025-02-01T07:59:43.218+0000] {processor.py:208} INFO - Processing /home/airflow/.local/lib/python3.12/site-packages/airflow/example_dags/example_branch_operator_decorator.py took 0.128 seconds
[2025-02-01T08:00:13.758+0000] {processor.py:186} INFO - Started process (PID=3294) to work on /home/airflow/.local/lib/python3.12/site-packages/airflow/example_dags/example_branch_operator_decorator.py
[2025-02-01T08:00:13.760+0000] {processor.py:914} INFO - Processing file /home/airflow/.local/lib/python3.12/site-packages/airflow/example_dags/example_branch_operator_decorator.py for tasks to queue
[2025-02-01T08:00:13.766+0000] {logging_mixin.py:190} INFO - [2025-02-01T08:00:13.765+0000] {dagbag.py:588} INFO - Filling up the DagBag from /home/airflow/.local/lib/python3.12/site-packages/airflow/example_dags/example_branch_operator_decorator.py
[2025-02-01T08:00:13.812+0000] {processor.py:925} INFO - DAG(s) 'example_branch_python_operator_decorator' retrieved from /home/airflow/.local/lib/python3.12/site-packages/airflow/example_dags/example_branch_operator_decorator.py
[2025-02-01T08:00:13.873+0000] {logging_mixin.py:190} INFO - [2025-02-01T08:00:13.873+0000] {dag.py:3239} INFO - Sync 1 DAGs
[2025-02-01T08:00:13.952+0000] {logging_mixin.py:190} INFO - [2025-02-01T08:00:13.952+0000] {dag.py:4180} INFO - Setting next_dagrun for example_branch_python_operator_decorator to 2025-01-31 00:00:00+00:00, run_after=2025-02-01 00:00:00+00:00
[2025-02-01T08:00:14.016+0000] {processor.py:208} INFO - Processing /home/airflow/.local/lib/python3.12/site-packages/airflow/example_dags/example_branch_operator_decorator.py took 0.270 seconds
