[2025-02-01T07:34:24.464+0000] {processor.py:186} INFO - Started process (PID=92) to work on /home/airflow/.local/lib/python3.12/site-packages/airflow/example_dags/example_branch_operator.py
[2025-02-01T07:34:24.483+0000] {processor.py:914} INFO - Processing file /home/airflow/.local/lib/python3.12/site-packages/airflow/example_dags/example_branch_operator.py for tasks to queue
[2025-02-01T07:34:24.499+0000] {logging_mixin.py:190} INFO - [2025-02-01T07:34:24.496+0000] {dagbag.py:588} INFO - Filling up the DagBag from /home/airflow/.local/lib/python3.12/site-packages/airflow/example_dags/example_branch_operator.py
[2025-02-01T07:34:24.699+0000] {processor.py:925} INFO - DAG(s) 'example_branch_operator' retrieved from /home/airflow/.local/lib/python3.12/site-packages/airflow/example_dags/example_branch_operator.py
[2025-02-01T07:34:25.248+0000] {logging_mixin.py:190} INFO - [2025-02-01T07:34:25.245+0000] {override.py:1911} INFO - Created Permission View: can edit on DAG:example_branch_operator
[2025-02-01T07:34:25.280+0000] {logging_mixin.py:190} INFO - [2025-02-01T07:34:25.279+0000] {override.py:1911} INFO - Created Permission View: can delete on DAG:example_branch_operator
[2025-02-01T07:34:25.295+0000] {logging_mixin.py:190} INFO - [2025-02-01T07:34:25.294+0000] {override.py:1911} INFO - Created Permission View: can read on DAG:example_branch_operator
[2025-02-01T07:34:25.311+0000] {logging_mixin.py:190} INFO - [2025-02-01T07:34:25.310+0000] {override.py:1911} INFO - Created Permission View: can create on DAG Run:example_branch_operator
[2025-02-01T07:34:25.329+0000] {logging_mixin.py:190} INFO - [2025-02-01T07:34:25.328+0000] {override.py:1911} INFO - Created Permission View: can delete on DAG Run:example_branch_operator
[2025-02-01T07:34:25.349+0000] {logging_mixin.py:190} INFO - [2025-02-01T07:34:25.348+0000] {override.py:1911} INFO - Created Permission View: menu access on DAG Run:example_branch_operator
[2025-02-01T07:34:25.365+0000] {logging_mixin.py:190} INFO - [2025-02-01T07:34:25.364+0000] {override.py:1911} INFO - Created Permission View: can read on DAG Run:example_branch_operator
[2025-02-01T07:34:25.367+0000] {logging_mixin.py:190} INFO - [2025-02-01T07:34:25.366+0000] {dag.py:3239} INFO - Sync 1 DAGs
[2025-02-01T07:34:25.412+0000] {logging_mixin.py:190} INFO - [2025-02-01T07:34:25.411+0000] {dag.py:3262} INFO - Creating ORM DAG for example_branch_operator
[2025-02-01T07:34:25.453+0000] {logging_mixin.py:190} INFO - [2025-02-01T07:34:25.453+0000] {dag.py:4180} INFO - Setting next_dagrun for example_branch_operator to 2025-01-31 00:00:00+00:00, run_after=2025-02-01 00:00:00+00:00
[2025-02-01T07:34:25.495+0000] {processor.py:208} INFO - Processing /home/airflow/.local/lib/python3.12/site-packages/airflow/example_dags/example_branch_operator.py took 1.078 seconds
[2025-02-01T07:34:55.650+0000] {processor.py:186} INFO - Started process (PID=154) to work on /home/airflow/.local/lib/python3.12/site-packages/airflow/example_dags/example_branch_operator.py
[2025-02-01T07:34:55.651+0000] {processor.py:914} INFO - Processing file /home/airflow/.local/lib/python3.12/site-packages/airflow/example_dags/example_branch_operator.py for tasks to queue
[2025-02-01T07:34:55.653+0000] {logging_mixin.py:190} INFO - [2025-02-01T07:34:55.652+0000] {dagbag.py:588} INFO - Filling up the DagBag from /home/airflow/.local/lib/python3.12/site-packages/airflow/example_dags/example_branch_operator.py
[2025-02-01T07:34:55.671+0000] {processor.py:925} INFO - DAG(s) 'example_branch_operator' retrieved from /home/airflow/.local/lib/python3.12/site-packages/airflow/example_dags/example_branch_operator.py
[2025-02-01T07:34:55.697+0000] {logging_mixin.py:190} INFO - [2025-02-01T07:34:55.696+0000] {dag.py:3239} INFO - Sync 1 DAGs
[2025-02-01T07:34:55.717+0000] {logging_mixin.py:190} INFO - [2025-02-01T07:34:55.717+0000] {dag.py:4180} INFO - Setting next_dagrun for example_branch_operator to 2025-01-31 00:00:00+00:00, run_after=2025-02-01 00:00:00+00:00
[2025-02-01T07:34:55.739+0000] {processor.py:208} INFO - Processing /home/airflow/.local/lib/python3.12/site-packages/airflow/example_dags/example_branch_operator.py took 0.095 seconds
[2025-02-01T07:35:25.957+0000] {processor.py:186} INFO - Started process (PID=217) to work on /home/airflow/.local/lib/python3.12/site-packages/airflow/example_dags/example_branch_operator.py
[2025-02-01T07:35:25.959+0000] {processor.py:914} INFO - Processing file /home/airflow/.local/lib/python3.12/site-packages/airflow/example_dags/example_branch_operator.py for tasks to queue
[2025-02-01T07:35:25.963+0000] {logging_mixin.py:190} INFO - [2025-02-01T07:35:25.963+0000] {dagbag.py:588} INFO - Filling up the DagBag from /home/airflow/.local/lib/python3.12/site-packages/airflow/example_dags/example_branch_operator.py
[2025-02-01T07:35:26.001+0000] {processor.py:925} INFO - DAG(s) 'example_branch_operator' retrieved from /home/airflow/.local/lib/python3.12/site-packages/airflow/example_dags/example_branch_operator.py
[2025-02-01T07:35:26.055+0000] {logging_mixin.py:190} INFO - [2025-02-01T07:35:26.055+0000] {dag.py:3239} INFO - Sync 1 DAGs
[2025-02-01T07:35:26.095+0000] {logging_mixin.py:190} INFO - [2025-02-01T07:35:26.094+0000] {dag.py:4180} INFO - Setting next_dagrun for example_branch_operator to 2025-01-31 00:00:00+00:00, run_after=2025-02-01 00:00:00+00:00
[2025-02-01T07:35:26.129+0000] {processor.py:208} INFO - Processing /home/airflow/.local/lib/python3.12/site-packages/airflow/example_dags/example_branch_operator.py took 0.186 seconds
[2025-02-01T07:35:56.932+0000] {processor.py:186} INFO - Started process (PID=281) to work on /home/airflow/.local/lib/python3.12/site-packages/airflow/example_dags/example_branch_operator.py
[2025-02-01T07:35:56.957+0000] {processor.py:914} INFO - Processing file /home/airflow/.local/lib/python3.12/site-packages/airflow/example_dags/example_branch_operator.py for tasks to queue
[2025-02-01T07:35:56.962+0000] {logging_mixin.py:190} INFO - [2025-02-01T07:35:56.961+0000] {dagbag.py:588} INFO - Filling up the DagBag from /home/airflow/.local/lib/python3.12/site-packages/airflow/example_dags/example_branch_operator.py
[2025-02-01T07:35:56.996+0000] {processor.py:925} INFO - DAG(s) 'example_branch_operator' retrieved from /home/airflow/.local/lib/python3.12/site-packages/airflow/example_dags/example_branch_operator.py
[2025-02-01T07:35:57.045+0000] {logging_mixin.py:190} INFO - [2025-02-01T07:35:57.045+0000] {dag.py:3239} INFO - Sync 1 DAGs
[2025-02-01T07:35:57.115+0000] {logging_mixin.py:190} INFO - [2025-02-01T07:35:57.114+0000] {dag.py:4180} INFO - Setting next_dagrun for example_branch_operator to 2025-01-31 00:00:00+00:00, run_after=2025-02-01 00:00:00+00:00
[2025-02-01T07:35:57.193+0000] {processor.py:208} INFO - Processing /home/airflow/.local/lib/python3.12/site-packages/airflow/example_dags/example_branch_operator.py took 0.271 seconds
[2025-02-01T07:36:28.092+0000] {processor.py:186} INFO - Started process (PID=343) to work on /home/airflow/.local/lib/python3.12/site-packages/airflow/example_dags/example_branch_operator.py
[2025-02-01T07:36:28.094+0000] {processor.py:914} INFO - Processing file /home/airflow/.local/lib/python3.12/site-packages/airflow/example_dags/example_branch_operator.py for tasks to queue
[2025-02-01T07:36:28.099+0000] {logging_mixin.py:190} INFO - [2025-02-01T07:36:28.098+0000] {dagbag.py:588} INFO - Filling up the DagBag from /home/airflow/.local/lib/python3.12/site-packages/airflow/example_dags/example_branch_operator.py
[2025-02-01T07:36:28.129+0000] {processor.py:925} INFO - DAG(s) 'example_branch_operator' retrieved from /home/airflow/.local/lib/python3.12/site-packages/airflow/example_dags/example_branch_operator.py
[2025-02-01T07:36:28.187+0000] {logging_mixin.py:190} INFO - [2025-02-01T07:36:28.187+0000] {dag.py:3239} INFO - Sync 1 DAGs
[2025-02-01T07:36:28.227+0000] {logging_mixin.py:190} INFO - [2025-02-01T07:36:28.226+0000] {dag.py:4180} INFO - Setting next_dagrun for example_branch_operator to 2025-01-31 00:00:00+00:00, run_after=2025-02-01 00:00:00+00:00
[2025-02-01T07:36:28.270+0000] {processor.py:208} INFO - Processing /home/airflow/.local/lib/python3.12/site-packages/airflow/example_dags/example_branch_operator.py took 0.187 seconds
[2025-02-01T07:36:58.339+0000] {processor.py:186} INFO - Started process (PID=406) to work on /home/airflow/.local/lib/python3.12/site-packages/airflow/example_dags/example_branch_operator.py
[2025-02-01T07:36:58.340+0000] {processor.py:914} INFO - Processing file /home/airflow/.local/lib/python3.12/site-packages/airflow/example_dags/example_branch_operator.py for tasks to queue
[2025-02-01T07:36:58.342+0000] {logging_mixin.py:190} INFO - [2025-02-01T07:36:58.342+0000] {dagbag.py:588} INFO - Filling up the DagBag from /home/airflow/.local/lib/python3.12/site-packages/airflow/example_dags/example_branch_operator.py
[2025-02-01T07:36:58.358+0000] {processor.py:925} INFO - DAG(s) 'example_branch_operator' retrieved from /home/airflow/.local/lib/python3.12/site-packages/airflow/example_dags/example_branch_operator.py
[2025-02-01T07:36:58.384+0000] {logging_mixin.py:190} INFO - [2025-02-01T07:36:58.383+0000] {dag.py:3239} INFO - Sync 1 DAGs
[2025-02-01T07:36:58.405+0000] {logging_mixin.py:190} INFO - [2025-02-01T07:36:58.405+0000] {dag.py:4180} INFO - Setting next_dagrun for example_branch_operator to 2025-01-31 00:00:00+00:00, run_after=2025-02-01 00:00:00+00:00
[2025-02-01T07:36:58.429+0000] {processor.py:208} INFO - Processing /home/airflow/.local/lib/python3.12/site-packages/airflow/example_dags/example_branch_operator.py took 0.096 seconds
[2025-02-01T07:37:28.724+0000] {processor.py:186} INFO - Started process (PID=469) to work on /home/airflow/.local/lib/python3.12/site-packages/airflow/example_dags/example_branch_operator.py
[2025-02-01T07:37:28.726+0000] {processor.py:914} INFO - Processing file /home/airflow/.local/lib/python3.12/site-packages/airflow/example_dags/example_branch_operator.py for tasks to queue
[2025-02-01T07:37:28.729+0000] {logging_mixin.py:190} INFO - [2025-02-01T07:37:28.728+0000] {dagbag.py:588} INFO - Filling up the DagBag from /home/airflow/.local/lib/python3.12/site-packages/airflow/example_dags/example_branch_operator.py
[2025-02-01T07:37:28.749+0000] {processor.py:925} INFO - DAG(s) 'example_branch_operator' retrieved from /home/airflow/.local/lib/python3.12/site-packages/airflow/example_dags/example_branch_operator.py
[2025-02-01T07:37:28.784+0000] {logging_mixin.py:190} INFO - [2025-02-01T07:37:28.784+0000] {dag.py:3239} INFO - Sync 1 DAGs
[2025-02-01T07:37:28.811+0000] {logging_mixin.py:190} INFO - [2025-02-01T07:37:28.810+0000] {dag.py:4180} INFO - Setting next_dagrun for example_branch_operator to 2025-01-31 00:00:00+00:00, run_after=2025-02-01 00:00:00+00:00
[2025-02-01T07:37:28.835+0000] {processor.py:208} INFO - Processing /home/airflow/.local/lib/python3.12/site-packages/airflow/example_dags/example_branch_operator.py took 0.118 seconds
[2025-02-01T07:37:59.062+0000] {processor.py:186} INFO - Started process (PID=531) to work on /home/airflow/.local/lib/python3.12/site-packages/airflow/example_dags/example_branch_operator.py
[2025-02-01T07:37:59.063+0000] {processor.py:914} INFO - Processing file /home/airflow/.local/lib/python3.12/site-packages/airflow/example_dags/example_branch_operator.py for tasks to queue
[2025-02-01T07:37:59.065+0000] {logging_mixin.py:190} INFO - [2025-02-01T07:37:59.065+0000] {dagbag.py:588} INFO - Filling up the DagBag from /home/airflow/.local/lib/python3.12/site-packages/airflow/example_dags/example_branch_operator.py
[2025-02-01T07:37:59.084+0000] {processor.py:925} INFO - DAG(s) 'example_branch_operator' retrieved from /home/airflow/.local/lib/python3.12/site-packages/airflow/example_dags/example_branch_operator.py
[2025-02-01T07:37:59.115+0000] {logging_mixin.py:190} INFO - [2025-02-01T07:37:59.115+0000] {dag.py:3239} INFO - Sync 1 DAGs
[2025-02-01T07:37:59.140+0000] {logging_mixin.py:190} INFO - [2025-02-01T07:37:59.140+0000] {dag.py:4180} INFO - Setting next_dagrun for example_branch_operator to 2025-01-31 00:00:00+00:00, run_after=2025-02-01 00:00:00+00:00
[2025-02-01T07:37:59.168+0000] {processor.py:208} INFO - Processing /home/airflow/.local/lib/python3.12/site-packages/airflow/example_dags/example_branch_operator.py took 0.112 seconds
[2025-02-01T07:38:29.454+0000] {processor.py:186} INFO - Started process (PID=594) to work on /home/airflow/.local/lib/python3.12/site-packages/airflow/example_dags/example_branch_operator.py
[2025-02-01T07:38:29.456+0000] {processor.py:914} INFO - Processing file /home/airflow/.local/lib/python3.12/site-packages/airflow/example_dags/example_branch_operator.py for tasks to queue
[2025-02-01T07:38:29.458+0000] {logging_mixin.py:190} INFO - [2025-02-01T07:38:29.457+0000] {dagbag.py:588} INFO - Filling up the DagBag from /home/airflow/.local/lib/python3.12/site-packages/airflow/example_dags/example_branch_operator.py
[2025-02-01T07:38:29.472+0000] {processor.py:925} INFO - DAG(s) 'example_branch_operator' retrieved from /home/airflow/.local/lib/python3.12/site-packages/airflow/example_dags/example_branch_operator.py
[2025-02-01T07:38:29.497+0000] {logging_mixin.py:190} INFO - [2025-02-01T07:38:29.497+0000] {dag.py:3239} INFO - Sync 1 DAGs
[2025-02-01T07:38:29.520+0000] {logging_mixin.py:190} INFO - [2025-02-01T07:38:29.519+0000] {dag.py:4180} INFO - Setting next_dagrun for example_branch_operator to 2025-01-31 00:00:00+00:00, run_after=2025-02-01 00:00:00+00:00
[2025-02-01T07:38:29.543+0000] {processor.py:208} INFO - Processing /home/airflow/.local/lib/python3.12/site-packages/airflow/example_dags/example_branch_operator.py took 0.094 seconds
[2025-02-01T07:38:59.749+0000] {processor.py:186} INFO - Started process (PID=657) to work on /home/airflow/.local/lib/python3.12/site-packages/airflow/example_dags/example_branch_operator.py
[2025-02-01T07:38:59.750+0000] {processor.py:914} INFO - Processing file /home/airflow/.local/lib/python3.12/site-packages/airflow/example_dags/example_branch_operator.py for tasks to queue
[2025-02-01T07:38:59.755+0000] {logging_mixin.py:190} INFO - [2025-02-01T07:38:59.755+0000] {dagbag.py:588} INFO - Filling up the DagBag from /home/airflow/.local/lib/python3.12/site-packages/airflow/example_dags/example_branch_operator.py
[2025-02-01T07:38:59.784+0000] {processor.py:925} INFO - DAG(s) 'example_branch_operator' retrieved from /home/airflow/.local/lib/python3.12/site-packages/airflow/example_dags/example_branch_operator.py
[2025-02-01T07:38:59.830+0000] {logging_mixin.py:190} INFO - [2025-02-01T07:38:59.829+0000] {dag.py:3239} INFO - Sync 1 DAGs
[2025-02-01T07:38:59.863+0000] {logging_mixin.py:190} INFO - [2025-02-01T07:38:59.862+0000] {dag.py:4180} INFO - Setting next_dagrun for example_branch_operator to 2025-01-31 00:00:00+00:00, run_after=2025-02-01 00:00:00+00:00
[2025-02-01T07:38:59.892+0000] {processor.py:208} INFO - Processing /home/airflow/.local/lib/python3.12/site-packages/airflow/example_dags/example_branch_operator.py took 0.151 seconds
[2025-02-01T07:39:30.174+0000] {processor.py:186} INFO - Started process (PID=720) to work on /home/airflow/.local/lib/python3.12/site-packages/airflow/example_dags/example_branch_operator.py
[2025-02-01T07:39:30.178+0000] {processor.py:914} INFO - Processing file /home/airflow/.local/lib/python3.12/site-packages/airflow/example_dags/example_branch_operator.py for tasks to queue
[2025-02-01T07:39:30.185+0000] {logging_mixin.py:190} INFO - [2025-02-01T07:39:30.184+0000] {dagbag.py:588} INFO - Filling up the DagBag from /home/airflow/.local/lib/python3.12/site-packages/airflow/example_dags/example_branch_operator.py
[2025-02-01T07:39:30.241+0000] {processor.py:925} INFO - DAG(s) 'example_branch_operator' retrieved from /home/airflow/.local/lib/python3.12/site-packages/airflow/example_dags/example_branch_operator.py
[2025-02-01T07:39:30.311+0000] {logging_mixin.py:190} INFO - [2025-02-01T07:39:30.311+0000] {dag.py:3239} INFO - Sync 1 DAGs
[2025-02-01T07:39:30.372+0000] {logging_mixin.py:190} INFO - [2025-02-01T07:39:30.372+0000] {dag.py:4180} INFO - Setting next_dagrun for example_branch_operator to 2025-01-31 00:00:00+00:00, run_after=2025-02-01 00:00:00+00:00
[2025-02-01T07:39:30.437+0000] {processor.py:208} INFO - Processing /home/airflow/.local/lib/python3.12/site-packages/airflow/example_dags/example_branch_operator.py took 0.282 seconds
[2025-02-01T07:40:01.328+0000] {processor.py:186} INFO - Started process (PID=783) to work on /home/airflow/.local/lib/python3.12/site-packages/airflow/example_dags/example_branch_operator.py
[2025-02-01T07:40:01.330+0000] {processor.py:914} INFO - Processing file /home/airflow/.local/lib/python3.12/site-packages/airflow/example_dags/example_branch_operator.py for tasks to queue
[2025-02-01T07:40:01.332+0000] {logging_mixin.py:190} INFO - [2025-02-01T07:40:01.332+0000] {dagbag.py:588} INFO - Filling up the DagBag from /home/airflow/.local/lib/python3.12/site-packages/airflow/example_dags/example_branch_operator.py
[2025-02-01T07:40:01.352+0000] {processor.py:925} INFO - DAG(s) 'example_branch_operator' retrieved from /home/airflow/.local/lib/python3.12/site-packages/airflow/example_dags/example_branch_operator.py
[2025-02-01T07:40:01.388+0000] {logging_mixin.py:190} INFO - [2025-02-01T07:40:01.387+0000] {dag.py:3239} INFO - Sync 1 DAGs
[2025-02-01T07:40:01.422+0000] {logging_mixin.py:190} INFO - [2025-02-01T07:40:01.422+0000] {dag.py:4180} INFO - Setting next_dagrun for example_branch_operator to 2025-01-31 00:00:00+00:00, run_after=2025-02-01 00:00:00+00:00
[2025-02-01T07:40:01.451+0000] {processor.py:208} INFO - Processing /home/airflow/.local/lib/python3.12/site-packages/airflow/example_dags/example_branch_operator.py took 0.130 seconds
[2025-02-01T07:40:31.876+0000] {processor.py:186} INFO - Started process (PID=846) to work on /home/airflow/.local/lib/python3.12/site-packages/airflow/example_dags/example_branch_operator.py
[2025-02-01T07:40:31.879+0000] {processor.py:914} INFO - Processing file /home/airflow/.local/lib/python3.12/site-packages/airflow/example_dags/example_branch_operator.py for tasks to queue
[2025-02-01T07:40:31.883+0000] {logging_mixin.py:190} INFO - [2025-02-01T07:40:31.882+0000] {dagbag.py:588} INFO - Filling up the DagBag from /home/airflow/.local/lib/python3.12/site-packages/airflow/example_dags/example_branch_operator.py
[2025-02-01T07:40:31.912+0000] {processor.py:925} INFO - DAG(s) 'example_branch_operator' retrieved from /home/airflow/.local/lib/python3.12/site-packages/airflow/example_dags/example_branch_operator.py
[2025-02-01T07:40:31.973+0000] {logging_mixin.py:190} INFO - [2025-02-01T07:40:31.972+0000] {dag.py:3239} INFO - Sync 1 DAGs
[2025-02-01T07:40:32.017+0000] {logging_mixin.py:190} INFO - [2025-02-01T07:40:32.016+0000] {dag.py:4180} INFO - Setting next_dagrun for example_branch_operator to 2025-01-31 00:00:00+00:00, run_after=2025-02-01 00:00:00+00:00
[2025-02-01T07:40:32.055+0000] {processor.py:208} INFO - Processing /home/airflow/.local/lib/python3.12/site-packages/airflow/example_dags/example_branch_operator.py took 0.188 seconds
[2025-02-01T07:41:03.336+0000] {processor.py:186} INFO - Started process (PID=900) to work on /home/airflow/.local/lib/python3.12/site-packages/airflow/example_dags/example_branch_operator.py
[2025-02-01T07:41:03.341+0000] {processor.py:914} INFO - Processing file /home/airflow/.local/lib/python3.12/site-packages/airflow/example_dags/example_branch_operator.py for tasks to queue
[2025-02-01T07:41:03.356+0000] {logging_mixin.py:190} INFO - [2025-02-01T07:41:03.355+0000] {dagbag.py:588} INFO - Filling up the DagBag from /home/airflow/.local/lib/python3.12/site-packages/airflow/example_dags/example_branch_operator.py
[2025-02-01T07:41:03.454+0000] {processor.py:925} INFO - DAG(s) 'example_branch_operator' retrieved from /home/airflow/.local/lib/python3.12/site-packages/airflow/example_dags/example_branch_operator.py
[2025-02-01T07:41:03.557+0000] {logging_mixin.py:190} INFO - [2025-02-01T07:41:03.556+0000] {dag.py:3239} INFO - Sync 1 DAGs
[2025-02-01T07:41:03.647+0000] {logging_mixin.py:190} INFO - [2025-02-01T07:41:03.647+0000] {dag.py:4180} INFO - Setting next_dagrun for example_branch_operator to 2025-01-31 00:00:00+00:00, run_after=2025-02-01 00:00:00+00:00
[2025-02-01T07:41:03.717+0000] {processor.py:208} INFO - Processing /home/airflow/.local/lib/python3.12/site-packages/airflow/example_dags/example_branch_operator.py took 0.402 seconds
[2025-02-01T07:41:33.870+0000] {processor.py:186} INFO - Started process (PID=963) to work on /home/airflow/.local/lib/python3.12/site-packages/airflow/example_dags/example_branch_operator.py
[2025-02-01T07:41:33.874+0000] {processor.py:914} INFO - Processing file /home/airflow/.local/lib/python3.12/site-packages/airflow/example_dags/example_branch_operator.py for tasks to queue
[2025-02-01T07:41:33.880+0000] {logging_mixin.py:190} INFO - [2025-02-01T07:41:33.880+0000] {dagbag.py:588} INFO - Filling up the DagBag from /home/airflow/.local/lib/python3.12/site-packages/airflow/example_dags/example_branch_operator.py
[2025-02-01T07:41:33.929+0000] {processor.py:925} INFO - DAG(s) 'example_branch_operator' retrieved from /home/airflow/.local/lib/python3.12/site-packages/airflow/example_dags/example_branch_operator.py
[2025-02-01T07:41:34.005+0000] {logging_mixin.py:190} INFO - [2025-02-01T07:41:34.005+0000] {dag.py:3239} INFO - Sync 1 DAGs
[2025-02-01T07:41:34.059+0000] {logging_mixin.py:190} INFO - [2025-02-01T07:41:34.058+0000] {dag.py:4180} INFO - Setting next_dagrun for example_branch_operator to 2025-01-31 00:00:00+00:00, run_after=2025-02-01 00:00:00+00:00
[2025-02-01T07:41:34.104+0000] {processor.py:208} INFO - Processing /home/airflow/.local/lib/python3.12/site-packages/airflow/example_dags/example_branch_operator.py took 0.250 seconds
[2025-02-01T07:42:04.748+0000] {processor.py:186} INFO - Started process (PID=1025) to work on /home/airflow/.local/lib/python3.12/site-packages/airflow/example_dags/example_branch_operator.py
[2025-02-01T07:42:04.750+0000] {processor.py:914} INFO - Processing file /home/airflow/.local/lib/python3.12/site-packages/airflow/example_dags/example_branch_operator.py for tasks to queue
[2025-02-01T07:42:04.754+0000] {logging_mixin.py:190} INFO - [2025-02-01T07:42:04.754+0000] {dagbag.py:588} INFO - Filling up the DagBag from /home/airflow/.local/lib/python3.12/site-packages/airflow/example_dags/example_branch_operator.py
[2025-02-01T07:42:04.792+0000] {processor.py:925} INFO - DAG(s) 'example_branch_operator' retrieved from /home/airflow/.local/lib/python3.12/site-packages/airflow/example_dags/example_branch_operator.py
[2025-02-01T07:42:04.842+0000] {logging_mixin.py:190} INFO - [2025-02-01T07:42:04.841+0000] {dag.py:3239} INFO - Sync 1 DAGs
[2025-02-01T07:42:04.890+0000] {logging_mixin.py:190} INFO - [2025-02-01T07:42:04.890+0000] {dag.py:4180} INFO - Setting next_dagrun for example_branch_operator to 2025-01-31 00:00:00+00:00, run_after=2025-02-01 00:00:00+00:00
[2025-02-01T07:42:04.925+0000] {processor.py:208} INFO - Processing /home/airflow/.local/lib/python3.12/site-packages/airflow/example_dags/example_branch_operator.py took 0.190 seconds
[2025-02-01T07:42:35.184+0000] {processor.py:186} INFO - Started process (PID=1088) to work on /home/airflow/.local/lib/python3.12/site-packages/airflow/example_dags/example_branch_operator.py
[2025-02-01T07:42:35.187+0000] {processor.py:914} INFO - Processing file /home/airflow/.local/lib/python3.12/site-packages/airflow/example_dags/example_branch_operator.py for tasks to queue
[2025-02-01T07:42:35.195+0000] {logging_mixin.py:190} INFO - [2025-02-01T07:42:35.194+0000] {dagbag.py:588} INFO - Filling up the DagBag from /home/airflow/.local/lib/python3.12/site-packages/airflow/example_dags/example_branch_operator.py
[2025-02-01T07:42:35.257+0000] {processor.py:925} INFO - DAG(s) 'example_branch_operator' retrieved from /home/airflow/.local/lib/python3.12/site-packages/airflow/example_dags/example_branch_operator.py
[2025-02-01T07:42:35.340+0000] {logging_mixin.py:190} INFO - [2025-02-01T07:42:35.339+0000] {dag.py:3239} INFO - Sync 1 DAGs
[2025-02-01T07:42:35.402+0000] {logging_mixin.py:190} INFO - [2025-02-01T07:42:35.402+0000] {dag.py:4180} INFO - Setting next_dagrun for example_branch_operator to 2025-01-31 00:00:00+00:00, run_after=2025-02-01 00:00:00+00:00
[2025-02-01T07:42:35.450+0000] {processor.py:208} INFO - Processing /home/airflow/.local/lib/python3.12/site-packages/airflow/example_dags/example_branch_operator.py took 0.290 seconds
[2025-02-01T07:43:05.857+0000] {processor.py:186} INFO - Started process (PID=1150) to work on /home/airflow/.local/lib/python3.12/site-packages/airflow/example_dags/example_branch_operator.py
[2025-02-01T07:43:05.859+0000] {processor.py:914} INFO - Processing file /home/airflow/.local/lib/python3.12/site-packages/airflow/example_dags/example_branch_operator.py for tasks to queue
[2025-02-01T07:43:05.863+0000] {logging_mixin.py:190} INFO - [2025-02-01T07:43:05.863+0000] {dagbag.py:588} INFO - Filling up the DagBag from /home/airflow/.local/lib/python3.12/site-packages/airflow/example_dags/example_branch_operator.py
[2025-02-01T07:43:05.893+0000] {processor.py:925} INFO - DAG(s) 'example_branch_operator' retrieved from /home/airflow/.local/lib/python3.12/site-packages/airflow/example_dags/example_branch_operator.py
[2025-02-01T07:43:05.942+0000] {logging_mixin.py:190} INFO - [2025-02-01T07:43:05.941+0000] {dag.py:3239} INFO - Sync 1 DAGs
[2025-02-01T07:43:05.981+0000] {logging_mixin.py:190} INFO - [2025-02-01T07:43:05.980+0000] {dag.py:4180} INFO - Setting next_dagrun for example_branch_operator to 2025-01-31 00:00:00+00:00, run_after=2025-02-01 00:00:00+00:00
[2025-02-01T07:43:06.013+0000] {processor.py:208} INFO - Processing /home/airflow/.local/lib/python3.12/site-packages/airflow/example_dags/example_branch_operator.py took 0.167 seconds
[2025-02-01T07:43:36.592+0000] {processor.py:186} INFO - Started process (PID=1212) to work on /home/airflow/.local/lib/python3.12/site-packages/airflow/example_dags/example_branch_operator.py
[2025-02-01T07:43:36.594+0000] {processor.py:914} INFO - Processing file /home/airflow/.local/lib/python3.12/site-packages/airflow/example_dags/example_branch_operator.py for tasks to queue
[2025-02-01T07:43:36.598+0000] {logging_mixin.py:190} INFO - [2025-02-01T07:43:36.598+0000] {dagbag.py:588} INFO - Filling up the DagBag from /home/airflow/.local/lib/python3.12/site-packages/airflow/example_dags/example_branch_operator.py
[2025-02-01T07:43:36.630+0000] {processor.py:925} INFO - DAG(s) 'example_branch_operator' retrieved from /home/airflow/.local/lib/python3.12/site-packages/airflow/example_dags/example_branch_operator.py
[2025-02-01T07:43:36.676+0000] {logging_mixin.py:190} INFO - [2025-02-01T07:43:36.676+0000] {dag.py:3239} INFO - Sync 1 DAGs
[2025-02-01T07:43:36.719+0000] {logging_mixin.py:190} INFO - [2025-02-01T07:43:36.718+0000] {dag.py:4180} INFO - Setting next_dagrun for example_branch_operator to 2025-01-31 00:00:00+00:00, run_after=2025-02-01 00:00:00+00:00
[2025-02-01T07:43:36.749+0000] {processor.py:208} INFO - Processing /home/airflow/.local/lib/python3.12/site-packages/airflow/example_dags/example_branch_operator.py took 0.167 seconds
[2025-02-01T07:44:07.765+0000] {processor.py:186} INFO - Started process (PID=1275) to work on /home/airflow/.local/lib/python3.12/site-packages/airflow/example_dags/example_branch_operator.py
[2025-02-01T07:44:07.767+0000] {processor.py:914} INFO - Processing file /home/airflow/.local/lib/python3.12/site-packages/airflow/example_dags/example_branch_operator.py for tasks to queue
[2025-02-01T07:44:07.772+0000] {logging_mixin.py:190} INFO - [2025-02-01T07:44:07.771+0000] {dagbag.py:588} INFO - Filling up the DagBag from /home/airflow/.local/lib/python3.12/site-packages/airflow/example_dags/example_branch_operator.py
[2025-02-01T07:44:07.812+0000] {processor.py:925} INFO - DAG(s) 'example_branch_operator' retrieved from /home/airflow/.local/lib/python3.12/site-packages/airflow/example_dags/example_branch_operator.py
[2025-02-01T07:44:07.870+0000] {logging_mixin.py:190} INFO - [2025-02-01T07:44:07.869+0000] {dag.py:3239} INFO - Sync 1 DAGs
[2025-02-01T07:44:07.926+0000] {logging_mixin.py:190} INFO - [2025-02-01T07:44:07.925+0000] {dag.py:4180} INFO - Setting next_dagrun for example_branch_operator to 2025-01-31 00:00:00+00:00, run_after=2025-02-01 00:00:00+00:00
[2025-02-01T07:44:07.961+0000] {processor.py:208} INFO - Processing /home/airflow/.local/lib/python3.12/site-packages/airflow/example_dags/example_branch_operator.py took 0.206 seconds
[2025-02-01T07:44:38.640+0000] {processor.py:186} INFO - Started process (PID=1339) to work on /home/airflow/.local/lib/python3.12/site-packages/airflow/example_dags/example_branch_operator.py
[2025-02-01T07:44:38.642+0000] {processor.py:914} INFO - Processing file /home/airflow/.local/lib/python3.12/site-packages/airflow/example_dags/example_branch_operator.py for tasks to queue
[2025-02-01T07:44:38.646+0000] {logging_mixin.py:190} INFO - [2025-02-01T07:44:38.646+0000] {dagbag.py:588} INFO - Filling up the DagBag from /home/airflow/.local/lib/python3.12/site-packages/airflow/example_dags/example_branch_operator.py
[2025-02-01T07:44:38.672+0000] {processor.py:925} INFO - DAG(s) 'example_branch_operator' retrieved from /home/airflow/.local/lib/python3.12/site-packages/airflow/example_dags/example_branch_operator.py
[2025-02-01T07:44:38.716+0000] {logging_mixin.py:190} INFO - [2025-02-01T07:44:38.715+0000] {dag.py:3239} INFO - Sync 1 DAGs
[2025-02-01T07:44:38.757+0000] {logging_mixin.py:190} INFO - [2025-02-01T07:44:38.757+0000] {dag.py:4180} INFO - Setting next_dagrun for example_branch_operator to 2025-01-31 00:00:00+00:00, run_after=2025-02-01 00:00:00+00:00
[2025-02-01T07:44:38.788+0000] {processor.py:208} INFO - Processing /home/airflow/.local/lib/python3.12/site-packages/airflow/example_dags/example_branch_operator.py took 0.156 seconds
[2025-02-01T07:45:08.999+0000] {processor.py:186} INFO - Started process (PID=1403) to work on /home/airflow/.local/lib/python3.12/site-packages/airflow/example_dags/example_branch_operator.py
[2025-02-01T07:45:09.000+0000] {processor.py:914} INFO - Processing file /home/airflow/.local/lib/python3.12/site-packages/airflow/example_dags/example_branch_operator.py for tasks to queue
[2025-02-01T07:45:09.002+0000] {logging_mixin.py:190} INFO - [2025-02-01T07:45:09.002+0000] {dagbag.py:588} INFO - Filling up the DagBag from /home/airflow/.local/lib/python3.12/site-packages/airflow/example_dags/example_branch_operator.py
[2025-02-01T07:45:09.028+0000] {processor.py:925} INFO - DAG(s) 'example_branch_operator' retrieved from /home/airflow/.local/lib/python3.12/site-packages/airflow/example_dags/example_branch_operator.py
[2025-02-01T07:45:09.060+0000] {logging_mixin.py:190} INFO - [2025-02-01T07:45:09.060+0000] {dag.py:3239} INFO - Sync 1 DAGs
[2025-02-01T07:45:09.092+0000] {logging_mixin.py:190} INFO - [2025-02-01T07:45:09.092+0000] {dag.py:4180} INFO - Setting next_dagrun for example_branch_operator to 2025-01-31 00:00:00+00:00, run_after=2025-02-01 00:00:00+00:00
[2025-02-01T07:45:09.117+0000] {processor.py:208} INFO - Processing /home/airflow/.local/lib/python3.12/site-packages/airflow/example_dags/example_branch_operator.py took 0.124 seconds
[2025-02-01T07:45:39.652+0000] {processor.py:186} INFO - Started process (PID=1467) to work on /home/airflow/.local/lib/python3.12/site-packages/airflow/example_dags/example_branch_operator.py
[2025-02-01T07:45:39.655+0000] {processor.py:914} INFO - Processing file /home/airflow/.local/lib/python3.12/site-packages/airflow/example_dags/example_branch_operator.py for tasks to queue
[2025-02-01T07:45:39.659+0000] {logging_mixin.py:190} INFO - [2025-02-01T07:45:39.658+0000] {dagbag.py:588} INFO - Filling up the DagBag from /home/airflow/.local/lib/python3.12/site-packages/airflow/example_dags/example_branch_operator.py
[2025-02-01T07:45:39.686+0000] {processor.py:925} INFO - DAG(s) 'example_branch_operator' retrieved from /home/airflow/.local/lib/python3.12/site-packages/airflow/example_dags/example_branch_operator.py
[2025-02-01T07:45:39.730+0000] {logging_mixin.py:190} INFO - [2025-02-01T07:45:39.729+0000] {dag.py:3239} INFO - Sync 1 DAGs
[2025-02-01T07:45:39.767+0000] {logging_mixin.py:190} INFO - [2025-02-01T07:45:39.767+0000] {dag.py:4180} INFO - Setting next_dagrun for example_branch_operator to 2025-01-31 00:00:00+00:00, run_after=2025-02-01 00:00:00+00:00
[2025-02-01T07:45:39.804+0000] {processor.py:208} INFO - Processing /home/airflow/.local/lib/python3.12/site-packages/airflow/example_dags/example_branch_operator.py took 0.161 seconds
[2025-02-01T07:46:10.535+0000] {processor.py:186} INFO - Started process (PID=1531) to work on /home/airflow/.local/lib/python3.12/site-packages/airflow/example_dags/example_branch_operator.py
[2025-02-01T07:46:10.538+0000] {processor.py:914} INFO - Processing file /home/airflow/.local/lib/python3.12/site-packages/airflow/example_dags/example_branch_operator.py for tasks to queue
[2025-02-01T07:46:10.544+0000] {logging_mixin.py:190} INFO - [2025-02-01T07:46:10.543+0000] {dagbag.py:588} INFO - Filling up the DagBag from /home/airflow/.local/lib/python3.12/site-packages/airflow/example_dags/example_branch_operator.py
[2025-02-01T07:46:10.623+0000] {processor.py:925} INFO - DAG(s) 'example_branch_operator' retrieved from /home/airflow/.local/lib/python3.12/site-packages/airflow/example_dags/example_branch_operator.py
[2025-02-01T07:46:10.732+0000] {logging_mixin.py:190} INFO - [2025-02-01T07:46:10.731+0000] {dag.py:3239} INFO - Sync 1 DAGs
[2025-02-01T07:46:10.831+0000] {logging_mixin.py:190} INFO - [2025-02-01T07:46:10.830+0000] {dag.py:4180} INFO - Setting next_dagrun for example_branch_operator to 2025-01-31 00:00:00+00:00, run_after=2025-02-01 00:00:00+00:00
[2025-02-01T07:46:10.916+0000] {processor.py:208} INFO - Processing /home/airflow/.local/lib/python3.12/site-packages/airflow/example_dags/example_branch_operator.py took 0.395 seconds
[2025-02-01T07:46:41.136+0000] {processor.py:186} INFO - Started process (PID=1595) to work on /home/airflow/.local/lib/python3.12/site-packages/airflow/example_dags/example_branch_operator.py
[2025-02-01T07:46:41.137+0000] {processor.py:914} INFO - Processing file /home/airflow/.local/lib/python3.12/site-packages/airflow/example_dags/example_branch_operator.py for tasks to queue
[2025-02-01T07:46:41.140+0000] {logging_mixin.py:190} INFO - [2025-02-01T07:46:41.140+0000] {dagbag.py:588} INFO - Filling up the DagBag from /home/airflow/.local/lib/python3.12/site-packages/airflow/example_dags/example_branch_operator.py
[2025-02-01T07:46:41.163+0000] {processor.py:925} INFO - DAG(s) 'example_branch_operator' retrieved from /home/airflow/.local/lib/python3.12/site-packages/airflow/example_dags/example_branch_operator.py
[2025-02-01T07:46:41.201+0000] {logging_mixin.py:190} INFO - [2025-02-01T07:46:41.200+0000] {dag.py:3239} INFO - Sync 1 DAGs
[2025-02-01T07:46:41.234+0000] {logging_mixin.py:190} INFO - [2025-02-01T07:46:41.233+0000] {dag.py:4180} INFO - Setting next_dagrun for example_branch_operator to 2025-01-31 00:00:00+00:00, run_after=2025-02-01 00:00:00+00:00
[2025-02-01T07:46:41.262+0000] {processor.py:208} INFO - Processing /home/airflow/.local/lib/python3.12/site-packages/airflow/example_dags/example_branch_operator.py took 0.133 seconds
[2025-02-01T07:47:12.048+0000] {processor.py:186} INFO - Started process (PID=1659) to work on /home/airflow/.local/lib/python3.12/site-packages/airflow/example_dags/example_branch_operator.py
[2025-02-01T07:47:12.051+0000] {processor.py:914} INFO - Processing file /home/airflow/.local/lib/python3.12/site-packages/airflow/example_dags/example_branch_operator.py for tasks to queue
[2025-02-01T07:47:12.057+0000] {logging_mixin.py:190} INFO - [2025-02-01T07:47:12.057+0000] {dagbag.py:588} INFO - Filling up the DagBag from /home/airflow/.local/lib/python3.12/site-packages/airflow/example_dags/example_branch_operator.py
[2025-02-01T07:47:12.111+0000] {processor.py:925} INFO - DAG(s) 'example_branch_operator' retrieved from /home/airflow/.local/lib/python3.12/site-packages/airflow/example_dags/example_branch_operator.py
[2025-02-01T07:47:12.183+0000] {logging_mixin.py:190} INFO - [2025-02-01T07:47:12.182+0000] {dag.py:3239} INFO - Sync 1 DAGs
[2025-02-01T07:47:12.236+0000] {logging_mixin.py:190} INFO - [2025-02-01T07:47:12.235+0000] {dag.py:4180} INFO - Setting next_dagrun for example_branch_operator to 2025-01-31 00:00:00+00:00, run_after=2025-02-01 00:00:00+00:00
[2025-02-01T07:47:12.292+0000] {processor.py:208} INFO - Processing /home/airflow/.local/lib/python3.12/site-packages/airflow/example_dags/example_branch_operator.py took 0.264 seconds
[2025-02-01T07:47:42.376+0000] {processor.py:186} INFO - Started process (PID=1723) to work on /home/airflow/.local/lib/python3.12/site-packages/airflow/example_dags/example_branch_operator.py
[2025-02-01T07:47:42.377+0000] {processor.py:914} INFO - Processing file /home/airflow/.local/lib/python3.12/site-packages/airflow/example_dags/example_branch_operator.py for tasks to queue
[2025-02-01T07:47:42.380+0000] {logging_mixin.py:190} INFO - [2025-02-01T07:47:42.380+0000] {dagbag.py:588} INFO - Filling up the DagBag from /home/airflow/.local/lib/python3.12/site-packages/airflow/example_dags/example_branch_operator.py
[2025-02-01T07:47:42.399+0000] {processor.py:925} INFO - DAG(s) 'example_branch_operator' retrieved from /home/airflow/.local/lib/python3.12/site-packages/airflow/example_dags/example_branch_operator.py
[2025-02-01T07:47:42.432+0000] {logging_mixin.py:190} INFO - [2025-02-01T07:47:42.432+0000] {dag.py:3239} INFO - Sync 1 DAGs
[2025-02-01T07:47:42.458+0000] {logging_mixin.py:190} INFO - [2025-02-01T07:47:42.458+0000] {dag.py:4180} INFO - Setting next_dagrun for example_branch_operator to 2025-01-31 00:00:00+00:00, run_after=2025-02-01 00:00:00+00:00
[2025-02-01T07:47:42.483+0000] {processor.py:208} INFO - Processing /home/airflow/.local/lib/python3.12/site-packages/airflow/example_dags/example_branch_operator.py took 0.113 seconds
[2025-02-01T07:48:13.050+0000] {processor.py:186} INFO - Started process (PID=1787) to work on /home/airflow/.local/lib/python3.12/site-packages/airflow/example_dags/example_branch_operator.py
[2025-02-01T07:48:13.052+0000] {processor.py:914} INFO - Processing file /home/airflow/.local/lib/python3.12/site-packages/airflow/example_dags/example_branch_operator.py for tasks to queue
[2025-02-01T07:48:13.056+0000] {logging_mixin.py:190} INFO - [2025-02-01T07:48:13.056+0000] {dagbag.py:588} INFO - Filling up the DagBag from /home/airflow/.local/lib/python3.12/site-packages/airflow/example_dags/example_branch_operator.py
[2025-02-01T07:48:13.092+0000] {processor.py:925} INFO - DAG(s) 'example_branch_operator' retrieved from /home/airflow/.local/lib/python3.12/site-packages/airflow/example_dags/example_branch_operator.py
[2025-02-01T07:48:13.137+0000] {logging_mixin.py:190} INFO - [2025-02-01T07:48:13.136+0000] {dag.py:3239} INFO - Sync 1 DAGs
[2025-02-01T07:48:13.169+0000] {logging_mixin.py:190} INFO - [2025-02-01T07:48:13.169+0000] {dag.py:4180} INFO - Setting next_dagrun for example_branch_operator to 2025-01-31 00:00:00+00:00, run_after=2025-02-01 00:00:00+00:00
[2025-02-01T07:48:13.200+0000] {processor.py:208} INFO - Processing /home/airflow/.local/lib/python3.12/site-packages/airflow/example_dags/example_branch_operator.py took 0.170 seconds
[2025-02-01T07:48:44.173+0000] {processor.py:186} INFO - Started process (PID=1851) to work on /home/airflow/.local/lib/python3.12/site-packages/airflow/example_dags/example_branch_operator.py
[2025-02-01T07:48:44.175+0000] {processor.py:914} INFO - Processing file /home/airflow/.local/lib/python3.12/site-packages/airflow/example_dags/example_branch_operator.py for tasks to queue
[2025-02-01T07:48:44.177+0000] {logging_mixin.py:190} INFO - [2025-02-01T07:48:44.177+0000] {dagbag.py:588} INFO - Filling up the DagBag from /home/airflow/.local/lib/python3.12/site-packages/airflow/example_dags/example_branch_operator.py
[2025-02-01T07:48:44.197+0000] {processor.py:925} INFO - DAG(s) 'example_branch_operator' retrieved from /home/airflow/.local/lib/python3.12/site-packages/airflow/example_dags/example_branch_operator.py
[2025-02-01T07:48:44.221+0000] {logging_mixin.py:190} INFO - [2025-02-01T07:48:44.220+0000] {dag.py:3239} INFO - Sync 1 DAGs
[2025-02-01T07:48:44.243+0000] {logging_mixin.py:190} INFO - [2025-02-01T07:48:44.242+0000] {dag.py:4180} INFO - Setting next_dagrun for example_branch_operator to 2025-01-31 00:00:00+00:00, run_after=2025-02-01 00:00:00+00:00
[2025-02-01T07:48:44.263+0000] {processor.py:208} INFO - Processing /home/airflow/.local/lib/python3.12/site-packages/airflow/example_dags/example_branch_operator.py took 0.095 seconds
[2025-02-01T07:49:14.573+0000] {processor.py:186} INFO - Started process (PID=1915) to work on /home/airflow/.local/lib/python3.12/site-packages/airflow/example_dags/example_branch_operator.py
[2025-02-01T07:49:14.575+0000] {processor.py:914} INFO - Processing file /home/airflow/.local/lib/python3.12/site-packages/airflow/example_dags/example_branch_operator.py for tasks to queue
[2025-02-01T07:49:14.581+0000] {logging_mixin.py:190} INFO - [2025-02-01T07:49:14.580+0000] {dagbag.py:588} INFO - Filling up the DagBag from /home/airflow/.local/lib/python3.12/site-packages/airflow/example_dags/example_branch_operator.py
[2025-02-01T07:49:14.622+0000] {processor.py:925} INFO - DAG(s) 'example_branch_operator' retrieved from /home/airflow/.local/lib/python3.12/site-packages/airflow/example_dags/example_branch_operator.py
[2025-02-01T07:49:14.684+0000] {logging_mixin.py:190} INFO - [2025-02-01T07:49:14.683+0000] {dag.py:3239} INFO - Sync 1 DAGs
[2025-02-01T07:49:14.737+0000] {logging_mixin.py:190} INFO - [2025-02-01T07:49:14.737+0000] {dag.py:4180} INFO - Setting next_dagrun for example_branch_operator to 2025-01-31 00:00:00+00:00, run_after=2025-02-01 00:00:00+00:00
[2025-02-01T07:49:14.781+0000] {processor.py:208} INFO - Processing /home/airflow/.local/lib/python3.12/site-packages/airflow/example_dags/example_branch_operator.py took 0.222 seconds
[2025-02-01T07:49:44.965+0000] {processor.py:186} INFO - Started process (PID=1979) to work on /home/airflow/.local/lib/python3.12/site-packages/airflow/example_dags/example_branch_operator.py
[2025-02-01T07:49:44.967+0000] {processor.py:914} INFO - Processing file /home/airflow/.local/lib/python3.12/site-packages/airflow/example_dags/example_branch_operator.py for tasks to queue
[2025-02-01T07:49:44.970+0000] {logging_mixin.py:190} INFO - [2025-02-01T07:49:44.970+0000] {dagbag.py:588} INFO - Filling up the DagBag from /home/airflow/.local/lib/python3.12/site-packages/airflow/example_dags/example_branch_operator.py
[2025-02-01T07:49:44.990+0000] {processor.py:925} INFO - DAG(s) 'example_branch_operator' retrieved from /home/airflow/.local/lib/python3.12/site-packages/airflow/example_dags/example_branch_operator.py
[2025-02-01T07:49:45.023+0000] {logging_mixin.py:190} INFO - [2025-02-01T07:49:45.022+0000] {dag.py:3239} INFO - Sync 1 DAGs
[2025-02-01T07:49:45.051+0000] {logging_mixin.py:190} INFO - [2025-02-01T07:49:45.050+0000] {dag.py:4180} INFO - Setting next_dagrun for example_branch_operator to 2025-01-31 00:00:00+00:00, run_after=2025-02-01 00:00:00+00:00
[2025-02-01T07:49:45.076+0000] {processor.py:208} INFO - Processing /home/airflow/.local/lib/python3.12/site-packages/airflow/example_dags/example_branch_operator.py took 0.118 seconds
[2025-02-01T07:50:15.742+0000] {processor.py:186} INFO - Started process (PID=2043) to work on /home/airflow/.local/lib/python3.12/site-packages/airflow/example_dags/example_branch_operator.py
[2025-02-01T07:50:15.743+0000] {processor.py:914} INFO - Processing file /home/airflow/.local/lib/python3.12/site-packages/airflow/example_dags/example_branch_operator.py for tasks to queue
[2025-02-01T07:50:15.745+0000] {logging_mixin.py:190} INFO - [2025-02-01T07:50:15.745+0000] {dagbag.py:588} INFO - Filling up the DagBag from /home/airflow/.local/lib/python3.12/site-packages/airflow/example_dags/example_branch_operator.py
[2025-02-01T07:50:15.763+0000] {processor.py:925} INFO - DAG(s) 'example_branch_operator' retrieved from /home/airflow/.local/lib/python3.12/site-packages/airflow/example_dags/example_branch_operator.py
[2025-02-01T07:50:15.790+0000] {logging_mixin.py:190} INFO - [2025-02-01T07:50:15.790+0000] {dag.py:3239} INFO - Sync 1 DAGs
[2025-02-01T07:50:15.814+0000] {logging_mixin.py:190} INFO - [2025-02-01T07:50:15.814+0000] {dag.py:4180} INFO - Setting next_dagrun for example_branch_operator to 2025-01-31 00:00:00+00:00, run_after=2025-02-01 00:00:00+00:00
[2025-02-01T07:50:15.836+0000] {processor.py:208} INFO - Processing /home/airflow/.local/lib/python3.12/site-packages/airflow/example_dags/example_branch_operator.py took 0.099 seconds
[2025-02-01T07:50:46.007+0000] {processor.py:186} INFO - Started process (PID=2106) to work on /home/airflow/.local/lib/python3.12/site-packages/airflow/example_dags/example_branch_operator.py
[2025-02-01T07:50:46.008+0000] {processor.py:914} INFO - Processing file /home/airflow/.local/lib/python3.12/site-packages/airflow/example_dags/example_branch_operator.py for tasks to queue
[2025-02-01T07:50:46.012+0000] {logging_mixin.py:190} INFO - [2025-02-01T07:50:46.011+0000] {dagbag.py:588} INFO - Filling up the DagBag from /home/airflow/.local/lib/python3.12/site-packages/airflow/example_dags/example_branch_operator.py
[2025-02-01T07:50:46.037+0000] {processor.py:925} INFO - DAG(s) 'example_branch_operator' retrieved from /home/airflow/.local/lib/python3.12/site-packages/airflow/example_dags/example_branch_operator.py
[2025-02-01T07:50:46.074+0000] {logging_mixin.py:190} INFO - [2025-02-01T07:50:46.074+0000] {dag.py:3239} INFO - Sync 1 DAGs
[2025-02-01T07:50:46.110+0000] {logging_mixin.py:190} INFO - [2025-02-01T07:50:46.110+0000] {dag.py:4180} INFO - Setting next_dagrun for example_branch_operator to 2025-01-31 00:00:00+00:00, run_after=2025-02-01 00:00:00+00:00
[2025-02-01T07:50:46.141+0000] {processor.py:208} INFO - Processing /home/airflow/.local/lib/python3.12/site-packages/airflow/example_dags/example_branch_operator.py took 0.141 seconds
[2025-02-01T07:51:16.210+0000] {processor.py:186} INFO - Started process (PID=2170) to work on /home/airflow/.local/lib/python3.12/site-packages/airflow/example_dags/example_branch_operator.py
[2025-02-01T07:51:16.212+0000] {processor.py:914} INFO - Processing file /home/airflow/.local/lib/python3.12/site-packages/airflow/example_dags/example_branch_operator.py for tasks to queue
[2025-02-01T07:51:16.215+0000] {logging_mixin.py:190} INFO - [2025-02-01T07:51:16.214+0000] {dagbag.py:588} INFO - Filling up the DagBag from /home/airflow/.local/lib/python3.12/site-packages/airflow/example_dags/example_branch_operator.py
[2025-02-01T07:51:16.242+0000] {processor.py:925} INFO - DAG(s) 'example_branch_operator' retrieved from /home/airflow/.local/lib/python3.12/site-packages/airflow/example_dags/example_branch_operator.py
[2025-02-01T07:51:16.285+0000] {logging_mixin.py:190} INFO - [2025-02-01T07:51:16.285+0000] {dag.py:3239} INFO - Sync 1 DAGs
[2025-02-01T07:51:16.323+0000] {logging_mixin.py:190} INFO - [2025-02-01T07:51:16.323+0000] {dag.py:4180} INFO - Setting next_dagrun for example_branch_operator to 2025-01-31 00:00:00+00:00, run_after=2025-02-01 00:00:00+00:00
[2025-02-01T07:51:16.355+0000] {processor.py:208} INFO - Processing /home/airflow/.local/lib/python3.12/site-packages/airflow/example_dags/example_branch_operator.py took 0.154 seconds
[2025-02-01T07:51:46.474+0000] {processor.py:186} INFO - Started process (PID=2234) to work on /home/airflow/.local/lib/python3.12/site-packages/airflow/example_dags/example_branch_operator.py
[2025-02-01T07:51:46.476+0000] {processor.py:914} INFO - Processing file /home/airflow/.local/lib/python3.12/site-packages/airflow/example_dags/example_branch_operator.py for tasks to queue
[2025-02-01T07:51:46.478+0000] {logging_mixin.py:190} INFO - [2025-02-01T07:51:46.478+0000] {dagbag.py:588} INFO - Filling up the DagBag from /home/airflow/.local/lib/python3.12/site-packages/airflow/example_dags/example_branch_operator.py
[2025-02-01T07:51:46.499+0000] {processor.py:925} INFO - DAG(s) 'example_branch_operator' retrieved from /home/airflow/.local/lib/python3.12/site-packages/airflow/example_dags/example_branch_operator.py
[2025-02-01T07:51:46.531+0000] {logging_mixin.py:190} INFO - [2025-02-01T07:51:46.531+0000] {dag.py:3239} INFO - Sync 1 DAGs
[2025-02-01T07:51:46.559+0000] {logging_mixin.py:190} INFO - [2025-02-01T07:51:46.558+0000] {dag.py:4180} INFO - Setting next_dagrun for example_branch_operator to 2025-01-31 00:00:00+00:00, run_after=2025-02-01 00:00:00+00:00
[2025-02-01T07:51:46.582+0000] {processor.py:208} INFO - Processing /home/airflow/.local/lib/python3.12/site-packages/airflow/example_dags/example_branch_operator.py took 0.115 seconds
[2025-02-01T07:52:16.674+0000] {processor.py:186} INFO - Started process (PID=2298) to work on /home/airflow/.local/lib/python3.12/site-packages/airflow/example_dags/example_branch_operator.py
[2025-02-01T07:52:16.675+0000] {processor.py:914} INFO - Processing file /home/airflow/.local/lib/python3.12/site-packages/airflow/example_dags/example_branch_operator.py for tasks to queue
[2025-02-01T07:52:16.679+0000] {logging_mixin.py:190} INFO - [2025-02-01T07:52:16.679+0000] {dagbag.py:588} INFO - Filling up the DagBag from /home/airflow/.local/lib/python3.12/site-packages/airflow/example_dags/example_branch_operator.py
[2025-02-01T07:52:16.704+0000] {processor.py:925} INFO - DAG(s) 'example_branch_operator' retrieved from /home/airflow/.local/lib/python3.12/site-packages/airflow/example_dags/example_branch_operator.py
[2025-02-01T07:52:16.736+0000] {logging_mixin.py:190} INFO - [2025-02-01T07:52:16.736+0000] {dag.py:3239} INFO - Sync 1 DAGs
[2025-02-01T07:52:16.781+0000] {logging_mixin.py:190} INFO - [2025-02-01T07:52:16.781+0000] {dag.py:4180} INFO - Setting next_dagrun for example_branch_operator to 2025-01-31 00:00:00+00:00, run_after=2025-02-01 00:00:00+00:00
[2025-02-01T07:52:16.822+0000] {processor.py:208} INFO - Processing /home/airflow/.local/lib/python3.12/site-packages/airflow/example_dags/example_branch_operator.py took 0.156 seconds
[2025-02-01T07:52:47.534+0000] {processor.py:186} INFO - Started process (PID=2368) to work on /home/airflow/.local/lib/python3.12/site-packages/airflow/example_dags/example_branch_operator.py
[2025-02-01T07:52:47.536+0000] {processor.py:914} INFO - Processing file /home/airflow/.local/lib/python3.12/site-packages/airflow/example_dags/example_branch_operator.py for tasks to queue
[2025-02-01T07:52:47.541+0000] {logging_mixin.py:190} INFO - [2025-02-01T07:52:47.540+0000] {dagbag.py:588} INFO - Filling up the DagBag from /home/airflow/.local/lib/python3.12/site-packages/airflow/example_dags/example_branch_operator.py
[2025-02-01T07:52:47.586+0000] {processor.py:925} INFO - DAG(s) 'example_branch_operator' retrieved from /home/airflow/.local/lib/python3.12/site-packages/airflow/example_dags/example_branch_operator.py
[2025-02-01T07:52:47.674+0000] {logging_mixin.py:190} INFO - [2025-02-01T07:52:47.673+0000] {dag.py:3239} INFO - Sync 1 DAGs
[2025-02-01T07:52:47.779+0000] {logging_mixin.py:190} INFO - [2025-02-01T07:52:47.778+0000] {dag.py:4180} INFO - Setting next_dagrun for example_branch_operator to 2025-01-31 00:00:00+00:00, run_after=2025-02-01 00:00:00+00:00
[2025-02-01T07:52:47.868+0000] {processor.py:208} INFO - Processing /home/airflow/.local/lib/python3.12/site-packages/airflow/example_dags/example_branch_operator.py took 0.351 seconds
[2025-02-01T07:53:18.744+0000] {processor.py:186} INFO - Started process (PID=2432) to work on /home/airflow/.local/lib/python3.12/site-packages/airflow/example_dags/example_branch_operator.py
[2025-02-01T07:53:18.767+0000] {processor.py:914} INFO - Processing file /home/airflow/.local/lib/python3.12/site-packages/airflow/example_dags/example_branch_operator.py for tasks to queue
[2025-02-01T07:53:18.774+0000] {logging_mixin.py:190} INFO - [2025-02-01T07:53:18.773+0000] {dagbag.py:588} INFO - Filling up the DagBag from /home/airflow/.local/lib/python3.12/site-packages/airflow/example_dags/example_branch_operator.py
[2025-02-01T07:53:18.829+0000] {processor.py:925} INFO - DAG(s) 'example_branch_operator' retrieved from /home/airflow/.local/lib/python3.12/site-packages/airflow/example_dags/example_branch_operator.py
[2025-02-01T07:53:18.932+0000] {logging_mixin.py:190} INFO - [2025-02-01T07:53:18.932+0000] {dag.py:3239} INFO - Sync 1 DAGs
[2025-02-01T07:53:19.002+0000] {logging_mixin.py:190} INFO - [2025-02-01T07:53:19.001+0000] {dag.py:4180} INFO - Setting next_dagrun for example_branch_operator to 2025-01-31 00:00:00+00:00, run_after=2025-02-01 00:00:00+00:00
[2025-02-01T07:53:19.058+0000] {processor.py:208} INFO - Processing /home/airflow/.local/lib/python3.12/site-packages/airflow/example_dags/example_branch_operator.py took 0.331 seconds
[2025-02-01T07:53:49.320+0000] {processor.py:186} INFO - Started process (PID=2496) to work on /home/airflow/.local/lib/python3.12/site-packages/airflow/example_dags/example_branch_operator.py
[2025-02-01T07:53:49.322+0000] {processor.py:914} INFO - Processing file /home/airflow/.local/lib/python3.12/site-packages/airflow/example_dags/example_branch_operator.py for tasks to queue
[2025-02-01T07:53:49.326+0000] {logging_mixin.py:190} INFO - [2025-02-01T07:53:49.325+0000] {dagbag.py:588} INFO - Filling up the DagBag from /home/airflow/.local/lib/python3.12/site-packages/airflow/example_dags/example_branch_operator.py
[2025-02-01T07:53:49.354+0000] {processor.py:925} INFO - DAG(s) 'example_branch_operator' retrieved from /home/airflow/.local/lib/python3.12/site-packages/airflow/example_dags/example_branch_operator.py
[2025-02-01T07:53:49.396+0000] {logging_mixin.py:190} INFO - [2025-02-01T07:53:49.395+0000] {dag.py:3239} INFO - Sync 1 DAGs
[2025-02-01T07:53:49.433+0000] {logging_mixin.py:190} INFO - [2025-02-01T07:53:49.433+0000] {dag.py:4180} INFO - Setting next_dagrun for example_branch_operator to 2025-01-31 00:00:00+00:00, run_after=2025-02-01 00:00:00+00:00
[2025-02-01T07:53:49.463+0000] {processor.py:208} INFO - Processing /home/airflow/.local/lib/python3.12/site-packages/airflow/example_dags/example_branch_operator.py took 0.152 seconds
[2025-02-01T07:54:19.757+0000] {processor.py:186} INFO - Started process (PID=2560) to work on /home/airflow/.local/lib/python3.12/site-packages/airflow/example_dags/example_branch_operator.py
[2025-02-01T07:54:19.758+0000] {processor.py:914} INFO - Processing file /home/airflow/.local/lib/python3.12/site-packages/airflow/example_dags/example_branch_operator.py for tasks to queue
[2025-02-01T07:54:19.762+0000] {logging_mixin.py:190} INFO - [2025-02-01T07:54:19.762+0000] {dagbag.py:588} INFO - Filling up the DagBag from /home/airflow/.local/lib/python3.12/site-packages/airflow/example_dags/example_branch_operator.py
[2025-02-01T07:54:19.789+0000] {processor.py:925} INFO - DAG(s) 'example_branch_operator' retrieved from /home/airflow/.local/lib/python3.12/site-packages/airflow/example_dags/example_branch_operator.py
[2025-02-01T07:54:19.838+0000] {logging_mixin.py:190} INFO - [2025-02-01T07:54:19.838+0000] {dag.py:3239} INFO - Sync 1 DAGs
[2025-02-01T07:54:19.879+0000] {logging_mixin.py:190} INFO - [2025-02-01T07:54:19.879+0000] {dag.py:4180} INFO - Setting next_dagrun for example_branch_operator to 2025-01-31 00:00:00+00:00, run_after=2025-02-01 00:00:00+00:00
[2025-02-01T07:54:19.914+0000] {processor.py:208} INFO - Processing /home/airflow/.local/lib/python3.12/site-packages/airflow/example_dags/example_branch_operator.py took 0.166 seconds
[2025-02-01T07:54:50.642+0000] {processor.py:186} INFO - Started process (PID=2623) to work on /home/airflow/.local/lib/python3.12/site-packages/airflow/example_dags/example_branch_operator.py
[2025-02-01T07:54:50.644+0000] {processor.py:914} INFO - Processing file /home/airflow/.local/lib/python3.12/site-packages/airflow/example_dags/example_branch_operator.py for tasks to queue
[2025-02-01T07:54:50.651+0000] {logging_mixin.py:190} INFO - [2025-02-01T07:54:50.650+0000] {dagbag.py:588} INFO - Filling up the DagBag from /home/airflow/.local/lib/python3.12/site-packages/airflow/example_dags/example_branch_operator.py
[2025-02-01T07:54:50.708+0000] {processor.py:925} INFO - DAG(s) 'example_branch_operator' retrieved from /home/airflow/.local/lib/python3.12/site-packages/airflow/example_dags/example_branch_operator.py
[2025-02-01T07:54:50.784+0000] {logging_mixin.py:190} INFO - [2025-02-01T07:54:50.783+0000] {dag.py:3239} INFO - Sync 1 DAGs
[2025-02-01T07:54:50.851+0000] {logging_mixin.py:190} INFO - [2025-02-01T07:54:50.850+0000] {dag.py:4180} INFO - Setting next_dagrun for example_branch_operator to 2025-01-31 00:00:00+00:00, run_after=2025-02-01 00:00:00+00:00
[2025-02-01T07:54:50.893+0000] {processor.py:208} INFO - Processing /home/airflow/.local/lib/python3.12/site-packages/airflow/example_dags/example_branch_operator.py took 0.264 seconds
[2025-02-01T07:55:21.853+0000] {processor.py:186} INFO - Started process (PID=2686) to work on /home/airflow/.local/lib/python3.12/site-packages/airflow/example_dags/example_branch_operator.py
[2025-02-01T07:55:21.856+0000] {processor.py:914} INFO - Processing file /home/airflow/.local/lib/python3.12/site-packages/airflow/example_dags/example_branch_operator.py for tasks to queue
[2025-02-01T07:55:21.860+0000] {logging_mixin.py:190} INFO - [2025-02-01T07:55:21.860+0000] {dagbag.py:588} INFO - Filling up the DagBag from /home/airflow/.local/lib/python3.12/site-packages/airflow/example_dags/example_branch_operator.py
[2025-02-01T07:55:21.904+0000] {processor.py:925} INFO - DAG(s) 'example_branch_operator' retrieved from /home/airflow/.local/lib/python3.12/site-packages/airflow/example_dags/example_branch_operator.py
[2025-02-01T07:55:21.985+0000] {logging_mixin.py:190} INFO - [2025-02-01T07:55:21.985+0000] {dag.py:3239} INFO - Sync 1 DAGs
[2025-02-01T07:55:22.047+0000] {logging_mixin.py:190} INFO - [2025-02-01T07:55:22.046+0000] {dag.py:4180} INFO - Setting next_dagrun for example_branch_operator to 2025-01-31 00:00:00+00:00, run_after=2025-02-01 00:00:00+00:00
[2025-02-01T07:55:22.086+0000] {processor.py:208} INFO - Processing /home/airflow/.local/lib/python3.12/site-packages/airflow/example_dags/example_branch_operator.py took 0.248 seconds
[2025-02-01T07:55:52.363+0000] {processor.py:186} INFO - Started process (PID=2749) to work on /home/airflow/.local/lib/python3.12/site-packages/airflow/example_dags/example_branch_operator.py
[2025-02-01T07:55:52.365+0000] {processor.py:914} INFO - Processing file /home/airflow/.local/lib/python3.12/site-packages/airflow/example_dags/example_branch_operator.py for tasks to queue
[2025-02-01T07:55:52.367+0000] {logging_mixin.py:190} INFO - [2025-02-01T07:55:52.367+0000] {dagbag.py:588} INFO - Filling up the DagBag from /home/airflow/.local/lib/python3.12/site-packages/airflow/example_dags/example_branch_operator.py
[2025-02-01T07:55:52.384+0000] {processor.py:925} INFO - DAG(s) 'example_branch_operator' retrieved from /home/airflow/.local/lib/python3.12/site-packages/airflow/example_dags/example_branch_operator.py
[2025-02-01T07:55:52.413+0000] {logging_mixin.py:190} INFO - [2025-02-01T07:55:52.413+0000] {dag.py:3239} INFO - Sync 1 DAGs
[2025-02-01T07:55:52.437+0000] {logging_mixin.py:190} INFO - [2025-02-01T07:55:52.437+0000] {dag.py:4180} INFO - Setting next_dagrun for example_branch_operator to 2025-01-31 00:00:00+00:00, run_after=2025-02-01 00:00:00+00:00
[2025-02-01T07:55:52.456+0000] {processor.py:208} INFO - Processing /home/airflow/.local/lib/python3.12/site-packages/airflow/example_dags/example_branch_operator.py took 0.099 seconds
[2025-02-01T07:56:23.255+0000] {processor.py:186} INFO - Started process (PID=2813) to work on /home/airflow/.local/lib/python3.12/site-packages/airflow/example_dags/example_branch_operator.py
[2025-02-01T07:56:23.257+0000] {processor.py:914} INFO - Processing file /home/airflow/.local/lib/python3.12/site-packages/airflow/example_dags/example_branch_operator.py for tasks to queue
[2025-02-01T07:56:23.261+0000] {logging_mixin.py:190} INFO - [2025-02-01T07:56:23.260+0000] {dagbag.py:588} INFO - Filling up the DagBag from /home/airflow/.local/lib/python3.12/site-packages/airflow/example_dags/example_branch_operator.py
[2025-02-01T07:56:23.292+0000] {processor.py:925} INFO - DAG(s) 'example_branch_operator' retrieved from /home/airflow/.local/lib/python3.12/site-packages/airflow/example_dags/example_branch_operator.py
[2025-02-01T07:56:23.339+0000] {logging_mixin.py:190} INFO - [2025-02-01T07:56:23.339+0000] {dag.py:3239} INFO - Sync 1 DAGs
[2025-02-01T07:56:23.414+0000] {logging_mixin.py:190} INFO - [2025-02-01T07:56:23.414+0000] {dag.py:4180} INFO - Setting next_dagrun for example_branch_operator to 2025-01-31 00:00:00+00:00, run_after=2025-02-01 00:00:00+00:00
[2025-02-01T07:56:23.475+0000] {processor.py:208} INFO - Processing /home/airflow/.local/lib/python3.12/site-packages/airflow/example_dags/example_branch_operator.py took 0.233 seconds
[2025-02-01T07:56:53.764+0000] {processor.py:186} INFO - Started process (PID=2877) to work on /home/airflow/.local/lib/python3.12/site-packages/airflow/example_dags/example_branch_operator.py
[2025-02-01T07:56:53.767+0000] {processor.py:914} INFO - Processing file /home/airflow/.local/lib/python3.12/site-packages/airflow/example_dags/example_branch_operator.py for tasks to queue
[2025-02-01T07:56:53.774+0000] {logging_mixin.py:190} INFO - [2025-02-01T07:56:53.773+0000] {dagbag.py:588} INFO - Filling up the DagBag from /home/airflow/.local/lib/python3.12/site-packages/airflow/example_dags/example_branch_operator.py
[2025-02-01T07:56:53.832+0000] {processor.py:925} INFO - DAG(s) 'example_branch_operator' retrieved from /home/airflow/.local/lib/python3.12/site-packages/airflow/example_dags/example_branch_operator.py
[2025-02-01T07:56:53.930+0000] {logging_mixin.py:190} INFO - [2025-02-01T07:56:53.929+0000] {dag.py:3239} INFO - Sync 1 DAGs
[2025-02-01T07:56:54.118+0000] {logging_mixin.py:190} INFO - [2025-02-01T07:56:54.118+0000] {dag.py:4180} INFO - Setting next_dagrun for example_branch_operator to 2025-01-31 00:00:00+00:00, run_after=2025-02-01 00:00:00+00:00
[2025-02-01T07:56:54.217+0000] {processor.py:208} INFO - Processing /home/airflow/.local/lib/python3.12/site-packages/airflow/example_dags/example_branch_operator.py took 0.471 seconds
[2025-02-01T07:57:24.834+0000] {processor.py:186} INFO - Started process (PID=2940) to work on /home/airflow/.local/lib/python3.12/site-packages/airflow/example_dags/example_branch_operator.py
[2025-02-01T07:57:24.836+0000] {processor.py:914} INFO - Processing file /home/airflow/.local/lib/python3.12/site-packages/airflow/example_dags/example_branch_operator.py for tasks to queue
[2025-02-01T07:57:24.839+0000] {logging_mixin.py:190} INFO - [2025-02-01T07:57:24.838+0000] {dagbag.py:588} INFO - Filling up the DagBag from /home/airflow/.local/lib/python3.12/site-packages/airflow/example_dags/example_branch_operator.py
[2025-02-01T07:57:24.861+0000] {processor.py:925} INFO - DAG(s) 'example_branch_operator' retrieved from /home/airflow/.local/lib/python3.12/site-packages/airflow/example_dags/example_branch_operator.py
[2025-02-01T07:57:24.897+0000] {logging_mixin.py:190} INFO - [2025-02-01T07:57:24.897+0000] {dag.py:3239} INFO - Sync 1 DAGs
[2025-02-01T07:57:24.925+0000] {logging_mixin.py:190} INFO - [2025-02-01T07:57:24.925+0000] {dag.py:4180} INFO - Setting next_dagrun for example_branch_operator to 2025-01-31 00:00:00+00:00, run_after=2025-02-01 00:00:00+00:00
[2025-02-01T07:57:24.949+0000] {processor.py:208} INFO - Processing /home/airflow/.local/lib/python3.12/site-packages/airflow/example_dags/example_branch_operator.py took 0.121 seconds
[2025-02-01T07:57:55.228+0000] {processor.py:186} INFO - Started process (PID=3004) to work on /home/airflow/.local/lib/python3.12/site-packages/airflow/example_dags/example_branch_operator.py
[2025-02-01T07:57:55.230+0000] {processor.py:914} INFO - Processing file /home/airflow/.local/lib/python3.12/site-packages/airflow/example_dags/example_branch_operator.py for tasks to queue
[2025-02-01T07:57:55.234+0000] {logging_mixin.py:190} INFO - [2025-02-01T07:57:55.234+0000] {dagbag.py:588} INFO - Filling up the DagBag from /home/airflow/.local/lib/python3.12/site-packages/airflow/example_dags/example_branch_operator.py
[2025-02-01T07:57:55.265+0000] {processor.py:925} INFO - DAG(s) 'example_branch_operator' retrieved from /home/airflow/.local/lib/python3.12/site-packages/airflow/example_dags/example_branch_operator.py
[2025-02-01T07:57:55.315+0000] {logging_mixin.py:190} INFO - [2025-02-01T07:57:55.315+0000] {dag.py:3239} INFO - Sync 1 DAGs
[2025-02-01T07:57:55.357+0000] {logging_mixin.py:190} INFO - [2025-02-01T07:57:55.356+0000] {dag.py:4180} INFO - Setting next_dagrun for example_branch_operator to 2025-01-31 00:00:00+00:00, run_after=2025-02-01 00:00:00+00:00
[2025-02-01T07:57:55.398+0000] {processor.py:208} INFO - Processing /home/airflow/.local/lib/python3.12/site-packages/airflow/example_dags/example_branch_operator.py took 0.182 seconds
[2025-02-01T07:58:25.705+0000] {processor.py:186} INFO - Started process (PID=3069) to work on /home/airflow/.local/lib/python3.12/site-packages/airflow/example_dags/example_branch_operator.py
[2025-02-01T07:58:25.708+0000] {processor.py:914} INFO - Processing file /home/airflow/.local/lib/python3.12/site-packages/airflow/example_dags/example_branch_operator.py for tasks to queue
[2025-02-01T07:58:25.712+0000] {logging_mixin.py:190} INFO - [2025-02-01T07:58:25.712+0000] {dagbag.py:588} INFO - Filling up the DagBag from /home/airflow/.local/lib/python3.12/site-packages/airflow/example_dags/example_branch_operator.py
[2025-02-01T07:58:25.745+0000] {processor.py:925} INFO - DAG(s) 'example_branch_operator' retrieved from /home/airflow/.local/lib/python3.12/site-packages/airflow/example_dags/example_branch_operator.py
[2025-02-01T07:58:25.803+0000] {logging_mixin.py:190} INFO - [2025-02-01T07:58:25.802+0000] {dag.py:3239} INFO - Sync 1 DAGs
[2025-02-01T07:58:25.861+0000] {logging_mixin.py:190} INFO - [2025-02-01T07:58:25.860+0000] {dag.py:4180} INFO - Setting next_dagrun for example_branch_operator to 2025-01-31 00:00:00+00:00, run_after=2025-02-01 00:00:00+00:00
[2025-02-01T07:58:25.895+0000] {processor.py:208} INFO - Processing /home/airflow/.local/lib/python3.12/site-packages/airflow/example_dags/example_branch_operator.py took 0.202 seconds
[2025-02-01T07:58:56.224+0000] {processor.py:186} INFO - Started process (PID=3133) to work on /home/airflow/.local/lib/python3.12/site-packages/airflow/example_dags/example_branch_operator.py
[2025-02-01T07:58:56.225+0000] {processor.py:914} INFO - Processing file /home/airflow/.local/lib/python3.12/site-packages/airflow/example_dags/example_branch_operator.py for tasks to queue
[2025-02-01T07:58:56.228+0000] {logging_mixin.py:190} INFO - [2025-02-01T07:58:56.228+0000] {dagbag.py:588} INFO - Filling up the DagBag from /home/airflow/.local/lib/python3.12/site-packages/airflow/example_dags/example_branch_operator.py
[2025-02-01T07:58:56.251+0000] {processor.py:925} INFO - DAG(s) 'example_branch_operator' retrieved from /home/airflow/.local/lib/python3.12/site-packages/airflow/example_dags/example_branch_operator.py
[2025-02-01T07:58:56.288+0000] {logging_mixin.py:190} INFO - [2025-02-01T07:58:56.287+0000] {dag.py:3239} INFO - Sync 1 DAGs
[2025-02-01T07:58:56.317+0000] {logging_mixin.py:190} INFO - [2025-02-01T07:58:56.316+0000] {dag.py:4180} INFO - Setting next_dagrun for example_branch_operator to 2025-01-31 00:00:00+00:00, run_after=2025-02-01 00:00:00+00:00
[2025-02-01T07:58:56.344+0000] {processor.py:208} INFO - Processing /home/airflow/.local/lib/python3.12/site-packages/airflow/example_dags/example_branch_operator.py took 0.127 seconds
[2025-02-01T07:59:27.430+0000] {processor.py:186} INFO - Started process (PID=3197) to work on /home/airflow/.local/lib/python3.12/site-packages/airflow/example_dags/example_branch_operator.py
[2025-02-01T07:59:27.432+0000] {processor.py:914} INFO - Processing file /home/airflow/.local/lib/python3.12/site-packages/airflow/example_dags/example_branch_operator.py for tasks to queue
[2025-02-01T07:59:27.438+0000] {logging_mixin.py:190} INFO - [2025-02-01T07:59:27.437+0000] {dagbag.py:588} INFO - Filling up the DagBag from /home/airflow/.local/lib/python3.12/site-packages/airflow/example_dags/example_branch_operator.py
[2025-02-01T07:59:27.475+0000] {processor.py:925} INFO - DAG(s) 'example_branch_operator' retrieved from /home/airflow/.local/lib/python3.12/site-packages/airflow/example_dags/example_branch_operator.py
[2025-02-01T07:59:27.534+0000] {logging_mixin.py:190} INFO - [2025-02-01T07:59:27.534+0000] {dag.py:3239} INFO - Sync 1 DAGs
[2025-02-01T07:59:27.860+0000] {logging_mixin.py:190} INFO - [2025-02-01T07:59:27.860+0000] {dag.py:4180} INFO - Setting next_dagrun for example_branch_operator to 2025-01-31 00:00:00+00:00, run_after=2025-02-01 00:00:00+00:00
[2025-02-01T07:59:27.893+0000] {processor.py:208} INFO - Processing /home/airflow/.local/lib/python3.12/site-packages/airflow/example_dags/example_branch_operator.py took 0.476 seconds
[2025-02-01T07:59:57.980+0000] {processor.py:186} INFO - Started process (PID=3259) to work on /home/airflow/.local/lib/python3.12/site-packages/airflow/example_dags/example_branch_operator.py
[2025-02-01T07:59:57.981+0000] {processor.py:914} INFO - Processing file /home/airflow/.local/lib/python3.12/site-packages/airflow/example_dags/example_branch_operator.py for tasks to queue
[2025-02-01T07:59:57.985+0000] {logging_mixin.py:190} INFO - [2025-02-01T07:59:57.985+0000] {dagbag.py:588} INFO - Filling up the DagBag from /home/airflow/.local/lib/python3.12/site-packages/airflow/example_dags/example_branch_operator.py
[2025-02-01T07:59:58.010+0000] {processor.py:925} INFO - DAG(s) 'example_branch_operator' retrieved from /home/airflow/.local/lib/python3.12/site-packages/airflow/example_dags/example_branch_operator.py
[2025-02-01T07:59:58.049+0000] {logging_mixin.py:190} INFO - [2025-02-01T07:59:58.048+0000] {dag.py:3239} INFO - Sync 1 DAGs
[2025-02-01T07:59:58.339+0000] {logging_mixin.py:190} INFO - [2025-02-01T07:59:58.339+0000] {dag.py:4180} INFO - Setting next_dagrun for example_branch_operator to 2025-01-31 00:00:00+00:00, run_after=2025-02-01 00:00:00+00:00
[2025-02-01T07:59:58.366+0000] {processor.py:208} INFO - Processing /home/airflow/.local/lib/python3.12/site-packages/airflow/example_dags/example_branch_operator.py took 0.397 seconds
