[2025-02-01T07:34:11.313+0000] {processor.py:186} INFO - Started process (PID=76) to work on /home/airflow/.local/lib/python3.12/site-packages/airflow/example_dags/example_inlet_event_extra.py
[2025-02-01T07:34:11.329+0000] {processor.py:914} INFO - Processing file /home/airflow/.local/lib/python3.12/site-packages/airflow/example_dags/example_inlet_event_extra.py for tasks to queue
[2025-02-01T07:34:11.368+0000] {logging_mixin.py:190} INFO - [2025-02-01T07:34:11.366+0000] {dagbag.py:588} INFO - Filling up the DagBag from /home/airflow/.local/lib/python3.12/site-packages/airflow/example_dags/example_inlet_event_extra.py
[2025-02-01T07:34:21.458+0000] {processor.py:925} INFO - DAG(s) 'read_dataset_event_from_classic', 'read_dataset_event' retrieved from /home/airflow/.local/lib/python3.12/site-packages/airflow/example_dags/example_inlet_event_extra.py
[2025-02-01T07:34:21.883+0000] {logging_mixin.py:190} INFO - [2025-02-01T07:34:21.881+0000] {override.py:1911} INFO - Created Permission View: can edit on DAG:read_dataset_event_from_classic
[2025-02-01T07:34:21.920+0000] {logging_mixin.py:190} INFO - [2025-02-01T07:34:21.919+0000] {override.py:1911} INFO - Created Permission View: can delete on DAG:read_dataset_event_from_classic
[2025-02-01T07:34:21.961+0000] {logging_mixin.py:190} INFO - [2025-02-01T07:34:21.960+0000] {override.py:1911} INFO - Created Permission View: can read on DAG:read_dataset_event_from_classic
[2025-02-01T07:34:22.012+0000] {logging_mixin.py:190} INFO - [2025-02-01T07:34:22.012+0000] {override.py:1911} INFO - Created Permission View: can create on DAG Run:read_dataset_event_from_classic
[2025-02-01T07:34:22.037+0000] {logging_mixin.py:190} INFO - [2025-02-01T07:34:22.035+0000] {override.py:1911} INFO - Created Permission View: can delete on DAG Run:read_dataset_event_from_classic
[2025-02-01T07:34:22.064+0000] {logging_mixin.py:190} INFO - [2025-02-01T07:34:22.063+0000] {override.py:1911} INFO - Created Permission View: menu access on DAG Run:read_dataset_event_from_classic
[2025-02-01T07:34:22.098+0000] {logging_mixin.py:190} INFO - [2025-02-01T07:34:22.097+0000] {override.py:1911} INFO - Created Permission View: can read on DAG Run:read_dataset_event_from_classic
[2025-02-01T07:34:22.187+0000] {logging_mixin.py:190} INFO - [2025-02-01T07:34:22.186+0000] {override.py:1911} INFO - Created Permission View: can edit on DAG:read_dataset_event
[2025-02-01T07:34:22.224+0000] {logging_mixin.py:190} INFO - [2025-02-01T07:34:22.223+0000] {override.py:1911} INFO - Created Permission View: can delete on DAG:read_dataset_event
[2025-02-01T07:34:22.246+0000] {logging_mixin.py:190} INFO - [2025-02-01T07:34:22.245+0000] {override.py:1911} INFO - Created Permission View: can read on DAG:read_dataset_event
[2025-02-01T07:34:22.278+0000] {logging_mixin.py:190} INFO - [2025-02-01T07:34:22.277+0000] {override.py:1911} INFO - Created Permission View: can create on DAG Run:read_dataset_event
[2025-02-01T07:34:22.299+0000] {logging_mixin.py:190} INFO - [2025-02-01T07:34:22.298+0000] {override.py:1911} INFO - Created Permission View: can delete on DAG Run:read_dataset_event
[2025-02-01T07:34:22.326+0000] {logging_mixin.py:190} INFO - [2025-02-01T07:34:22.325+0000] {override.py:1911} INFO - Created Permission View: menu access on DAG Run:read_dataset_event
[2025-02-01T07:34:22.353+0000] {logging_mixin.py:190} INFO - [2025-02-01T07:34:22.352+0000] {override.py:1911} INFO - Created Permission View: can read on DAG Run:read_dataset_event
[2025-02-01T07:34:22.355+0000] {logging_mixin.py:190} INFO - [2025-02-01T07:34:22.354+0000] {dag.py:3239} INFO - Sync 2 DAGs
[2025-02-01T07:34:22.471+0000] {logging_mixin.py:190} INFO - [2025-02-01T07:34:22.453+0000] {dag.py:3262} INFO - Creating ORM DAG for read_dataset_event
[2025-02-01T07:34:22.476+0000] {logging_mixin.py:190} INFO - [2025-02-01T07:34:22.475+0000] {dag.py:3262} INFO - Creating ORM DAG for read_dataset_event_from_classic
[2025-02-01T07:34:22.571+0000] {logging_mixin.py:190} INFO - [2025-02-01T07:34:22.565+0000] {dag.py:4180} INFO - Setting next_dagrun for read_dataset_event to 2025-01-31 00:00:00+00:00, run_after=2025-02-01 00:00:00+00:00
[2025-02-01T07:34:22.585+0000] {logging_mixin.py:190} INFO - [2025-02-01T07:34:22.585+0000] {dag.py:4180} INFO - Setting next_dagrun for read_dataset_event_from_classic to 2025-01-31 00:00:00+00:00, run_after=2025-02-01 00:00:00+00:00
[2025-02-01T07:34:22.725+0000] {processor.py:208} INFO - Processing /home/airflow/.local/lib/python3.12/site-packages/airflow/example_dags/example_inlet_event_extra.py took 11.470 seconds
[2025-02-01T07:34:53.519+0000] {processor.py:186} INFO - Started process (PID=151) to work on /home/airflow/.local/lib/python3.12/site-packages/airflow/example_dags/example_inlet_event_extra.py
[2025-02-01T07:34:53.520+0000] {processor.py:914} INFO - Processing file /home/airflow/.local/lib/python3.12/site-packages/airflow/example_dags/example_inlet_event_extra.py for tasks to queue
[2025-02-01T07:34:53.523+0000] {logging_mixin.py:190} INFO - [2025-02-01T07:34:53.522+0000] {dagbag.py:588} INFO - Filling up the DagBag from /home/airflow/.local/lib/python3.12/site-packages/airflow/example_dags/example_inlet_event_extra.py
[2025-02-01T07:34:54.106+0000] {processor.py:925} INFO - DAG(s) 'read_dataset_event_from_classic', 'read_dataset_event' retrieved from /home/airflow/.local/lib/python3.12/site-packages/airflow/example_dags/example_inlet_event_extra.py
[2025-02-01T07:34:54.131+0000] {logging_mixin.py:190} INFO - [2025-02-01T07:34:54.131+0000] {dag.py:3239} INFO - Sync 2 DAGs
[2025-02-01T07:34:54.159+0000] {logging_mixin.py:190} INFO - [2025-02-01T07:34:54.159+0000] {dag.py:4180} INFO - Setting next_dagrun for read_dataset_event to 2025-01-31 00:00:00+00:00, run_after=2025-02-01 00:00:00+00:00
[2025-02-01T07:34:54.165+0000] {logging_mixin.py:190} INFO - [2025-02-01T07:34:54.165+0000] {dag.py:4180} INFO - Setting next_dagrun for read_dataset_event_from_classic to 2025-01-31 00:00:00+00:00, run_after=2025-02-01 00:00:00+00:00
[2025-02-01T07:34:54.190+0000] {processor.py:208} INFO - Processing /home/airflow/.local/lib/python3.12/site-packages/airflow/example_dags/example_inlet_event_extra.py took 0.676 seconds
[2025-02-01T07:35:24.925+0000] {processor.py:186} INFO - Started process (PID=215) to work on /home/airflow/.local/lib/python3.12/site-packages/airflow/example_dags/example_inlet_event_extra.py
[2025-02-01T07:35:24.926+0000] {processor.py:914} INFO - Processing file /home/airflow/.local/lib/python3.12/site-packages/airflow/example_dags/example_inlet_event_extra.py for tasks to queue
[2025-02-01T07:35:24.929+0000] {logging_mixin.py:190} INFO - [2025-02-01T07:35:24.929+0000] {dagbag.py:588} INFO - Filling up the DagBag from /home/airflow/.local/lib/python3.12/site-packages/airflow/example_dags/example_inlet_event_extra.py
[2025-02-01T07:35:25.791+0000] {processor.py:925} INFO - DAG(s) 'read_dataset_event_from_classic', 'read_dataset_event' retrieved from /home/airflow/.local/lib/python3.12/site-packages/airflow/example_dags/example_inlet_event_extra.py
[2025-02-01T07:35:25.838+0000] {logging_mixin.py:190} INFO - [2025-02-01T07:35:25.837+0000] {dag.py:3239} INFO - Sync 2 DAGs
[2025-02-01T07:35:25.895+0000] {logging_mixin.py:190} INFO - [2025-02-01T07:35:25.894+0000] {dag.py:4180} INFO - Setting next_dagrun for read_dataset_event to 2025-01-31 00:00:00+00:00, run_after=2025-02-01 00:00:00+00:00
[2025-02-01T07:35:25.905+0000] {logging_mixin.py:190} INFO - [2025-02-01T07:35:25.905+0000] {dag.py:4180} INFO - Setting next_dagrun for read_dataset_event_from_classic to 2025-01-31 00:00:00+00:00, run_after=2025-02-01 00:00:00+00:00
[2025-02-01T07:35:25.940+0000] {processor.py:208} INFO - Processing /home/airflow/.local/lib/python3.12/site-packages/airflow/example_dags/example_inlet_event_extra.py took 1.021 seconds
[2025-02-01T07:35:56.106+0000] {processor.py:186} INFO - Started process (PID=280) to work on /home/airflow/.local/lib/python3.12/site-packages/airflow/example_dags/example_inlet_event_extra.py
[2025-02-01T07:35:56.151+0000] {processor.py:914} INFO - Processing file /home/airflow/.local/lib/python3.12/site-packages/airflow/example_dags/example_inlet_event_extra.py for tasks to queue
[2025-02-01T07:35:56.156+0000] {logging_mixin.py:190} INFO - [2025-02-01T07:35:56.156+0000] {dagbag.py:588} INFO - Filling up the DagBag from /home/airflow/.local/lib/python3.12/site-packages/airflow/example_dags/example_inlet_event_extra.py
[2025-02-01T07:35:57.841+0000] {processor.py:925} INFO - DAG(s) 'read_dataset_event', 'read_dataset_event_from_classic' retrieved from /home/airflow/.local/lib/python3.12/site-packages/airflow/example_dags/example_inlet_event_extra.py
[2025-02-01T07:35:57.937+0000] {logging_mixin.py:190} INFO - [2025-02-01T07:35:57.936+0000] {dag.py:3239} INFO - Sync 2 DAGs
[2025-02-01T07:35:58.115+0000] {logging_mixin.py:190} INFO - [2025-02-01T07:35:58.114+0000] {dag.py:4180} INFO - Setting next_dagrun for read_dataset_event to 2025-01-31 00:00:00+00:00, run_after=2025-02-01 00:00:00+00:00
[2025-02-01T07:35:58.176+0000] {logging_mixin.py:190} INFO - [2025-02-01T07:35:58.176+0000] {dag.py:4180} INFO - Setting next_dagrun for read_dataset_event_from_classic to 2025-01-31 00:00:00+00:00, run_after=2025-02-01 00:00:00+00:00
[2025-02-01T07:35:58.404+0000] {processor.py:208} INFO - Processing /home/airflow/.local/lib/python3.12/site-packages/airflow/example_dags/example_inlet_event_extra.py took 2.307 seconds
[2025-02-01T07:36:29.130+0000] {processor.py:186} INFO - Started process (PID=344) to work on /home/airflow/.local/lib/python3.12/site-packages/airflow/example_dags/example_inlet_event_extra.py
[2025-02-01T07:36:29.133+0000] {processor.py:914} INFO - Processing file /home/airflow/.local/lib/python3.12/site-packages/airflow/example_dags/example_inlet_event_extra.py for tasks to queue
[2025-02-01T07:36:29.138+0000] {logging_mixin.py:190} INFO - [2025-02-01T07:36:29.137+0000] {dagbag.py:588} INFO - Filling up the DagBag from /home/airflow/.local/lib/python3.12/site-packages/airflow/example_dags/example_inlet_event_extra.py
[2025-02-01T07:36:30.250+0000] {processor.py:925} INFO - DAG(s) 'read_dataset_event', 'read_dataset_event_from_classic' retrieved from /home/airflow/.local/lib/python3.12/site-packages/airflow/example_dags/example_inlet_event_extra.py
[2025-02-01T07:36:30.283+0000] {logging_mixin.py:190} INFO - [2025-02-01T07:36:30.283+0000] {dag.py:3239} INFO - Sync 2 DAGs
[2025-02-01T07:36:30.324+0000] {logging_mixin.py:190} INFO - [2025-02-01T07:36:30.323+0000] {dag.py:4180} INFO - Setting next_dagrun for read_dataset_event to 2025-01-31 00:00:00+00:00, run_after=2025-02-01 00:00:00+00:00
[2025-02-01T07:36:30.333+0000] {logging_mixin.py:190} INFO - [2025-02-01T07:36:30.332+0000] {dag.py:4180} INFO - Setting next_dagrun for read_dataset_event_from_classic to 2025-01-31 00:00:00+00:00, run_after=2025-02-01 00:00:00+00:00
[2025-02-01T07:36:30.361+0000] {processor.py:208} INFO - Processing /home/airflow/.local/lib/python3.12/site-packages/airflow/example_dags/example_inlet_event_extra.py took 1.244 seconds
[2025-02-01T07:37:00.499+0000] {processor.py:186} INFO - Started process (PID=408) to work on /home/airflow/.local/lib/python3.12/site-packages/airflow/example_dags/example_inlet_event_extra.py
[2025-02-01T07:37:00.501+0000] {processor.py:914} INFO - Processing file /home/airflow/.local/lib/python3.12/site-packages/airflow/example_dags/example_inlet_event_extra.py for tasks to queue
[2025-02-01T07:37:00.506+0000] {logging_mixin.py:190} INFO - [2025-02-01T07:37:00.505+0000] {dagbag.py:588} INFO - Filling up the DagBag from /home/airflow/.local/lib/python3.12/site-packages/airflow/example_dags/example_inlet_event_extra.py
[2025-02-01T07:37:01.683+0000] {processor.py:925} INFO - DAG(s) 'read_dataset_event', 'read_dataset_event_from_classic' retrieved from /home/airflow/.local/lib/python3.12/site-packages/airflow/example_dags/example_inlet_event_extra.py
[2025-02-01T07:37:01.725+0000] {logging_mixin.py:190} INFO - [2025-02-01T07:37:01.725+0000] {dag.py:3239} INFO - Sync 2 DAGs
[2025-02-01T07:37:01.783+0000] {logging_mixin.py:190} INFO - [2025-02-01T07:37:01.783+0000] {dag.py:4180} INFO - Setting next_dagrun for read_dataset_event to 2025-01-31 00:00:00+00:00, run_after=2025-02-01 00:00:00+00:00
[2025-02-01T07:37:01.794+0000] {logging_mixin.py:190} INFO - [2025-02-01T07:37:01.793+0000] {dag.py:4180} INFO - Setting next_dagrun for read_dataset_event_from_classic to 2025-01-31 00:00:00+00:00, run_after=2025-02-01 00:00:00+00:00
[2025-02-01T07:37:01.829+0000] {processor.py:208} INFO - Processing /home/airflow/.local/lib/python3.12/site-packages/airflow/example_dags/example_inlet_event_extra.py took 1.339 seconds
[2025-02-01T07:37:32.872+0000] {processor.py:186} INFO - Started process (PID=473) to work on /home/airflow/.local/lib/python3.12/site-packages/airflow/example_dags/example_inlet_event_extra.py
[2025-02-01T07:37:32.874+0000] {processor.py:914} INFO - Processing file /home/airflow/.local/lib/python3.12/site-packages/airflow/example_dags/example_inlet_event_extra.py for tasks to queue
[2025-02-01T07:37:32.876+0000] {logging_mixin.py:190} INFO - [2025-02-01T07:37:32.876+0000] {dagbag.py:588} INFO - Filling up the DagBag from /home/airflow/.local/lib/python3.12/site-packages/airflow/example_dags/example_inlet_event_extra.py
[2025-02-01T07:37:33.437+0000] {processor.py:925} INFO - DAG(s) 'read_dataset_event_from_classic', 'read_dataset_event' retrieved from /home/airflow/.local/lib/python3.12/site-packages/airflow/example_dags/example_inlet_event_extra.py
[2025-02-01T07:37:33.460+0000] {logging_mixin.py:190} INFO - [2025-02-01T07:37:33.460+0000] {dag.py:3239} INFO - Sync 2 DAGs
[2025-02-01T07:37:33.488+0000] {logging_mixin.py:190} INFO - [2025-02-01T07:37:33.488+0000] {dag.py:4180} INFO - Setting next_dagrun for read_dataset_event to 2025-01-31 00:00:00+00:00, run_after=2025-02-01 00:00:00+00:00
[2025-02-01T07:37:33.494+0000] {logging_mixin.py:190} INFO - [2025-02-01T07:37:33.494+0000] {dag.py:4180} INFO - Setting next_dagrun for read_dataset_event_from_classic to 2025-01-31 00:00:00+00:00, run_after=2025-02-01 00:00:00+00:00
[2025-02-01T07:37:33.518+0000] {processor.py:208} INFO - Processing /home/airflow/.local/lib/python3.12/site-packages/airflow/example_dags/example_inlet_event_extra.py took 0.652 seconds
[2025-02-01T07:38:04.368+0000] {processor.py:186} INFO - Started process (PID=536) to work on /home/airflow/.local/lib/python3.12/site-packages/airflow/example_dags/example_inlet_event_extra.py
[2025-02-01T07:38:04.369+0000] {processor.py:914} INFO - Processing file /home/airflow/.local/lib/python3.12/site-packages/airflow/example_dags/example_inlet_event_extra.py for tasks to queue
[2025-02-01T07:38:04.372+0000] {logging_mixin.py:190} INFO - [2025-02-01T07:38:04.372+0000] {dagbag.py:588} INFO - Filling up the DagBag from /home/airflow/.local/lib/python3.12/site-packages/airflow/example_dags/example_inlet_event_extra.py
[2025-02-01T07:38:04.902+0000] {processor.py:925} INFO - DAG(s) 'read_dataset_event_from_classic', 'read_dataset_event' retrieved from /home/airflow/.local/lib/python3.12/site-packages/airflow/example_dags/example_inlet_event_extra.py
[2025-02-01T07:38:04.925+0000] {logging_mixin.py:190} INFO - [2025-02-01T07:38:04.925+0000] {dag.py:3239} INFO - Sync 2 DAGs
[2025-02-01T07:38:04.950+0000] {logging_mixin.py:190} INFO - [2025-02-01T07:38:04.949+0000] {dag.py:4180} INFO - Setting next_dagrun for read_dataset_event to 2025-01-31 00:00:00+00:00, run_after=2025-02-01 00:00:00+00:00
[2025-02-01T07:38:04.956+0000] {logging_mixin.py:190} INFO - [2025-02-01T07:38:04.956+0000] {dag.py:4180} INFO - Setting next_dagrun for read_dataset_event_from_classic to 2025-01-31 00:00:00+00:00, run_after=2025-02-01 00:00:00+00:00
[2025-02-01T07:38:04.977+0000] {processor.py:208} INFO - Processing /home/airflow/.local/lib/python3.12/site-packages/airflow/example_dags/example_inlet_event_extra.py took 0.614 seconds
[2025-02-01T07:38:35.068+0000] {processor.py:186} INFO - Started process (PID=599) to work on /home/airflow/.local/lib/python3.12/site-packages/airflow/example_dags/example_inlet_event_extra.py
[2025-02-01T07:38:35.070+0000] {processor.py:914} INFO - Processing file /home/airflow/.local/lib/python3.12/site-packages/airflow/example_dags/example_inlet_event_extra.py for tasks to queue
[2025-02-01T07:38:35.077+0000] {logging_mixin.py:190} INFO - [2025-02-01T07:38:35.076+0000] {dagbag.py:588} INFO - Filling up the DagBag from /home/airflow/.local/lib/python3.12/site-packages/airflow/example_dags/example_inlet_event_extra.py
[2025-02-01T07:38:36.483+0000] {processor.py:925} INFO - DAG(s) 'read_dataset_event', 'read_dataset_event_from_classic' retrieved from /home/airflow/.local/lib/python3.12/site-packages/airflow/example_dags/example_inlet_event_extra.py
[2025-02-01T07:38:36.531+0000] {logging_mixin.py:190} INFO - [2025-02-01T07:38:36.531+0000] {dag.py:3239} INFO - Sync 2 DAGs
[2025-02-01T07:38:36.589+0000] {logging_mixin.py:190} INFO - [2025-02-01T07:38:36.588+0000] {dag.py:4180} INFO - Setting next_dagrun for read_dataset_event to 2025-01-31 00:00:00+00:00, run_after=2025-02-01 00:00:00+00:00
[2025-02-01T07:38:36.601+0000] {logging_mixin.py:190} INFO - [2025-02-01T07:38:36.600+0000] {dag.py:4180} INFO - Setting next_dagrun for read_dataset_event_from_classic to 2025-01-31 00:00:00+00:00, run_after=2025-02-01 00:00:00+00:00
[2025-02-01T07:38:36.640+0000] {processor.py:208} INFO - Processing /home/airflow/.local/lib/python3.12/site-packages/airflow/example_dags/example_inlet_event_extra.py took 1.586 seconds
[2025-02-01T07:39:06.885+0000] {processor.py:186} INFO - Started process (PID=664) to work on /home/airflow/.local/lib/python3.12/site-packages/airflow/example_dags/example_inlet_event_extra.py
[2025-02-01T07:39:06.888+0000] {processor.py:914} INFO - Processing file /home/airflow/.local/lib/python3.12/site-packages/airflow/example_dags/example_inlet_event_extra.py for tasks to queue
[2025-02-01T07:39:06.892+0000] {logging_mixin.py:190} INFO - [2025-02-01T07:39:06.891+0000] {dagbag.py:588} INFO - Filling up the DagBag from /home/airflow/.local/lib/python3.12/site-packages/airflow/example_dags/example_inlet_event_extra.py
[2025-02-01T07:39:08.204+0000] {processor.py:925} INFO - DAG(s) 'read_dataset_event_from_classic', 'read_dataset_event' retrieved from /home/airflow/.local/lib/python3.12/site-packages/airflow/example_dags/example_inlet_event_extra.py
[2025-02-01T07:39:08.266+0000] {logging_mixin.py:190} INFO - [2025-02-01T07:39:08.265+0000] {dag.py:3239} INFO - Sync 2 DAGs
[2025-02-01T07:39:08.348+0000] {logging_mixin.py:190} INFO - [2025-02-01T07:39:08.347+0000] {dag.py:4180} INFO - Setting next_dagrun for read_dataset_event to 2025-01-31 00:00:00+00:00, run_after=2025-02-01 00:00:00+00:00
[2025-02-01T07:39:08.364+0000] {logging_mixin.py:190} INFO - [2025-02-01T07:39:08.364+0000] {dag.py:4180} INFO - Setting next_dagrun for read_dataset_event_from_classic to 2025-01-31 00:00:00+00:00, run_after=2025-02-01 00:00:00+00:00
[2025-02-01T07:39:08.410+0000] {processor.py:208} INFO - Processing /home/airflow/.local/lib/python3.12/site-packages/airflow/example_dags/example_inlet_event_extra.py took 1.537 seconds
[2025-02-01T07:39:38.678+0000] {processor.py:186} INFO - Started process (PID=728) to work on /home/airflow/.local/lib/python3.12/site-packages/airflow/example_dags/example_inlet_event_extra.py
[2025-02-01T07:39:38.680+0000] {processor.py:914} INFO - Processing file /home/airflow/.local/lib/python3.12/site-packages/airflow/example_dags/example_inlet_event_extra.py for tasks to queue
[2025-02-01T07:39:38.686+0000] {logging_mixin.py:190} INFO - [2025-02-01T07:39:38.685+0000] {dagbag.py:588} INFO - Filling up the DagBag from /home/airflow/.local/lib/python3.12/site-packages/airflow/example_dags/example_inlet_event_extra.py
[2025-02-01T07:39:39.755+0000] {processor.py:925} INFO - DAG(s) 'read_dataset_event_from_classic', 'read_dataset_event' retrieved from /home/airflow/.local/lib/python3.12/site-packages/airflow/example_dags/example_inlet_event_extra.py
[2025-02-01T07:39:39.799+0000] {logging_mixin.py:190} INFO - [2025-02-01T07:39:39.798+0000] {dag.py:3239} INFO - Sync 2 DAGs
[2025-02-01T07:39:39.890+0000] {logging_mixin.py:190} INFO - [2025-02-01T07:39:39.889+0000] {dag.py:4180} INFO - Setting next_dagrun for read_dataset_event to 2025-01-31 00:00:00+00:00, run_after=2025-02-01 00:00:00+00:00
[2025-02-01T07:39:39.920+0000] {logging_mixin.py:190} INFO - [2025-02-01T07:39:39.920+0000] {dag.py:4180} INFO - Setting next_dagrun for read_dataset_event_from_classic to 2025-01-31 00:00:00+00:00, run_after=2025-02-01 00:00:00+00:00
[2025-02-01T07:39:39.963+0000] {processor.py:208} INFO - Processing /home/airflow/.local/lib/python3.12/site-packages/airflow/example_dags/example_inlet_event_extra.py took 1.296 seconds
[2025-02-01T07:40:10.117+0000] {processor.py:186} INFO - Started process (PID=791) to work on /home/airflow/.local/lib/python3.12/site-packages/airflow/example_dags/example_inlet_event_extra.py
[2025-02-01T07:40:10.120+0000] {processor.py:914} INFO - Processing file /home/airflow/.local/lib/python3.12/site-packages/airflow/example_dags/example_inlet_event_extra.py for tasks to queue
[2025-02-01T07:40:10.125+0000] {logging_mixin.py:190} INFO - [2025-02-01T07:40:10.124+0000] {dagbag.py:588} INFO - Filling up the DagBag from /home/airflow/.local/lib/python3.12/site-packages/airflow/example_dags/example_inlet_event_extra.py
[2025-02-01T07:40:11.384+0000] {processor.py:925} INFO - DAG(s) 'read_dataset_event', 'read_dataset_event_from_classic' retrieved from /home/airflow/.local/lib/python3.12/site-packages/airflow/example_dags/example_inlet_event_extra.py
[2025-02-01T07:40:11.418+0000] {logging_mixin.py:190} INFO - [2025-02-01T07:40:11.418+0000] {dag.py:3239} INFO - Sync 2 DAGs
[2025-02-01T07:40:11.468+0000] {logging_mixin.py:190} INFO - [2025-02-01T07:40:11.467+0000] {dag.py:4180} INFO - Setting next_dagrun for read_dataset_event to 2025-01-31 00:00:00+00:00, run_after=2025-02-01 00:00:00+00:00
[2025-02-01T07:40:11.476+0000] {logging_mixin.py:190} INFO - [2025-02-01T07:40:11.476+0000] {dag.py:4180} INFO - Setting next_dagrun for read_dataset_event_from_classic to 2025-01-31 00:00:00+00:00, run_after=2025-02-01 00:00:00+00:00
[2025-02-01T07:40:11.508+0000] {processor.py:208} INFO - Processing /home/airflow/.local/lib/python3.12/site-packages/airflow/example_dags/example_inlet_event_extra.py took 1.425 seconds
[2025-02-01T07:40:42.100+0000] {processor.py:186} INFO - Started process (PID=855) to work on /home/airflow/.local/lib/python3.12/site-packages/airflow/example_dags/example_inlet_event_extra.py
[2025-02-01T07:40:42.102+0000] {processor.py:914} INFO - Processing file /home/airflow/.local/lib/python3.12/site-packages/airflow/example_dags/example_inlet_event_extra.py for tasks to queue
[2025-02-01T07:40:42.107+0000] {logging_mixin.py:190} INFO - [2025-02-01T07:40:42.107+0000] {dagbag.py:588} INFO - Filling up the DagBag from /home/airflow/.local/lib/python3.12/site-packages/airflow/example_dags/example_inlet_event_extra.py
[2025-02-01T07:40:43.467+0000] {processor.py:925} INFO - DAG(s) 'read_dataset_event', 'read_dataset_event_from_classic' retrieved from /home/airflow/.local/lib/python3.12/site-packages/airflow/example_dags/example_inlet_event_extra.py
[2025-02-01T07:40:43.521+0000] {logging_mixin.py:190} INFO - [2025-02-01T07:40:43.521+0000] {dag.py:3239} INFO - Sync 2 DAGs
[2025-02-01T07:40:43.592+0000] {logging_mixin.py:190} INFO - [2025-02-01T07:40:43.592+0000] {dag.py:4180} INFO - Setting next_dagrun for read_dataset_event to 2025-01-31 00:00:00+00:00, run_after=2025-02-01 00:00:00+00:00
[2025-02-01T07:40:43.609+0000] {logging_mixin.py:190} INFO - [2025-02-01T07:40:43.608+0000] {dag.py:4180} INFO - Setting next_dagrun for read_dataset_event_from_classic to 2025-01-31 00:00:00+00:00, run_after=2025-02-01 00:00:00+00:00
[2025-02-01T07:40:43.655+0000] {processor.py:208} INFO - Processing /home/airflow/.local/lib/python3.12/site-packages/airflow/example_dags/example_inlet_event_extra.py took 1.564 seconds
[2025-02-01T07:41:13.772+0000] {processor.py:186} INFO - Started process (PID=919) to work on /home/airflow/.local/lib/python3.12/site-packages/airflow/example_dags/example_inlet_event_extra.py
[2025-02-01T07:41:13.774+0000] {processor.py:914} INFO - Processing file /home/airflow/.local/lib/python3.12/site-packages/airflow/example_dags/example_inlet_event_extra.py for tasks to queue
[2025-02-01T07:41:13.780+0000] {logging_mixin.py:190} INFO - [2025-02-01T07:41:13.779+0000] {dagbag.py:588} INFO - Filling up the DagBag from /home/airflow/.local/lib/python3.12/site-packages/airflow/example_dags/example_inlet_event_extra.py
[2025-02-01T07:41:14.757+0000] {processor.py:925} INFO - DAG(s) 'read_dataset_event_from_classic', 'read_dataset_event' retrieved from /home/airflow/.local/lib/python3.12/site-packages/airflow/example_dags/example_inlet_event_extra.py
[2025-02-01T07:41:14.794+0000] {logging_mixin.py:190} INFO - [2025-02-01T07:41:14.793+0000] {dag.py:3239} INFO - Sync 2 DAGs
[2025-02-01T07:41:14.842+0000] {logging_mixin.py:190} INFO - [2025-02-01T07:41:14.842+0000] {dag.py:4180} INFO - Setting next_dagrun for read_dataset_event to 2025-01-31 00:00:00+00:00, run_after=2025-02-01 00:00:00+00:00
[2025-02-01T07:41:14.854+0000] {logging_mixin.py:190} INFO - [2025-02-01T07:41:14.854+0000] {dag.py:4180} INFO - Setting next_dagrun for read_dataset_event_from_classic to 2025-01-31 00:00:00+00:00, run_after=2025-02-01 00:00:00+00:00
[2025-02-01T07:41:14.889+0000] {processor.py:208} INFO - Processing /home/airflow/.local/lib/python3.12/site-packages/airflow/example_dags/example_inlet_event_extra.py took 1.129 seconds
[2025-02-01T07:41:45.212+0000] {processor.py:186} INFO - Started process (PID=983) to work on /home/airflow/.local/lib/python3.12/site-packages/airflow/example_dags/example_inlet_event_extra.py
[2025-02-01T07:41:45.213+0000] {processor.py:914} INFO - Processing file /home/airflow/.local/lib/python3.12/site-packages/airflow/example_dags/example_inlet_event_extra.py for tasks to queue
[2025-02-01T07:41:45.216+0000] {logging_mixin.py:190} INFO - [2025-02-01T07:41:45.215+0000] {dagbag.py:588} INFO - Filling up the DagBag from /home/airflow/.local/lib/python3.12/site-packages/airflow/example_dags/example_inlet_event_extra.py
[2025-02-01T07:41:45.853+0000] {processor.py:925} INFO - DAG(s) 'read_dataset_event', 'read_dataset_event_from_classic' retrieved from /home/airflow/.local/lib/python3.12/site-packages/airflow/example_dags/example_inlet_event_extra.py
[2025-02-01T07:41:45.880+0000] {logging_mixin.py:190} INFO - [2025-02-01T07:41:45.879+0000] {dag.py:3239} INFO - Sync 2 DAGs
[2025-02-01T07:41:45.908+0000] {logging_mixin.py:190} INFO - [2025-02-01T07:41:45.907+0000] {dag.py:4180} INFO - Setting next_dagrun for read_dataset_event to 2025-01-31 00:00:00+00:00, run_after=2025-02-01 00:00:00+00:00
[2025-02-01T07:41:45.914+0000] {logging_mixin.py:190} INFO - [2025-02-01T07:41:45.914+0000] {dag.py:4180} INFO - Setting next_dagrun for read_dataset_event_from_classic to 2025-01-31 00:00:00+00:00, run_after=2025-02-01 00:00:00+00:00
[2025-02-01T07:41:45.941+0000] {processor.py:208} INFO - Processing /home/airflow/.local/lib/python3.12/site-packages/airflow/example_dags/example_inlet_event_extra.py took 0.735 seconds
[2025-02-01T07:42:16.024+0000] {processor.py:186} INFO - Started process (PID=1053) to work on /home/airflow/.local/lib/python3.12/site-packages/airflow/example_dags/example_inlet_event_extra.py
[2025-02-01T07:42:16.025+0000] {processor.py:914} INFO - Processing file /home/airflow/.local/lib/python3.12/site-packages/airflow/example_dags/example_inlet_event_extra.py for tasks to queue
[2025-02-01T07:42:16.028+0000] {logging_mixin.py:190} INFO - [2025-02-01T07:42:16.028+0000] {dagbag.py:588} INFO - Filling up the DagBag from /home/airflow/.local/lib/python3.12/site-packages/airflow/example_dags/example_inlet_event_extra.py
[2025-02-01T07:42:16.654+0000] {processor.py:925} INFO - DAG(s) 'read_dataset_event_from_classic', 'read_dataset_event' retrieved from /home/airflow/.local/lib/python3.12/site-packages/airflow/example_dags/example_inlet_event_extra.py
[2025-02-01T07:42:16.678+0000] {logging_mixin.py:190} INFO - [2025-02-01T07:42:16.678+0000] {dag.py:3239} INFO - Sync 2 DAGs
[2025-02-01T07:42:16.707+0000] {logging_mixin.py:190} INFO - [2025-02-01T07:42:16.706+0000] {dag.py:4180} INFO - Setting next_dagrun for read_dataset_event to 2025-01-31 00:00:00+00:00, run_after=2025-02-01 00:00:00+00:00
[2025-02-01T07:42:16.713+0000] {logging_mixin.py:190} INFO - [2025-02-01T07:42:16.713+0000] {dag.py:4180} INFO - Setting next_dagrun for read_dataset_event_from_classic to 2025-01-31 00:00:00+00:00, run_after=2025-02-01 00:00:00+00:00
[2025-02-01T07:42:16.740+0000] {processor.py:208} INFO - Processing /home/airflow/.local/lib/python3.12/site-packages/airflow/example_dags/example_inlet_event_extra.py took 0.723 seconds
[2025-02-01T07:42:47.219+0000] {processor.py:186} INFO - Started process (PID=1116) to work on /home/airflow/.local/lib/python3.12/site-packages/airflow/example_dags/example_inlet_event_extra.py
[2025-02-01T07:42:47.221+0000] {processor.py:914} INFO - Processing file /home/airflow/.local/lib/python3.12/site-packages/airflow/example_dags/example_inlet_event_extra.py for tasks to queue
[2025-02-01T07:42:47.224+0000] {logging_mixin.py:190} INFO - [2025-02-01T07:42:47.224+0000] {dagbag.py:588} INFO - Filling up the DagBag from /home/airflow/.local/lib/python3.12/site-packages/airflow/example_dags/example_inlet_event_extra.py
[2025-02-01T07:42:47.885+0000] {processor.py:925} INFO - DAG(s) 'read_dataset_event', 'read_dataset_event_from_classic' retrieved from /home/airflow/.local/lib/python3.12/site-packages/airflow/example_dags/example_inlet_event_extra.py
[2025-02-01T07:42:47.910+0000] {logging_mixin.py:190} INFO - [2025-02-01T07:42:47.910+0000] {dag.py:3239} INFO - Sync 2 DAGs
[2025-02-01T07:42:47.940+0000] {logging_mixin.py:190} INFO - [2025-02-01T07:42:47.940+0000] {dag.py:4180} INFO - Setting next_dagrun for read_dataset_event to 2025-01-31 00:00:00+00:00, run_after=2025-02-01 00:00:00+00:00
[2025-02-01T07:42:47.947+0000] {logging_mixin.py:190} INFO - [2025-02-01T07:42:47.946+0000] {dag.py:4180} INFO - Setting next_dagrun for read_dataset_event_from_classic to 2025-01-31 00:00:00+00:00, run_after=2025-02-01 00:00:00+00:00
[2025-02-01T07:42:47.970+0000] {processor.py:208} INFO - Processing /home/airflow/.local/lib/python3.12/site-packages/airflow/example_dags/example_inlet_event_extra.py took 0.758 seconds
[2025-02-01T07:43:18.446+0000] {processor.py:186} INFO - Started process (PID=1180) to work on /home/airflow/.local/lib/python3.12/site-packages/airflow/example_dags/example_inlet_event_extra.py
[2025-02-01T07:43:18.448+0000] {processor.py:914} INFO - Processing file /home/airflow/.local/lib/python3.12/site-packages/airflow/example_dags/example_inlet_event_extra.py for tasks to queue
[2025-02-01T07:43:18.452+0000] {logging_mixin.py:190} INFO - [2025-02-01T07:43:18.451+0000] {dagbag.py:588} INFO - Filling up the DagBag from /home/airflow/.local/lib/python3.12/site-packages/airflow/example_dags/example_inlet_event_extra.py
[2025-02-01T07:43:19.175+0000] {processor.py:925} INFO - DAG(s) 'read_dataset_event', 'read_dataset_event_from_classic' retrieved from /home/airflow/.local/lib/python3.12/site-packages/airflow/example_dags/example_inlet_event_extra.py
[2025-02-01T07:43:19.202+0000] {logging_mixin.py:190} INFO - [2025-02-01T07:43:19.202+0000] {dag.py:3239} INFO - Sync 2 DAGs
[2025-02-01T07:43:19.235+0000] {logging_mixin.py:190} INFO - [2025-02-01T07:43:19.235+0000] {dag.py:4180} INFO - Setting next_dagrun for read_dataset_event to 2025-01-31 00:00:00+00:00, run_after=2025-02-01 00:00:00+00:00
[2025-02-01T07:43:19.247+0000] {logging_mixin.py:190} INFO - [2025-02-01T07:43:19.246+0000] {dag.py:4180} INFO - Setting next_dagrun for read_dataset_event_from_classic to 2025-01-31 00:00:00+00:00, run_after=2025-02-01 00:00:00+00:00
[2025-02-01T07:43:19.276+0000] {processor.py:208} INFO - Processing /home/airflow/.local/lib/python3.12/site-packages/airflow/example_dags/example_inlet_event_extra.py took 0.839 seconds
[2025-02-01T07:43:49.939+0000] {processor.py:186} INFO - Started process (PID=1243) to work on /home/airflow/.local/lib/python3.12/site-packages/airflow/example_dags/example_inlet_event_extra.py
[2025-02-01T07:43:49.942+0000] {processor.py:914} INFO - Processing file /home/airflow/.local/lib/python3.12/site-packages/airflow/example_dags/example_inlet_event_extra.py for tasks to queue
[2025-02-01T07:43:49.949+0000] {logging_mixin.py:190} INFO - [2025-02-01T07:43:49.947+0000] {dagbag.py:588} INFO - Filling up the DagBag from /home/airflow/.local/lib/python3.12/site-packages/airflow/example_dags/example_inlet_event_extra.py
[2025-02-01T07:43:51.925+0000] {processor.py:925} INFO - DAG(s) 'read_dataset_event', 'read_dataset_event_from_classic' retrieved from /home/airflow/.local/lib/python3.12/site-packages/airflow/example_dags/example_inlet_event_extra.py
[2025-02-01T07:43:51.980+0000] {logging_mixin.py:190} INFO - [2025-02-01T07:43:51.979+0000] {dag.py:3239} INFO - Sync 2 DAGs
[2025-02-01T07:43:52.041+0000] {logging_mixin.py:190} INFO - [2025-02-01T07:43:52.041+0000] {dag.py:4180} INFO - Setting next_dagrun for read_dataset_event to 2025-01-31 00:00:00+00:00, run_after=2025-02-01 00:00:00+00:00
[2025-02-01T07:43:52.057+0000] {logging_mixin.py:190} INFO - [2025-02-01T07:43:52.056+0000] {dag.py:4180} INFO - Setting next_dagrun for read_dataset_event_from_classic to 2025-01-31 00:00:00+00:00, run_after=2025-02-01 00:00:00+00:00
[2025-02-01T07:43:52.104+0000] {processor.py:208} INFO - Processing /home/airflow/.local/lib/python3.12/site-packages/airflow/example_dags/example_inlet_event_extra.py took 2.187 seconds
[2025-02-01T07:44:22.740+0000] {processor.py:186} INFO - Started process (PID=1309) to work on /home/airflow/.local/lib/python3.12/site-packages/airflow/example_dags/example_inlet_event_extra.py
[2025-02-01T07:44:22.746+0000] {processor.py:914} INFO - Processing file /home/airflow/.local/lib/python3.12/site-packages/airflow/example_dags/example_inlet_event_extra.py for tasks to queue
[2025-02-01T07:44:22.751+0000] {logging_mixin.py:190} INFO - [2025-02-01T07:44:22.750+0000] {dagbag.py:588} INFO - Filling up the DagBag from /home/airflow/.local/lib/python3.12/site-packages/airflow/example_dags/example_inlet_event_extra.py
[2025-02-01T07:44:23.740+0000] {processor.py:925} INFO - DAG(s) 'read_dataset_event', 'read_dataset_event_from_classic' retrieved from /home/airflow/.local/lib/python3.12/site-packages/airflow/example_dags/example_inlet_event_extra.py
[2025-02-01T07:44:23.777+0000] {logging_mixin.py:190} INFO - [2025-02-01T07:44:23.777+0000] {dag.py:3239} INFO - Sync 2 DAGs
[2025-02-01T07:44:23.826+0000] {logging_mixin.py:190} INFO - [2025-02-01T07:44:23.826+0000] {dag.py:4180} INFO - Setting next_dagrun for read_dataset_event to 2025-01-31 00:00:00+00:00, run_after=2025-02-01 00:00:00+00:00
[2025-02-01T07:44:23.839+0000] {logging_mixin.py:190} INFO - [2025-02-01T07:44:23.839+0000] {dag.py:4180} INFO - Setting next_dagrun for read_dataset_event_from_classic to 2025-01-31 00:00:00+00:00, run_after=2025-02-01 00:00:00+00:00
[2025-02-01T07:44:23.874+0000] {processor.py:208} INFO - Processing /home/airflow/.local/lib/python3.12/site-packages/airflow/example_dags/example_inlet_event_extra.py took 1.152 seconds
[2025-02-01T07:44:54.057+0000] {processor.py:186} INFO - Started process (PID=1377) to work on /home/airflow/.local/lib/python3.12/site-packages/airflow/example_dags/example_inlet_event_extra.py
[2025-02-01T07:44:54.059+0000] {processor.py:914} INFO - Processing file /home/airflow/.local/lib/python3.12/site-packages/airflow/example_dags/example_inlet_event_extra.py for tasks to queue
[2025-02-01T07:44:54.063+0000] {logging_mixin.py:190} INFO - [2025-02-01T07:44:54.063+0000] {dagbag.py:588} INFO - Filling up the DagBag from /home/airflow/.local/lib/python3.12/site-packages/airflow/example_dags/example_inlet_event_extra.py
[2025-02-01T07:44:55.140+0000] {processor.py:925} INFO - DAG(s) 'read_dataset_event', 'read_dataset_event_from_classic' retrieved from /home/airflow/.local/lib/python3.12/site-packages/airflow/example_dags/example_inlet_event_extra.py
[2025-02-01T07:44:55.183+0000] {logging_mixin.py:190} INFO - [2025-02-01T07:44:55.182+0000] {dag.py:3239} INFO - Sync 2 DAGs
[2025-02-01T07:44:55.238+0000] {logging_mixin.py:190} INFO - [2025-02-01T07:44:55.237+0000] {dag.py:4180} INFO - Setting next_dagrun for read_dataset_event to 2025-01-31 00:00:00+00:00, run_after=2025-02-01 00:00:00+00:00
[2025-02-01T07:44:55.252+0000] {logging_mixin.py:190} INFO - [2025-02-01T07:44:55.252+0000] {dag.py:4180} INFO - Setting next_dagrun for read_dataset_event_from_classic to 2025-01-31 00:00:00+00:00, run_after=2025-02-01 00:00:00+00:00
[2025-02-01T07:44:55.302+0000] {processor.py:208} INFO - Processing /home/airflow/.local/lib/python3.12/site-packages/airflow/example_dags/example_inlet_event_extra.py took 1.257 seconds
[2025-02-01T07:45:25.720+0000] {processor.py:186} INFO - Started process (PID=1441) to work on /home/airflow/.local/lib/python3.12/site-packages/airflow/example_dags/example_inlet_event_extra.py
[2025-02-01T07:45:25.722+0000] {processor.py:914} INFO - Processing file /home/airflow/.local/lib/python3.12/site-packages/airflow/example_dags/example_inlet_event_extra.py for tasks to queue
[2025-02-01T07:45:25.727+0000] {logging_mixin.py:190} INFO - [2025-02-01T07:45:25.726+0000] {dagbag.py:588} INFO - Filling up the DagBag from /home/airflow/.local/lib/python3.12/site-packages/airflow/example_dags/example_inlet_event_extra.py
[2025-02-01T07:45:26.986+0000] {processor.py:925} INFO - DAG(s) 'read_dataset_event', 'read_dataset_event_from_classic' retrieved from /home/airflow/.local/lib/python3.12/site-packages/airflow/example_dags/example_inlet_event_extra.py
[2025-02-01T07:45:27.027+0000] {logging_mixin.py:190} INFO - [2025-02-01T07:45:27.027+0000] {dag.py:3239} INFO - Sync 2 DAGs
[2025-02-01T07:45:27.083+0000] {logging_mixin.py:190} INFO - [2025-02-01T07:45:27.082+0000] {dag.py:4180} INFO - Setting next_dagrun for read_dataset_event to 2025-01-31 00:00:00+00:00, run_after=2025-02-01 00:00:00+00:00
[2025-02-01T07:45:27.099+0000] {logging_mixin.py:190} INFO - [2025-02-01T07:45:27.098+0000] {dag.py:4180} INFO - Setting next_dagrun for read_dataset_event_from_classic to 2025-01-31 00:00:00+00:00, run_after=2025-02-01 00:00:00+00:00
[2025-02-01T07:45:27.142+0000] {processor.py:208} INFO - Processing /home/airflow/.local/lib/python3.12/site-packages/airflow/example_dags/example_inlet_event_extra.py took 1.433 seconds
[2025-02-01T07:45:57.244+0000] {processor.py:186} INFO - Started process (PID=1506) to work on /home/airflow/.local/lib/python3.12/site-packages/airflow/example_dags/example_inlet_event_extra.py
[2025-02-01T07:45:57.245+0000] {processor.py:914} INFO - Processing file /home/airflow/.local/lib/python3.12/site-packages/airflow/example_dags/example_inlet_event_extra.py for tasks to queue
[2025-02-01T07:45:57.248+0000] {logging_mixin.py:190} INFO - [2025-02-01T07:45:57.248+0000] {dagbag.py:588} INFO - Filling up the DagBag from /home/airflow/.local/lib/python3.12/site-packages/airflow/example_dags/example_inlet_event_extra.py
[2025-02-01T07:45:57.992+0000] {processor.py:925} INFO - DAG(s) 'read_dataset_event_from_classic', 'read_dataset_event' retrieved from /home/airflow/.local/lib/python3.12/site-packages/airflow/example_dags/example_inlet_event_extra.py
[2025-02-01T07:45:58.023+0000] {logging_mixin.py:190} INFO - [2025-02-01T07:45:58.023+0000] {dag.py:3239} INFO - Sync 2 DAGs
[2025-02-01T07:45:58.059+0000] {logging_mixin.py:190} INFO - [2025-02-01T07:45:58.059+0000] {dag.py:4180} INFO - Setting next_dagrun for read_dataset_event to 2025-01-31 00:00:00+00:00, run_after=2025-02-01 00:00:00+00:00
[2025-02-01T07:45:58.068+0000] {logging_mixin.py:190} INFO - [2025-02-01T07:45:58.067+0000] {dag.py:4180} INFO - Setting next_dagrun for read_dataset_event_from_classic to 2025-01-31 00:00:00+00:00, run_after=2025-02-01 00:00:00+00:00
[2025-02-01T07:45:58.093+0000] {processor.py:208} INFO - Processing /home/airflow/.local/lib/python3.12/site-packages/airflow/example_dags/example_inlet_event_extra.py took 0.855 seconds
[2025-02-01T07:46:28.169+0000] {processor.py:186} INFO - Started process (PID=1575) to work on /home/airflow/.local/lib/python3.12/site-packages/airflow/example_dags/example_inlet_event_extra.py
[2025-02-01T07:46:28.171+0000] {processor.py:914} INFO - Processing file /home/airflow/.local/lib/python3.12/site-packages/airflow/example_dags/example_inlet_event_extra.py for tasks to queue
[2025-02-01T07:46:28.175+0000] {logging_mixin.py:190} INFO - [2025-02-01T07:46:28.175+0000] {dagbag.py:588} INFO - Filling up the DagBag from /home/airflow/.local/lib/python3.12/site-packages/airflow/example_dags/example_inlet_event_extra.py
[2025-02-01T07:46:29.112+0000] {processor.py:925} INFO - DAG(s) 'read_dataset_event_from_classic', 'read_dataset_event' retrieved from /home/airflow/.local/lib/python3.12/site-packages/airflow/example_dags/example_inlet_event_extra.py
[2025-02-01T07:46:29.144+0000] {logging_mixin.py:190} INFO - [2025-02-01T07:46:29.144+0000] {dag.py:3239} INFO - Sync 2 DAGs
[2025-02-01T07:46:29.184+0000] {logging_mixin.py:190} INFO - [2025-02-01T07:46:29.184+0000] {dag.py:4180} INFO - Setting next_dagrun for read_dataset_event to 2025-01-31 00:00:00+00:00, run_after=2025-02-01 00:00:00+00:00
[2025-02-01T07:46:29.193+0000] {logging_mixin.py:190} INFO - [2025-02-01T07:46:29.193+0000] {dag.py:4180} INFO - Setting next_dagrun for read_dataset_event_from_classic to 2025-01-31 00:00:00+00:00, run_after=2025-02-01 00:00:00+00:00
[2025-02-01T07:46:29.223+0000] {processor.py:208} INFO - Processing /home/airflow/.local/lib/python3.12/site-packages/airflow/example_dags/example_inlet_event_extra.py took 1.067 seconds
[2025-02-01T07:46:59.696+0000] {processor.py:186} INFO - Started process (PID=1639) to work on /home/airflow/.local/lib/python3.12/site-packages/airflow/example_dags/example_inlet_event_extra.py
[2025-02-01T07:46:59.698+0000] {processor.py:914} INFO - Processing file /home/airflow/.local/lib/python3.12/site-packages/airflow/example_dags/example_inlet_event_extra.py for tasks to queue
[2025-02-01T07:46:59.702+0000] {logging_mixin.py:190} INFO - [2025-02-01T07:46:59.702+0000] {dagbag.py:588} INFO - Filling up the DagBag from /home/airflow/.local/lib/python3.12/site-packages/airflow/example_dags/example_inlet_event_extra.py
[2025-02-01T07:47:00.534+0000] {processor.py:925} INFO - DAG(s) 'read_dataset_event_from_classic', 'read_dataset_event' retrieved from /home/airflow/.local/lib/python3.12/site-packages/airflow/example_dags/example_inlet_event_extra.py
[2025-02-01T07:47:00.565+0000] {logging_mixin.py:190} INFO - [2025-02-01T07:47:00.565+0000] {dag.py:3239} INFO - Sync 2 DAGs
[2025-02-01T07:47:00.600+0000] {logging_mixin.py:190} INFO - [2025-02-01T07:47:00.599+0000] {dag.py:4180} INFO - Setting next_dagrun for read_dataset_event to 2025-01-31 00:00:00+00:00, run_after=2025-02-01 00:00:00+00:00
[2025-02-01T07:47:00.607+0000] {logging_mixin.py:190} INFO - [2025-02-01T07:47:00.606+0000] {dag.py:4180} INFO - Setting next_dagrun for read_dataset_event_from_classic to 2025-01-31 00:00:00+00:00, run_after=2025-02-01 00:00:00+00:00
[2025-02-01T07:47:00.637+0000] {processor.py:208} INFO - Processing /home/airflow/.local/lib/python3.12/site-packages/airflow/example_dags/example_inlet_event_extra.py took 0.948 seconds
[2025-02-01T07:47:31.449+0000] {processor.py:186} INFO - Started process (PID=1703) to work on /home/airflow/.local/lib/python3.12/site-packages/airflow/example_dags/example_inlet_event_extra.py
[2025-02-01T07:47:31.451+0000] {processor.py:914} INFO - Processing file /home/airflow/.local/lib/python3.12/site-packages/airflow/example_dags/example_inlet_event_extra.py for tasks to queue
[2025-02-01T07:47:31.454+0000] {logging_mixin.py:190} INFO - [2025-02-01T07:47:31.454+0000] {dagbag.py:588} INFO - Filling up the DagBag from /home/airflow/.local/lib/python3.12/site-packages/airflow/example_dags/example_inlet_event_extra.py
[2025-02-01T07:47:32.179+0000] {processor.py:925} INFO - DAG(s) 'read_dataset_event_from_classic', 'read_dataset_event' retrieved from /home/airflow/.local/lib/python3.12/site-packages/airflow/example_dags/example_inlet_event_extra.py
[2025-02-01T07:47:32.208+0000] {logging_mixin.py:190} INFO - [2025-02-01T07:47:32.207+0000] {dag.py:3239} INFO - Sync 2 DAGs
[2025-02-01T07:47:32.239+0000] {logging_mixin.py:190} INFO - [2025-02-01T07:47:32.239+0000] {dag.py:4180} INFO - Setting next_dagrun for read_dataset_event to 2025-01-31 00:00:00+00:00, run_after=2025-02-01 00:00:00+00:00
[2025-02-01T07:47:32.245+0000] {logging_mixin.py:190} INFO - [2025-02-01T07:47:32.245+0000] {dag.py:4180} INFO - Setting next_dagrun for read_dataset_event_from_classic to 2025-01-31 00:00:00+00:00, run_after=2025-02-01 00:00:00+00:00
[2025-02-01T07:47:32.272+0000] {processor.py:208} INFO - Processing /home/airflow/.local/lib/python3.12/site-packages/airflow/example_dags/example_inlet_event_extra.py took 0.832 seconds
[2025-02-01T07:48:02.446+0000] {processor.py:186} INFO - Started process (PID=1767) to work on /home/airflow/.local/lib/python3.12/site-packages/airflow/example_dags/example_inlet_event_extra.py
[2025-02-01T07:48:02.448+0000] {processor.py:914} INFO - Processing file /home/airflow/.local/lib/python3.12/site-packages/airflow/example_dags/example_inlet_event_extra.py for tasks to queue
[2025-02-01T07:48:02.451+0000] {logging_mixin.py:190} INFO - [2025-02-01T07:48:02.450+0000] {dagbag.py:588} INFO - Filling up the DagBag from /home/airflow/.local/lib/python3.12/site-packages/airflow/example_dags/example_inlet_event_extra.py
[2025-02-01T07:48:03.336+0000] {processor.py:925} INFO - DAG(s) 'read_dataset_event', 'read_dataset_event_from_classic' retrieved from /home/airflow/.local/lib/python3.12/site-packages/airflow/example_dags/example_inlet_event_extra.py
[2025-02-01T07:48:03.368+0000] {logging_mixin.py:190} INFO - [2025-02-01T07:48:03.368+0000] {dag.py:3239} INFO - Sync 2 DAGs
[2025-02-01T07:48:03.411+0000] {logging_mixin.py:190} INFO - [2025-02-01T07:48:03.410+0000] {dag.py:4180} INFO - Setting next_dagrun for read_dataset_event to 2025-01-31 00:00:00+00:00, run_after=2025-02-01 00:00:00+00:00
[2025-02-01T07:48:03.420+0000] {logging_mixin.py:190} INFO - [2025-02-01T07:48:03.420+0000] {dag.py:4180} INFO - Setting next_dagrun for read_dataset_event_from_classic to 2025-01-31 00:00:00+00:00, run_after=2025-02-01 00:00:00+00:00
[2025-02-01T07:48:03.451+0000] {processor.py:208} INFO - Processing /home/airflow/.local/lib/python3.12/site-packages/airflow/example_dags/example_inlet_event_extra.py took 1.012 seconds
[2025-02-01T07:48:33.678+0000] {processor.py:186} INFO - Started process (PID=1831) to work on /home/airflow/.local/lib/python3.12/site-packages/airflow/example_dags/example_inlet_event_extra.py
[2025-02-01T07:48:33.680+0000] {processor.py:914} INFO - Processing file /home/airflow/.local/lib/python3.12/site-packages/airflow/example_dags/example_inlet_event_extra.py for tasks to queue
[2025-02-01T07:48:33.686+0000] {logging_mixin.py:190} INFO - [2025-02-01T07:48:33.684+0000] {dagbag.py:588} INFO - Filling up the DagBag from /home/airflow/.local/lib/python3.12/site-packages/airflow/example_dags/example_inlet_event_extra.py
[2025-02-01T07:48:34.526+0000] {processor.py:925} INFO - DAG(s) 'read_dataset_event', 'read_dataset_event_from_classic' retrieved from /home/airflow/.local/lib/python3.12/site-packages/airflow/example_dags/example_inlet_event_extra.py
[2025-02-01T07:48:34.554+0000] {logging_mixin.py:190} INFO - [2025-02-01T07:48:34.554+0000] {dag.py:3239} INFO - Sync 2 DAGs
[2025-02-01T07:48:34.586+0000] {logging_mixin.py:190} INFO - [2025-02-01T07:48:34.585+0000] {dag.py:4180} INFO - Setting next_dagrun for read_dataset_event to 2025-01-31 00:00:00+00:00, run_after=2025-02-01 00:00:00+00:00
[2025-02-01T07:48:34.592+0000] {logging_mixin.py:190} INFO - [2025-02-01T07:48:34.592+0000] {dag.py:4180} INFO - Setting next_dagrun for read_dataset_event_from_classic to 2025-01-31 00:00:00+00:00, run_after=2025-02-01 00:00:00+00:00
[2025-02-01T07:48:34.622+0000] {processor.py:208} INFO - Processing /home/airflow/.local/lib/python3.12/site-packages/airflow/example_dags/example_inlet_event_extra.py took 0.954 seconds
[2025-02-01T07:49:05.093+0000] {processor.py:186} INFO - Started process (PID=1896) to work on /home/airflow/.local/lib/python3.12/site-packages/airflow/example_dags/example_inlet_event_extra.py
[2025-02-01T07:49:05.094+0000] {processor.py:914} INFO - Processing file /home/airflow/.local/lib/python3.12/site-packages/airflow/example_dags/example_inlet_event_extra.py for tasks to queue
[2025-02-01T07:49:05.097+0000] {logging_mixin.py:190} INFO - [2025-02-01T07:49:05.097+0000] {dagbag.py:588} INFO - Filling up the DagBag from /home/airflow/.local/lib/python3.12/site-packages/airflow/example_dags/example_inlet_event_extra.py
[2025-02-01T07:49:05.831+0000] {processor.py:925} INFO - DAG(s) 'read_dataset_event_from_classic', 'read_dataset_event' retrieved from /home/airflow/.local/lib/python3.12/site-packages/airflow/example_dags/example_inlet_event_extra.py
[2025-02-01T07:49:05.859+0000] {logging_mixin.py:190} INFO - [2025-02-01T07:49:05.859+0000] {dag.py:3239} INFO - Sync 2 DAGs
[2025-02-01T07:49:05.893+0000] {logging_mixin.py:190} INFO - [2025-02-01T07:49:05.893+0000] {dag.py:4180} INFO - Setting next_dagrun for read_dataset_event to 2025-01-31 00:00:00+00:00, run_after=2025-02-01 00:00:00+00:00
[2025-02-01T07:49:05.901+0000] {logging_mixin.py:190} INFO - [2025-02-01T07:49:05.900+0000] {dag.py:4180} INFO - Setting next_dagrun for read_dataset_event_from_classic to 2025-01-31 00:00:00+00:00, run_after=2025-02-01 00:00:00+00:00
[2025-02-01T07:49:05.927+0000] {processor.py:208} INFO - Processing /home/airflow/.local/lib/python3.12/site-packages/airflow/example_dags/example_inlet_event_extra.py took 0.841 seconds
[2025-02-01T07:49:36.219+0000] {processor.py:186} INFO - Started process (PID=1964) to work on /home/airflow/.local/lib/python3.12/site-packages/airflow/example_dags/example_inlet_event_extra.py
[2025-02-01T07:49:36.221+0000] {processor.py:914} INFO - Processing file /home/airflow/.local/lib/python3.12/site-packages/airflow/example_dags/example_inlet_event_extra.py for tasks to queue
[2025-02-01T07:49:36.224+0000] {logging_mixin.py:190} INFO - [2025-02-01T07:49:36.224+0000] {dagbag.py:588} INFO - Filling up the DagBag from /home/airflow/.local/lib/python3.12/site-packages/airflow/example_dags/example_inlet_event_extra.py
[2025-02-01T07:49:37.209+0000] {processor.py:925} INFO - DAG(s) 'read_dataset_event', 'read_dataset_event_from_classic' retrieved from /home/airflow/.local/lib/python3.12/site-packages/airflow/example_dags/example_inlet_event_extra.py
[2025-02-01T07:49:37.245+0000] {logging_mixin.py:190} INFO - [2025-02-01T07:49:37.245+0000] {dag.py:3239} INFO - Sync 2 DAGs
[2025-02-01T07:49:37.291+0000] {logging_mixin.py:190} INFO - [2025-02-01T07:49:37.290+0000] {dag.py:4180} INFO - Setting next_dagrun for read_dataset_event to 2025-01-31 00:00:00+00:00, run_after=2025-02-01 00:00:00+00:00
[2025-02-01T07:49:37.301+0000] {logging_mixin.py:190} INFO - [2025-02-01T07:49:37.300+0000] {dag.py:4180} INFO - Setting next_dagrun for read_dataset_event_from_classic to 2025-01-31 00:00:00+00:00, run_after=2025-02-01 00:00:00+00:00
[2025-02-01T07:49:37.331+0000] {processor.py:208} INFO - Processing /home/airflow/.local/lib/python3.12/site-packages/airflow/example_dags/example_inlet_event_extra.py took 1.122 seconds
[2025-02-01T07:50:07.598+0000] {processor.py:186} INFO - Started process (PID=2028) to work on /home/airflow/.local/lib/python3.12/site-packages/airflow/example_dags/example_inlet_event_extra.py
[2025-02-01T07:50:07.599+0000] {processor.py:914} INFO - Processing file /home/airflow/.local/lib/python3.12/site-packages/airflow/example_dags/example_inlet_event_extra.py for tasks to queue
[2025-02-01T07:50:07.602+0000] {logging_mixin.py:190} INFO - [2025-02-01T07:50:07.601+0000] {dagbag.py:588} INFO - Filling up the DagBag from /home/airflow/.local/lib/python3.12/site-packages/airflow/example_dags/example_inlet_event_extra.py
[2025-02-01T07:50:08.189+0000] {processor.py:925} INFO - DAG(s) 'read_dataset_event_from_classic', 'read_dataset_event' retrieved from /home/airflow/.local/lib/python3.12/site-packages/airflow/example_dags/example_inlet_event_extra.py
[2025-02-01T07:50:08.214+0000] {logging_mixin.py:190} INFO - [2025-02-01T07:50:08.213+0000] {dag.py:3239} INFO - Sync 2 DAGs
[2025-02-01T07:50:08.241+0000] {logging_mixin.py:190} INFO - [2025-02-01T07:50:08.241+0000] {dag.py:4180} INFO - Setting next_dagrun for read_dataset_event to 2025-01-31 00:00:00+00:00, run_after=2025-02-01 00:00:00+00:00
[2025-02-01T07:50:08.247+0000] {logging_mixin.py:190} INFO - [2025-02-01T07:50:08.247+0000] {dag.py:4180} INFO - Setting next_dagrun for read_dataset_event_from_classic to 2025-01-31 00:00:00+00:00, run_after=2025-02-01 00:00:00+00:00
[2025-02-01T07:50:08.270+0000] {processor.py:208} INFO - Processing /home/airflow/.local/lib/python3.12/site-packages/airflow/example_dags/example_inlet_event_extra.py took 0.677 seconds
[2025-02-01T07:50:39.147+0000] {processor.py:186} INFO - Started process (PID=2094) to work on /home/airflow/.local/lib/python3.12/site-packages/airflow/example_dags/example_inlet_event_extra.py
[2025-02-01T07:50:39.148+0000] {processor.py:914} INFO - Processing file /home/airflow/.local/lib/python3.12/site-packages/airflow/example_dags/example_inlet_event_extra.py for tasks to queue
[2025-02-01T07:50:39.150+0000] {logging_mixin.py:190} INFO - [2025-02-01T07:50:39.150+0000] {dagbag.py:588} INFO - Filling up the DagBag from /home/airflow/.local/lib/python3.12/site-packages/airflow/example_dags/example_inlet_event_extra.py
[2025-02-01T07:50:39.758+0000] {processor.py:925} INFO - DAG(s) 'read_dataset_event', 'read_dataset_event_from_classic' retrieved from /home/airflow/.local/lib/python3.12/site-packages/airflow/example_dags/example_inlet_event_extra.py
[2025-02-01T07:50:39.783+0000] {logging_mixin.py:190} INFO - [2025-02-01T07:50:39.783+0000] {dag.py:3239} INFO - Sync 2 DAGs
[2025-02-01T07:50:39.812+0000] {logging_mixin.py:190} INFO - [2025-02-01T07:50:39.812+0000] {dag.py:4180} INFO - Setting next_dagrun for read_dataset_event to 2025-01-31 00:00:00+00:00, run_after=2025-02-01 00:00:00+00:00
[2025-02-01T07:50:39.819+0000] {logging_mixin.py:190} INFO - [2025-02-01T07:50:39.818+0000] {dag.py:4180} INFO - Setting next_dagrun for read_dataset_event_from_classic to 2025-01-31 00:00:00+00:00, run_after=2025-02-01 00:00:00+00:00
[2025-02-01T07:50:39.839+0000] {processor.py:208} INFO - Processing /home/airflow/.local/lib/python3.12/site-packages/airflow/example_dags/example_inlet_event_extra.py took 0.698 seconds
[2025-02-01T07:51:09.892+0000] {processor.py:186} INFO - Started process (PID=2161) to work on /home/airflow/.local/lib/python3.12/site-packages/airflow/example_dags/example_inlet_event_extra.py
[2025-02-01T07:51:09.893+0000] {processor.py:914} INFO - Processing file /home/airflow/.local/lib/python3.12/site-packages/airflow/example_dags/example_inlet_event_extra.py for tasks to queue
[2025-02-01T07:51:09.896+0000] {logging_mixin.py:190} INFO - [2025-02-01T07:51:09.896+0000] {dagbag.py:588} INFO - Filling up the DagBag from /home/airflow/.local/lib/python3.12/site-packages/airflow/example_dags/example_inlet_event_extra.py
[2025-02-01T07:51:10.592+0000] {processor.py:925} INFO - DAG(s) 'read_dataset_event_from_classic', 'read_dataset_event' retrieved from /home/airflow/.local/lib/python3.12/site-packages/airflow/example_dags/example_inlet_event_extra.py
[2025-02-01T07:51:10.618+0000] {logging_mixin.py:190} INFO - [2025-02-01T07:51:10.618+0000] {dag.py:3239} INFO - Sync 2 DAGs
[2025-02-01T07:51:10.650+0000] {logging_mixin.py:190} INFO - [2025-02-01T07:51:10.650+0000] {dag.py:4180} INFO - Setting next_dagrun for read_dataset_event to 2025-01-31 00:00:00+00:00, run_after=2025-02-01 00:00:00+00:00
[2025-02-01T07:51:10.658+0000] {logging_mixin.py:190} INFO - [2025-02-01T07:51:10.657+0000] {dag.py:4180} INFO - Setting next_dagrun for read_dataset_event_from_classic to 2025-01-31 00:00:00+00:00, run_after=2025-02-01 00:00:00+00:00
[2025-02-01T07:51:10.684+0000] {processor.py:208} INFO - Processing /home/airflow/.local/lib/python3.12/site-packages/airflow/example_dags/example_inlet_event_extra.py took 0.799 seconds
[2025-02-01T07:51:40.878+0000] {processor.py:186} INFO - Started process (PID=2225) to work on /home/airflow/.local/lib/python3.12/site-packages/airflow/example_dags/example_inlet_event_extra.py
[2025-02-01T07:51:40.880+0000] {processor.py:914} INFO - Processing file /home/airflow/.local/lib/python3.12/site-packages/airflow/example_dags/example_inlet_event_extra.py for tasks to queue
[2025-02-01T07:51:40.884+0000] {logging_mixin.py:190} INFO - [2025-02-01T07:51:40.883+0000] {dagbag.py:588} INFO - Filling up the DagBag from /home/airflow/.local/lib/python3.12/site-packages/airflow/example_dags/example_inlet_event_extra.py
[2025-02-01T07:51:41.687+0000] {processor.py:925} INFO - DAG(s) 'read_dataset_event', 'read_dataset_event_from_classic' retrieved from /home/airflow/.local/lib/python3.12/site-packages/airflow/example_dags/example_inlet_event_extra.py
[2025-02-01T07:51:41.717+0000] {logging_mixin.py:190} INFO - [2025-02-01T07:51:41.717+0000] {dag.py:3239} INFO - Sync 2 DAGs
[2025-02-01T07:51:41.774+0000] {logging_mixin.py:190} INFO - [2025-02-01T07:51:41.774+0000] {dag.py:4180} INFO - Setting next_dagrun for read_dataset_event to 2025-01-31 00:00:00+00:00, run_after=2025-02-01 00:00:00+00:00
[2025-02-01T07:51:41.785+0000] {logging_mixin.py:190} INFO - [2025-02-01T07:51:41.784+0000] {dag.py:4180} INFO - Setting next_dagrun for read_dataset_event_from_classic to 2025-01-31 00:00:00+00:00, run_after=2025-02-01 00:00:00+00:00
[2025-02-01T07:51:41.822+0000] {processor.py:208} INFO - Processing /home/airflow/.local/lib/python3.12/site-packages/airflow/example_dags/example_inlet_event_extra.py took 0.953 seconds
[2025-02-01T07:52:12.232+0000] {processor.py:186} INFO - Started process (PID=2289) to work on /home/airflow/.local/lib/python3.12/site-packages/airflow/example_dags/example_inlet_event_extra.py
[2025-02-01T07:52:12.234+0000] {processor.py:914} INFO - Processing file /home/airflow/.local/lib/python3.12/site-packages/airflow/example_dags/example_inlet_event_extra.py for tasks to queue
[2025-02-01T07:52:12.237+0000] {logging_mixin.py:190} INFO - [2025-02-01T07:52:12.236+0000] {dagbag.py:588} INFO - Filling up the DagBag from /home/airflow/.local/lib/python3.12/site-packages/airflow/example_dags/example_inlet_event_extra.py
[2025-02-01T07:52:12.951+0000] {processor.py:925} INFO - DAG(s) 'read_dataset_event_from_classic', 'read_dataset_event' retrieved from /home/airflow/.local/lib/python3.12/site-packages/airflow/example_dags/example_inlet_event_extra.py
[2025-02-01T07:52:12.979+0000] {logging_mixin.py:190} INFO - [2025-02-01T07:52:12.979+0000] {dag.py:3239} INFO - Sync 2 DAGs
[2025-02-01T07:52:13.024+0000] {logging_mixin.py:190} INFO - [2025-02-01T07:52:13.024+0000] {dag.py:4180} INFO - Setting next_dagrun for read_dataset_event to 2025-01-31 00:00:00+00:00, run_after=2025-02-01 00:00:00+00:00
[2025-02-01T07:52:13.032+0000] {logging_mixin.py:190} INFO - [2025-02-01T07:52:13.032+0000] {dag.py:4180} INFO - Setting next_dagrun for read_dataset_event_from_classic to 2025-01-31 00:00:00+00:00, run_after=2025-02-01 00:00:00+00:00
[2025-02-01T07:52:13.062+0000] {processor.py:208} INFO - Processing /home/airflow/.local/lib/python3.12/site-packages/airflow/example_dags/example_inlet_event_extra.py took 0.837 seconds
[2025-02-01T07:52:43.911+0000] {processor.py:186} INFO - Started process (PID=2354) to work on /home/airflow/.local/lib/python3.12/site-packages/airflow/example_dags/example_inlet_event_extra.py
[2025-02-01T07:52:43.914+0000] {processor.py:914} INFO - Processing file /home/airflow/.local/lib/python3.12/site-packages/airflow/example_dags/example_inlet_event_extra.py for tasks to queue
[2025-02-01T07:52:43.929+0000] {logging_mixin.py:190} INFO - [2025-02-01T07:52:43.928+0000] {dagbag.py:588} INFO - Filling up the DagBag from /home/airflow/.local/lib/python3.12/site-packages/airflow/example_dags/example_inlet_event_extra.py
[2025-02-01T07:52:45.895+0000] {processor.py:925} INFO - DAG(s) 'read_dataset_event', 'read_dataset_event_from_classic' retrieved from /home/airflow/.local/lib/python3.12/site-packages/airflow/example_dags/example_inlet_event_extra.py
[2025-02-01T07:52:45.962+0000] {logging_mixin.py:190} INFO - [2025-02-01T07:52:45.961+0000] {dag.py:3239} INFO - Sync 2 DAGs
[2025-02-01T07:52:46.052+0000] {logging_mixin.py:190} INFO - [2025-02-01T07:52:46.050+0000] {dag.py:4180} INFO - Setting next_dagrun for read_dataset_event to 2025-01-31 00:00:00+00:00, run_after=2025-02-01 00:00:00+00:00
[2025-02-01T07:52:46.072+0000] {logging_mixin.py:190} INFO - [2025-02-01T07:52:46.071+0000] {dag.py:4180} INFO - Setting next_dagrun for read_dataset_event_from_classic to 2025-01-31 00:00:00+00:00, run_after=2025-02-01 00:00:00+00:00
[2025-02-01T07:52:46.142+0000] {processor.py:208} INFO - Processing /home/airflow/.local/lib/python3.12/site-packages/airflow/example_dags/example_inlet_event_extra.py took 2.262 seconds
[2025-02-01T07:53:16.248+0000] {processor.py:186} INFO - Started process (PID=2418) to work on /home/airflow/.local/lib/python3.12/site-packages/airflow/example_dags/example_inlet_event_extra.py
[2025-02-01T07:53:16.250+0000] {processor.py:914} INFO - Processing file /home/airflow/.local/lib/python3.12/site-packages/airflow/example_dags/example_inlet_event_extra.py for tasks to queue
[2025-02-01T07:53:16.254+0000] {logging_mixin.py:190} INFO - [2025-02-01T07:53:16.253+0000] {dagbag.py:588} INFO - Filling up the DagBag from /home/airflow/.local/lib/python3.12/site-packages/airflow/example_dags/example_inlet_event_extra.py
[2025-02-01T07:53:17.280+0000] {processor.py:925} INFO - DAG(s) 'read_dataset_event_from_classic', 'read_dataset_event' retrieved from /home/airflow/.local/lib/python3.12/site-packages/airflow/example_dags/example_inlet_event_extra.py
[2025-02-01T07:53:17.324+0000] {logging_mixin.py:190} INFO - [2025-02-01T07:53:17.323+0000] {dag.py:3239} INFO - Sync 2 DAGs
[2025-02-01T07:53:17.376+0000] {logging_mixin.py:190} INFO - [2025-02-01T07:53:17.376+0000] {dag.py:4180} INFO - Setting next_dagrun for read_dataset_event to 2025-01-31 00:00:00+00:00, run_after=2025-02-01 00:00:00+00:00
[2025-02-01T07:53:17.387+0000] {logging_mixin.py:190} INFO - [2025-02-01T07:53:17.387+0000] {dag.py:4180} INFO - Setting next_dagrun for read_dataset_event_from_classic to 2025-01-31 00:00:00+00:00, run_after=2025-02-01 00:00:00+00:00
[2025-02-01T07:53:17.424+0000] {processor.py:208} INFO - Processing /home/airflow/.local/lib/python3.12/site-packages/airflow/example_dags/example_inlet_event_extra.py took 1.184 seconds
[2025-02-01T07:53:47.498+0000] {processor.py:186} INFO - Started process (PID=2490) to work on /home/airflow/.local/lib/python3.12/site-packages/airflow/example_dags/example_inlet_event_extra.py
[2025-02-01T07:53:47.500+0000] {processor.py:914} INFO - Processing file /home/airflow/.local/lib/python3.12/site-packages/airflow/example_dags/example_inlet_event_extra.py for tasks to queue
[2025-02-01T07:53:47.503+0000] {logging_mixin.py:190} INFO - [2025-02-01T07:53:47.503+0000] {dagbag.py:588} INFO - Filling up the DagBag from /home/airflow/.local/lib/python3.12/site-packages/airflow/example_dags/example_inlet_event_extra.py
[2025-02-01T07:53:48.541+0000] {processor.py:925} INFO - DAG(s) 'read_dataset_event_from_classic', 'read_dataset_event' retrieved from /home/airflow/.local/lib/python3.12/site-packages/airflow/example_dags/example_inlet_event_extra.py
[2025-02-01T07:53:48.576+0000] {logging_mixin.py:190} INFO - [2025-02-01T07:53:48.576+0000] {dag.py:3239} INFO - Sync 2 DAGs
[2025-02-01T07:53:48.614+0000] {logging_mixin.py:190} INFO - [2025-02-01T07:53:48.613+0000] {dag.py:4180} INFO - Setting next_dagrun for read_dataset_event to 2025-01-31 00:00:00+00:00, run_after=2025-02-01 00:00:00+00:00
[2025-02-01T07:53:48.625+0000] {logging_mixin.py:190} INFO - [2025-02-01T07:53:48.625+0000] {dag.py:4180} INFO - Setting next_dagrun for read_dataset_event_from_classic to 2025-01-31 00:00:00+00:00, run_after=2025-02-01 00:00:00+00:00
[2025-02-01T07:53:48.658+0000] {processor.py:208} INFO - Processing /home/airflow/.local/lib/python3.12/site-packages/airflow/example_dags/example_inlet_event_extra.py took 1.169 seconds
[2025-02-01T07:54:19.136+0000] {processor.py:186} INFO - Started process (PID=2556) to work on /home/airflow/.local/lib/python3.12/site-packages/airflow/example_dags/example_inlet_event_extra.py
[2025-02-01T07:54:19.137+0000] {processor.py:914} INFO - Processing file /home/airflow/.local/lib/python3.12/site-packages/airflow/example_dags/example_inlet_event_extra.py for tasks to queue
[2025-02-01T07:54:19.141+0000] {logging_mixin.py:190} INFO - [2025-02-01T07:54:19.141+0000] {dagbag.py:588} INFO - Filling up the DagBag from /home/airflow/.local/lib/python3.12/site-packages/airflow/example_dags/example_inlet_event_extra.py
[2025-02-01T07:54:19.996+0000] {processor.py:925} INFO - DAG(s) 'read_dataset_event', 'read_dataset_event_from_classic' retrieved from /home/airflow/.local/lib/python3.12/site-packages/airflow/example_dags/example_inlet_event_extra.py
[2025-02-01T07:54:20.028+0000] {logging_mixin.py:190} INFO - [2025-02-01T07:54:20.028+0000] {dag.py:3239} INFO - Sync 2 DAGs
[2025-02-01T07:54:20.068+0000] {logging_mixin.py:190} INFO - [2025-02-01T07:54:20.068+0000] {dag.py:4180} INFO - Setting next_dagrun for read_dataset_event to 2025-01-31 00:00:00+00:00, run_after=2025-02-01 00:00:00+00:00
[2025-02-01T07:54:20.076+0000] {logging_mixin.py:190} INFO - [2025-02-01T07:54:20.076+0000] {dag.py:4180} INFO - Setting next_dagrun for read_dataset_event_from_classic to 2025-01-31 00:00:00+00:00, run_after=2025-02-01 00:00:00+00:00
[2025-02-01T07:54:20.103+0000] {processor.py:208} INFO - Processing /home/airflow/.local/lib/python3.12/site-packages/airflow/example_dags/example_inlet_event_extra.py took 0.976 seconds
[2025-02-01T07:54:50.291+0000] {processor.py:186} INFO - Started process (PID=2620) to work on /home/airflow/.local/lib/python3.12/site-packages/airflow/example_dags/example_inlet_event_extra.py
[2025-02-01T07:54:50.293+0000] {processor.py:914} INFO - Processing file /home/airflow/.local/lib/python3.12/site-packages/airflow/example_dags/example_inlet_event_extra.py for tasks to queue
[2025-02-01T07:54:50.297+0000] {logging_mixin.py:190} INFO - [2025-02-01T07:54:50.296+0000] {dagbag.py:588} INFO - Filling up the DagBag from /home/airflow/.local/lib/python3.12/site-packages/airflow/example_dags/example_inlet_event_extra.py
[2025-02-01T07:54:51.383+0000] {processor.py:925} INFO - DAG(s) 'read_dataset_event', 'read_dataset_event_from_classic' retrieved from /home/airflow/.local/lib/python3.12/site-packages/airflow/example_dags/example_inlet_event_extra.py
[2025-02-01T07:54:51.424+0000] {logging_mixin.py:190} INFO - [2025-02-01T07:54:51.424+0000] {dag.py:3239} INFO - Sync 2 DAGs
[2025-02-01T07:54:51.477+0000] {logging_mixin.py:190} INFO - [2025-02-01T07:54:51.476+0000] {dag.py:4180} INFO - Setting next_dagrun for read_dataset_event to 2025-01-31 00:00:00+00:00, run_after=2025-02-01 00:00:00+00:00
[2025-02-01T07:54:51.490+0000] {logging_mixin.py:190} INFO - [2025-02-01T07:54:51.490+0000] {dag.py:4180} INFO - Setting next_dagrun for read_dataset_event_from_classic to 2025-01-31 00:00:00+00:00, run_after=2025-02-01 00:00:00+00:00
[2025-02-01T07:54:51.538+0000] {processor.py:208} INFO - Processing /home/airflow/.local/lib/python3.12/site-packages/airflow/example_dags/example_inlet_event_extra.py took 1.258 seconds
[2025-02-01T07:55:22.151+0000] {processor.py:186} INFO - Started process (PID=2688) to work on /home/airflow/.local/lib/python3.12/site-packages/airflow/example_dags/example_inlet_event_extra.py
[2025-02-01T07:55:22.153+0000] {processor.py:914} INFO - Processing file /home/airflow/.local/lib/python3.12/site-packages/airflow/example_dags/example_inlet_event_extra.py for tasks to queue
[2025-02-01T07:55:22.158+0000] {logging_mixin.py:190} INFO - [2025-02-01T07:55:22.157+0000] {dagbag.py:588} INFO - Filling up the DagBag from /home/airflow/.local/lib/python3.12/site-packages/airflow/example_dags/example_inlet_event_extra.py
[2025-02-01T07:55:23.313+0000] {processor.py:925} INFO - DAG(s) 'read_dataset_event', 'read_dataset_event_from_classic' retrieved from /home/airflow/.local/lib/python3.12/site-packages/airflow/example_dags/example_inlet_event_extra.py
[2025-02-01T07:55:23.350+0000] {logging_mixin.py:190} INFO - [2025-02-01T07:55:23.350+0000] {dag.py:3239} INFO - Sync 2 DAGs
[2025-02-01T07:55:23.393+0000] {logging_mixin.py:190} INFO - [2025-02-01T07:55:23.392+0000] {dag.py:4180} INFO - Setting next_dagrun for read_dataset_event to 2025-01-31 00:00:00+00:00, run_after=2025-02-01 00:00:00+00:00
[2025-02-01T07:55:23.403+0000] {logging_mixin.py:190} INFO - [2025-02-01T07:55:23.402+0000] {dag.py:4180} INFO - Setting next_dagrun for read_dataset_event_from_classic to 2025-01-31 00:00:00+00:00, run_after=2025-02-01 00:00:00+00:00
[2025-02-01T07:55:23.437+0000] {processor.py:208} INFO - Processing /home/airflow/.local/lib/python3.12/site-packages/airflow/example_dags/example_inlet_event_extra.py took 1.297 seconds
[2025-02-01T07:55:54.229+0000] {processor.py:186} INFO - Started process (PID=2756) to work on /home/airflow/.local/lib/python3.12/site-packages/airflow/example_dags/example_inlet_event_extra.py
[2025-02-01T07:55:54.231+0000] {processor.py:914} INFO - Processing file /home/airflow/.local/lib/python3.12/site-packages/airflow/example_dags/example_inlet_event_extra.py for tasks to queue
[2025-02-01T07:55:54.234+0000] {logging_mixin.py:190} INFO - [2025-02-01T07:55:54.234+0000] {dagbag.py:588} INFO - Filling up the DagBag from /home/airflow/.local/lib/python3.12/site-packages/airflow/example_dags/example_inlet_event_extra.py
[2025-02-01T07:55:55.896+0000] {processor.py:925} INFO - DAG(s) 'read_dataset_event', 'read_dataset_event_from_classic' retrieved from /home/airflow/.local/lib/python3.12/site-packages/airflow/example_dags/example_inlet_event_extra.py
[2025-02-01T07:55:55.981+0000] {logging_mixin.py:190} INFO - [2025-02-01T07:55:55.980+0000] {dag.py:3239} INFO - Sync 2 DAGs
[2025-02-01T07:55:56.040+0000] {logging_mixin.py:190} INFO - [2025-02-01T07:55:56.039+0000] {dag.py:4180} INFO - Setting next_dagrun for read_dataset_event to 2025-01-31 00:00:00+00:00, run_after=2025-02-01 00:00:00+00:00
[2025-02-01T07:55:56.051+0000] {logging_mixin.py:190} INFO - [2025-02-01T07:55:56.051+0000] {dag.py:4180} INFO - Setting next_dagrun for read_dataset_event_from_classic to 2025-01-31 00:00:00+00:00, run_after=2025-02-01 00:00:00+00:00
[2025-02-01T07:55:56.088+0000] {processor.py:208} INFO - Processing /home/airflow/.local/lib/python3.12/site-packages/airflow/example_dags/example_inlet_event_extra.py took 1.868 seconds
[2025-02-01T07:56:26.165+0000] {processor.py:186} INFO - Started process (PID=2822) to work on /home/airflow/.local/lib/python3.12/site-packages/airflow/example_dags/example_inlet_event_extra.py
[2025-02-01T07:56:26.167+0000] {processor.py:914} INFO - Processing file /home/airflow/.local/lib/python3.12/site-packages/airflow/example_dags/example_inlet_event_extra.py for tasks to queue
[2025-02-01T07:56:26.170+0000] {logging_mixin.py:190} INFO - [2025-02-01T07:56:26.169+0000] {dagbag.py:588} INFO - Filling up the DagBag from /home/airflow/.local/lib/python3.12/site-packages/airflow/example_dags/example_inlet_event_extra.py
[2025-02-01T07:56:26.790+0000] {processor.py:925} INFO - DAG(s) 'read_dataset_event_from_classic', 'read_dataset_event' retrieved from /home/airflow/.local/lib/python3.12/site-packages/airflow/example_dags/example_inlet_event_extra.py
[2025-02-01T07:56:26.815+0000] {logging_mixin.py:190} INFO - [2025-02-01T07:56:26.815+0000] {dag.py:3239} INFO - Sync 2 DAGs
[2025-02-01T07:56:26.844+0000] {logging_mixin.py:190} INFO - [2025-02-01T07:56:26.844+0000] {dag.py:4180} INFO - Setting next_dagrun for read_dataset_event to 2025-01-31 00:00:00+00:00, run_after=2025-02-01 00:00:00+00:00
[2025-02-01T07:56:26.850+0000] {logging_mixin.py:190} INFO - [2025-02-01T07:56:26.850+0000] {dag.py:4180} INFO - Setting next_dagrun for read_dataset_event_from_classic to 2025-01-31 00:00:00+00:00, run_after=2025-02-01 00:00:00+00:00
[2025-02-01T07:56:26.870+0000] {processor.py:208} INFO - Processing /home/airflow/.local/lib/python3.12/site-packages/airflow/example_dags/example_inlet_event_extra.py took 0.713 seconds
[2025-02-01T07:56:57.014+0000] {processor.py:186} INFO - Started process (PID=2886) to work on /home/airflow/.local/lib/python3.12/site-packages/airflow/example_dags/example_inlet_event_extra.py
[2025-02-01T07:56:57.016+0000] {processor.py:914} INFO - Processing file /home/airflow/.local/lib/python3.12/site-packages/airflow/example_dags/example_inlet_event_extra.py for tasks to queue
[2025-02-01T07:56:57.021+0000] {logging_mixin.py:190} INFO - [2025-02-01T07:56:57.020+0000] {dagbag.py:588} INFO - Filling up the DagBag from /home/airflow/.local/lib/python3.12/site-packages/airflow/example_dags/example_inlet_event_extra.py
[2025-02-01T07:56:58.077+0000] {processor.py:925} INFO - DAG(s) 'read_dataset_event', 'read_dataset_event_from_classic' retrieved from /home/airflow/.local/lib/python3.12/site-packages/airflow/example_dags/example_inlet_event_extra.py
[2025-02-01T07:56:58.126+0000] {logging_mixin.py:190} INFO - [2025-02-01T07:56:58.125+0000] {dag.py:3239} INFO - Sync 2 DAGs
[2025-02-01T07:56:58.186+0000] {logging_mixin.py:190} INFO - [2025-02-01T07:56:58.185+0000] {dag.py:4180} INFO - Setting next_dagrun for read_dataset_event to 2025-01-31 00:00:00+00:00, run_after=2025-02-01 00:00:00+00:00
[2025-02-01T07:56:58.196+0000] {logging_mixin.py:190} INFO - [2025-02-01T07:56:58.196+0000] {dag.py:4180} INFO - Setting next_dagrun for read_dataset_event_from_classic to 2025-01-31 00:00:00+00:00, run_after=2025-02-01 00:00:00+00:00
[2025-02-01T07:56:58.232+0000] {processor.py:208} INFO - Processing /home/airflow/.local/lib/python3.12/site-packages/airflow/example_dags/example_inlet_event_extra.py took 1.231 seconds
[2025-02-01T07:57:28.497+0000] {processor.py:186} INFO - Started process (PID=2950) to work on /home/airflow/.local/lib/python3.12/site-packages/airflow/example_dags/example_inlet_event_extra.py
[2025-02-01T07:57:28.498+0000] {processor.py:914} INFO - Processing file /home/airflow/.local/lib/python3.12/site-packages/airflow/example_dags/example_inlet_event_extra.py for tasks to queue
[2025-02-01T07:57:28.501+0000] {logging_mixin.py:190} INFO - [2025-02-01T07:57:28.500+0000] {dagbag.py:588} INFO - Filling up the DagBag from /home/airflow/.local/lib/python3.12/site-packages/airflow/example_dags/example_inlet_event_extra.py
[2025-02-01T07:57:29.186+0000] {processor.py:925} INFO - DAG(s) 'read_dataset_event_from_classic', 'read_dataset_event' retrieved from /home/airflow/.local/lib/python3.12/site-packages/airflow/example_dags/example_inlet_event_extra.py
[2025-02-01T07:57:29.226+0000] {logging_mixin.py:190} INFO - [2025-02-01T07:57:29.226+0000] {dag.py:3239} INFO - Sync 2 DAGs
[2025-02-01T07:57:29.277+0000] {logging_mixin.py:190} INFO - [2025-02-01T07:57:29.276+0000] {dag.py:4180} INFO - Setting next_dagrun for read_dataset_event to 2025-01-31 00:00:00+00:00, run_after=2025-02-01 00:00:00+00:00
[2025-02-01T07:57:29.286+0000] {logging_mixin.py:190} INFO - [2025-02-01T07:57:29.286+0000] {dag.py:4180} INFO - Setting next_dagrun for read_dataset_event_from_classic to 2025-01-31 00:00:00+00:00, run_after=2025-02-01 00:00:00+00:00
[2025-02-01T07:57:29.321+0000] {processor.py:208} INFO - Processing /home/airflow/.local/lib/python3.12/site-packages/airflow/example_dags/example_inlet_event_extra.py took 0.830 seconds
[2025-02-01T07:57:59.862+0000] {processor.py:186} INFO - Started process (PID=3021) to work on /home/airflow/.local/lib/python3.12/site-packages/airflow/example_dags/example_inlet_event_extra.py
[2025-02-01T07:57:59.864+0000] {processor.py:914} INFO - Processing file /home/airflow/.local/lib/python3.12/site-packages/airflow/example_dags/example_inlet_event_extra.py for tasks to queue
[2025-02-01T07:57:59.870+0000] {logging_mixin.py:190} INFO - [2025-02-01T07:57:59.868+0000] {dagbag.py:588} INFO - Filling up the DagBag from /home/airflow/.local/lib/python3.12/site-packages/airflow/example_dags/example_inlet_event_extra.py
[2025-02-01T07:58:00.808+0000] {processor.py:925} INFO - DAG(s) 'read_dataset_event', 'read_dataset_event_from_classic' retrieved from /home/airflow/.local/lib/python3.12/site-packages/airflow/example_dags/example_inlet_event_extra.py
[2025-02-01T07:58:00.862+0000] {logging_mixin.py:190} INFO - [2025-02-01T07:58:00.861+0000] {dag.py:3239} INFO - Sync 2 DAGs
[2025-02-01T07:58:00.918+0000] {logging_mixin.py:190} INFO - [2025-02-01T07:58:00.917+0000] {dag.py:4180} INFO - Setting next_dagrun for read_dataset_event to 2025-01-31 00:00:00+00:00, run_after=2025-02-01 00:00:00+00:00
[2025-02-01T07:58:00.935+0000] {logging_mixin.py:190} INFO - [2025-02-01T07:58:00.934+0000] {dag.py:4180} INFO - Setting next_dagrun for read_dataset_event_from_classic to 2025-01-31 00:00:00+00:00, run_after=2025-02-01 00:00:00+00:00
[2025-02-01T07:58:00.979+0000] {processor.py:208} INFO - Processing /home/airflow/.local/lib/python3.12/site-packages/airflow/example_dags/example_inlet_event_extra.py took 1.126 seconds
[2025-02-01T07:58:31.165+0000] {processor.py:186} INFO - Started process (PID=3085) to work on /home/airflow/.local/lib/python3.12/site-packages/airflow/example_dags/example_inlet_event_extra.py
[2025-02-01T07:58:31.167+0000] {processor.py:914} INFO - Processing file /home/airflow/.local/lib/python3.12/site-packages/airflow/example_dags/example_inlet_event_extra.py for tasks to queue
[2025-02-01T07:58:31.173+0000] {logging_mixin.py:190} INFO - [2025-02-01T07:58:31.172+0000] {dagbag.py:588} INFO - Filling up the DagBag from /home/airflow/.local/lib/python3.12/site-packages/airflow/example_dags/example_inlet_event_extra.py
[2025-02-01T07:58:32.290+0000] {processor.py:925} INFO - DAG(s) 'read_dataset_event', 'read_dataset_event_from_classic' retrieved from /home/airflow/.local/lib/python3.12/site-packages/airflow/example_dags/example_inlet_event_extra.py
[2025-02-01T07:58:32.338+0000] {logging_mixin.py:190} INFO - [2025-02-01T07:58:32.336+0000] {dag.py:3239} INFO - Sync 2 DAGs
[2025-02-01T07:58:32.394+0000] {logging_mixin.py:190} INFO - [2025-02-01T07:58:32.393+0000] {dag.py:4180} INFO - Setting next_dagrun for read_dataset_event to 2025-01-31 00:00:00+00:00, run_after=2025-02-01 00:00:00+00:00
[2025-02-01T07:58:32.406+0000] {logging_mixin.py:190} INFO - [2025-02-01T07:58:32.406+0000] {dag.py:4180} INFO - Setting next_dagrun for read_dataset_event_from_classic to 2025-01-31 00:00:00+00:00, run_after=2025-02-01 00:00:00+00:00
[2025-02-01T07:58:32.443+0000] {processor.py:208} INFO - Processing /home/airflow/.local/lib/python3.12/site-packages/airflow/example_dags/example_inlet_event_extra.py took 1.289 seconds
[2025-02-01T07:59:02.706+0000] {processor.py:186} INFO - Started process (PID=3151) to work on /home/airflow/.local/lib/python3.12/site-packages/airflow/example_dags/example_inlet_event_extra.py
[2025-02-01T07:59:02.710+0000] {processor.py:914} INFO - Processing file /home/airflow/.local/lib/python3.12/site-packages/airflow/example_dags/example_inlet_event_extra.py for tasks to queue
[2025-02-01T07:59:02.718+0000] {logging_mixin.py:190} INFO - [2025-02-01T07:59:02.717+0000] {dagbag.py:588} INFO - Filling up the DagBag from /home/airflow/.local/lib/python3.12/site-packages/airflow/example_dags/example_inlet_event_extra.py
[2025-02-01T07:59:03.902+0000] {processor.py:925} INFO - DAG(s) 'read_dataset_event', 'read_dataset_event_from_classic' retrieved from /home/airflow/.local/lib/python3.12/site-packages/airflow/example_dags/example_inlet_event_extra.py
[2025-02-01T07:59:03.949+0000] {logging_mixin.py:190} INFO - [2025-02-01T07:59:03.948+0000] {dag.py:3239} INFO - Sync 2 DAGs
[2025-02-01T07:59:04.002+0000] {logging_mixin.py:190} INFO - [2025-02-01T07:59:04.001+0000] {dag.py:4180} INFO - Setting next_dagrun for read_dataset_event to 2025-01-31 00:00:00+00:00, run_after=2025-02-01 00:00:00+00:00
[2025-02-01T07:59:04.012+0000] {logging_mixin.py:190} INFO - [2025-02-01T07:59:04.011+0000] {dag.py:4180} INFO - Setting next_dagrun for read_dataset_event_from_classic to 2025-01-31 00:00:00+00:00, run_after=2025-02-01 00:00:00+00:00
[2025-02-01T07:59:04.048+0000] {processor.py:208} INFO - Processing /home/airflow/.local/lib/python3.12/site-packages/airflow/example_dags/example_inlet_event_extra.py took 1.353 seconds
[2025-02-01T07:59:34.263+0000] {processor.py:186} INFO - Started process (PID=3214) to work on /home/airflow/.local/lib/python3.12/site-packages/airflow/example_dags/example_inlet_event_extra.py
[2025-02-01T07:59:34.265+0000] {processor.py:914} INFO - Processing file /home/airflow/.local/lib/python3.12/site-packages/airflow/example_dags/example_inlet_event_extra.py for tasks to queue
[2025-02-01T07:59:34.269+0000] {logging_mixin.py:190} INFO - [2025-02-01T07:59:34.269+0000] {dagbag.py:588} INFO - Filling up the DagBag from /home/airflow/.local/lib/python3.12/site-packages/airflow/example_dags/example_inlet_event_extra.py
[2025-02-01T07:59:35.747+0000] {processor.py:925} INFO - DAG(s) 'read_dataset_event', 'read_dataset_event_from_classic' retrieved from /home/airflow/.local/lib/python3.12/site-packages/airflow/example_dags/example_inlet_event_extra.py
[2025-02-01T07:59:35.796+0000] {logging_mixin.py:190} INFO - [2025-02-01T07:59:35.795+0000] {dag.py:3239} INFO - Sync 2 DAGs
[2025-02-01T07:59:35.865+0000] {logging_mixin.py:190} INFO - [2025-02-01T07:59:35.865+0000] {dag.py:4180} INFO - Setting next_dagrun for read_dataset_event to 2025-01-31 00:00:00+00:00, run_after=2025-02-01 00:00:00+00:00
[2025-02-01T07:59:35.880+0000] {logging_mixin.py:190} INFO - [2025-02-01T07:59:35.879+0000] {dag.py:4180} INFO - Setting next_dagrun for read_dataset_event_from_classic to 2025-01-31 00:00:00+00:00, run_after=2025-02-01 00:00:00+00:00
[2025-02-01T07:59:35.914+0000] {processor.py:208} INFO - Processing /home/airflow/.local/lib/python3.12/site-packages/airflow/example_dags/example_inlet_event_extra.py took 1.663 seconds
[2025-02-01T08:00:06.274+0000] {processor.py:186} INFO - Started process (PID=3278) to work on /home/airflow/.local/lib/python3.12/site-packages/airflow/example_dags/example_inlet_event_extra.py
[2025-02-01T08:00:06.276+0000] {processor.py:914} INFO - Processing file /home/airflow/.local/lib/python3.12/site-packages/airflow/example_dags/example_inlet_event_extra.py for tasks to queue
[2025-02-01T08:00:06.280+0000] {logging_mixin.py:190} INFO - [2025-02-01T08:00:06.280+0000] {dagbag.py:588} INFO - Filling up the DagBag from /home/airflow/.local/lib/python3.12/site-packages/airflow/example_dags/example_inlet_event_extra.py
[2025-02-01T08:00:07.355+0000] {processor.py:925} INFO - DAG(s) 'read_dataset_event', 'read_dataset_event_from_classic' retrieved from /home/airflow/.local/lib/python3.12/site-packages/airflow/example_dags/example_inlet_event_extra.py
[2025-02-01T08:00:07.395+0000] {logging_mixin.py:190} INFO - [2025-02-01T08:00:07.394+0000] {dag.py:3239} INFO - Sync 2 DAGs
[2025-02-01T08:00:07.451+0000] {logging_mixin.py:190} INFO - [2025-02-01T08:00:07.451+0000] {dag.py:4180} INFO - Setting next_dagrun for read_dataset_event to 2025-01-31 00:00:00+00:00, run_after=2025-02-01 00:00:00+00:00
[2025-02-01T08:00:07.464+0000] {logging_mixin.py:190} INFO - [2025-02-01T08:00:07.464+0000] {dag.py:4180} INFO - Setting next_dagrun for read_dataset_event_from_classic to 2025-01-31 00:00:00+00:00, run_after=2025-02-01 00:00:00+00:00
[2025-02-01T08:00:07.497+0000] {processor.py:208} INFO - Processing /home/airflow/.local/lib/python3.12/site-packages/airflow/example_dags/example_inlet_event_extra.py took 1.233 seconds
