[2025-02-01T07:34:37.181+0000] {processor.py:186} INFO - Started process (PID=108) to work on /home/airflow/.local/lib/python3.12/site-packages/airflow/example_dags/tutorial_objectstorage.py
[2025-02-01T07:34:37.183+0000] {processor.py:914} INFO - Processing file /home/airflow/.local/lib/python3.12/site-packages/airflow/example_dags/tutorial_objectstorage.py for tasks to queue
[2025-02-01T07:34:37.190+0000] {logging_mixin.py:190} INFO - [2025-02-01T07:34:37.189+0000] {dagbag.py:588} INFO - Filling up the DagBag from /home/airflow/.local/lib/python3.12/site-packages/airflow/example_dags/tutorial_objectstorage.py
[2025-02-01T07:34:37.223+0000] {processor.py:925} INFO - DAG(s) 'tutorial_objectstorage' retrieved from /home/airflow/.local/lib/python3.12/site-packages/airflow/example_dags/tutorial_objectstorage.py
[2025-02-01T07:34:37.523+0000] {logging_mixin.py:190} INFO - [2025-02-01T07:34:37.521+0000] {override.py:1911} INFO - Created Permission View: can edit on DAG:tutorial_objectstorage
[2025-02-01T07:34:37.552+0000] {logging_mixin.py:190} INFO - [2025-02-01T07:34:37.551+0000] {override.py:1911} INFO - Created Permission View: can delete on DAG:tutorial_objectstorage
[2025-02-01T07:34:37.569+0000] {logging_mixin.py:190} INFO - [2025-02-01T07:34:37.568+0000] {override.py:1911} INFO - Created Permission View: can read on DAG:tutorial_objectstorage
[2025-02-01T07:34:37.585+0000] {logging_mixin.py:190} INFO - [2025-02-01T07:34:37.585+0000] {override.py:1911} INFO - Created Permission View: can create on DAG Run:tutorial_objectstorage
[2025-02-01T07:34:37.599+0000] {logging_mixin.py:190} INFO - [2025-02-01T07:34:37.599+0000] {override.py:1911} INFO - Created Permission View: can delete on DAG Run:tutorial_objectstorage
[2025-02-01T07:34:37.617+0000] {logging_mixin.py:190} INFO - [2025-02-01T07:34:37.616+0000] {override.py:1911} INFO - Created Permission View: menu access on DAG Run:tutorial_objectstorage
[2025-02-01T07:34:37.634+0000] {logging_mixin.py:190} INFO - [2025-02-01T07:34:37.634+0000] {override.py:1911} INFO - Created Permission View: can read on DAG Run:tutorial_objectstorage
[2025-02-01T07:34:37.636+0000] {logging_mixin.py:190} INFO - [2025-02-01T07:34:37.636+0000] {dag.py:3239} INFO - Sync 1 DAGs
[2025-02-01T07:34:37.672+0000] {logging_mixin.py:190} INFO - [2025-02-01T07:34:37.672+0000] {dag.py:3262} INFO - Creating ORM DAG for tutorial_objectstorage
[2025-02-01T07:34:37.677+0000] {logging_mixin.py:190} INFO - [2025-02-01T07:34:37.676+0000] {dag.py:4180} INFO - Setting next_dagrun for tutorial_objectstorage to None, run_after=None
[2025-02-01T07:34:37.714+0000] {processor.py:208} INFO - Processing /home/airflow/.local/lib/python3.12/site-packages/airflow/example_dags/tutorial_objectstorage.py took 0.545 seconds
[2025-02-01T07:35:09.358+0000] {processor.py:186} INFO - Started process (PID=171) to work on /home/airflow/.local/lib/python3.12/site-packages/airflow/example_dags/tutorial_objectstorage.py
[2025-02-01T07:35:09.364+0000] {processor.py:914} INFO - Processing file /home/airflow/.local/lib/python3.12/site-packages/airflow/example_dags/tutorial_objectstorage.py for tasks to queue
[2025-02-01T07:35:09.375+0000] {logging_mixin.py:190} INFO - [2025-02-01T07:35:09.374+0000] {dagbag.py:588} INFO - Filling up the DagBag from /home/airflow/.local/lib/python3.12/site-packages/airflow/example_dags/tutorial_objectstorage.py
[2025-02-01T07:35:09.431+0000] {processor.py:925} INFO - DAG(s) 'tutorial_objectstorage' retrieved from /home/airflow/.local/lib/python3.12/site-packages/airflow/example_dags/tutorial_objectstorage.py
[2025-02-01T07:35:09.558+0000] {logging_mixin.py:190} INFO - [2025-02-01T07:35:09.557+0000] {dag.py:3239} INFO - Sync 1 DAGs
[2025-02-01T07:35:09.661+0000] {logging_mixin.py:190} INFO - [2025-02-01T07:35:09.660+0000] {dag.py:4180} INFO - Setting next_dagrun for tutorial_objectstorage to None, run_after=None
[2025-02-01T07:35:09.793+0000] {processor.py:208} INFO - Processing /home/airflow/.local/lib/python3.12/site-packages/airflow/example_dags/tutorial_objectstorage.py took 0.487 seconds
[2025-02-01T07:35:42.182+0000] {processor.py:186} INFO - Started process (PID=234) to work on /home/airflow/.local/lib/python3.12/site-packages/airflow/example_dags/tutorial_objectstorage.py
[2025-02-01T07:35:42.185+0000] {processor.py:914} INFO - Processing file /home/airflow/.local/lib/python3.12/site-packages/airflow/example_dags/tutorial_objectstorage.py for tasks to queue
[2025-02-01T07:35:42.191+0000] {logging_mixin.py:190} INFO - [2025-02-01T07:35:42.191+0000] {dagbag.py:588} INFO - Filling up the DagBag from /home/airflow/.local/lib/python3.12/site-packages/airflow/example_dags/tutorial_objectstorage.py
[2025-02-01T07:35:42.219+0000] {processor.py:925} INFO - DAG(s) 'tutorial_objectstorage' retrieved from /home/airflow/.local/lib/python3.12/site-packages/airflow/example_dags/tutorial_objectstorage.py
[2025-02-01T07:35:42.267+0000] {logging_mixin.py:190} INFO - [2025-02-01T07:35:42.267+0000] {dag.py:3239} INFO - Sync 1 DAGs
[2025-02-01T07:35:42.325+0000] {logging_mixin.py:190} INFO - [2025-02-01T07:35:42.325+0000] {dag.py:4180} INFO - Setting next_dagrun for tutorial_objectstorage to None, run_after=None
[2025-02-01T07:35:42.395+0000] {processor.py:208} INFO - Processing /home/airflow/.local/lib/python3.12/site-packages/airflow/example_dags/tutorial_objectstorage.py took 0.234 seconds
[2025-02-01T07:36:13.416+0000] {processor.py:186} INFO - Started process (PID=298) to work on /home/airflow/.local/lib/python3.12/site-packages/airflow/example_dags/tutorial_objectstorage.py
[2025-02-01T07:36:13.418+0000] {processor.py:914} INFO - Processing file /home/airflow/.local/lib/python3.12/site-packages/airflow/example_dags/tutorial_objectstorage.py for tasks to queue
[2025-02-01T07:36:13.423+0000] {logging_mixin.py:190} INFO - [2025-02-01T07:36:13.422+0000] {dagbag.py:588} INFO - Filling up the DagBag from /home/airflow/.local/lib/python3.12/site-packages/airflow/example_dags/tutorial_objectstorage.py
[2025-02-01T07:36:13.437+0000] {processor.py:925} INFO - DAG(s) 'tutorial_objectstorage' retrieved from /home/airflow/.local/lib/python3.12/site-packages/airflow/example_dags/tutorial_objectstorage.py
[2025-02-01T07:36:13.463+0000] {logging_mixin.py:190} INFO - [2025-02-01T07:36:13.463+0000] {dag.py:3239} INFO - Sync 1 DAGs
[2025-02-01T07:36:13.482+0000] {logging_mixin.py:190} INFO - [2025-02-01T07:36:13.481+0000] {dag.py:4180} INFO - Setting next_dagrun for tutorial_objectstorage to None, run_after=None
[2025-02-01T07:36:13.611+0000] {processor.py:208} INFO - Processing /home/airflow/.local/lib/python3.12/site-packages/airflow/example_dags/tutorial_objectstorage.py took 0.204 seconds
[2025-02-01T07:36:44.084+0000] {processor.py:186} INFO - Started process (PID=360) to work on /home/airflow/.local/lib/python3.12/site-packages/airflow/example_dags/tutorial_objectstorage.py
[2025-02-01T07:36:44.085+0000] {processor.py:914} INFO - Processing file /home/airflow/.local/lib/python3.12/site-packages/airflow/example_dags/tutorial_objectstorage.py for tasks to queue
[2025-02-01T07:36:44.088+0000] {logging_mixin.py:190} INFO - [2025-02-01T07:36:44.088+0000] {dagbag.py:588} INFO - Filling up the DagBag from /home/airflow/.local/lib/python3.12/site-packages/airflow/example_dags/tutorial_objectstorage.py
[2025-02-01T07:36:44.098+0000] {processor.py:925} INFO - DAG(s) 'tutorial_objectstorage' retrieved from /home/airflow/.local/lib/python3.12/site-packages/airflow/example_dags/tutorial_objectstorage.py
[2025-02-01T07:36:44.120+0000] {logging_mixin.py:190} INFO - [2025-02-01T07:36:44.119+0000] {dag.py:3239} INFO - Sync 1 DAGs
[2025-02-01T07:36:44.137+0000] {logging_mixin.py:190} INFO - [2025-02-01T07:36:44.136+0000] {dag.py:4180} INFO - Setting next_dagrun for tutorial_objectstorage to None, run_after=None
[2025-02-01T07:36:44.160+0000] {processor.py:208} INFO - Processing /home/airflow/.local/lib/python3.12/site-packages/airflow/example_dags/tutorial_objectstorage.py took 0.082 seconds
[2025-02-01T07:37:14.300+0000] {processor.py:186} INFO - Started process (PID=422) to work on /home/airflow/.local/lib/python3.12/site-packages/airflow/example_dags/tutorial_objectstorage.py
[2025-02-01T07:37:14.301+0000] {processor.py:914} INFO - Processing file /home/airflow/.local/lib/python3.12/site-packages/airflow/example_dags/tutorial_objectstorage.py for tasks to queue
[2025-02-01T07:37:14.304+0000] {logging_mixin.py:190} INFO - [2025-02-01T07:37:14.304+0000] {dagbag.py:588} INFO - Filling up the DagBag from /home/airflow/.local/lib/python3.12/site-packages/airflow/example_dags/tutorial_objectstorage.py
[2025-02-01T07:37:14.315+0000] {processor.py:925} INFO - DAG(s) 'tutorial_objectstorage' retrieved from /home/airflow/.local/lib/python3.12/site-packages/airflow/example_dags/tutorial_objectstorage.py
[2025-02-01T07:37:14.337+0000] {logging_mixin.py:190} INFO - [2025-02-01T07:37:14.337+0000] {dag.py:3239} INFO - Sync 1 DAGs
[2025-02-01T07:37:14.353+0000] {logging_mixin.py:190} INFO - [2025-02-01T07:37:14.353+0000] {dag.py:4180} INFO - Setting next_dagrun for tutorial_objectstorage to None, run_after=None
[2025-02-01T07:37:14.376+0000] {processor.py:208} INFO - Processing /home/airflow/.local/lib/python3.12/site-packages/airflow/example_dags/tutorial_objectstorage.py took 0.083 seconds
[2025-02-01T07:37:45.024+0000] {processor.py:186} INFO - Started process (PID=485) to work on /home/airflow/.local/lib/python3.12/site-packages/airflow/example_dags/tutorial_objectstorage.py
[2025-02-01T07:37:45.025+0000] {processor.py:914} INFO - Processing file /home/airflow/.local/lib/python3.12/site-packages/airflow/example_dags/tutorial_objectstorage.py for tasks to queue
[2025-02-01T07:37:45.027+0000] {logging_mixin.py:190} INFO - [2025-02-01T07:37:45.027+0000] {dagbag.py:588} INFO - Filling up the DagBag from /home/airflow/.local/lib/python3.12/site-packages/airflow/example_dags/tutorial_objectstorage.py
[2025-02-01T07:37:45.037+0000] {processor.py:925} INFO - DAG(s) 'tutorial_objectstorage' retrieved from /home/airflow/.local/lib/python3.12/site-packages/airflow/example_dags/tutorial_objectstorage.py
[2025-02-01T07:37:45.057+0000] {logging_mixin.py:190} INFO - [2025-02-01T07:37:45.057+0000] {dag.py:3239} INFO - Sync 1 DAGs
[2025-02-01T07:37:45.076+0000] {logging_mixin.py:190} INFO - [2025-02-01T07:37:45.076+0000] {dag.py:4180} INFO - Setting next_dagrun for tutorial_objectstorage to None, run_after=None
[2025-02-01T07:37:45.103+0000] {processor.py:208} INFO - Processing /home/airflow/.local/lib/python3.12/site-packages/airflow/example_dags/tutorial_objectstorage.py took 0.085 seconds
[2025-02-01T07:38:15.565+0000] {processor.py:186} INFO - Started process (PID=554) to work on /home/airflow/.local/lib/python3.12/site-packages/airflow/example_dags/tutorial_objectstorage.py
[2025-02-01T07:38:15.568+0000] {processor.py:914} INFO - Processing file /home/airflow/.local/lib/python3.12/site-packages/airflow/example_dags/tutorial_objectstorage.py for tasks to queue
[2025-02-01T07:38:15.572+0000] {logging_mixin.py:190} INFO - [2025-02-01T07:38:15.571+0000] {dagbag.py:588} INFO - Filling up the DagBag from /home/airflow/.local/lib/python3.12/site-packages/airflow/example_dags/tutorial_objectstorage.py
[2025-02-01T07:38:15.588+0000] {processor.py:925} INFO - DAG(s) 'tutorial_objectstorage' retrieved from /home/airflow/.local/lib/python3.12/site-packages/airflow/example_dags/tutorial_objectstorage.py
[2025-02-01T07:38:15.635+0000] {logging_mixin.py:190} INFO - [2025-02-01T07:38:15.635+0000] {dag.py:3239} INFO - Sync 1 DAGs
[2025-02-01T07:38:15.673+0000] {logging_mixin.py:190} INFO - [2025-02-01T07:38:15.672+0000] {dag.py:4180} INFO - Setting next_dagrun for tutorial_objectstorage to None, run_after=None
[2025-02-01T07:38:15.721+0000] {processor.py:208} INFO - Processing /home/airflow/.local/lib/python3.12/site-packages/airflow/example_dags/tutorial_objectstorage.py took 0.168 seconds
[2025-02-01T07:38:46.014+0000] {processor.py:186} INFO - Started process (PID=617) to work on /home/airflow/.local/lib/python3.12/site-packages/airflow/example_dags/tutorial_objectstorage.py
[2025-02-01T07:38:46.016+0000] {processor.py:914} INFO - Processing file /home/airflow/.local/lib/python3.12/site-packages/airflow/example_dags/tutorial_objectstorage.py for tasks to queue
[2025-02-01T07:38:46.020+0000] {logging_mixin.py:190} INFO - [2025-02-01T07:38:46.019+0000] {dagbag.py:588} INFO - Filling up the DagBag from /home/airflow/.local/lib/python3.12/site-packages/airflow/example_dags/tutorial_objectstorage.py
[2025-02-01T07:38:46.038+0000] {processor.py:925} INFO - DAG(s) 'tutorial_objectstorage' retrieved from /home/airflow/.local/lib/python3.12/site-packages/airflow/example_dags/tutorial_objectstorage.py
[2025-02-01T07:38:46.076+0000] {logging_mixin.py:190} INFO - [2025-02-01T07:38:46.075+0000] {dag.py:3239} INFO - Sync 1 DAGs
[2025-02-01T07:38:46.110+0000] {logging_mixin.py:190} INFO - [2025-02-01T07:38:46.110+0000] {dag.py:4180} INFO - Setting next_dagrun for tutorial_objectstorage to None, run_after=None
[2025-02-01T07:38:46.154+0000] {processor.py:208} INFO - Processing /home/airflow/.local/lib/python3.12/site-packages/airflow/example_dags/tutorial_objectstorage.py took 0.149 seconds
[2025-02-01T07:39:16.394+0000] {processor.py:186} INFO - Started process (PID=680) to work on /home/airflow/.local/lib/python3.12/site-packages/airflow/example_dags/tutorial_objectstorage.py
[2025-02-01T07:39:16.396+0000] {processor.py:914} INFO - Processing file /home/airflow/.local/lib/python3.12/site-packages/airflow/example_dags/tutorial_objectstorage.py for tasks to queue
[2025-02-01T07:39:16.400+0000] {logging_mixin.py:190} INFO - [2025-02-01T07:39:16.400+0000] {dagbag.py:588} INFO - Filling up the DagBag from /home/airflow/.local/lib/python3.12/site-packages/airflow/example_dags/tutorial_objectstorage.py
[2025-02-01T07:39:16.417+0000] {processor.py:925} INFO - DAG(s) 'tutorial_objectstorage' retrieved from /home/airflow/.local/lib/python3.12/site-packages/airflow/example_dags/tutorial_objectstorage.py
[2025-02-01T07:39:16.454+0000] {logging_mixin.py:190} INFO - [2025-02-01T07:39:16.454+0000] {dag.py:3239} INFO - Sync 1 DAGs
[2025-02-01T07:39:16.489+0000] {logging_mixin.py:190} INFO - [2025-02-01T07:39:16.488+0000] {dag.py:4180} INFO - Setting next_dagrun for tutorial_objectstorage to None, run_after=None
[2025-02-01T07:39:16.534+0000] {processor.py:208} INFO - Processing /home/airflow/.local/lib/python3.12/site-packages/airflow/example_dags/tutorial_objectstorage.py took 0.150 seconds
[2025-02-01T07:39:46.993+0000] {processor.py:186} INFO - Started process (PID=743) to work on /home/airflow/.local/lib/python3.12/site-packages/airflow/example_dags/tutorial_objectstorage.py
[2025-02-01T07:39:46.994+0000] {processor.py:914} INFO - Processing file /home/airflow/.local/lib/python3.12/site-packages/airflow/example_dags/tutorial_objectstorage.py for tasks to queue
[2025-02-01T07:39:46.997+0000] {logging_mixin.py:190} INFO - [2025-02-01T07:39:46.996+0000] {dagbag.py:588} INFO - Filling up the DagBag from /home/airflow/.local/lib/python3.12/site-packages/airflow/example_dags/tutorial_objectstorage.py
[2025-02-01T07:39:47.007+0000] {processor.py:925} INFO - DAG(s) 'tutorial_objectstorage' retrieved from /home/airflow/.local/lib/python3.12/site-packages/airflow/example_dags/tutorial_objectstorage.py
[2025-02-01T07:39:47.028+0000] {logging_mixin.py:190} INFO - [2025-02-01T07:39:47.028+0000] {dag.py:3239} INFO - Sync 1 DAGs
[2025-02-01T07:39:47.043+0000] {logging_mixin.py:190} INFO - [2025-02-01T07:39:47.043+0000] {dag.py:4180} INFO - Setting next_dagrun for tutorial_objectstorage to None, run_after=None
[2025-02-01T07:39:47.067+0000] {processor.py:208} INFO - Processing /home/airflow/.local/lib/python3.12/site-packages/airflow/example_dags/tutorial_objectstorage.py took 0.079 seconds
[2025-02-01T07:40:17.680+0000] {processor.py:186} INFO - Started process (PID=806) to work on /home/airflow/.local/lib/python3.12/site-packages/airflow/example_dags/tutorial_objectstorage.py
[2025-02-01T07:40:17.682+0000] {processor.py:914} INFO - Processing file /home/airflow/.local/lib/python3.12/site-packages/airflow/example_dags/tutorial_objectstorage.py for tasks to queue
[2025-02-01T07:40:17.685+0000] {logging_mixin.py:190} INFO - [2025-02-01T07:40:17.684+0000] {dagbag.py:588} INFO - Filling up the DagBag from /home/airflow/.local/lib/python3.12/site-packages/airflow/example_dags/tutorial_objectstorage.py
[2025-02-01T07:40:17.696+0000] {processor.py:925} INFO - DAG(s) 'tutorial_objectstorage' retrieved from /home/airflow/.local/lib/python3.12/site-packages/airflow/example_dags/tutorial_objectstorage.py
[2025-02-01T07:40:17.723+0000] {logging_mixin.py:190} INFO - [2025-02-01T07:40:17.723+0000] {dag.py:3239} INFO - Sync 1 DAGs
[2025-02-01T07:40:17.742+0000] {logging_mixin.py:190} INFO - [2025-02-01T07:40:17.742+0000] {dag.py:4180} INFO - Setting next_dagrun for tutorial_objectstorage to None, run_after=None
[2025-02-01T07:40:17.770+0000] {processor.py:208} INFO - Processing /home/airflow/.local/lib/python3.12/site-packages/airflow/example_dags/tutorial_objectstorage.py took 0.098 seconds
[2025-02-01T07:40:48.338+0000] {processor.py:186} INFO - Started process (PID=869) to work on /home/airflow/.local/lib/python3.12/site-packages/airflow/example_dags/tutorial_objectstorage.py
[2025-02-01T07:40:48.340+0000] {processor.py:914} INFO - Processing file /home/airflow/.local/lib/python3.12/site-packages/airflow/example_dags/tutorial_objectstorage.py for tasks to queue
[2025-02-01T07:40:48.344+0000] {logging_mixin.py:190} INFO - [2025-02-01T07:40:48.344+0000] {dagbag.py:588} INFO - Filling up the DagBag from /home/airflow/.local/lib/python3.12/site-packages/airflow/example_dags/tutorial_objectstorage.py
[2025-02-01T07:40:48.361+0000] {processor.py:925} INFO - DAG(s) 'tutorial_objectstorage' retrieved from /home/airflow/.local/lib/python3.12/site-packages/airflow/example_dags/tutorial_objectstorage.py
[2025-02-01T07:40:48.393+0000] {logging_mixin.py:190} INFO - [2025-02-01T07:40:48.393+0000] {dag.py:3239} INFO - Sync 1 DAGs
[2025-02-01T07:40:48.424+0000] {logging_mixin.py:190} INFO - [2025-02-01T07:40:48.423+0000] {dag.py:4180} INFO - Setting next_dagrun for tutorial_objectstorage to None, run_after=None
[2025-02-01T07:40:48.474+0000] {processor.py:208} INFO - Processing /home/airflow/.local/lib/python3.12/site-packages/airflow/example_dags/tutorial_objectstorage.py took 0.147 seconds
[2025-02-01T07:41:19.308+0000] {processor.py:186} INFO - Started process (PID=932) to work on /home/airflow/.local/lib/python3.12/site-packages/airflow/example_dags/tutorial_objectstorage.py
[2025-02-01T07:41:19.313+0000] {processor.py:914} INFO - Processing file /home/airflow/.local/lib/python3.12/site-packages/airflow/example_dags/tutorial_objectstorage.py for tasks to queue
[2025-02-01T07:41:19.320+0000] {logging_mixin.py:190} INFO - [2025-02-01T07:41:19.319+0000] {dagbag.py:588} INFO - Filling up the DagBag from /home/airflow/.local/lib/python3.12/site-packages/airflow/example_dags/tutorial_objectstorage.py
[2025-02-01T07:41:19.348+0000] {processor.py:925} INFO - DAG(s) 'tutorial_objectstorage' retrieved from /home/airflow/.local/lib/python3.12/site-packages/airflow/example_dags/tutorial_objectstorage.py
[2025-02-01T07:41:19.411+0000] {logging_mixin.py:190} INFO - [2025-02-01T07:41:19.410+0000] {dag.py:3239} INFO - Sync 1 DAGs
[2025-02-01T07:41:19.475+0000] {logging_mixin.py:190} INFO - [2025-02-01T07:41:19.475+0000] {dag.py:4180} INFO - Setting next_dagrun for tutorial_objectstorage to None, run_after=None
[2025-02-01T07:41:19.537+0000] {processor.py:208} INFO - Processing /home/airflow/.local/lib/python3.12/site-packages/airflow/example_dags/tutorial_objectstorage.py took 0.251 seconds
[2025-02-01T07:41:50.546+0000] {processor.py:186} INFO - Started process (PID=994) to work on /home/airflow/.local/lib/python3.12/site-packages/airflow/example_dags/tutorial_objectstorage.py
[2025-02-01T07:41:50.547+0000] {processor.py:914} INFO - Processing file /home/airflow/.local/lib/python3.12/site-packages/airflow/example_dags/tutorial_objectstorage.py for tasks to queue
[2025-02-01T07:41:50.550+0000] {logging_mixin.py:190} INFO - [2025-02-01T07:41:50.550+0000] {dagbag.py:588} INFO - Filling up the DagBag from /home/airflow/.local/lib/python3.12/site-packages/airflow/example_dags/tutorial_objectstorage.py
[2025-02-01T07:41:50.563+0000] {processor.py:925} INFO - DAG(s) 'tutorial_objectstorage' retrieved from /home/airflow/.local/lib/python3.12/site-packages/airflow/example_dags/tutorial_objectstorage.py
[2025-02-01T07:41:50.589+0000] {logging_mixin.py:190} INFO - [2025-02-01T07:41:50.588+0000] {dag.py:3239} INFO - Sync 1 DAGs
[2025-02-01T07:41:50.612+0000] {logging_mixin.py:190} INFO - [2025-02-01T07:41:50.612+0000] {dag.py:4180} INFO - Setting next_dagrun for tutorial_objectstorage to None, run_after=None
[2025-02-01T07:41:50.647+0000] {processor.py:208} INFO - Processing /home/airflow/.local/lib/python3.12/site-packages/airflow/example_dags/tutorial_objectstorage.py took 0.111 seconds
[2025-02-01T07:42:20.969+0000] {processor.py:186} INFO - Started process (PID=1057) to work on /home/airflow/.local/lib/python3.12/site-packages/airflow/example_dags/tutorial_objectstorage.py
[2025-02-01T07:42:20.970+0000] {processor.py:914} INFO - Processing file /home/airflow/.local/lib/python3.12/site-packages/airflow/example_dags/tutorial_objectstorage.py for tasks to queue
[2025-02-01T07:42:20.974+0000] {logging_mixin.py:190} INFO - [2025-02-01T07:42:20.974+0000] {dagbag.py:588} INFO - Filling up the DagBag from /home/airflow/.local/lib/python3.12/site-packages/airflow/example_dags/tutorial_objectstorage.py
[2025-02-01T07:42:20.988+0000] {processor.py:925} INFO - DAG(s) 'tutorial_objectstorage' retrieved from /home/airflow/.local/lib/python3.12/site-packages/airflow/example_dags/tutorial_objectstorage.py
[2025-02-01T07:42:21.016+0000] {logging_mixin.py:190} INFO - [2025-02-01T07:42:21.015+0000] {dag.py:3239} INFO - Sync 1 DAGs
[2025-02-01T07:42:21.033+0000] {logging_mixin.py:190} INFO - [2025-02-01T07:42:21.032+0000] {dag.py:4180} INFO - Setting next_dagrun for tutorial_objectstorage to None, run_after=None
[2025-02-01T07:42:21.060+0000] {processor.py:208} INFO - Processing /home/airflow/.local/lib/python3.12/site-packages/airflow/example_dags/tutorial_objectstorage.py took 0.098 seconds
[2025-02-01T07:42:51.208+0000] {processor.py:186} INFO - Started process (PID=1120) to work on /home/airflow/.local/lib/python3.12/site-packages/airflow/example_dags/tutorial_objectstorage.py
[2025-02-01T07:42:51.210+0000] {processor.py:914} INFO - Processing file /home/airflow/.local/lib/python3.12/site-packages/airflow/example_dags/tutorial_objectstorage.py for tasks to queue
[2025-02-01T07:42:51.213+0000] {logging_mixin.py:190} INFO - [2025-02-01T07:42:51.212+0000] {dagbag.py:588} INFO - Filling up the DagBag from /home/airflow/.local/lib/python3.12/site-packages/airflow/example_dags/tutorial_objectstorage.py
[2025-02-01T07:42:51.225+0000] {processor.py:925} INFO - DAG(s) 'tutorial_objectstorage' retrieved from /home/airflow/.local/lib/python3.12/site-packages/airflow/example_dags/tutorial_objectstorage.py
[2025-02-01T07:42:51.251+0000] {logging_mixin.py:190} INFO - [2025-02-01T07:42:51.251+0000] {dag.py:3239} INFO - Sync 1 DAGs
[2025-02-01T07:42:51.269+0000] {logging_mixin.py:190} INFO - [2025-02-01T07:42:51.268+0000] {dag.py:4180} INFO - Setting next_dagrun for tutorial_objectstorage to None, run_after=None
[2025-02-01T07:42:51.297+0000] {processor.py:208} INFO - Processing /home/airflow/.local/lib/python3.12/site-packages/airflow/example_dags/tutorial_objectstorage.py took 0.096 seconds
[2025-02-01T07:43:21.522+0000] {processor.py:186} INFO - Started process (PID=1183) to work on /home/airflow/.local/lib/python3.12/site-packages/airflow/example_dags/tutorial_objectstorage.py
[2025-02-01T07:43:21.523+0000] {processor.py:914} INFO - Processing file /home/airflow/.local/lib/python3.12/site-packages/airflow/example_dags/tutorial_objectstorage.py for tasks to queue
[2025-02-01T07:43:21.527+0000] {logging_mixin.py:190} INFO - [2025-02-01T07:43:21.526+0000] {dagbag.py:588} INFO - Filling up the DagBag from /home/airflow/.local/lib/python3.12/site-packages/airflow/example_dags/tutorial_objectstorage.py
[2025-02-01T07:43:21.540+0000] {processor.py:925} INFO - DAG(s) 'tutorial_objectstorage' retrieved from /home/airflow/.local/lib/python3.12/site-packages/airflow/example_dags/tutorial_objectstorage.py
[2025-02-01T07:43:21.565+0000] {logging_mixin.py:190} INFO - [2025-02-01T07:43:21.565+0000] {dag.py:3239} INFO - Sync 1 DAGs
[2025-02-01T07:43:21.584+0000] {logging_mixin.py:190} INFO - [2025-02-01T07:43:21.583+0000] {dag.py:4180} INFO - Setting next_dagrun for tutorial_objectstorage to None, run_after=None
[2025-02-01T07:43:21.609+0000] {processor.py:208} INFO - Processing /home/airflow/.local/lib/python3.12/site-packages/airflow/example_dags/tutorial_objectstorage.py took 0.095 seconds
[2025-02-01T07:43:51.987+0000] {processor.py:186} INFO - Started process (PID=1246) to work on /home/airflow/.local/lib/python3.12/site-packages/airflow/example_dags/tutorial_objectstorage.py
[2025-02-01T07:43:51.989+0000] {processor.py:914} INFO - Processing file /home/airflow/.local/lib/python3.12/site-packages/airflow/example_dags/tutorial_objectstorage.py for tasks to queue
[2025-02-01T07:43:51.994+0000] {logging_mixin.py:190} INFO - [2025-02-01T07:43:51.994+0000] {dagbag.py:588} INFO - Filling up the DagBag from /home/airflow/.local/lib/python3.12/site-packages/airflow/example_dags/tutorial_objectstorage.py
[2025-02-01T07:43:52.019+0000] {processor.py:925} INFO - DAG(s) 'tutorial_objectstorage' retrieved from /home/airflow/.local/lib/python3.12/site-packages/airflow/example_dags/tutorial_objectstorage.py
[2025-02-01T07:43:52.064+0000] {logging_mixin.py:190} INFO - [2025-02-01T07:43:52.063+0000] {dag.py:3239} INFO - Sync 1 DAGs
[2025-02-01T07:43:52.109+0000] {logging_mixin.py:190} INFO - [2025-02-01T07:43:52.108+0000] {dag.py:4180} INFO - Setting next_dagrun for tutorial_objectstorage to None, run_after=None
[2025-02-01T07:43:52.173+0000] {processor.py:208} INFO - Processing /home/airflow/.local/lib/python3.12/site-packages/airflow/example_dags/tutorial_objectstorage.py took 0.201 seconds
[2025-02-01T07:44:22.736+0000] {processor.py:186} INFO - Started process (PID=1310) to work on /home/airflow/.local/lib/python3.12/site-packages/airflow/example_dags/tutorial_objectstorage.py
[2025-02-01T07:44:22.746+0000] {processor.py:914} INFO - Processing file /home/airflow/.local/lib/python3.12/site-packages/airflow/example_dags/tutorial_objectstorage.py for tasks to queue
[2025-02-01T07:44:22.750+0000] {logging_mixin.py:190} INFO - [2025-02-01T07:44:22.749+0000] {dagbag.py:588} INFO - Filling up the DagBag from /home/airflow/.local/lib/python3.12/site-packages/airflow/example_dags/tutorial_objectstorage.py
[2025-02-01T07:44:22.771+0000] {processor.py:925} INFO - DAG(s) 'tutorial_objectstorage' retrieved from /home/airflow/.local/lib/python3.12/site-packages/airflow/example_dags/tutorial_objectstorage.py
[2025-02-01T07:44:22.804+0000] {logging_mixin.py:190} INFO - [2025-02-01T07:44:22.804+0000] {dag.py:3239} INFO - Sync 1 DAGs
[2025-02-01T07:44:22.827+0000] {logging_mixin.py:190} INFO - [2025-02-01T07:44:22.827+0000] {dag.py:4180} INFO - Setting next_dagrun for tutorial_objectstorage to None, run_after=None
[2025-02-01T07:44:22.862+0000] {processor.py:208} INFO - Processing /home/airflow/.local/lib/python3.12/site-packages/airflow/example_dags/tutorial_objectstorage.py took 0.139 seconds
[2025-02-01T07:44:53.513+0000] {processor.py:186} INFO - Started process (PID=1373) to work on /home/airflow/.local/lib/python3.12/site-packages/airflow/example_dags/tutorial_objectstorage.py
[2025-02-01T07:44:53.515+0000] {processor.py:914} INFO - Processing file /home/airflow/.local/lib/python3.12/site-packages/airflow/example_dags/tutorial_objectstorage.py for tasks to queue
[2025-02-01T07:44:53.521+0000] {logging_mixin.py:190} INFO - [2025-02-01T07:44:53.520+0000] {dagbag.py:588} INFO - Filling up the DagBag from /home/airflow/.local/lib/python3.12/site-packages/airflow/example_dags/tutorial_objectstorage.py
[2025-02-01T07:44:53.540+0000] {processor.py:925} INFO - DAG(s) 'tutorial_objectstorage' retrieved from /home/airflow/.local/lib/python3.12/site-packages/airflow/example_dags/tutorial_objectstorage.py
[2025-02-01T07:44:53.583+0000] {logging_mixin.py:190} INFO - [2025-02-01T07:44:53.583+0000] {dag.py:3239} INFO - Sync 1 DAGs
[2025-02-01T07:44:53.613+0000] {logging_mixin.py:190} INFO - [2025-02-01T07:44:53.613+0000] {dag.py:4180} INFO - Setting next_dagrun for tutorial_objectstorage to None, run_after=None
[2025-02-01T07:44:53.660+0000] {processor.py:208} INFO - Processing /home/airflow/.local/lib/python3.12/site-packages/airflow/example_dags/tutorial_objectstorage.py took 0.159 seconds
[2025-02-01T07:45:24.319+0000] {processor.py:186} INFO - Started process (PID=1437) to work on /home/airflow/.local/lib/python3.12/site-packages/airflow/example_dags/tutorial_objectstorage.py
[2025-02-01T07:45:24.322+0000] {processor.py:914} INFO - Processing file /home/airflow/.local/lib/python3.12/site-packages/airflow/example_dags/tutorial_objectstorage.py for tasks to queue
[2025-02-01T07:45:24.326+0000] {logging_mixin.py:190} INFO - [2025-02-01T07:45:24.325+0000] {dagbag.py:588} INFO - Filling up the DagBag from /home/airflow/.local/lib/python3.12/site-packages/airflow/example_dags/tutorial_objectstorage.py
[2025-02-01T07:45:24.340+0000] {processor.py:925} INFO - DAG(s) 'tutorial_objectstorage' retrieved from /home/airflow/.local/lib/python3.12/site-packages/airflow/example_dags/tutorial_objectstorage.py
[2025-02-01T07:45:24.383+0000] {logging_mixin.py:190} INFO - [2025-02-01T07:45:24.382+0000] {dag.py:3239} INFO - Sync 1 DAGs
[2025-02-01T07:45:24.408+0000] {logging_mixin.py:190} INFO - [2025-02-01T07:45:24.408+0000] {dag.py:4180} INFO - Setting next_dagrun for tutorial_objectstorage to None, run_after=None
[2025-02-01T07:45:24.438+0000] {processor.py:208} INFO - Processing /home/airflow/.local/lib/python3.12/site-packages/airflow/example_dags/tutorial_objectstorage.py took 0.129 seconds
[2025-02-01T07:45:54.945+0000] {processor.py:186} INFO - Started process (PID=1501) to work on /home/airflow/.local/lib/python3.12/site-packages/airflow/example_dags/tutorial_objectstorage.py
[2025-02-01T07:45:54.947+0000] {processor.py:914} INFO - Processing file /home/airflow/.local/lib/python3.12/site-packages/airflow/example_dags/tutorial_objectstorage.py for tasks to queue
[2025-02-01T07:45:54.951+0000] {logging_mixin.py:190} INFO - [2025-02-01T07:45:54.950+0000] {dagbag.py:588} INFO - Filling up the DagBag from /home/airflow/.local/lib/python3.12/site-packages/airflow/example_dags/tutorial_objectstorage.py
[2025-02-01T07:45:54.961+0000] {processor.py:925} INFO - DAG(s) 'tutorial_objectstorage' retrieved from /home/airflow/.local/lib/python3.12/site-packages/airflow/example_dags/tutorial_objectstorage.py
[2025-02-01T07:45:54.984+0000] {logging_mixin.py:190} INFO - [2025-02-01T07:45:54.983+0000] {dag.py:3239} INFO - Sync 1 DAGs
[2025-02-01T07:45:55.000+0000] {logging_mixin.py:190} INFO - [2025-02-01T07:45:55.000+0000] {dag.py:4180} INFO - Setting next_dagrun for tutorial_objectstorage to None, run_after=None
[2025-02-01T07:45:55.028+0000] {processor.py:208} INFO - Processing /home/airflow/.local/lib/python3.12/site-packages/airflow/example_dags/tutorial_objectstorage.py took 0.091 seconds
[2025-02-01T07:46:25.415+0000] {processor.py:186} INFO - Started process (PID=1565) to work on /home/airflow/.local/lib/python3.12/site-packages/airflow/example_dags/tutorial_objectstorage.py
[2025-02-01T07:46:25.418+0000] {processor.py:914} INFO - Processing file /home/airflow/.local/lib/python3.12/site-packages/airflow/example_dags/tutorial_objectstorage.py for tasks to queue
[2025-02-01T07:46:25.421+0000] {logging_mixin.py:190} INFO - [2025-02-01T07:46:25.421+0000] {dagbag.py:588} INFO - Filling up the DagBag from /home/airflow/.local/lib/python3.12/site-packages/airflow/example_dags/tutorial_objectstorage.py
[2025-02-01T07:46:25.438+0000] {processor.py:925} INFO - DAG(s) 'tutorial_objectstorage' retrieved from /home/airflow/.local/lib/python3.12/site-packages/airflow/example_dags/tutorial_objectstorage.py
[2025-02-01T07:46:25.470+0000] {logging_mixin.py:190} INFO - [2025-02-01T07:46:25.469+0000] {dag.py:3239} INFO - Sync 1 DAGs
[2025-02-01T07:46:25.496+0000] {logging_mixin.py:190} INFO - [2025-02-01T07:46:25.495+0000] {dag.py:4180} INFO - Setting next_dagrun for tutorial_objectstorage to None, run_after=None
[2025-02-01T07:46:25.532+0000] {processor.py:208} INFO - Processing /home/airflow/.local/lib/python3.12/site-packages/airflow/example_dags/tutorial_objectstorage.py took 0.125 seconds
[2025-02-01T07:46:56.034+0000] {processor.py:186} INFO - Started process (PID=1628) to work on /home/airflow/.local/lib/python3.12/site-packages/airflow/example_dags/tutorial_objectstorage.py
[2025-02-01T07:46:56.035+0000] {processor.py:914} INFO - Processing file /home/airflow/.local/lib/python3.12/site-packages/airflow/example_dags/tutorial_objectstorage.py for tasks to queue
[2025-02-01T07:46:56.038+0000] {logging_mixin.py:190} INFO - [2025-02-01T07:46:56.038+0000] {dagbag.py:588} INFO - Filling up the DagBag from /home/airflow/.local/lib/python3.12/site-packages/airflow/example_dags/tutorial_objectstorage.py
[2025-02-01T07:46:56.048+0000] {processor.py:925} INFO - DAG(s) 'tutorial_objectstorage' retrieved from /home/airflow/.local/lib/python3.12/site-packages/airflow/example_dags/tutorial_objectstorage.py
[2025-02-01T07:46:56.070+0000] {logging_mixin.py:190} INFO - [2025-02-01T07:46:56.069+0000] {dag.py:3239} INFO - Sync 1 DAGs
[2025-02-01T07:46:56.085+0000] {logging_mixin.py:190} INFO - [2025-02-01T07:46:56.084+0000] {dag.py:4180} INFO - Setting next_dagrun for tutorial_objectstorage to None, run_after=None
[2025-02-01T07:46:56.111+0000] {processor.py:208} INFO - Processing /home/airflow/.local/lib/python3.12/site-packages/airflow/example_dags/tutorial_objectstorage.py took 0.083 seconds
[2025-02-01T07:47:27.005+0000] {processor.py:186} INFO - Started process (PID=1692) to work on /home/airflow/.local/lib/python3.12/site-packages/airflow/example_dags/tutorial_objectstorage.py
[2025-02-01T07:47:27.006+0000] {processor.py:914} INFO - Processing file /home/airflow/.local/lib/python3.12/site-packages/airflow/example_dags/tutorial_objectstorage.py for tasks to queue
[2025-02-01T07:47:27.010+0000] {logging_mixin.py:190} INFO - [2025-02-01T07:47:27.010+0000] {dagbag.py:588} INFO - Filling up the DagBag from /home/airflow/.local/lib/python3.12/site-packages/airflow/example_dags/tutorial_objectstorage.py
[2025-02-01T07:47:27.025+0000] {processor.py:925} INFO - DAG(s) 'tutorial_objectstorage' retrieved from /home/airflow/.local/lib/python3.12/site-packages/airflow/example_dags/tutorial_objectstorage.py
[2025-02-01T07:47:27.055+0000] {logging_mixin.py:190} INFO - [2025-02-01T07:47:27.055+0000] {dag.py:3239} INFO - Sync 1 DAGs
[2025-02-01T07:47:27.078+0000] {logging_mixin.py:190} INFO - [2025-02-01T07:47:27.077+0000] {dag.py:4180} INFO - Setting next_dagrun for tutorial_objectstorage to None, run_after=None
[2025-02-01T07:47:27.116+0000] {processor.py:208} INFO - Processing /home/airflow/.local/lib/python3.12/site-packages/airflow/example_dags/tutorial_objectstorage.py took 0.120 seconds
[2025-02-01T07:47:57.609+0000] {processor.py:186} INFO - Started process (PID=1756) to work on /home/airflow/.local/lib/python3.12/site-packages/airflow/example_dags/tutorial_objectstorage.py
[2025-02-01T07:47:57.611+0000] {processor.py:914} INFO - Processing file /home/airflow/.local/lib/python3.12/site-packages/airflow/example_dags/tutorial_objectstorage.py for tasks to queue
[2025-02-01T07:47:57.616+0000] {logging_mixin.py:190} INFO - [2025-02-01T07:47:57.616+0000] {dagbag.py:588} INFO - Filling up the DagBag from /home/airflow/.local/lib/python3.12/site-packages/airflow/example_dags/tutorial_objectstorage.py
[2025-02-01T07:47:57.635+0000] {processor.py:925} INFO - DAG(s) 'tutorial_objectstorage' retrieved from /home/airflow/.local/lib/python3.12/site-packages/airflow/example_dags/tutorial_objectstorage.py
[2025-02-01T07:47:57.663+0000] {logging_mixin.py:190} INFO - [2025-02-01T07:47:57.662+0000] {dag.py:3239} INFO - Sync 1 DAGs
[2025-02-01T07:47:57.690+0000] {logging_mixin.py:190} INFO - [2025-02-01T07:47:57.689+0000] {dag.py:4180} INFO - Setting next_dagrun for tutorial_objectstorage to None, run_after=None
[2025-02-01T07:47:57.727+0000] {processor.py:208} INFO - Processing /home/airflow/.local/lib/python3.12/site-packages/airflow/example_dags/tutorial_objectstorage.py took 0.126 seconds
[2025-02-01T07:48:27.991+0000] {processor.py:186} INFO - Started process (PID=1820) to work on /home/airflow/.local/lib/python3.12/site-packages/airflow/example_dags/tutorial_objectstorage.py
[2025-02-01T07:48:27.993+0000] {processor.py:914} INFO - Processing file /home/airflow/.local/lib/python3.12/site-packages/airflow/example_dags/tutorial_objectstorage.py for tasks to queue
[2025-02-01T07:48:28.000+0000] {logging_mixin.py:190} INFO - [2025-02-01T07:48:27.999+0000] {dagbag.py:588} INFO - Filling up the DagBag from /home/airflow/.local/lib/python3.12/site-packages/airflow/example_dags/tutorial_objectstorage.py
[2025-02-01T07:48:28.023+0000] {processor.py:925} INFO - DAG(s) 'tutorial_objectstorage' retrieved from /home/airflow/.local/lib/python3.12/site-packages/airflow/example_dags/tutorial_objectstorage.py
[2025-02-01T07:48:28.067+0000] {logging_mixin.py:190} INFO - [2025-02-01T07:48:28.066+0000] {dag.py:3239} INFO - Sync 1 DAGs
[2025-02-01T07:48:28.107+0000] {logging_mixin.py:190} INFO - [2025-02-01T07:48:28.107+0000] {dag.py:4180} INFO - Setting next_dagrun for tutorial_objectstorage to None, run_after=None
[2025-02-01T07:48:28.165+0000] {processor.py:208} INFO - Processing /home/airflow/.local/lib/python3.12/site-packages/airflow/example_dags/tutorial_objectstorage.py took 0.190 seconds
[2025-02-01T07:48:58.940+0000] {processor.py:186} INFO - Started process (PID=1884) to work on /home/airflow/.local/lib/python3.12/site-packages/airflow/example_dags/tutorial_objectstorage.py
[2025-02-01T07:48:58.941+0000] {processor.py:914} INFO - Processing file /home/airflow/.local/lib/python3.12/site-packages/airflow/example_dags/tutorial_objectstorage.py for tasks to queue
[2025-02-01T07:48:58.943+0000] {logging_mixin.py:190} INFO - [2025-02-01T07:48:58.943+0000] {dagbag.py:588} INFO - Filling up the DagBag from /home/airflow/.local/lib/python3.12/site-packages/airflow/example_dags/tutorial_objectstorage.py
[2025-02-01T07:48:58.952+0000] {processor.py:925} INFO - DAG(s) 'tutorial_objectstorage' retrieved from /home/airflow/.local/lib/python3.12/site-packages/airflow/example_dags/tutorial_objectstorage.py
[2025-02-01T07:48:58.974+0000] {logging_mixin.py:190} INFO - [2025-02-01T07:48:58.973+0000] {dag.py:3239} INFO - Sync 1 DAGs
[2025-02-01T07:48:58.988+0000] {logging_mixin.py:190} INFO - [2025-02-01T07:48:58.988+0000] {dag.py:4180} INFO - Setting next_dagrun for tutorial_objectstorage to None, run_after=None
[2025-02-01T07:48:59.018+0000] {processor.py:208} INFO - Processing /home/airflow/.local/lib/python3.12/site-packages/airflow/example_dags/tutorial_objectstorage.py took 0.084 seconds
[2025-02-01T07:49:29.342+0000] {processor.py:186} INFO - Started process (PID=1947) to work on /home/airflow/.local/lib/python3.12/site-packages/airflow/example_dags/tutorial_objectstorage.py
[2025-02-01T07:49:29.343+0000] {processor.py:914} INFO - Processing file /home/airflow/.local/lib/python3.12/site-packages/airflow/example_dags/tutorial_objectstorage.py for tasks to queue
[2025-02-01T07:49:29.347+0000] {logging_mixin.py:190} INFO - [2025-02-01T07:49:29.346+0000] {dagbag.py:588} INFO - Filling up the DagBag from /home/airflow/.local/lib/python3.12/site-packages/airflow/example_dags/tutorial_objectstorage.py
[2025-02-01T07:49:29.361+0000] {processor.py:925} INFO - DAG(s) 'tutorial_objectstorage' retrieved from /home/airflow/.local/lib/python3.12/site-packages/airflow/example_dags/tutorial_objectstorage.py
[2025-02-01T07:49:29.385+0000] {logging_mixin.py:190} INFO - [2025-02-01T07:49:29.385+0000] {dag.py:3239} INFO - Sync 1 DAGs
[2025-02-01T07:49:29.403+0000] {logging_mixin.py:190} INFO - [2025-02-01T07:49:29.403+0000] {dag.py:4180} INFO - Setting next_dagrun for tutorial_objectstorage to None, run_after=None
[2025-02-01T07:49:29.429+0000] {processor.py:208} INFO - Processing /home/airflow/.local/lib/python3.12/site-packages/airflow/example_dags/tutorial_objectstorage.py took 0.094 seconds
[2025-02-01T07:49:59.476+0000] {processor.py:186} INFO - Started process (PID=2011) to work on /home/airflow/.local/lib/python3.12/site-packages/airflow/example_dags/tutorial_objectstorage.py
[2025-02-01T07:49:59.478+0000] {processor.py:914} INFO - Processing file /home/airflow/.local/lib/python3.12/site-packages/airflow/example_dags/tutorial_objectstorage.py for tasks to queue
[2025-02-01T07:49:59.480+0000] {logging_mixin.py:190} INFO - [2025-02-01T07:49:59.480+0000] {dagbag.py:588} INFO - Filling up the DagBag from /home/airflow/.local/lib/python3.12/site-packages/airflow/example_dags/tutorial_objectstorage.py
[2025-02-01T07:49:59.489+0000] {processor.py:925} INFO - DAG(s) 'tutorial_objectstorage' retrieved from /home/airflow/.local/lib/python3.12/site-packages/airflow/example_dags/tutorial_objectstorage.py
[2025-02-01T07:49:59.509+0000] {logging_mixin.py:190} INFO - [2025-02-01T07:49:59.508+0000] {dag.py:3239} INFO - Sync 1 DAGs
[2025-02-01T07:49:59.524+0000] {logging_mixin.py:190} INFO - [2025-02-01T07:49:59.524+0000] {dag.py:4180} INFO - Setting next_dagrun for tutorial_objectstorage to None, run_after=None
[2025-02-01T07:49:59.549+0000] {processor.py:208} INFO - Processing /home/airflow/.local/lib/python3.12/site-packages/airflow/example_dags/tutorial_objectstorage.py took 0.078 seconds
[2025-02-01T07:50:29.694+0000] {processor.py:186} INFO - Started process (PID=2074) to work on /home/airflow/.local/lib/python3.12/site-packages/airflow/example_dags/tutorial_objectstorage.py
[2025-02-01T07:50:29.696+0000] {processor.py:914} INFO - Processing file /home/airflow/.local/lib/python3.12/site-packages/airflow/example_dags/tutorial_objectstorage.py for tasks to queue
[2025-02-01T07:50:29.699+0000] {logging_mixin.py:190} INFO - [2025-02-01T07:50:29.698+0000] {dagbag.py:588} INFO - Filling up the DagBag from /home/airflow/.local/lib/python3.12/site-packages/airflow/example_dags/tutorial_objectstorage.py
[2025-02-01T07:50:29.711+0000] {processor.py:925} INFO - DAG(s) 'tutorial_objectstorage' retrieved from /home/airflow/.local/lib/python3.12/site-packages/airflow/example_dags/tutorial_objectstorage.py
[2025-02-01T07:50:29.733+0000] {logging_mixin.py:190} INFO - [2025-02-01T07:50:29.732+0000] {dag.py:3239} INFO - Sync 1 DAGs
[2025-02-01T07:50:29.748+0000] {logging_mixin.py:190} INFO - [2025-02-01T07:50:29.748+0000] {dag.py:4180} INFO - Setting next_dagrun for tutorial_objectstorage to None, run_after=None
[2025-02-01T07:50:29.771+0000] {processor.py:208} INFO - Processing /home/airflow/.local/lib/python3.12/site-packages/airflow/example_dags/tutorial_objectstorage.py took 0.083 seconds
[2025-02-01T07:50:59.848+0000] {processor.py:186} INFO - Started process (PID=2138) to work on /home/airflow/.local/lib/python3.12/site-packages/airflow/example_dags/tutorial_objectstorage.py
[2025-02-01T07:50:59.849+0000] {processor.py:914} INFO - Processing file /home/airflow/.local/lib/python3.12/site-packages/airflow/example_dags/tutorial_objectstorage.py for tasks to queue
[2025-02-01T07:50:59.852+0000] {logging_mixin.py:190} INFO - [2025-02-01T07:50:59.852+0000] {dagbag.py:588} INFO - Filling up the DagBag from /home/airflow/.local/lib/python3.12/site-packages/airflow/example_dags/tutorial_objectstorage.py
[2025-02-01T07:50:59.862+0000] {processor.py:925} INFO - DAG(s) 'tutorial_objectstorage' retrieved from /home/airflow/.local/lib/python3.12/site-packages/airflow/example_dags/tutorial_objectstorage.py
[2025-02-01T07:50:59.884+0000] {logging_mixin.py:190} INFO - [2025-02-01T07:50:59.884+0000] {dag.py:3239} INFO - Sync 1 DAGs
[2025-02-01T07:50:59.901+0000] {logging_mixin.py:190} INFO - [2025-02-01T07:50:59.901+0000] {dag.py:4180} INFO - Setting next_dagrun for tutorial_objectstorage to None, run_after=None
[2025-02-01T07:50:59.927+0000] {processor.py:208} INFO - Processing /home/airflow/.local/lib/python3.12/site-packages/airflow/example_dags/tutorial_objectstorage.py took 0.085 seconds
[2025-02-01T07:51:30.023+0000] {processor.py:186} INFO - Started process (PID=2202) to work on /home/airflow/.local/lib/python3.12/site-packages/airflow/example_dags/tutorial_objectstorage.py
[2025-02-01T07:51:30.026+0000] {processor.py:914} INFO - Processing file /home/airflow/.local/lib/python3.12/site-packages/airflow/example_dags/tutorial_objectstorage.py for tasks to queue
[2025-02-01T07:51:30.031+0000] {logging_mixin.py:190} INFO - [2025-02-01T07:51:30.031+0000] {dagbag.py:588} INFO - Filling up the DagBag from /home/airflow/.local/lib/python3.12/site-packages/airflow/example_dags/tutorial_objectstorage.py
[2025-02-01T07:51:30.055+0000] {processor.py:925} INFO - DAG(s) 'tutorial_objectstorage' retrieved from /home/airflow/.local/lib/python3.12/site-packages/airflow/example_dags/tutorial_objectstorage.py
[2025-02-01T07:51:30.119+0000] {logging_mixin.py:190} INFO - [2025-02-01T07:51:30.119+0000] {dag.py:3239} INFO - Sync 1 DAGs
[2025-02-01T07:51:30.167+0000] {logging_mixin.py:190} INFO - [2025-02-01T07:51:30.166+0000] {dag.py:4180} INFO - Setting next_dagrun for tutorial_objectstorage to None, run_after=None
[2025-02-01T07:51:30.216+0000] {processor.py:208} INFO - Processing /home/airflow/.local/lib/python3.12/site-packages/airflow/example_dags/tutorial_objectstorage.py took 0.208 seconds
[2025-02-01T07:52:01.084+0000] {processor.py:186} INFO - Started process (PID=2266) to work on /home/airflow/.local/lib/python3.12/site-packages/airflow/example_dags/tutorial_objectstorage.py
[2025-02-01T07:52:01.086+0000] {processor.py:914} INFO - Processing file /home/airflow/.local/lib/python3.12/site-packages/airflow/example_dags/tutorial_objectstorage.py for tasks to queue
[2025-02-01T07:52:01.089+0000] {logging_mixin.py:190} INFO - [2025-02-01T07:52:01.089+0000] {dagbag.py:588} INFO - Filling up the DagBag from /home/airflow/.local/lib/python3.12/site-packages/airflow/example_dags/tutorial_objectstorage.py
[2025-02-01T07:52:01.103+0000] {processor.py:925} INFO - DAG(s) 'tutorial_objectstorage' retrieved from /home/airflow/.local/lib/python3.12/site-packages/airflow/example_dags/tutorial_objectstorage.py
[2025-02-01T07:52:01.133+0000] {logging_mixin.py:190} INFO - [2025-02-01T07:52:01.133+0000] {dag.py:3239} INFO - Sync 1 DAGs
[2025-02-01T07:52:01.155+0000] {logging_mixin.py:190} INFO - [2025-02-01T07:52:01.155+0000] {dag.py:4180} INFO - Setting next_dagrun for tutorial_objectstorage to None, run_after=None
[2025-02-01T07:52:01.190+0000] {processor.py:208} INFO - Processing /home/airflow/.local/lib/python3.12/site-packages/airflow/example_dags/tutorial_objectstorage.py took 0.116 seconds
[2025-02-01T07:52:31.279+0000] {processor.py:186} INFO - Started process (PID=2329) to work on /home/airflow/.local/lib/python3.12/site-packages/airflow/example_dags/tutorial_objectstorage.py
[2025-02-01T07:52:31.282+0000] {processor.py:914} INFO - Processing file /home/airflow/.local/lib/python3.12/site-packages/airflow/example_dags/tutorial_objectstorage.py for tasks to queue
[2025-02-01T07:52:31.289+0000] {logging_mixin.py:190} INFO - [2025-02-01T07:52:31.288+0000] {dagbag.py:588} INFO - Filling up the DagBag from /home/airflow/.local/lib/python3.12/site-packages/airflow/example_dags/tutorial_objectstorage.py
[2025-02-01T07:52:31.313+0000] {processor.py:925} INFO - DAG(s) 'tutorial_objectstorage' retrieved from /home/airflow/.local/lib/python3.12/site-packages/airflow/example_dags/tutorial_objectstorage.py
[2025-02-01T07:52:31.363+0000] {logging_mixin.py:190} INFO - [2025-02-01T07:52:31.362+0000] {dag.py:3239} INFO - Sync 1 DAGs
[2025-02-01T07:52:31.402+0000] {logging_mixin.py:190} INFO - [2025-02-01T07:52:31.401+0000] {dag.py:4180} INFO - Setting next_dagrun for tutorial_objectstorage to None, run_after=None
[2025-02-01T07:52:31.452+0000] {processor.py:208} INFO - Processing /home/airflow/.local/lib/python3.12/site-packages/airflow/example_dags/tutorial_objectstorage.py took 0.186 seconds
[2025-02-01T07:53:01.621+0000] {processor.py:186} INFO - Started process (PID=2393) to work on /home/airflow/.local/lib/python3.12/site-packages/airflow/example_dags/tutorial_objectstorage.py
[2025-02-01T07:53:01.622+0000] {processor.py:914} INFO - Processing file /home/airflow/.local/lib/python3.12/site-packages/airflow/example_dags/tutorial_objectstorage.py for tasks to queue
[2025-02-01T07:53:01.626+0000] {logging_mixin.py:190} INFO - [2025-02-01T07:53:01.625+0000] {dagbag.py:588} INFO - Filling up the DagBag from /home/airflow/.local/lib/python3.12/site-packages/airflow/example_dags/tutorial_objectstorage.py
[2025-02-01T07:53:01.640+0000] {processor.py:925} INFO - DAG(s) 'tutorial_objectstorage' retrieved from /home/airflow/.local/lib/python3.12/site-packages/airflow/example_dags/tutorial_objectstorage.py
[2025-02-01T07:53:01.670+0000] {logging_mixin.py:190} INFO - [2025-02-01T07:53:01.669+0000] {dag.py:3239} INFO - Sync 1 DAGs
[2025-02-01T07:53:01.694+0000] {logging_mixin.py:190} INFO - [2025-02-01T07:53:01.693+0000] {dag.py:4180} INFO - Setting next_dagrun for tutorial_objectstorage to None, run_after=None
[2025-02-01T07:53:01.726+0000] {processor.py:208} INFO - Processing /home/airflow/.local/lib/python3.12/site-packages/airflow/example_dags/tutorial_objectstorage.py took 0.116 seconds
[2025-02-01T07:53:31.975+0000] {processor.py:186} INFO - Started process (PID=2457) to work on /home/airflow/.local/lib/python3.12/site-packages/airflow/example_dags/tutorial_objectstorage.py
[2025-02-01T07:53:31.976+0000] {processor.py:914} INFO - Processing file /home/airflow/.local/lib/python3.12/site-packages/airflow/example_dags/tutorial_objectstorage.py for tasks to queue
[2025-02-01T07:53:31.982+0000] {logging_mixin.py:190} INFO - [2025-02-01T07:53:31.982+0000] {dagbag.py:588} INFO - Filling up the DagBag from /home/airflow/.local/lib/python3.12/site-packages/airflow/example_dags/tutorial_objectstorage.py
[2025-02-01T07:53:31.999+0000] {processor.py:925} INFO - DAG(s) 'tutorial_objectstorage' retrieved from /home/airflow/.local/lib/python3.12/site-packages/airflow/example_dags/tutorial_objectstorage.py
[2025-02-01T07:53:32.029+0000] {logging_mixin.py:190} INFO - [2025-02-01T07:53:32.028+0000] {dag.py:3239} INFO - Sync 1 DAGs
[2025-02-01T07:53:32.056+0000] {logging_mixin.py:190} INFO - [2025-02-01T07:53:32.055+0000] {dag.py:4180} INFO - Setting next_dagrun for tutorial_objectstorage to None, run_after=None
[2025-02-01T07:53:32.091+0000] {processor.py:208} INFO - Processing /home/airflow/.local/lib/python3.12/site-packages/airflow/example_dags/tutorial_objectstorage.py took 0.128 seconds
[2025-02-01T07:54:02.467+0000] {processor.py:186} INFO - Started process (PID=2521) to work on /home/airflow/.local/lib/python3.12/site-packages/airflow/example_dags/tutorial_objectstorage.py
[2025-02-01T07:54:02.469+0000] {processor.py:914} INFO - Processing file /home/airflow/.local/lib/python3.12/site-packages/airflow/example_dags/tutorial_objectstorage.py for tasks to queue
[2025-02-01T07:54:02.473+0000] {logging_mixin.py:190} INFO - [2025-02-01T07:54:02.472+0000] {dagbag.py:588} INFO - Filling up the DagBag from /home/airflow/.local/lib/python3.12/site-packages/airflow/example_dags/tutorial_objectstorage.py
[2025-02-01T07:54:02.490+0000] {processor.py:925} INFO - DAG(s) 'tutorial_objectstorage' retrieved from /home/airflow/.local/lib/python3.12/site-packages/airflow/example_dags/tutorial_objectstorage.py
[2025-02-01T07:54:02.529+0000] {logging_mixin.py:190} INFO - [2025-02-01T07:54:02.528+0000] {dag.py:3239} INFO - Sync 1 DAGs
[2025-02-01T07:54:02.567+0000] {logging_mixin.py:190} INFO - [2025-02-01T07:54:02.565+0000] {dag.py:4180} INFO - Setting next_dagrun for tutorial_objectstorage to None, run_after=None
[2025-02-01T07:54:02.607+0000] {processor.py:208} INFO - Processing /home/airflow/.local/lib/python3.12/site-packages/airflow/example_dags/tutorial_objectstorage.py took 0.153 seconds
[2025-02-01T07:54:33.579+0000] {processor.py:186} INFO - Started process (PID=2585) to work on /home/airflow/.local/lib/python3.12/site-packages/airflow/example_dags/tutorial_objectstorage.py
[2025-02-01T07:54:33.582+0000] {processor.py:914} INFO - Processing file /home/airflow/.local/lib/python3.12/site-packages/airflow/example_dags/tutorial_objectstorage.py for tasks to queue
[2025-02-01T07:54:33.600+0000] {logging_mixin.py:190} INFO - [2025-02-01T07:54:33.599+0000] {dagbag.py:588} INFO - Filling up the DagBag from /home/airflow/.local/lib/python3.12/site-packages/airflow/example_dags/tutorial_objectstorage.py
[2025-02-01T07:54:33.655+0000] {processor.py:925} INFO - DAG(s) 'tutorial_objectstorage' retrieved from /home/airflow/.local/lib/python3.12/site-packages/airflow/example_dags/tutorial_objectstorage.py
[2025-02-01T07:54:33.732+0000] {logging_mixin.py:190} INFO - [2025-02-01T07:54:33.731+0000] {dag.py:3239} INFO - Sync 1 DAGs
[2025-02-01T07:54:33.794+0000] {logging_mixin.py:190} INFO - [2025-02-01T07:54:33.793+0000] {dag.py:4180} INFO - Setting next_dagrun for tutorial_objectstorage to None, run_after=None
[2025-02-01T07:54:33.858+0000] {processor.py:208} INFO - Processing /home/airflow/.local/lib/python3.12/site-packages/airflow/example_dags/tutorial_objectstorage.py took 0.293 seconds
[2025-02-01T07:55:04.083+0000] {processor.py:186} INFO - Started process (PID=2649) to work on /home/airflow/.local/lib/python3.12/site-packages/airflow/example_dags/tutorial_objectstorage.py
[2025-02-01T07:55:04.085+0000] {processor.py:914} INFO - Processing file /home/airflow/.local/lib/python3.12/site-packages/airflow/example_dags/tutorial_objectstorage.py for tasks to queue
[2025-02-01T07:55:04.089+0000] {logging_mixin.py:190} INFO - [2025-02-01T07:55:04.089+0000] {dagbag.py:588} INFO - Filling up the DagBag from /home/airflow/.local/lib/python3.12/site-packages/airflow/example_dags/tutorial_objectstorage.py
[2025-02-01T07:55:04.107+0000] {processor.py:925} INFO - DAG(s) 'tutorial_objectstorage' retrieved from /home/airflow/.local/lib/python3.12/site-packages/airflow/example_dags/tutorial_objectstorage.py
[2025-02-01T07:55:04.143+0000] {logging_mixin.py:190} INFO - [2025-02-01T07:55:04.143+0000] {dag.py:3239} INFO - Sync 1 DAGs
[2025-02-01T07:55:04.171+0000] {logging_mixin.py:190} INFO - [2025-02-01T07:55:04.171+0000] {dag.py:4180} INFO - Setting next_dagrun for tutorial_objectstorage to None, run_after=None
[2025-02-01T07:55:04.199+0000] {processor.py:208} INFO - Processing /home/airflow/.local/lib/python3.12/site-packages/airflow/example_dags/tutorial_objectstorage.py took 0.127 seconds
[2025-02-01T07:55:34.354+0000] {processor.py:186} INFO - Started process (PID=2713) to work on /home/airflow/.local/lib/python3.12/site-packages/airflow/example_dags/tutorial_objectstorage.py
[2025-02-01T07:55:34.356+0000] {processor.py:914} INFO - Processing file /home/airflow/.local/lib/python3.12/site-packages/airflow/example_dags/tutorial_objectstorage.py for tasks to queue
[2025-02-01T07:55:34.361+0000] {logging_mixin.py:190} INFO - [2025-02-01T07:55:34.360+0000] {dagbag.py:588} INFO - Filling up the DagBag from /home/airflow/.local/lib/python3.12/site-packages/airflow/example_dags/tutorial_objectstorage.py
[2025-02-01T07:55:34.389+0000] {processor.py:925} INFO - DAG(s) 'tutorial_objectstorage' retrieved from /home/airflow/.local/lib/python3.12/site-packages/airflow/example_dags/tutorial_objectstorage.py
[2025-02-01T07:55:34.441+0000] {logging_mixin.py:190} INFO - [2025-02-01T07:55:34.441+0000] {dag.py:3239} INFO - Sync 1 DAGs
[2025-02-01T07:55:34.469+0000] {logging_mixin.py:190} INFO - [2025-02-01T07:55:34.468+0000] {dag.py:4180} INFO - Setting next_dagrun for tutorial_objectstorage to None, run_after=None
[2025-02-01T07:55:34.508+0000] {processor.py:208} INFO - Processing /home/airflow/.local/lib/python3.12/site-packages/airflow/example_dags/tutorial_objectstorage.py took 0.175 seconds
[2025-02-01T07:56:05.164+0000] {processor.py:186} INFO - Started process (PID=2777) to work on /home/airflow/.local/lib/python3.12/site-packages/airflow/example_dags/tutorial_objectstorage.py
[2025-02-01T07:56:05.167+0000] {processor.py:914} INFO - Processing file /home/airflow/.local/lib/python3.12/site-packages/airflow/example_dags/tutorial_objectstorage.py for tasks to queue
[2025-02-01T07:56:05.175+0000] {logging_mixin.py:190} INFO - [2025-02-01T07:56:05.174+0000] {dagbag.py:588} INFO - Filling up the DagBag from /home/airflow/.local/lib/python3.12/site-packages/airflow/example_dags/tutorial_objectstorage.py
[2025-02-01T07:56:05.208+0000] {processor.py:925} INFO - DAG(s) 'tutorial_objectstorage' retrieved from /home/airflow/.local/lib/python3.12/site-packages/airflow/example_dags/tutorial_objectstorage.py
[2025-02-01T07:56:05.274+0000] {logging_mixin.py:190} INFO - [2025-02-01T07:56:05.273+0000] {dag.py:3239} INFO - Sync 1 DAGs
[2025-02-01T07:56:05.321+0000] {logging_mixin.py:190} INFO - [2025-02-01T07:56:05.320+0000] {dag.py:4180} INFO - Setting next_dagrun for tutorial_objectstorage to None, run_after=None
[2025-02-01T07:56:05.379+0000] {processor.py:208} INFO - Processing /home/airflow/.local/lib/python3.12/site-packages/airflow/example_dags/tutorial_objectstorage.py took 0.234 seconds
[2025-02-01T07:56:35.945+0000] {processor.py:186} INFO - Started process (PID=2841) to work on /home/airflow/.local/lib/python3.12/site-packages/airflow/example_dags/tutorial_objectstorage.py
[2025-02-01T07:56:35.946+0000] {processor.py:914} INFO - Processing file /home/airflow/.local/lib/python3.12/site-packages/airflow/example_dags/tutorial_objectstorage.py for tasks to queue
[2025-02-01T07:56:35.950+0000] {logging_mixin.py:190} INFO - [2025-02-01T07:56:35.949+0000] {dagbag.py:588} INFO - Filling up the DagBag from /home/airflow/.local/lib/python3.12/site-packages/airflow/example_dags/tutorial_objectstorage.py
[2025-02-01T07:56:35.966+0000] {processor.py:925} INFO - DAG(s) 'tutorial_objectstorage' retrieved from /home/airflow/.local/lib/python3.12/site-packages/airflow/example_dags/tutorial_objectstorage.py
[2025-02-01T07:56:35.994+0000] {logging_mixin.py:190} INFO - [2025-02-01T07:56:35.994+0000] {dag.py:3239} INFO - Sync 1 DAGs
[2025-02-01T07:56:36.022+0000] {logging_mixin.py:190} INFO - [2025-02-01T07:56:36.022+0000] {dag.py:4180} INFO - Setting next_dagrun for tutorial_objectstorage to None, run_after=None
[2025-02-01T07:56:36.050+0000] {processor.py:208} INFO - Processing /home/airflow/.local/lib/python3.12/site-packages/airflow/example_dags/tutorial_objectstorage.py took 0.114 seconds
[2025-02-01T07:57:06.703+0000] {processor.py:186} INFO - Started process (PID=2905) to work on /home/airflow/.local/lib/python3.12/site-packages/airflow/example_dags/tutorial_objectstorage.py
[2025-02-01T07:57:06.705+0000] {processor.py:914} INFO - Processing file /home/airflow/.local/lib/python3.12/site-packages/airflow/example_dags/tutorial_objectstorage.py for tasks to queue
[2025-02-01T07:57:06.708+0000] {logging_mixin.py:190} INFO - [2025-02-01T07:57:06.708+0000] {dagbag.py:588} INFO - Filling up the DagBag from /home/airflow/.local/lib/python3.12/site-packages/airflow/example_dags/tutorial_objectstorage.py
[2025-02-01T07:57:06.722+0000] {processor.py:925} INFO - DAG(s) 'tutorial_objectstorage' retrieved from /home/airflow/.local/lib/python3.12/site-packages/airflow/example_dags/tutorial_objectstorage.py
[2025-02-01T07:57:06.754+0000] {logging_mixin.py:190} INFO - [2025-02-01T07:57:06.754+0000] {dag.py:3239} INFO - Sync 1 DAGs
[2025-02-01T07:57:06.775+0000] {logging_mixin.py:190} INFO - [2025-02-01T07:57:06.775+0000] {dag.py:4180} INFO - Setting next_dagrun for tutorial_objectstorage to None, run_after=None
[2025-02-01T07:57:06.804+0000] {processor.py:208} INFO - Processing /home/airflow/.local/lib/python3.12/site-packages/airflow/example_dags/tutorial_objectstorage.py took 0.109 seconds
[2025-02-01T07:57:37.061+0000] {processor.py:186} INFO - Started process (PID=2968) to work on /home/airflow/.local/lib/python3.12/site-packages/airflow/example_dags/tutorial_objectstorage.py
[2025-02-01T07:57:37.062+0000] {processor.py:914} INFO - Processing file /home/airflow/.local/lib/python3.12/site-packages/airflow/example_dags/tutorial_objectstorage.py for tasks to queue
[2025-02-01T07:57:37.065+0000] {logging_mixin.py:190} INFO - [2025-02-01T07:57:37.065+0000] {dagbag.py:588} INFO - Filling up the DagBag from /home/airflow/.local/lib/python3.12/site-packages/airflow/example_dags/tutorial_objectstorage.py
[2025-02-01T07:57:37.077+0000] {processor.py:925} INFO - DAG(s) 'tutorial_objectstorage' retrieved from /home/airflow/.local/lib/python3.12/site-packages/airflow/example_dags/tutorial_objectstorage.py
[2025-02-01T07:57:37.100+0000] {logging_mixin.py:190} INFO - [2025-02-01T07:57:37.100+0000] {dag.py:3239} INFO - Sync 1 DAGs
[2025-02-01T07:57:37.116+0000] {logging_mixin.py:190} INFO - [2025-02-01T07:57:37.116+0000] {dag.py:4180} INFO - Setting next_dagrun for tutorial_objectstorage to None, run_after=None
[2025-02-01T07:57:37.142+0000] {processor.py:208} INFO - Processing /home/airflow/.local/lib/python3.12/site-packages/airflow/example_dags/tutorial_objectstorage.py took 0.087 seconds
[2025-02-01T07:58:07.787+0000] {processor.py:186} INFO - Started process (PID=3032) to work on /home/airflow/.local/lib/python3.12/site-packages/airflow/example_dags/tutorial_objectstorage.py
[2025-02-01T07:58:07.789+0000] {processor.py:914} INFO - Processing file /home/airflow/.local/lib/python3.12/site-packages/airflow/example_dags/tutorial_objectstorage.py for tasks to queue
[2025-02-01T07:58:07.797+0000] {logging_mixin.py:190} INFO - [2025-02-01T07:58:07.796+0000] {dagbag.py:588} INFO - Filling up the DagBag from /home/airflow/.local/lib/python3.12/site-packages/airflow/example_dags/tutorial_objectstorage.py
[2025-02-01T07:58:07.823+0000] {processor.py:925} INFO - DAG(s) 'tutorial_objectstorage' retrieved from /home/airflow/.local/lib/python3.12/site-packages/airflow/example_dags/tutorial_objectstorage.py
[2025-02-01T07:58:07.874+0000] {logging_mixin.py:190} INFO - [2025-02-01T07:58:07.874+0000] {dag.py:3239} INFO - Sync 1 DAGs
[2025-02-01T07:58:07.915+0000] {logging_mixin.py:190} INFO - [2025-02-01T07:58:07.915+0000] {dag.py:4180} INFO - Setting next_dagrun for tutorial_objectstorage to None, run_after=None
[2025-02-01T07:58:07.961+0000] {processor.py:208} INFO - Processing /home/airflow/.local/lib/python3.12/site-packages/airflow/example_dags/tutorial_objectstorage.py took 0.190 seconds
[2025-02-01T07:58:38.329+0000] {processor.py:186} INFO - Started process (PID=3096) to work on /home/airflow/.local/lib/python3.12/site-packages/airflow/example_dags/tutorial_objectstorage.py
[2025-02-01T07:58:38.331+0000] {processor.py:914} INFO - Processing file /home/airflow/.local/lib/python3.12/site-packages/airflow/example_dags/tutorial_objectstorage.py for tasks to queue
[2025-02-01T07:58:38.335+0000] {logging_mixin.py:190} INFO - [2025-02-01T07:58:38.334+0000] {dagbag.py:588} INFO - Filling up the DagBag from /home/airflow/.local/lib/python3.12/site-packages/airflow/example_dags/tutorial_objectstorage.py
[2025-02-01T07:58:38.349+0000] {processor.py:925} INFO - DAG(s) 'tutorial_objectstorage' retrieved from /home/airflow/.local/lib/python3.12/site-packages/airflow/example_dags/tutorial_objectstorage.py
[2025-02-01T07:58:38.383+0000] {logging_mixin.py:190} INFO - [2025-02-01T07:58:38.382+0000] {dag.py:3239} INFO - Sync 1 DAGs
[2025-02-01T07:58:38.407+0000] {logging_mixin.py:190} INFO - [2025-02-01T07:58:38.407+0000] {dag.py:4180} INFO - Setting next_dagrun for tutorial_objectstorage to None, run_after=None
[2025-02-01T07:58:38.439+0000] {processor.py:208} INFO - Processing /home/airflow/.local/lib/python3.12/site-packages/airflow/example_dags/tutorial_objectstorage.py took 0.118 seconds
[2025-02-01T07:59:08.943+0000] {processor.py:186} INFO - Started process (PID=3160) to work on /home/airflow/.local/lib/python3.12/site-packages/airflow/example_dags/tutorial_objectstorage.py
[2025-02-01T07:59:08.944+0000] {processor.py:914} INFO - Processing file /home/airflow/.local/lib/python3.12/site-packages/airflow/example_dags/tutorial_objectstorage.py for tasks to queue
[2025-02-01T07:59:08.947+0000] {logging_mixin.py:190} INFO - [2025-02-01T07:59:08.947+0000] {dagbag.py:588} INFO - Filling up the DagBag from /home/airflow/.local/lib/python3.12/site-packages/airflow/example_dags/tutorial_objectstorage.py
[2025-02-01T07:59:08.957+0000] {processor.py:925} INFO - DAG(s) 'tutorial_objectstorage' retrieved from /home/airflow/.local/lib/python3.12/site-packages/airflow/example_dags/tutorial_objectstorage.py
[2025-02-01T07:59:08.981+0000] {logging_mixin.py:190} INFO - [2025-02-01T07:59:08.981+0000] {dag.py:3239} INFO - Sync 1 DAGs
[2025-02-01T07:59:08.999+0000] {logging_mixin.py:190} INFO - [2025-02-01T07:59:08.999+0000] {dag.py:4180} INFO - Setting next_dagrun for tutorial_objectstorage to None, run_after=None
[2025-02-01T07:59:09.024+0000] {processor.py:208} INFO - Processing /home/airflow/.local/lib/python3.12/site-packages/airflow/example_dags/tutorial_objectstorage.py took 0.088 seconds
[2025-02-01T07:59:39.708+0000] {processor.py:186} INFO - Started process (PID=3224) to work on /home/airflow/.local/lib/python3.12/site-packages/airflow/example_dags/tutorial_objectstorage.py
[2025-02-01T07:59:39.710+0000] {processor.py:914} INFO - Processing file /home/airflow/.local/lib/python3.12/site-packages/airflow/example_dags/tutorial_objectstorage.py for tasks to queue
[2025-02-01T07:59:39.713+0000] {logging_mixin.py:190} INFO - [2025-02-01T07:59:39.713+0000] {dagbag.py:588} INFO - Filling up the DagBag from /home/airflow/.local/lib/python3.12/site-packages/airflow/example_dags/tutorial_objectstorage.py
[2025-02-01T07:59:39.726+0000] {processor.py:925} INFO - DAG(s) 'tutorial_objectstorage' retrieved from /home/airflow/.local/lib/python3.12/site-packages/airflow/example_dags/tutorial_objectstorage.py
[2025-02-01T07:59:39.751+0000] {logging_mixin.py:190} INFO - [2025-02-01T07:59:39.751+0000] {dag.py:3239} INFO - Sync 1 DAGs
[2025-02-01T07:59:39.769+0000] {logging_mixin.py:190} INFO - [2025-02-01T07:59:39.769+0000] {dag.py:4180} INFO - Setting next_dagrun for tutorial_objectstorage to None, run_after=None
[2025-02-01T07:59:39.796+0000] {processor.py:208} INFO - Processing /home/airflow/.local/lib/python3.12/site-packages/airflow/example_dags/tutorial_objectstorage.py took 0.095 seconds
[2025-02-01T08:00:10.889+0000] {processor.py:186} INFO - Started process (PID=3288) to work on /home/airflow/.local/lib/python3.12/site-packages/airflow/example_dags/tutorial_objectstorage.py
[2025-02-01T08:00:10.895+0000] {processor.py:914} INFO - Processing file /home/airflow/.local/lib/python3.12/site-packages/airflow/example_dags/tutorial_objectstorage.py for tasks to queue
[2025-02-01T08:00:10.901+0000] {logging_mixin.py:190} INFO - [2025-02-01T08:00:10.900+0000] {dagbag.py:588} INFO - Filling up the DagBag from /home/airflow/.local/lib/python3.12/site-packages/airflow/example_dags/tutorial_objectstorage.py
[2025-02-01T08:00:10.928+0000] {processor.py:925} INFO - DAG(s) 'tutorial_objectstorage' retrieved from /home/airflow/.local/lib/python3.12/site-packages/airflow/example_dags/tutorial_objectstorage.py
[2025-02-01T08:00:11.003+0000] {logging_mixin.py:190} INFO - [2025-02-01T08:00:11.002+0000] {dag.py:3239} INFO - Sync 1 DAGs
[2025-02-01T08:00:11.065+0000] {logging_mixin.py:190} INFO - [2025-02-01T08:00:11.064+0000] {dag.py:4180} INFO - Setting next_dagrun for tutorial_objectstorage to None, run_after=None
[2025-02-01T08:00:11.135+0000] {processor.py:208} INFO - Processing /home/airflow/.local/lib/python3.12/site-packages/airflow/example_dags/tutorial_objectstorage.py took 0.264 seconds
